
          /\      |‾‾| /‾‾/   /‾‾/   
     /\  /  \     |  |/  /   /  /    
    /  \/    \    |     (   /   ‾‾\  
   /          \   |  |\  \ |  (‾)  | 
  / __________ \  |__| \__\ \_____/ .io

  execution: local
     script: tunnels.js
     output: -

  scenarios: (100.00%) 1 scenario, 10 max VUs, 1m30s max duration (incl. graceful stop):
           * thousand-vus: 10 looping VUs for 1m0s (gracefulStop: 30s)


running (0m01.0s), 10/10 VUs, 0 complete and 0 interrupted iterations
thousand-vus   [   2% ] 10 VUs  0m01.0s/1m0s

running (0m02.0s), 10/10 VUs, 0 complete and 0 interrupted iterations
thousand-vus   [   3% ] 10 VUs  0m02.0s/1m0s

running (0m03.0s), 10/10 VUs, 10 complete and 0 interrupted iterations
thousand-vus   [   5% ] 10 VUs  0m03.0s/1m0s

running (0m04.0s), 10/10 VUs, 10 complete and 0 interrupted iterations
thousand-vus   [   7% ] 10 VUs  0m04.0s/1m0s

running (0m05.0s), 10/10 VUs, 20 complete and 0 interrupted iterations
thousand-vus   [   8% ] 10 VUs  0m05.0s/1m0s

running (0m06.0s), 10/10 VUs, 30 complete and 0 interrupted iterations
thousand-vus   [  10% ] 10 VUs  0m06.0s/1m0s

running (0m07.0s), 10/10 VUs, 31 complete and 0 interrupted iterations
thousand-vus   [  12% ] 10 VUs  0m07.0s/1m0s

running (0m08.0s), 10/10 VUs, 40 complete and 0 interrupted iterations
thousand-vus   [  13% ] 10 VUs  0m08.0s/1m0s

running (0m09.0s), 10/10 VUs, 50 complete and 0 interrupted iterations
thousand-vus   [  15% ] 10 VUs  0m09.0s/1m0s

running (0m10.0s), 10/10 VUs, 51 complete and 0 interrupted iterations
thousand-vus   [  17% ] 10 VUs  0m10.0s/1m0s

running (0m11.0s), 10/10 VUs, 61 complete and 0 interrupted iterations
thousand-vus   [  18% ] 10 VUs  0m11.0s/1m0s

running (0m12.0s), 10/10 VUs, 71 complete and 0 interrupted iterations
thousand-vus   [  20% ] 10 VUs  0m12.0s/1m0s

running (0m13.0s), 10/10 VUs, 74 complete and 0 interrupted iterations
thousand-vus   [  22% ] 10 VUs  0m13.0s/1m0s

running (0m14.0s), 10/10 VUs, 81 complete and 0 interrupted iterations
thousand-vus   [  23% ] 10 VUs  0m14.0s/1m0s

running (0m15.0s), 10/10 VUs, 91 complete and 0 interrupted iterations
thousand-vus   [  25% ] 10 VUs  0m15.0s/1m0s

running (0m16.0s), 10/10 VUs, 97 complete and 0 interrupted iterations
thousand-vus   [  27% ] 10 VUs  0m16.0s/1m0s

running (0m17.0s), 10/10 VUs, 104 complete and 0 interrupted iterations
thousand-vus   [  28% ] 10 VUs  0m17.0s/1m0s

running (0m18.0s), 10/10 VUs, 111 complete and 0 interrupted iterations
thousand-vus   [  30% ] 10 VUs  0m18.0s/1m0s

running (0m19.0s), 10/10 VUs, 117 complete and 0 interrupted iterations
thousand-vus   [  32% ] 10 VUs  0m19.0s/1m0s

running (0m20.0s), 10/10 VUs, 127 complete and 0 interrupted iterations
thousand-vus   [  33% ] 10 VUs  0m20.0s/1m0s

running (0m21.0s), 10/10 VUs, 134 complete and 0 interrupted iterations
thousand-vus   [  35% ] 10 VUs  0m21.0s/1m0s

running (0m22.0s), 10/10 VUs, 140 complete and 0 interrupted iterations
thousand-vus   [  37% ] 10 VUs  0m22.0s/1m0s

running (0m23.0s), 10/10 VUs, 147 complete and 0 interrupted iterations
thousand-vus   [  38% ] 10 VUs  0m23.0s/1m0s

running (0m24.0s), 10/10 VUs, 157 complete and 0 interrupted iterations
thousand-vus   [  40% ] 10 VUs  0m24.0s/1m0s

running (0m25.0s), 10/10 VUs, 161 complete and 0 interrupted iterations
thousand-vus   [  42% ] 10 VUs  0m25.0s/1m0s

running (0m26.0s), 10/10 VUs, 167 complete and 0 interrupted iterations
thousand-vus   [  43% ] 10 VUs  0m26.0s/1m0s

running (0m27.0s), 10/10 VUs, 177 complete and 0 interrupted iterations
thousand-vus   [  45% ] 10 VUs  0m27.0s/1m0s

running (0m28.0s), 10/10 VUs, 187 complete and 0 interrupted iterations
thousand-vus   [  47% ] 10 VUs  0m28.0s/1m0s

running (0m29.0s), 10/10 VUs, 191 complete and 0 interrupted iterations
thousand-vus   [  48% ] 10 VUs  0m29.0s/1m0s

running (0m30.0s), 10/10 VUs, 197 complete and 0 interrupted iterations
thousand-vus   [  50% ] 10 VUs  0m30.0s/1m0s

running (0m31.0s), 10/10 VUs, 207 complete and 0 interrupted iterations
thousand-vus   [  52% ] 10 VUs  0m31.0s/1m0s

running (0m32.0s), 10/10 VUs, 215 complete and 0 interrupted iterations
thousand-vus   [  53% ] 10 VUs  0m32.0s/1m0s

running (0m33.0s), 10/10 VUs, 217 complete and 0 interrupted iterations
thousand-vus   [  55% ] 10 VUs  0m33.0s/1m0s

running (0m34.0s), 10/10 VUs, 227 complete and 0 interrupted iterations
thousand-vus   [  57% ] 10 VUs  0m34.0s/1m0s

running (0m35.0s), 10/10 VUs, 237 complete and 0 interrupted iterations
thousand-vus   [  58% ] 10 VUs  0m35.0s/1m0s

running (0m36.0s), 10/10 VUs, 238 complete and 0 interrupted iterations
thousand-vus   [  60% ] 10 VUs  0m36.0s/1m0s

running (0m37.0s), 10/10 VUs, 247 complete and 0 interrupted iterations
thousand-vus   [  62% ] 10 VUs  0m37.0s/1m0s

running (0m38.0s), 10/10 VUs, 257 complete and 0 interrupted iterations
thousand-vus   [  63% ] 10 VUs  0m38.0s/1m0s

running (0m39.0s), 10/10 VUs, 263 complete and 0 interrupted iterations
thousand-vus   [  65% ] 10 VUs  0m39.0s/1m0s

running (0m40.0s), 10/10 VUs, 268 complete and 0 interrupted iterations
thousand-vus   [  67% ] 10 VUs  0m40.0s/1m0s

running (0m41.0s), 10/10 VUs, 277 complete and 0 interrupted iterations
thousand-vus   [  68% ] 10 VUs  0m41.0s/1m0s

running (0m42.0s), 10/10 VUs, 287 complete and 0 interrupted iterations
thousand-vus   [  70% ] 10 VUs  0m42.0s/1m0s

running (0m43.0s), 10/10 VUs, 295 complete and 0 interrupted iterations
thousand-vus   [  72% ] 10 VUs  0m43.0s/1m0s

running (0m44.0s), 10/10 VUs, 301 complete and 0 interrupted iterations
thousand-vus   [  73% ] 10 VUs  0m44.0s/1m0s

running (0m45.0s), 10/10 VUs, 308 complete and 0 interrupted iterations
thousand-vus   [  75% ] 10 VUs  0m45.0s/1m0s

running (0m46.0s), 10/10 VUs, 317 complete and 0 interrupted iterations
thousand-vus   [  77% ] 10 VUs  0m46.0s/1m0s

running (0m47.0s), 10/10 VUs, 322 complete and 0 interrupted iterations
thousand-vus   [  78% ] 10 VUs  0m47.0s/1m0s

running (0m48.0s), 10/10 VUs, 328 complete and 0 interrupted iterations
thousand-vus   [  80% ] 10 VUs  0m48.0s/1m0s

running (0m49.0s), 10/10 VUs, 338 complete and 0 interrupted iterations
thousand-vus   [  82% ] 10 VUs  0m49.0s/1m0s

running (0m50.0s), 10/10 VUs, 347 complete and 0 interrupted iterations
thousand-vus   [  83% ] 10 VUs  0m50.0s/1m0s

running (0m51.0s), 10/10 VUs, 352 complete and 0 interrupted iterations
thousand-vus   [  85% ] 10 VUs  0m51.0s/1m0s

running (0m52.0s), 10/10 VUs, 352 complete and 0 interrupted iterations
thousand-vus   [  87% ] 10 VUs  0m52.0s/1m0s

running (0m53.0s), 10/10 VUs, 362 complete and 0 interrupted iterations
thousand-vus   [  88% ] 10 VUs  0m53.0s/1m0s

running (0m54.0s), 10/10 VUs, 372 complete and 0 interrupted iterations
thousand-vus   [  90% ] 10 VUs  0m54.0s/1m0s

running (0m55.0s), 10/10 VUs, 372 complete and 0 interrupted iterations
thousand-vus   [  92% ] 10 VUs  0m55.0s/1m0s

running (0m56.0s), 10/10 VUs, 382 complete and 0 interrupted iterations
thousand-vus   [  93% ] 10 VUs  0m56.0s/1m0s

running (0m57.0s), 10/10 VUs, 392 complete and 0 interrupted iterations
thousand-vus   [  95% ] 10 VUs  0m57.0s/1m0s

running (0m58.0s), 10/10 VUs, 398 complete and 0 interrupted iterations
thousand-vus   [  97% ] 10 VUs  0m58.0s/1m0s

running (0m59.0s), 10/10 VUs, 404 complete and 0 interrupted iterations
thousand-vus   [  98% ] 10 VUs  0m59.0s/1m0s

running (1m00.0s), 10/10 VUs, 412 complete and 0 interrupted iterations
thousand-vus   [ 100% ] 10 VUs  1m00.0s/1m0s

running (1m00.9s), 00/10 VUs, 422 complete and 0 interrupted iterations
thousand-vus ✓ [ 100% ] 10 VUs  1m0s

     ✓ status is 200

     checks.........................: 100.00% ✓ 422      ✗ 0   
     data_received..................: 173 kB  2.8 kB/s
     data_sent......................: 52 kB   847 B/s
     http_req_blocked...............: avg=9.99ms   min=240ns    med=971ns    max=431.39ms p(90)=1.61µs   p(95)=1.75µs  
     http_req_connecting............: avg=5.05ms   min=0s       med=0s       max=214.28ms p(90)=0s       p(95)=0s      
     http_req_duration..............: avg=425.84ms min=225.49ms med=400.92ms max=1.31s    p(90)=558.31ms p(95)=716.84ms
       { expected_response:true }...: avg=425.84ms min=225.49ms med=400.92ms max=1.31s    p(90)=558.31ms p(95)=716.84ms
     http_req_failed................: 0.00%   ✓ 0        ✗ 422 
     http_req_receiving.............: avg=409.78µs min=25.74µs  med=108.93µs max=10.56ms  p(90)=936.44µs p(95)=1.44ms  
     http_req_sending...............: avg=184.89µs min=52.83µs  med=175.64µs max=3.86ms   p(90)=268.42µs p(95)=288.15µs
     http_req_tls_handshaking.......: avg=4.77ms   min=0s       med=0s       max=213.34ms p(90)=0s       p(95)=0s      
     http_req_waiting...............: avg=425.25ms min=225.27ms med=400.67ms max=1.31s    p(90)=557.99ms p(95)=716.53ms
     http_reqs......................: 422     6.931943/s
     iteration_duration.............: avg=1.43s    min=1.22s    med=1.4s     max=2.31s    p(90)=1.55s    p(95)=1.88s   
     iterations.....................: 422     6.931943/s
     vus............................: 10      min=10     max=10
     vus_max........................: 10      min=10     max=10

