
          /\      |‾‾| /‾‾/   /‾‾/   
     /\  /  \     |  |/  /   /  /    
    /  \/    \    |     (   /   ‾‾\  
   /          \   |  |\  \ |  (‾)  | 
  / __________ \  |__| \__\ \_____/ .io

  execution: local
     script: tunnels.js
     output: -

  scenarios: (100.00%) 1 scenario, 2 max VUs, 1m30s max duration (incl. graceful stop):
           * thousand-vus: 2 looping VUs for 1m0s (gracefulStop: 30s)


running (0m01.0s), 2/2 VUs, 0 complete and 0 interrupted iterations
thousand-vus   [   2% ] 2 VUs  0m01.0s/1m0s

running (0m02.0s), 2/2 VUs, 0 complete and 0 interrupted iterations
thousand-vus   [   3% ] 2 VUs  0m02.0s/1m0s

running (0m03.0s), 2/2 VUs, 2 complete and 0 interrupted iterations
thousand-vus   [   5% ] 2 VUs  0m03.0s/1m0s

running (0m04.0s), 2/2 VUs, 4 complete and 0 interrupted iterations
thousand-vus   [   7% ] 2 VUs  0m04.0s/1m0s

running (0m05.0s), 2/2 VUs, 6 complete and 0 interrupted iterations
thousand-vus   [   8% ] 2 VUs  0m05.0s/1m0s

running (0m06.0s), 2/2 VUs, 6 complete and 0 interrupted iterations
thousand-vus   [  10% ] 2 VUs  0m06.0s/1m0s

running (0m07.0s), 2/2 VUs, 8 complete and 0 interrupted iterations
thousand-vus   [  12% ] 2 VUs  0m07.0s/1m0s

running (0m08.0s), 2/2 VUs, 10 complete and 0 interrupted iterations
thousand-vus   [  13% ] 2 VUs  0m08.0s/1m0s

running (0m09.0s), 2/2 VUs, 12 complete and 0 interrupted iterations
thousand-vus   [  15% ] 2 VUs  0m09.0s/1m0s

running (0m10.0s), 2/2 VUs, 12 complete and 0 interrupted iterations
thousand-vus   [  17% ] 2 VUs  0m10.0s/1m0s

running (0m11.0s), 2/2 VUs, 14 complete and 0 interrupted iterations
thousand-vus   [  18% ] 2 VUs  0m11.0s/1m0s

running (0m12.0s), 2/2 VUs, 16 complete and 0 interrupted iterations
thousand-vus   [  20% ] 2 VUs  0m12.0s/1m0s

running (0m13.0s), 2/2 VUs, 18 complete and 0 interrupted iterations
thousand-vus   [  22% ] 2 VUs  0m13.0s/1m0s

running (0m14.0s), 2/2 VUs, 18 complete and 0 interrupted iterations
thousand-vus   [  23% ] 2 VUs  0m14.0s/1m0s

running (0m15.0s), 2/2 VUs, 20 complete and 0 interrupted iterations
thousand-vus   [  25% ] 2 VUs  0m15.0s/1m0s

running (0m16.0s), 2/2 VUs, 22 complete and 0 interrupted iterations
thousand-vus   [  27% ] 2 VUs  0m16.0s/1m0s

running (0m17.0s), 2/2 VUs, 24 complete and 0 interrupted iterations
thousand-vus   [  28% ] 2 VUs  0m17.0s/1m0s

running (0m18.0s), 2/2 VUs, 24 complete and 0 interrupted iterations
thousand-vus   [  30% ] 2 VUs  0m18.0s/1m0s

running (0m19.0s), 2/2 VUs, 26 complete and 0 interrupted iterations
thousand-vus   [  32% ] 2 VUs  0m19.0s/1m0s

running (0m20.0s), 2/2 VUs, 28 complete and 0 interrupted iterations
thousand-vus   [  33% ] 2 VUs  0m20.0s/1m0s

running (0m21.0s), 2/2 VUs, 30 complete and 0 interrupted iterations
thousand-vus   [  35% ] 2 VUs  0m21.0s/1m0s

running (0m22.0s), 2/2 VUs, 30 complete and 0 interrupted iterations
thousand-vus   [  37% ] 2 VUs  0m22.0s/1m0s

running (0m23.0s), 2/2 VUs, 32 complete and 0 interrupted iterations
thousand-vus   [  38% ] 2 VUs  0m23.0s/1m0s

running (0m24.0s), 2/2 VUs, 34 complete and 0 interrupted iterations
thousand-vus   [  40% ] 2 VUs  0m24.0s/1m0s

running (0m25.0s), 2/2 VUs, 36 complete and 0 interrupted iterations
thousand-vus   [  42% ] 2 VUs  0m25.0s/1m0s

running (0m26.0s), 2/2 VUs, 36 complete and 0 interrupted iterations
thousand-vus   [  43% ] 2 VUs  0m26.0s/1m0s

running (0m27.0s), 2/2 VUs, 38 complete and 0 interrupted iterations
thousand-vus   [  45% ] 2 VUs  0m27.0s/1m0s

running (0m28.0s), 2/2 VUs, 40 complete and 0 interrupted iterations
thousand-vus   [  47% ] 2 VUs  0m28.0s/1m0s

running (0m29.0s), 2/2 VUs, 42 complete and 0 interrupted iterations
thousand-vus   [  48% ] 2 VUs  0m29.0s/1m0s

running (0m30.0s), 2/2 VUs, 44 complete and 0 interrupted iterations
thousand-vus   [  50% ] 2 VUs  0m30.0s/1m0s

running (0m31.0s), 2/2 VUs, 44 complete and 0 interrupted iterations
thousand-vus   [  52% ] 2 VUs  0m31.0s/1m0s

running (0m32.0s), 2/2 VUs, 46 complete and 0 interrupted iterations
thousand-vus   [  53% ] 2 VUs  0m32.0s/1m0s

running (0m33.0s), 2/2 VUs, 48 complete and 0 interrupted iterations
thousand-vus   [  55% ] 2 VUs  0m33.0s/1m0s

running (0m34.0s), 2/2 VUs, 50 complete and 0 interrupted iterations
thousand-vus   [  57% ] 2 VUs  0m34.0s/1m0s

running (0m35.0s), 2/2 VUs, 50 complete and 0 interrupted iterations
thousand-vus   [  58% ] 2 VUs  0m35.0s/1m0s

running (0m36.0s), 2/2 VUs, 52 complete and 0 interrupted iterations
thousand-vus   [  60% ] 2 VUs  0m36.0s/1m0s

running (0m37.0s), 2/2 VUs, 54 complete and 0 interrupted iterations
thousand-vus   [  62% ] 2 VUs  0m37.0s/1m0s

running (0m38.0s), 2/2 VUs, 56 complete and 0 interrupted iterations
thousand-vus   [  63% ] 2 VUs  0m38.0s/1m0s

running (0m39.0s), 2/2 VUs, 56 complete and 0 interrupted iterations
thousand-vus   [  65% ] 2 VUs  0m39.0s/1m0s

running (0m40.0s), 2/2 VUs, 58 complete and 0 interrupted iterations
thousand-vus   [  67% ] 2 VUs  0m40.0s/1m0s

running (0m41.0s), 2/2 VUs, 60 complete and 0 interrupted iterations
thousand-vus   [  68% ] 2 VUs  0m41.0s/1m0s

running (0m42.0s), 2/2 VUs, 62 complete and 0 interrupted iterations
thousand-vus   [  70% ] 2 VUs  0m42.0s/1m0s

running (0m43.0s), 2/2 VUs, 64 complete and 0 interrupted iterations
thousand-vus   [  72% ] 2 VUs  0m43.0s/1m0s

running (0m44.0s), 2/2 VUs, 64 complete and 0 interrupted iterations
thousand-vus   [  73% ] 2 VUs  0m44.0s/1m0s

running (0m45.0s), 2/2 VUs, 66 complete and 0 interrupted iterations
thousand-vus   [  75% ] 2 VUs  0m45.0s/1m0s

running (0m46.0s), 2/2 VUs, 68 complete and 0 interrupted iterations
thousand-vus   [  77% ] 2 VUs  0m46.0s/1m0s

running (0m47.0s), 2/2 VUs, 70 complete and 0 interrupted iterations
thousand-vus   [  78% ] 2 VUs  0m47.0s/1m0s

running (0m48.0s), 2/2 VUs, 70 complete and 0 interrupted iterations
thousand-vus   [  80% ] 2 VUs  0m48.0s/1m0s

running (0m49.0s), 2/2 VUs, 72 complete and 0 interrupted iterations
thousand-vus   [  82% ] 2 VUs  0m49.0s/1m0s

running (0m50.0s), 2/2 VUs, 74 complete and 0 interrupted iterations
thousand-vus   [  83% ] 2 VUs  0m50.0s/1m0s

running (0m51.0s), 2/2 VUs, 74 complete and 0 interrupted iterations
thousand-vus   [  85% ] 2 VUs  0m51.0s/1m0s

running (0m52.0s), 2/2 VUs, 76 complete and 0 interrupted iterations
thousand-vus   [  87% ] 2 VUs  0m52.0s/1m0s

running (0m53.0s), 2/2 VUs, 78 complete and 0 interrupted iterations
thousand-vus   [  88% ] 2 VUs  0m53.0s/1m0s

running (0m54.0s), 2/2 VUs, 80 complete and 0 interrupted iterations
thousand-vus   [  90% ] 2 VUs  0m54.0s/1m0s

running (0m55.0s), 2/2 VUs, 80 complete and 0 interrupted iterations
thousand-vus   [  92% ] 2 VUs  0m55.0s/1m0s

running (0m56.0s), 2/2 VUs, 82 complete and 0 interrupted iterations
thousand-vus   [  93% ] 2 VUs  0m56.0s/1m0s

running (0m57.0s), 2/2 VUs, 84 complete and 0 interrupted iterations
thousand-vus   [  95% ] 2 VUs  0m57.0s/1m0s

running (0m58.0s), 2/2 VUs, 86 complete and 0 interrupted iterations
thousand-vus   [  97% ] 2 VUs  0m58.0s/1m0s

running (0m59.0s), 2/2 VUs, 86 complete and 0 interrupted iterations
thousand-vus   [  98% ] 2 VUs  0m59.0s/1m0s

running (1m00.0s), 2/2 VUs, 88 complete and 0 interrupted iterations
thousand-vus   [ 100% ] 2 VUs  1m00.0s/1m0s

running (1m00.6s), 0/2 VUs, 90 complete and 0 interrupted iterations
thousand-vus ✓ [ 100% ] 2 VUs  1m0s

     ✓ status is 200

     checks.........................: 100.00% ✓ 90       ✗ 0  
     data_received..................: 36 kB   597 B/s
     data_sent......................: 11 kB   180 B/s
     http_req_blocked...............: avg=16.72ms  min=254ns    med=1.01µs   max=752.39ms p(90)=1.59µs   p(95)=1.66µs  
     http_req_connecting............: avg=8.88ms   min=0s       med=0s       max=400.33ms p(90)=0s       p(95)=0s      
     http_req_duration..............: avg=327.13ms min=261.71ms med=298.28ms max=513.08ms p(90)=447.14ms p(95)=484.48ms
       { expected_response:true }...: avg=327.13ms min=261.71ms med=298.28ms max=513.08ms p(90)=447.14ms p(95)=484.48ms
     http_req_failed................: 0.00%   ✓ 0        ✗ 90 
     http_req_receiving.............: avg=299.64µs min=34.91µs  med=111.41µs max=3.35ms   p(90)=747.52µs p(95)=1.37ms  
     http_req_sending...............: avg=197.62µs min=55.17µs  med=209.5µs  max=411.51µs p(90)=272.56µs p(95)=289.52µs
     http_req_tls_handshaking.......: avg=7.64ms   min=0s       med=0s       max=344.6ms  p(90)=0s       p(95)=0s      
     http_req_waiting...............: avg=326.63ms min=261.32ms med=297.99ms max=512.69ms p(90)=446.83ms p(95)=484.11ms
     http_reqs......................: 90      1.486326/s
     iteration_duration.............: avg=1.34s    min=1.26s    med=1.29s    max=2.09s    p(90)=1.46s    p(95)=1.51s   
     iterations.....................: 90      1.486326/s
     vus............................: 2       min=2      max=2
     vus_max........................: 2       min=2      max=2

