
          /\      |‾‾| /‾‾/   /‾‾/   
     /\  /  \     |  |/  /   /  /    
    /  \/    \    |     (   /   ‾‾\  
   /          \   |  |\  \ |  (‾)  | 
  / __________ \  |__| \__\ \_____/ .io

  execution: local
     script: tunnels.js
     output: -

  scenarios: (100.00%) 1 scenario, 30 max VUs, 1m30s max duration (incl. graceful stop):
           * thousand-vus: 30 looping VUs for 1m0s (gracefulStop: 30s)


running (0m01.0s), 30/30 VUs, 0 complete and 0 interrupted iterations
thousand-vus   [   2% ] 30 VUs  0m01.0s/1m0s

running (0m02.0s), 30/30 VUs, 0 complete and 0 interrupted iterations
thousand-vus   [   3% ] 30 VUs  0m02.0s/1m0s

running (0m03.0s), 30/30 VUs, 5 complete and 0 interrupted iterations
thousand-vus   [   5% ] 30 VUs  0m03.0s/1m0s

running (0m04.0s), 30/30 VUs, 30 complete and 0 interrupted iterations
thousand-vus   [   7% ] 30 VUs  0m04.0s/1m0s

running (0m05.0s), 30/30 VUs, 35 complete and 0 interrupted iterations
thousand-vus   [   8% ] 30 VUs  0m05.0s/1m0s

running (0m06.0s), 30/30 VUs, 65 complete and 0 interrupted iterations
thousand-vus   [  10% ] 30 VUs  0m06.0s/1m0s

running (0m07.0s), 30/30 VUs, 65 complete and 0 interrupted iterations
thousand-vus   [  12% ] 30 VUs  0m07.0s/1m0s

running (0m08.0s), 30/30 VUs, 95 complete and 0 interrupted iterations
thousand-vus   [  13% ] 30 VUs  0m08.0s/1m0s

running (0m09.0s), 30/30 VUs, 95 complete and 0 interrupted iterations
thousand-vus   [  15% ] 30 VUs  0m09.0s/1m0s

running (0m10.0s), 30/30 VUs, 95 complete and 0 interrupted iterations
thousand-vus   [  17% ] 30 VUs  0m10.0s/1m0s

running (0m11.0s), 30/30 VUs, 125 complete and 0 interrupted iterations
thousand-vus   [  18% ] 30 VUs  0m11.0s/1m0s

running (0m12.0s), 30/30 VUs, 125 complete and 0 interrupted iterations
thousand-vus   [  20% ] 30 VUs  0m12.0s/1m0s

running (0m13.0s), 30/30 VUs, 155 complete and 0 interrupted iterations
thousand-vus   [  22% ] 30 VUs  0m13.0s/1m0s

running (0m14.0s), 30/30 VUs, 155 complete and 0 interrupted iterations
thousand-vus   [  23% ] 30 VUs  0m14.0s/1m0s

running (0m15.0s), 30/30 VUs, 185 complete and 0 interrupted iterations
thousand-vus   [  25% ] 30 VUs  0m15.0s/1m0s

running (0m16.0s), 30/30 VUs, 194 complete and 0 interrupted iterations
thousand-vus   [  27% ] 30 VUs  0m16.0s/1m0s

running (0m17.0s), 30/30 VUs, 220 complete and 0 interrupted iterations
thousand-vus   [  28% ] 30 VUs  0m17.0s/1m0s

running (0m18.0s), 30/30 VUs, 225 complete and 0 interrupted iterations
thousand-vus   [  30% ] 30 VUs  0m18.0s/1m0s

running (0m19.0s), 30/30 VUs, 254 complete and 0 interrupted iterations
thousand-vus   [  32% ] 30 VUs  0m19.0s/1m0s

running (0m20.0s), 30/30 VUs, 261 complete and 0 interrupted iterations
thousand-vus   [  33% ] 30 VUs  0m20.0s/1m0s

running (0m21.0s), 30/30 VUs, 284 complete and 0 interrupted iterations
thousand-vus   [  35% ] 30 VUs  0m21.0s/1m0s

running (0m22.0s), 30/30 VUs, 293 complete and 0 interrupted iterations
thousand-vus   [  37% ] 30 VUs  0m22.0s/1m0s

running (0m23.0s), 30/30 VUs, 312 complete and 0 interrupted iterations
thousand-vus   [  38% ] 30 VUs  0m23.0s/1m0s

running (0m24.0s), 30/30 VUs, 326 complete and 0 interrupted iterations
thousand-vus   [  40% ] 30 VUs  0m24.0s/1m0s

running (0m25.0s), 30/30 VUs, 339 complete and 0 interrupted iterations
thousand-vus   [  42% ] 30 VUs  0m25.0s/1m0s

running (0m26.0s), 30/30 VUs, 360 complete and 0 interrupted iterations
thousand-vus   [  43% ] 30 VUs  0m26.0s/1m0s

running (0m27.0s), 30/30 VUs, 386 complete and 0 interrupted iterations
thousand-vus   [  45% ] 30 VUs  0m27.0s/1m0s

running (0m28.0s), 30/30 VUs, 399 complete and 0 interrupted iterations
thousand-vus   [  47% ] 30 VUs  0m28.0s/1m0s

running (0m29.0s), 30/30 VUs, 416 complete and 0 interrupted iterations
thousand-vus   [  48% ] 30 VUs  0m29.0s/1m0s

running (0m30.0s), 30/30 VUs, 437 complete and 0 interrupted iterations
thousand-vus   [  50% ] 30 VUs  0m30.0s/1m0s

running (0m31.0s), 30/30 VUs, 452 complete and 0 interrupted iterations
thousand-vus   [  52% ] 30 VUs  0m31.0s/1m0s

running (0m32.0s), 30/30 VUs, 476 complete and 0 interrupted iterations
thousand-vus   [  53% ] 30 VUs  0m32.0s/1m0s

running (0m33.0s), 30/30 VUs, 495 complete and 0 interrupted iterations
thousand-vus   [  55% ] 30 VUs  0m33.0s/1m0s

running (0m34.0s), 30/30 VUs, 514 complete and 0 interrupted iterations
thousand-vus   [  57% ] 30 VUs  0m34.0s/1m0s

running (0m35.0s), 30/30 VUs, 527 complete and 0 interrupted iterations
thousand-vus   [  58% ] 30 VUs  0m35.0s/1m0s

running (0m36.0s), 30/30 VUs, 554 complete and 0 interrupted iterations
thousand-vus   [  60% ] 30 VUs  0m36.0s/1m0s

running (0m37.0s), 30/30 VUs, 572 complete and 0 interrupted iterations
thousand-vus   [  62% ] 30 VUs  0m37.0s/1m0s

running (0m38.0s), 30/30 VUs, 594 complete and 0 interrupted iterations
thousand-vus   [  63% ] 30 VUs  0m38.0s/1m0s

running (0m39.0s), 30/30 VUs, 615 complete and 0 interrupted iterations
thousand-vus   [  65% ] 30 VUs  0m39.0s/1m0s

running (0m40.0s), 30/30 VUs, 632 complete and 0 interrupted iterations
thousand-vus   [  67% ] 30 VUs  0m40.0s/1m0s

running (0m41.0s), 30/30 VUs, 656 complete and 0 interrupted iterations
thousand-vus   [  68% ] 30 VUs  0m41.0s/1m0s

running (0m42.0s), 30/30 VUs, 675 complete and 0 interrupted iterations
thousand-vus   [  70% ] 30 VUs  0m42.0s/1m0s

running (0m43.0s), 30/30 VUs, 695 complete and 0 interrupted iterations
thousand-vus   [  72% ] 30 VUs  0m43.0s/1m0s

running (0m44.0s), 30/30 VUs, 716 complete and 0 interrupted iterations
thousand-vus   [  73% ] 30 VUs  0m44.0s/1m0s

running (0m45.0s), 30/30 VUs, 737 complete and 0 interrupted iterations
thousand-vus   [  75% ] 30 VUs  0m45.0s/1m0s

running (0m46.0s), 30/30 VUs, 755 complete and 0 interrupted iterations
thousand-vus   [  77% ] 30 VUs  0m46.0s/1m0s

running (0m47.0s), 30/30 VUs, 778 complete and 0 interrupted iterations
thousand-vus   [  78% ] 30 VUs  0m47.0s/1m0s

running (0m48.0s), 30/30 VUs, 798 complete and 0 interrupted iterations
thousand-vus   [  80% ] 30 VUs  0m48.0s/1m0s

running (0m49.0s), 30/30 VUs, 818 complete and 0 interrupted iterations
thousand-vus   [  82% ] 30 VUs  0m49.0s/1m0s

running (0m50.0s), 30/30 VUs, 838 complete and 0 interrupted iterations
thousand-vus   [  83% ] 30 VUs  0m50.0s/1m0s

running (0m51.0s), 30/30 VUs, 859 complete and 0 interrupted iterations
thousand-vus   [  85% ] 30 VUs  0m51.0s/1m0s

running (0m52.0s), 30/30 VUs, 879 complete and 0 interrupted iterations
thousand-vus   [  87% ] 30 VUs  0m52.0s/1m0s

running (0m53.0s), 30/30 VUs, 894 complete and 0 interrupted iterations
thousand-vus   [  88% ] 30 VUs  0m53.0s/1m0s

running (0m54.0s), 30/30 VUs, 921 complete and 0 interrupted iterations
thousand-vus   [  90% ] 30 VUs  0m54.0s/1m0s

running (0m55.0s), 30/30 VUs, 934 complete and 0 interrupted iterations
thousand-vus   [  92% ] 30 VUs  0m55.0s/1m0s

running (0m56.0s), 30/30 VUs, 958 complete and 0 interrupted iterations
thousand-vus   [  93% ] 30 VUs  0m56.0s/1m0s

running (0m57.0s), 30/30 VUs, 977 complete and 0 interrupted iterations
thousand-vus   [  95% ] 30 VUs  0m57.0s/1m0s

running (0m58.0s), 30/30 VUs, 998 complete and 0 interrupted iterations
thousand-vus   [  97% ] 30 VUs  0m58.0s/1m0s

running (0m59.0s), 30/30 VUs, 1021 complete and 0 interrupted iterations
thousand-vus   [  98% ] 30 VUs  0m59.0s/1m0s

running (1m00.0s), 30/30 VUs, 1037 complete and 0 interrupted iterations
thousand-vus   [ 100% ] 30 VUs  1m00.0s/1m0s

running (1m01.0s), 08/30 VUs, 1059 complete and 0 interrupted iterations
thousand-vus ↓ [ 100% ] 30 VUs  1m0s

running (1m01.2s), 00/30 VUs, 1067 complete and 0 interrupted iterations
thousand-vus ✓ [ 100% ] 30 VUs  1m0s

     ✓ status is 200

     checks.........................: 100.00% ✓ 1067      ✗ 0   
     data_received..................: 459 kB  7.5 kB/s
     data_sent......................: 134 kB  2.2 kB/s
     http_req_blocked...............: avg=18.28ms  min=243ns    med=898ns    max=673.66ms p(90)=1.62µs   p(95)=1.8µs   
     http_req_connecting............: avg=5.81ms   min=0s       med=0s       max=209.22ms p(90)=0s       p(95)=0s      
     http_req_duration..............: avg=683.06ms min=218.25ms med=567.68ms max=1.56s    p(90)=1.25s    p(95)=1.38s   
       { expected_response:true }...: avg=683.06ms min=218.25ms med=567.68ms max=1.56s    p(90)=1.25s    p(95)=1.38s   
     http_req_failed................: 0.00%   ✓ 0         ✗ 1067
     http_req_receiving.............: avg=1.48ms   min=22.26µs  med=108.14µs max=573.58ms p(90)=690.29µs p(95)=1.19ms  
     http_req_sending...............: avg=164.23µs min=43.8µs   med=153.31µs max=682.82µs p(90)=269.23µs p(95)=284.15µs
     http_req_tls_handshaking.......: avg=6.96ms   min=0s       med=0s       max=272.43ms p(90)=0s       p(95)=0s      
     http_req_waiting...............: avg=681.41ms min=218.08ms med=565.84ms max=1.56s    p(90)=1.24s    p(95)=1.38s   
     http_reqs......................: 1067    17.442601/s
     iteration_duration.............: avg=1.7s     min=1.21s    med=1.56s    max=3.1s     p(90)=2.28s    p(95)=2.51s   
     iterations.....................: 1067    17.442601/s
     vus............................: 8       min=8       max=30
     vus_max........................: 30      min=30      max=30

