
          /\      |‾‾| /‾‾/   /‾‾/   
     /\  /  \     |  |/  /   /  /    
    /  \/    \    |     (   /   ‾‾\  
   /          \   |  |\  \ |  (‾)  | 
  / __________ \  |__| \__\ \_____/ .io

  execution: local
     script: tunnels.js
     output: -

  scenarios: (100.00%) 1 scenario, 500 max VUs, 1m30s max duration (incl. graceful stop):
           * thousand-vus: 500 looping VUs for 1m0s (gracefulStop: 30s)


running (0m00.9s), 500/500 VUs, 0 complete and 0 interrupted iterations
thousand-vus   [   1% ] 500 VUs  0m00.9s/1m0s

running (0m01.9s), 500/500 VUs, 0 complete and 0 interrupted iterations
thousand-vus   [   3% ] 500 VUs  0m01.9s/1m0s

running (0m02.9s), 500/500 VUs, 1 complete and 0 interrupted iterations
thousand-vus   [   5% ] 500 VUs  0m02.9s/1m0s

running (0m03.9s), 500/500 VUs, 3 complete and 0 interrupted iterations
thousand-vus   [   6% ] 500 VUs  0m03.9s/1m0s

running (0m04.9s), 500/500 VUs, 3 complete and 0 interrupted iterations
thousand-vus   [   8% ] 500 VUs  0m04.9s/1m0s

running (0m05.9s), 500/500 VUs, 3 complete and 0 interrupted iterations
thousand-vus   [  10% ] 500 VUs  0m05.9s/1m0s

running (0m06.9s), 500/500 VUs, 6 complete and 0 interrupted iterations
thousand-vus   [  11% ] 500 VUs  0m06.9s/1m0s

running (0m07.9s), 500/500 VUs, 6 complete and 0 interrupted iterations
thousand-vus   [  13% ] 500 VUs  0m07.9s/1m0s

running (0m08.9s), 500/500 VUs, 11 complete and 0 interrupted iterations
thousand-vus   [  15% ] 500 VUs  0m08.9s/1m0s

running (0m09.9s), 500/500 VUs, 30 complete and 0 interrupted iterations
thousand-vus   [  16% ] 500 VUs  0m09.9s/1m0s

running (0m10.9s), 500/500 VUs, 63 complete and 0 interrupted iterations
thousand-vus   [  18% ] 500 VUs  0m10.9s/1m0s

running (0m11.9s), 500/500 VUs, 63 complete and 0 interrupted iterations
thousand-vus   [  20% ] 500 VUs  0m11.9s/1m0s

running (0m12.9s), 500/500 VUs, 63 complete and 0 interrupted iterations
thousand-vus   [  21% ] 500 VUs  0m12.9s/1m0s

running (0m13.9s), 500/500 VUs, 63 complete and 0 interrupted iterations
thousand-vus   [  23% ] 500 VUs  0m13.9s/1m0s

running (0m14.9s), 500/500 VUs, 83 complete and 0 interrupted iterations
thousand-vus   [  25% ] 500 VUs  0m14.9s/1m0s

running (0m15.9s), 500/500 VUs, 84 complete and 0 interrupted iterations
thousand-vus   [  26% ] 500 VUs  0m15.9s/1m0s

running (0m16.9s), 500/500 VUs, 122 complete and 0 interrupted iterations
thousand-vus   [  28% ] 500 VUs  0m16.9s/1m0s

running (0m17.9s), 500/500 VUs, 243 complete and 0 interrupted iterations
thousand-vus   [  30% ] 500 VUs  0m17.9s/1m0s

running (0m18.9s), 500/500 VUs, 462 complete and 0 interrupted iterations
thousand-vus   [  31% ] 500 VUs  0m18.9s/1m0s

running (0m19.9s), 500/500 VUs, 503 complete and 0 interrupted iterations
thousand-vus   [  33% ] 500 VUs  0m19.9s/1m0s

running (0m20.9s), 500/500 VUs, 503 complete and 0 interrupted iterations
thousand-vus   [  35% ] 500 VUs  0m20.9s/1m0s

running (0m21.9s), 500/500 VUs, 506 complete and 0 interrupted iterations
thousand-vus   [  36% ] 500 VUs  0m21.9s/1m0s

running (0m22.9s), 500/500 VUs, 506 complete and 0 interrupted iterations
thousand-vus   [  38% ] 500 VUs  0m22.9s/1m0s

running (0m23.9s), 500/500 VUs, 506 complete and 0 interrupted iterations
thousand-vus   [  40% ] 500 VUs  0m23.9s/1m0s

running (0m24.9s), 500/500 VUs, 506 complete and 0 interrupted iterations
thousand-vus   [  41% ] 500 VUs  0m24.9s/1m0s

running (0m25.9s), 500/500 VUs, 511 complete and 0 interrupted iterations
thousand-vus   [  43% ] 500 VUs  0m25.9s/1m0s

running (0m26.9s), 500/500 VUs, 530 complete and 0 interrupted iterations
thousand-vus   [  45% ] 500 VUs  0m26.9s/1m0s

running (0m27.9s), 500/500 VUs, 563 complete and 0 interrupted iterations
thousand-vus   [  46% ] 500 VUs  0m27.9s/1m0s

running (0m28.9s), 500/500 VUs, 563 complete and 0 interrupted iterations
thousand-vus   [  48% ] 500 VUs  0m28.9s/1m0s

running (0m29.9s), 500/500 VUs, 563 complete and 0 interrupted iterations
thousand-vus   [  50% ] 500 VUs  0m29.9s/1m0s

running (0m30.9s), 500/500 VUs, 563 complete and 0 interrupted iterations
thousand-vus   [  51% ] 500 VUs  0m30.9s/1m0s

running (0m31.9s), 500/500 VUs, 563 complete and 0 interrupted iterations
thousand-vus   [  53% ] 500 VUs  0m31.9s/1m0s

running (0m32.9s), 500/500 VUs, 584 complete and 0 interrupted iterations
thousand-vus   [  55% ] 500 VUs  0m32.9s/1m0s

running (0m33.9s), 500/500 VUs, 703 complete and 0 interrupted iterations
thousand-vus   [  56% ] 500 VUs  0m33.9s/1m0s

running (0m34.9s), 500/500 VUs, 764 complete and 0 interrupted iterations
thousand-vus   [  58% ] 500 VUs  0m34.9s/1m0s

running (0m35.9s), 500/500 VUs, 913 complete and 0 interrupted iterations
thousand-vus   [  60% ] 500 VUs  0m35.9s/1m0s

running (0m36.9s), 500/500 VUs, 1003 complete and 0 interrupted iterations
thousand-vus   [  61% ] 500 VUs  0m36.9s/1m0s

running (0m37.9s), 500/500 VUs, 1006 complete and 0 interrupted iterations
thousand-vus   [  63% ] 500 VUs  0m37.9s/1m0s

running (0m38.9s), 500/500 VUs, 1006 complete and 0 interrupted iterations
thousand-vus   [  65% ] 500 VUs  0m38.9s/1m0s

running (0m39.9s), 500/500 VUs, 1006 complete and 0 interrupted iterations
thousand-vus   [  66% ] 500 VUs  0m39.9s/1m0s

running (0m40.9s), 500/500 VUs, 1006 complete and 0 interrupted iterations
thousand-vus   [  68% ] 500 VUs  0m40.9s/1m0s

running (0m41.9s), 500/500 VUs, 1011 complete and 0 interrupted iterations
thousand-vus   [  70% ] 500 VUs  0m41.9s/1m0s

running (0m42.9s), 500/500 VUs, 1030 complete and 0 interrupted iterations
thousand-vus   [  71% ] 500 VUs  0m42.9s/1m0s

running (0m43.9s), 500/500 VUs, 1063 complete and 0 interrupted iterations
thousand-vus   [  73% ] 500 VUs  0m43.9s/1m0s

running (0m44.9s), 500/500 VUs, 1063 complete and 0 interrupted iterations
thousand-vus   [  75% ] 500 VUs  0m44.9s/1m0s

running (0m45.9s), 500/500 VUs, 1063 complete and 0 interrupted iterations
thousand-vus   [  76% ] 500 VUs  0m45.9s/1m0s

running (0m46.9s), 500/500 VUs, 1063 complete and 0 interrupted iterations
thousand-vus   [  78% ] 500 VUs  0m46.9s/1m0s

running (0m47.9s), 500/500 VUs, 1084 complete and 0 interrupted iterations
thousand-vus   [  80% ] 500 VUs  0m47.9s/1m0s

running (0m48.9s), 500/500 VUs, 1084 complete and 0 interrupted iterations
thousand-vus   [  81% ] 500 VUs  0m48.9s/1m0s

running (0m49.9s), 500/500 VUs, 1243 complete and 0 interrupted iterations
thousand-vus   [  83% ] 500 VUs  0m49.9s/1m0s

running (0m50.9s), 500/500 VUs, 1339 complete and 0 interrupted iterations
thousand-vus   [  85% ] 500 VUs  0m50.9s/1m0s

running (0m51.9s), 500/500 VUs, 1469 complete and 0 interrupted iterations
thousand-vus   [  86% ] 500 VUs  0m51.9s/1m0s

running (0m52.9s), 500/500 VUs, 1503 complete and 0 interrupted iterations
thousand-vus   [  88% ] 500 VUs  0m52.9s/1m0s

running (0m53.9s), 500/500 VUs, 1506 complete and 0 interrupted iterations
thousand-vus   [  90% ] 500 VUs  0m53.9s/1m0s

running (0m54.9s), 500/500 VUs, 1506 complete and 0 interrupted iterations
thousand-vus   [  91% ] 500 VUs  0m54.9s/1m0s

running (0m55.9s), 500/500 VUs, 1506 complete and 0 interrupted iterations
thousand-vus   [  93% ] 500 VUs  0m55.9s/1m0s

running (0m56.9s), 500/500 VUs, 1506 complete and 0 interrupted iterations
thousand-vus   [  95% ] 500 VUs  0m56.9s/1m0s

running (0m57.9s), 500/500 VUs, 1511 complete and 0 interrupted iterations
thousand-vus   [  96% ] 500 VUs  0m57.9s/1m0s

running (0m58.9s), 500/500 VUs, 1530 complete and 0 interrupted iterations
thousand-vus   [  98% ] 500 VUs  0m58.9s/1m0s

running (0m59.9s), 500/500 VUs, 1563 complete and 0 interrupted iterations
thousand-vus   [ 100% ] 500 VUs  0m59.9s/1m0s

running (1m00.9s), 500/500 VUs, 1563 complete and 0 interrupted iterations
thousand-vus ↓ [ 100% ] 500 VUs  1m0s

running (1m01.9s), 500/500 VUs, 1563 complete and 0 interrupted iterations
thousand-vus ↓ [ 100% ] 500 VUs  1m0s

running (1m02.9s), 500/500 VUs, 1563 complete and 0 interrupted iterations
thousand-vus ↓ [ 100% ] 500 VUs  1m0s

running (1m03.9s), 480/500 VUs, 1583 complete and 0 interrupted iterations
thousand-vus ↓ [ 100% ] 500 VUs  1m0s

running (1m04.9s), 479/500 VUs, 1584 complete and 0 interrupted iterations
thousand-vus ↓ [ 100% ] 500 VUs  1m0s

running (1m05.9s), 338/500 VUs, 1725 complete and 0 interrupted iterations
thousand-vus ↓ [ 100% ] 500 VUs  1m0s

running (1m06.9s), 186/500 VUs, 1877 complete and 0 interrupted iterations
thousand-vus ↓ [ 100% ] 500 VUs  1m0s

running (1m07.9s), 057/500 VUs, 2006 complete and 0 interrupted iterations
thousand-vus ↓ [ 100% ] 500 VUs  1m0s

running (1m08.7s), 000/500 VUs, 2063 complete and 0 interrupted iterations
thousand-vus ✓ [ 100% ] 500 VUs  1m0s

     ✓ status is 200

     checks.........................: 100.00% ✓ 2063      ✗ 0    
     data_received..................: 3.0 MB  44 kB/s
     data_sent......................: 559 kB  8.1 kB/s
     http_req_blocked...............: avg=229.16ms min=196ns   med=892ns    max=2.43s    p(90)=839.22ms p(95)=1.36s   
     http_req_connecting............: avg=37.71ms  min=0s      med=0s       max=184.77ms p(90)=159.54ms p(95)=166.23ms
     http_req_duration..............: avg=14.88s   min=1.13s   med=15.12s   max=17.3s    p(90)=16.4s    p(95)=16.63s  
       { expected_response:true }...: avg=14.88s   min=1.13s   med=15.12s   max=17.3s    p(90)=16.4s    p(95)=16.63s  
     http_req_failed................: 0.00%   ✓ 0         ✗ 2063 
     http_req_receiving.............: avg=288.98µs min=24.1µs  med=168.1µs  max=3.84ms   p(90)=682.6µs  p(95)=877.19µs
     http_req_sending...............: avg=183.53µs min=41.34µs med=140.66µs max=7.68ms   p(90)=302.21µs p(95)=362.59µs
     http_req_tls_handshaking.......: avg=182.65ms min=0s      med=0s       max=2.27s    p(90)=656.69ms p(95)=1.16s   
     http_req_waiting...............: avg=14.88s   min=1.13s   med=15.12s   max=17.3s    p(90)=16.4s    p(95)=16.63s  
     http_reqs......................: 2063    30.017733/s
     iteration_duration.............: avg=16.12s   min=2.54s   med=16.23s   max=19.21s   p(90)=18.58s   p(95)=18.71s  
     iterations.....................: 2063    30.017733/s
     vus............................: 57      min=57      max=500
     vus_max........................: 500     min=500     max=500

