
          /\      |‾‾| /‾‾/   /‾‾/   
     /\  /  \     |  |/  /   /  /    
    /  \/    \    |     (   /   ‾‾\  
   /          \   |  |\  \ |  (‾)  | 
  / __________ \  |__| \__\ \_____/ .io

  execution: local
     script: tunnels.js
     output: -

  scenarios: (100.00%) 1 scenario, 1000 max VUs, 1m30s max duration (incl. graceful stop):
           * default: 1000 looping VUs for 1m0s (gracefulStop: 30s)


running (0m00.8s), 1000/1000 VUs, 234 complete and 0 interrupted iterations
default   [   1% ] 1000 VUs  0m00.8s/1m0s

running (0m01.8s), 1000/1000 VUs, 1039 complete and 0 interrupted iterations
default   [   3% ] 1000 VUs  0m01.8s/1m0s

running (0m02.8s), 1000/1000 VUs, 1866 complete and 0 interrupted iterations
default   [   5% ] 1000 VUs  0m02.8s/1m0s

running (0m03.8s), 1000/1000 VUs, 2705 complete and 0 interrupted iterations
default   [   6% ] 1000 VUs  0m03.8s/1m0s

running (0m04.8s), 1000/1000 VUs, 3547 complete and 0 interrupted iterations
default   [   8% ] 1000 VUs  0m04.8s/1m0s

running (0m05.8s), 1000/1000 VUs, 4327 complete and 0 interrupted iterations
default   [  10% ] 1000 VUs  0m05.8s/1m0s

running (0m06.8s), 1000/1000 VUs, 5182 complete and 0 interrupted iterations
default   [  11% ] 1000 VUs  0m06.8s/1m0s

running (0m07.8s), 1000/1000 VUs, 6017 complete and 0 interrupted iterations
default   [  13% ] 1000 VUs  0m07.8s/1m0s

running (0m08.8s), 1000/1000 VUs, 6848 complete and 0 interrupted iterations
default   [  15% ] 1000 VUs  0m08.8s/1m0s

running (0m09.8s), 1000/1000 VUs, 7694 complete and 0 interrupted iterations
default   [  16% ] 1000 VUs  0m09.8s/1m0s

running (0m10.8s), 1000/1000 VUs, 8517 complete and 0 interrupted iterations
default   [  18% ] 1000 VUs  0m10.8s/1m0s

running (0m11.8s), 1000/1000 VUs, 9386 complete and 0 interrupted iterations
default   [  20% ] 1000 VUs  0m11.8s/1m0s

running (0m12.8s), 1000/1000 VUs, 10205 complete and 0 interrupted iterations
default   [  21% ] 1000 VUs  0m12.8s/1m0s

running (0m13.8s), 1000/1000 VUs, 11062 complete and 0 interrupted iterations
default   [  23% ] 1000 VUs  0m13.8s/1m0s

running (0m14.8s), 1000/1000 VUs, 11896 complete and 0 interrupted iterations
default   [  25% ] 1000 VUs  0m14.8s/1m0s

running (0m15.8s), 1000/1000 VUs, 12691 complete and 0 interrupted iterations
default   [  26% ] 1000 VUs  0m15.8s/1m0s

running (0m16.8s), 1000/1000 VUs, 13504 complete and 0 interrupted iterations
default   [  28% ] 1000 VUs  0m16.8s/1m0s

running (0m17.8s), 1000/1000 VUs, 13833 complete and 0 interrupted iterations
default   [  30% ] 1000 VUs  0m17.8s/1m0s

running (0m18.8s), 1000/1000 VUs, 14123 complete and 0 interrupted iterations
default   [  31% ] 1000 VUs  0m18.8s/1m0s

running (0m19.8s), 1000/1000 VUs, 14732 complete and 0 interrupted iterations
default   [  33% ] 1000 VUs  0m19.8s/1m0s

running (0m20.8s), 1000/1000 VUs, 15539 complete and 0 interrupted iterations
default   [  35% ] 1000 VUs  0m20.8s/1m0s

running (0m21.8s), 1000/1000 VUs, 16381 complete and 0 interrupted iterations
default   [  36% ] 1000 VUs  0m21.8s/1m0s

running (0m22.8s), 1000/1000 VUs, 17174 complete and 0 interrupted iterations
default   [  38% ] 1000 VUs  0m22.8s/1m0s

running (0m23.8s), 1000/1000 VUs, 17963 complete and 0 interrupted iterations
default   [  40% ] 1000 VUs  0m23.8s/1m0s

running (0m24.8s), 1000/1000 VUs, 18744 complete and 0 interrupted iterations
default   [  41% ] 1000 VUs  0m24.8s/1m0s

running (0m25.8s), 1000/1000 VUs, 19537 complete and 0 interrupted iterations
default   [  43% ] 1000 VUs  0m25.8s/1m0s

running (0m26.8s), 1000/1000 VUs, 20384 complete and 0 interrupted iterations
default   [  45% ] 1000 VUs  0m26.8s/1m0s

running (0m27.8s), 1000/1000 VUs, 21227 complete and 0 interrupted iterations
default   [  46% ] 1000 VUs  0m27.8s/1m0s

running (0m28.8s), 1000/1000 VUs, 22038 complete and 0 interrupted iterations
default   [  48% ] 1000 VUs  0m28.8s/1m0s

running (0m29.8s), 1000/1000 VUs, 22874 complete and 0 interrupted iterations
default   [  50% ] 1000 VUs  0m29.8s/1m0s

running (0m30.8s), 1000/1000 VUs, 23741 complete and 0 interrupted iterations
default   [  51% ] 1000 VUs  0m30.8s/1m0s

running (0m31.8s), 1000/1000 VUs, 24566 complete and 0 interrupted iterations
default   [  53% ] 1000 VUs  0m31.8s/1m0s

running (0m32.8s), 1000/1000 VUs, 25369 complete and 0 interrupted iterations
default   [  55% ] 1000 VUs  0m32.8s/1m0s

running (0m33.8s), 1000/1000 VUs, 26171 complete and 0 interrupted iterations
default   [  56% ] 1000 VUs  0m33.8s/1m0s

running (0m34.8s), 1000/1000 VUs, 26977 complete and 0 interrupted iterations
default   [  58% ] 1000 VUs  0m34.8s/1m0s

running (0m35.8s), 1000/1000 VUs, 27683 complete and 0 interrupted iterations
default   [  60% ] 1000 VUs  0m35.8s/1m0s

running (0m36.8s), 1000/1000 VUs, 28304 complete and 0 interrupted iterations
default   [  61% ] 1000 VUs  0m36.8s/1m0s

running (0m37.8s), 1000/1000 VUs, 28913 complete and 0 interrupted iterations
default   [  63% ] 1000 VUs  0m37.8s/1m0s

running (0m38.8s), 1000/1000 VUs, 29614 complete and 0 interrupted iterations
default   [  65% ] 1000 VUs  0m38.8s/1m0s

running (0m39.8s), 1000/1000 VUs, 30206 complete and 0 interrupted iterations
default   [  66% ] 1000 VUs  0m39.8s/1m0s

running (0m40.8s), 1000/1000 VUs, 30882 complete and 0 interrupted iterations
default   [  68% ] 1000 VUs  0m40.8s/1m0s

running (0m41.8s), 1000/1000 VUs, 31525 complete and 0 interrupted iterations
default   [  70% ] 1000 VUs  0m41.8s/1m0s

running (0m42.8s), 1000/1000 VUs, 32175 complete and 0 interrupted iterations
default   [  71% ] 1000 VUs  0m42.8s/1m0s

running (0m43.8s), 1000/1000 VUs, 32788 complete and 0 interrupted iterations
default   [  73% ] 1000 VUs  0m43.8s/1m0s

running (0m44.8s), 1000/1000 VUs, 33449 complete and 0 interrupted iterations
default   [  75% ] 1000 VUs  0m44.8s/1m0s

running (0m45.8s), 1000/1000 VUs, 34059 complete and 0 interrupted iterations
default   [  76% ] 1000 VUs  0m45.8s/1m0s

running (0m46.8s), 1000/1000 VUs, 34748 complete and 0 interrupted iterations
default   [  78% ] 1000 VUs  0m46.8s/1m0s

running (0m47.8s), 1000/1000 VUs, 35343 complete and 0 interrupted iterations
default   [  80% ] 1000 VUs  0m47.8s/1m0s

running (0m48.8s), 1000/1000 VUs, 35973 complete and 0 interrupted iterations
default   [  81% ] 1000 VUs  0m48.8s/1m0s

running (0m49.8s), 1000/1000 VUs, 36601 complete and 0 interrupted iterations
default   [  83% ] 1000 VUs  0m49.8s/1m0s

running (0m50.8s), 1000/1000 VUs, 37222 complete and 0 interrupted iterations
default   [  85% ] 1000 VUs  0m50.8s/1m0s

running (0m51.8s), 1000/1000 VUs, 37896 complete and 0 interrupted iterations
default   [  86% ] 1000 VUs  0m51.8s/1m0s

running (0m52.8s), 1000/1000 VUs, 38542 complete and 0 interrupted iterations
default   [  88% ] 1000 VUs  0m52.8s/1m0s

running (0m53.8s), 1000/1000 VUs, 39164 complete and 0 interrupted iterations
default   [  90% ] 1000 VUs  0m53.8s/1m0s

running (0m54.8s), 1000/1000 VUs, 39834 complete and 0 interrupted iterations
default   [  91% ] 1000 VUs  0m54.8s/1m0s

running (0m55.8s), 1000/1000 VUs, 40439 complete and 0 interrupted iterations
default   [  93% ] 1000 VUs  0m55.8s/1m0s

running (0m56.8s), 1000/1000 VUs, 41011 complete and 0 interrupted iterations
default   [  95% ] 1000 VUs  0m56.8s/1m0s

running (0m57.8s), 1000/1000 VUs, 41676 complete and 0 interrupted iterations
default   [  96% ] 1000 VUs  0m57.8s/1m0s

running (0m58.8s), 1000/1000 VUs, 42267 complete and 0 interrupted iterations
default   [  98% ] 1000 VUs  0m58.8s/1m0s

running (0m59.8s), 1000/1000 VUs, 42966 complete and 0 interrupted iterations
default   [ 100% ] 1000 VUs  0m59.8s/1m0s

running (1m00.8s), 0248/1000 VUs, 43837 complete and 0 interrupted iterations
default ↓ [ 100% ] 1000 VUs  1m0s

running (1m01.0s), 0000/1000 VUs, 44084 complete and 0 interrupted iterations
default ✓ [ 100% ] 1000 VUs  1m0s

     ✓ status is 200

     checks.........................: 100.00% ✓ 44084      ✗ 0     
     data_received..................: 37 MB   600 kB/s
     data_sent......................: 4.1 MB  68 kB/s
     http_req_blocked...............: avg=81.11µs min=1.37µs   med=3.44µs  max=42.87ms  p(90)=5.58µs  p(95)=8.75µs  
     http_req_connecting............: avg=73.83µs min=0s       med=0s      max=42.81ms  p(90)=0s      p(95)=0s      
     http_req_duration..............: avg=25.29ms min=486.35µs med=2.65ms  max=851.09ms p(90)=39.67ms p(95)=128.74ms
       { expected_response:true }...: avg=25.29ms min=486.35µs med=2.65ms  max=851.09ms p(90)=39.67ms p(95)=128.74ms
     http_req_failed................: 0.00%   ✓ 0          ✗ 44084 
     http_req_receiving.............: avg=72.18µs min=17.01µs  med=51.97µs max=12.38ms  p(90)=92.44µs p(95)=126.96µs
     http_req_sending...............: avg=24.64µs min=5.23µs   med=12.68µs max=23.08ms  p(90)=21.61µs p(95)=32.75µs 
     http_req_tls_handshaking.......: avg=0s      min=0s       med=0s      max=0s       p(90)=0s      p(95)=0s      
     http_req_waiting...............: avg=25.2ms  min=422.27µs med=2.56ms  max=851.02ms p(90)=39.59ms p(95)=128.5ms 
     http_reqs......................: 44084   723.104755/s
     iteration_duration.............: avg=1.37s   min=1.13ms   med=1.33s   max=3.59s    p(90)=2.14s   p(95)=2.27s   
     iterations.....................: 44084   723.104755/s
     vus............................: 248     min=248      max=1000
     vus_max........................: 1000    min=1000     max=1000

