
          /\      |‾‾| /‾‾/   /‾‾/   
     /\  /  \     |  |/  /   /  /    
    /  \/    \    |     (   /   ‾‾\  
   /          \   |  |\  \ |  (‾)  | 
  / __________ \  |__| \__\ \_____/ .io

  execution: local
     script: tunnels.js
     output: -

  scenarios: (100.00%) 1 scenario, 100 max VUs, 1m30s max duration (incl. graceful stop):
           * thousand-vus: 100 looping VUs for 1m0s (gracefulStop: 30s)


running (0m01.0s), 100/100 VUs, 0 complete and 0 interrupted iterations
thousand-vus   [   2% ] 100 VUs  0m01.0s/1m0s

running (0m02.0s), 100/100 VUs, 75 complete and 0 interrupted iterations
thousand-vus   [   3% ] 100 VUs  0m02.0s/1m0s

running (0m03.0s), 100/100 VUs, 156 complete and 0 interrupted iterations
thousand-vus   [   5% ] 100 VUs  0m03.0s/1m0s

running (0m04.0s), 100/100 VUs, 208 complete and 0 interrupted iterations
thousand-vus   [   7% ] 100 VUs  0m04.0s/1m0s

running (0m05.0s), 100/100 VUs, 282 complete and 0 interrupted iterations
thousand-vus   [   8% ] 100 VUs  0m05.0s/1m0s

running (0m06.0s), 100/100 VUs, 376 complete and 0 interrupted iterations
thousand-vus   [  10% ] 100 VUs  0m06.0s/1m0s

running (0m07.0s), 100/100 VUs, 464 complete and 0 interrupted iterations
thousand-vus   [  12% ] 100 VUs  0m07.0s/1m0s

running (0m08.0s), 100/100 VUs, 553 complete and 0 interrupted iterations
thousand-vus   [  13% ] 100 VUs  0m08.0s/1m0s

running (0m09.0s), 100/100 VUs, 634 complete and 0 interrupted iterations
thousand-vus   [  15% ] 100 VUs  0m09.0s/1m0s

running (0m10.0s), 100/100 VUs, 723 complete and 0 interrupted iterations
thousand-vus   [  17% ] 100 VUs  0m10.0s/1m0s

running (0m11.0s), 100/100 VUs, 801 complete and 0 interrupted iterations
thousand-vus   [  18% ] 100 VUs  0m11.0s/1m0s

running (0m12.0s), 100/100 VUs, 878 complete and 0 interrupted iterations
thousand-vus   [  20% ] 100 VUs  0m12.0s/1m0s

running (0m13.0s), 100/100 VUs, 953 complete and 0 interrupted iterations
thousand-vus   [  22% ] 100 VUs  0m13.0s/1m0s

running (0m14.0s), 100/100 VUs, 1045 complete and 0 interrupted iterations
thousand-vus   [  23% ] 100 VUs  0m14.0s/1m0s

running (0m15.0s), 100/100 VUs, 1123 complete and 0 interrupted iterations
thousand-vus   [  25% ] 100 VUs  0m15.0s/1m0s

running (0m16.0s), 100/100 VUs, 1208 complete and 0 interrupted iterations
thousand-vus   [  27% ] 100 VUs  0m16.0s/1m0s

running (0m17.0s), 100/100 VUs, 1291 complete and 0 interrupted iterations
thousand-vus   [  28% ] 100 VUs  0m17.0s/1m0s

running (0m18.0s), 100/100 VUs, 1376 complete and 0 interrupted iterations
thousand-vus   [  30% ] 100 VUs  0m18.0s/1m0s

running (0m19.0s), 100/100 VUs, 1459 complete and 0 interrupted iterations
thousand-vus   [  32% ] 100 VUs  0m19.0s/1m0s

running (0m20.0s), 100/100 VUs, 1526 complete and 0 interrupted iterations
thousand-vus   [  33% ] 100 VUs  0m20.0s/1m0s

running (0m21.0s), 100/100 VUs, 1609 complete and 0 interrupted iterations
thousand-vus   [  35% ] 100 VUs  0m21.0s/1m0s

running (0m22.0s), 100/100 VUs, 1687 complete and 0 interrupted iterations
thousand-vus   [  37% ] 100 VUs  0m22.0s/1m0s

running (0m23.0s), 100/100 VUs, 1758 complete and 0 interrupted iterations
thousand-vus   [  38% ] 100 VUs  0m23.0s/1m0s

running (0m24.0s), 100/100 VUs, 1834 complete and 0 interrupted iterations
thousand-vus   [  40% ] 100 VUs  0m24.0s/1m0s

running (0m25.0s), 100/100 VUs, 1902 complete and 0 interrupted iterations
thousand-vus   [  42% ] 100 VUs  0m25.0s/1m0s

running (0m26.0s), 100/100 VUs, 1996 complete and 0 interrupted iterations
thousand-vus   [  43% ] 100 VUs  0m26.0s/1m0s

running (0m27.0s), 100/100 VUs, 2085 complete and 0 interrupted iterations
thousand-vus   [  45% ] 100 VUs  0m27.0s/1m0s

running (0m28.0s), 100/100 VUs, 2141 complete and 0 interrupted iterations
thousand-vus   [  47% ] 100 VUs  0m28.0s/1m0s

running (0m29.0s), 100/100 VUs, 2228 complete and 0 interrupted iterations
thousand-vus   [  48% ] 100 VUs  0m29.0s/1m0s

running (0m30.0s), 100/100 VUs, 2311 complete and 0 interrupted iterations
thousand-vus   [  50% ] 100 VUs  0m30.0s/1m0s

running (0m31.0s), 100/100 VUs, 2387 complete and 0 interrupted iterations
thousand-vus   [  52% ] 100 VUs  0m31.0s/1m0s

running (0m32.0s), 100/100 VUs, 2470 complete and 0 interrupted iterations
thousand-vus   [  53% ] 100 VUs  0m32.0s/1m0s

running (0m33.0s), 100/100 VUs, 2553 complete and 0 interrupted iterations
thousand-vus   [  55% ] 100 VUs  0m33.0s/1m0s

running (0m34.0s), 100/100 VUs, 2641 complete and 0 interrupted iterations
thousand-vus   [  57% ] 100 VUs  0m34.0s/1m0s

running (0m35.0s), 100/100 VUs, 2722 complete and 0 interrupted iterations
thousand-vus   [  58% ] 100 VUs  0m35.0s/1m0s

running (0m36.0s), 100/100 VUs, 2802 complete and 0 interrupted iterations
thousand-vus   [  60% ] 100 VUs  0m36.0s/1m0s

running (0m37.0s), 100/100 VUs, 2883 complete and 0 interrupted iterations
thousand-vus   [  62% ] 100 VUs  0m37.0s/1m0s

running (0m38.0s), 100/100 VUs, 2974 complete and 0 interrupted iterations
thousand-vus   [  63% ] 100 VUs  0m38.0s/1m0s

running (0m39.0s), 100/100 VUs, 3060 complete and 0 interrupted iterations
thousand-vus   [  65% ] 100 VUs  0m39.0s/1m0s

running (0m40.0s), 100/100 VUs, 3140 complete and 0 interrupted iterations
thousand-vus   [  67% ] 100 VUs  0m40.0s/1m0s

running (0m41.0s), 100/100 VUs, 3223 complete and 0 interrupted iterations
thousand-vus   [  68% ] 100 VUs  0m41.0s/1m0s

running (0m42.0s), 100/100 VUs, 3302 complete and 0 interrupted iterations
thousand-vus   [  70% ] 100 VUs  0m42.0s/1m0s

running (0m43.0s), 100/100 VUs, 3379 complete and 0 interrupted iterations
thousand-vus   [  72% ] 100 VUs  0m43.0s/1m0s

running (0m44.0s), 100/100 VUs, 3460 complete and 0 interrupted iterations
thousand-vus   [  73% ] 100 VUs  0m44.0s/1m0s

running (0m45.0s), 100/100 VUs, 3543 complete and 0 interrupted iterations
thousand-vus   [  75% ] 100 VUs  0m45.0s/1m0s

running (0m46.0s), 100/100 VUs, 3625 complete and 0 interrupted iterations
thousand-vus   [  77% ] 100 VUs  0m46.0s/1m0s

running (0m47.0s), 100/100 VUs, 3710 complete and 0 interrupted iterations
thousand-vus   [  78% ] 100 VUs  0m47.0s/1m0s

running (0m48.0s), 100/100 VUs, 3796 complete and 0 interrupted iterations
thousand-vus   [  80% ] 100 VUs  0m48.0s/1m0s

running (0m49.0s), 100/100 VUs, 3875 complete and 0 interrupted iterations
thousand-vus   [  82% ] 100 VUs  0m49.0s/1m0s

running (0m50.0s), 100/100 VUs, 3959 complete and 0 interrupted iterations
thousand-vus   [  83% ] 100 VUs  0m50.0s/1m0s

running (0m51.0s), 100/100 VUs, 4040 complete and 0 interrupted iterations
thousand-vus   [  85% ] 100 VUs  0m51.0s/1m0s

running (0m52.0s), 100/100 VUs, 4117 complete and 0 interrupted iterations
thousand-vus   [  87% ] 100 VUs  0m52.0s/1m0s

running (0m53.0s), 100/100 VUs, 4205 complete and 0 interrupted iterations
thousand-vus   [  88% ] 100 VUs  0m53.0s/1m0s

running (0m54.0s), 100/100 VUs, 4283 complete and 0 interrupted iterations
thousand-vus   [  90% ] 100 VUs  0m54.0s/1m0s

running (0m55.0s), 100/100 VUs, 4355 complete and 0 interrupted iterations
thousand-vus   [  92% ] 100 VUs  0m55.0s/1m0s

running (0m56.0s), 100/100 VUs, 4433 complete and 0 interrupted iterations
thousand-vus   [  93% ] 100 VUs  0m56.0s/1m0s

running (0m57.0s), 100/100 VUs, 4514 complete and 0 interrupted iterations
thousand-vus   [  95% ] 100 VUs  0m57.0s/1m0s

running (0m58.0s), 100/100 VUs, 4585 complete and 0 interrupted iterations
thousand-vus   [  97% ] 100 VUs  0m58.0s/1m0s

running (0m59.0s), 100/100 VUs, 4664 complete and 0 interrupted iterations
thousand-vus   [  98% ] 100 VUs  0m59.0s/1m0s

running (1m00.0s), 100/100 VUs, 4731 complete and 0 interrupted iterations
thousand-vus   [ 100% ] 100 VUs  1m00.0s/1m0s

running (1m01.0s), 031/100 VUs, 4802 complete and 0 interrupted iterations
thousand-vus ↓ [ 100% ] 100 VUs  1m0s

running (1m01.6s), 000/100 VUs, 4833 complete and 0 interrupted iterations
thousand-vus ✓ [ 100% ] 100 VUs  1m0s

     ✓ status is 200

     checks.........................: 100.00% ✓ 4833      ✗ 0    
     data_received..................: 4.8 MB  78 kB/s
     data_sent......................: 573 kB  9.3 kB/s
     http_req_blocked...............: avg=13.88ms  min=196ns    med=547ns    max=2.89s    p(90)=1.42µs   p(95)=1.58µs  
     http_req_connecting............: avg=6.13ms   min=0s       med=0s       max=2.17s    p(90)=0s       p(95)=0s      
     http_req_duration..............: avg=238.26ms min=120.87ms med=130.75ms max=3.02s    p(90)=515ms    p(95)=625.58ms
       { expected_response:true }...: avg=238.26ms min=120.87ms med=130.75ms max=3.02s    p(90)=515ms    p(95)=625.58ms
     http_req_failed................: 0.00%   ✓ 0         ✗ 4833 
     http_req_receiving.............: avg=35.29ms  min=19.45µs  med=75.8µs   max=2.8s     p(90)=114.67ms p(95)=193.15ms
     http_req_sending...............: avg=128.71µs min=35.21µs  med=105.31µs max=791.22µs p(90)=226.8µs  p(95)=251.1µs 
     http_req_tls_handshaking.......: avg=7.68ms   min=0s       med=0s       max=2.07s    p(90)=0s       p(95)=0s      
     http_req_waiting...............: avg=202.84ms min=120.64ms med=125.57ms max=2.76s    p(90)=337.44ms p(95)=602.08ms
     http_reqs......................: 4833    78.405072/s
     iteration_duration.............: avg=1.25s    min=1.12s    med=1.13s    max=4.13s    p(90)=1.57s    p(95)=1.71s   
     iterations.....................: 4833    78.405072/s
     vus............................: 31      min=31      max=100
     vus_max........................: 100     min=100     max=100

