
          /\      |‾‾| /‾‾/   /‾‾/   
     /\  /  \     |  |/  /   /  /    
    /  \/    \    |     (   /   ‾‾\  
   /          \   |  |\  \ |  (‾)  | 
  / __________ \  |__| \__\ \_____/ .io

  execution: local
     script: tunnels.js
     output: -

  scenarios: (100.00%) 1 scenario, 10000 max VUs, 1m30s max duration (incl. graceful stop):
           * thousand-vus: 10000 looping VUs for 1m0s (gracefulStop: 30s)


Init           [  59% ] 05926/10000 VUs initialized
thousand-vus   [   0% ]

running (0m00.2s), 10000/10000 VUs, 0 complete and 0 interrupted iterations
thousand-vus   [   0% ] 10000 VUs  0m00.2s/1m0s

running (0m01.1s), 10000/10000 VUs, 0 complete and 0 interrupted iterations
thousand-vus   [   2% ] 10000 VUs  0m01.1s/1m0s

running (0m02.1s), 10000/10000 VUs, 0 complete and 0 interrupted iterations
thousand-vus   [   4% ] 10000 VUs  0m02.1s/1m0s

running (0m03.1s), 10000/10000 VUs, 0 complete and 0 interrupted iterations
thousand-vus   [   5% ] 10000 VUs  0m03.1s/1m0s

running (0m04.1s), 10000/10000 VUs, 3 complete and 0 interrupted iterations
thousand-vus   [   7% ] 10000 VUs  0m04.1s/1m0s

running (0m05.1s), 10000/10000 VUs, 29 complete and 0 interrupted iterations
thousand-vus   [   9% ] 10000 VUs  0m05.1s/1m0s

running (0m06.1s), 10000/10000 VUs, 86 complete and 0 interrupted iterations
thousand-vus   [  10% ] 10000 VUs  0m06.1s/1m0s

running (0m07.1s), 10000/10000 VUs, 209 complete and 0 interrupted iterations
thousand-vus   [  12% ] 10000 VUs  0m07.1s/1m0s

running (0m08.1s), 10000/10000 VUs, 404 complete and 0 interrupted iterations
thousand-vus   [  14% ] 10000 VUs  0m08.1s/1m0s

running (0m09.1s), 10000/10000 VUs, 818 complete and 0 interrupted iterations
thousand-vus   [  15% ] 10000 VUs  0m09.1s/1m0s

running (0m10.2s), 10000/10000 VUs, 1353 complete and 0 interrupted iterations
thousand-vus   [  17% ] 10000 VUs  0m10.2s/1m0s

running (0m11.1s), 10000/10000 VUs, 2142 complete and 0 interrupted iterations
thousand-vus   [  19% ] 10000 VUs  0m11.1s/1m0s

running (0m12.1s), 10000/10000 VUs, 3127 complete and 0 interrupted iterations
thousand-vus   [  20% ] 10000 VUs  0m12.1s/1m0s

running (0m13.1s), 10000/10000 VUs, 3990 complete and 0 interrupted iterations
thousand-vus   [  22% ] 10000 VUs  0m13.1s/1m0s

running (0m14.1s), 10000/10000 VUs, 4996 complete and 0 interrupted iterations
thousand-vus   [  24% ] 10000 VUs  0m14.1s/1m0s

running (0m15.1s), 10000/10000 VUs, 5960 complete and 0 interrupted iterations
thousand-vus   [  25% ] 10000 VUs  0m15.1s/1m0s

running (0m16.1s), 10000/10000 VUs, 6915 complete and 0 interrupted iterations
thousand-vus   [  27% ] 10000 VUs  0m16.1s/1m0s

running (0m17.1s), 10000/10000 VUs, 8007 complete and 0 interrupted iterations
thousand-vus   [  29% ] 10000 VUs  0m17.1s/1m0s

running (0m18.1s), 10000/10000 VUs, 8989 complete and 0 interrupted iterations
thousand-vus   [  30% ] 10000 VUs  0m18.1s/1m0s

running (0m19.1s), 10000/10000 VUs, 9999 complete and 0 interrupted iterations
thousand-vus   [  32% ] 10000 VUs  0m19.1s/1m0s

running (0m20.1s), 10000/10000 VUs, 11010 complete and 0 interrupted iterations
thousand-vus   [  34% ] 10000 VUs  0m20.1s/1m0s

running (0m21.1s), 10000/10000 VUs, 12015 complete and 0 interrupted iterations
thousand-vus   [  35% ] 10000 VUs  0m21.1s/1m0s

running (0m22.1s), 10000/10000 VUs, 12895 complete and 0 interrupted iterations
thousand-vus   [  37% ] 10000 VUs  0m22.1s/1m0s

running (0m23.1s), 10000/10000 VUs, 13920 complete and 0 interrupted iterations
thousand-vus   [  39% ] 10000 VUs  0m23.1s/1m0s

running (0m24.1s), 10000/10000 VUs, 15033 complete and 0 interrupted iterations
thousand-vus   [  40% ] 10000 VUs  0m24.1s/1m0s

running (0m25.1s), 10000/10000 VUs, 16088 complete and 0 interrupted iterations
thousand-vus   [  42% ] 10000 VUs  0m25.1s/1m0s

running (0m26.1s), 10000/10000 VUs, 17050 complete and 0 interrupted iterations
thousand-vus   [  44% ] 10000 VUs  0m26.1s/1m0s

running (0m27.1s), 10000/10000 VUs, 18056 complete and 0 interrupted iterations
thousand-vus   [  45% ] 10000 VUs  0m27.1s/1m0s

running (0m28.1s), 10000/10000 VUs, 19014 complete and 0 interrupted iterations
thousand-vus   [  47% ] 10000 VUs  0m28.1s/1m0s

running (0m29.1s), 10000/10000 VUs, 20006 complete and 0 interrupted iterations
thousand-vus   [  49% ] 10000 VUs  0m29.1s/1m0s

running (0m30.1s), 10000/10000 VUs, 20989 complete and 0 interrupted iterations
thousand-vus   [  50% ] 10000 VUs  0m30.1s/1m0s

running (0m31.1s), 10000/10000 VUs, 21949 complete and 0 interrupted iterations
thousand-vus   [  52% ] 10000 VUs  0m31.1s/1m0s

running (0m32.1s), 10000/10000 VUs, 22954 complete and 0 interrupted iterations
thousand-vus   [  54% ] 10000 VUs  0m32.1s/1m0s

running (0m33.1s), 10000/10000 VUs, 23936 complete and 0 interrupted iterations
thousand-vus   [  55% ] 10000 VUs  0m33.1s/1m0s

running (0m34.1s), 10000/10000 VUs, 24928 complete and 0 interrupted iterations
thousand-vus   [  57% ] 10000 VUs  0m34.1s/1m0s

running (0m35.1s), 10000/10000 VUs, 25930 complete and 0 interrupted iterations
thousand-vus   [  59% ] 10000 VUs  0m35.1s/1m0s

running (0m36.1s), 10000/10000 VUs, 26913 complete and 0 interrupted iterations
thousand-vus   [  60% ] 10000 VUs  0m36.1s/1m0s

running (0m37.1s), 10000/10000 VUs, 27873 complete and 0 interrupted iterations
thousand-vus   [  62% ] 10000 VUs  0m37.1s/1m0s

running (0m38.1s), 10000/10000 VUs, 28879 complete and 0 interrupted iterations
thousand-vus   [  64% ] 10000 VUs  0m38.1s/1m0s

running (0m39.1s), 10000/10000 VUs, 29892 complete and 0 interrupted iterations
thousand-vus   [  65% ] 10000 VUs  0m39.1s/1m0s

running (0m40.1s), 10000/10000 VUs, 30863 complete and 0 interrupted iterations
thousand-vus   [  67% ] 10000 VUs  0m40.1s/1m0s

running (0m41.1s), 10000/10000 VUs, 31861 complete and 0 interrupted iterations
thousand-vus   [  69% ] 10000 VUs  0m41.1s/1m0s

running (0m42.1s), 10000/10000 VUs, 32795 complete and 0 interrupted iterations
thousand-vus   [  70% ] 10000 VUs  0m42.1s/1m0s

running (0m43.1s), 10000/10000 VUs, 33780 complete and 0 interrupted iterations
thousand-vus   [  72% ] 10000 VUs  0m43.1s/1m0s

running (0m44.1s), 10000/10000 VUs, 34736 complete and 0 interrupted iterations
thousand-vus   [  74% ] 10000 VUs  0m44.1s/1m0s

running (0m45.2s), 10000/10000 VUs, 35723 complete and 0 interrupted iterations
thousand-vus   [  75% ] 10000 VUs  0m45.2s/1m0s

running (0m46.1s), 10000/10000 VUs, 36223 complete and 0 interrupted iterations
thousand-vus   [  77% ] 10000 VUs  0m46.1s/1m0s

running (0m47.1s), 10000/10000 VUs, 37138 complete and 0 interrupted iterations
thousand-vus   [  79% ] 10000 VUs  0m47.1s/1m0s

running (0m48.1s), 10000/10000 VUs, 38014 complete and 0 interrupted iterations
thousand-vus   [  80% ] 10000 VUs  0m48.1s/1m0s

running (0m49.1s), 10000/10000 VUs, 39018 complete and 0 interrupted iterations
thousand-vus   [  82% ] 10000 VUs  0m49.1s/1m0s

running (0m50.1s), 10000/10000 VUs, 39895 complete and 0 interrupted iterations
thousand-vus   [  84% ] 10000 VUs  0m50.1s/1m0s

running (0m51.1s), 10000/10000 VUs, 40888 complete and 0 interrupted iterations
thousand-vus   [  85% ] 10000 VUs  0m51.1s/1m0s

running (0m52.1s), 10000/10000 VUs, 41903 complete and 0 interrupted iterations
thousand-vus   [  87% ] 10000 VUs  0m52.1s/1m0s

running (0m53.1s), 10000/10000 VUs, 42909 complete and 0 interrupted iterations
thousand-vus   [  89% ] 10000 VUs  0m53.1s/1m0s

running (0m54.1s), 10000/10000 VUs, 43925 complete and 0 interrupted iterations
thousand-vus   [  90% ] 10000 VUs  0m54.1s/1m0s

running (0m55.1s), 10000/10000 VUs, 44929 complete and 0 interrupted iterations
thousand-vus   [  92% ] 10000 VUs  0m55.1s/1m0s

running (0m56.1s), 10000/10000 VUs, 45864 complete and 0 interrupted iterations
thousand-vus   [  94% ] 10000 VUs  0m56.1s/1m0s

running (0m57.1s), 10000/10000 VUs, 46821 complete and 0 interrupted iterations
thousand-vus   [  95% ] 10000 VUs  0m57.1s/1m0s

running (0m58.1s), 10000/10000 VUs, 47830 complete and 0 interrupted iterations
thousand-vus   [  97% ] 10000 VUs  0m58.1s/1m0s

running (0m59.1s), 10000/10000 VUs, 48793 complete and 0 interrupted iterations
thousand-vus   [  99% ] 10000 VUs  0m59.1s/1m0s

running (1m00.1s), 09855/10000 VUs, 49790 complete and 0 interrupted iterations
thousand-vus ↓ [ 100% ] 10000 VUs  1m0s

running (1m01.1s), 08888/10000 VUs, 50757 complete and 0 interrupted iterations
thousand-vus ↓ [ 100% ] 10000 VUs  1m0s

running (1m02.1s), 07880/10000 VUs, 51765 complete and 0 interrupted iterations
thousand-vus ↓ [ 100% ] 10000 VUs  1m0s

running (1m03.1s), 06838/10000 VUs, 52807 complete and 0 interrupted iterations
thousand-vus ↓ [ 100% ] 10000 VUs  1m0s

running (1m04.1s), 05748/10000 VUs, 53897 complete and 0 interrupted iterations
thousand-vus ↓ [ 100% ] 10000 VUs  1m0s

running (1m05.1s), 04543/10000 VUs, 55102 complete and 0 interrupted iterations
thousand-vus ↓ [ 100% ] 10000 VUs  1m0s

running (1m06.1s), 03305/10000 VUs, 56340 complete and 0 interrupted iterations
thousand-vus ↓ [ 100% ] 10000 VUs  1m0s

running (1m07.1s), 02044/10000 VUs, 57601 complete and 0 interrupted iterations
thousand-vus ↓ [ 100% ] 10000 VUs  1m0s

running (1m08.1s), 00637/10000 VUs, 59008 complete and 0 interrupted iterations
thousand-vus ↓ [ 100% ] 10000 VUs  1m0s

running (1m09.1s), 00004/10000 VUs, 59641 complete and 0 interrupted iterations
thousand-vus ↓ [ 100% ] 10000 VUs  1m0s

running (1m10.1s), 00004/10000 VUs, 59641 complete and 0 interrupted iterations
thousand-vus ↓ [ 100% ] 10000 VUs  1m0s

running (1m11.1s), 00002/10000 VUs, 59643 complete and 0 interrupted iterations
thousand-vus ↓ [ 100% ] 10000 VUs  1m0s

running (1m12.1s), 00002/10000 VUs, 59643 complete and 0 interrupted iterations
thousand-vus ↓ [ 100% ] 10000 VUs  1m0s

running (1m13.1s), 00002/10000 VUs, 59643 complete and 0 interrupted iterations
thousand-vus ↓ [ 100% ] 10000 VUs  1m0s

running (1m14.1s), 00002/10000 VUs, 59643 complete and 0 interrupted iterations
thousand-vus ↓ [ 100% ] 10000 VUs  1m0s

running (1m15.1s), 00002/10000 VUs, 59643 complete and 0 interrupted iterations
thousand-vus ↓ [ 100% ] 10000 VUs  1m0s

running (1m16.1s), 00002/10000 VUs, 59643 complete and 0 interrupted iterations
thousand-vus ↓ [ 100% ] 10000 VUs  1m0s

running (1m17.1s), 00002/10000 VUs, 59643 complete and 0 interrupted iterations
thousand-vus ↓ [ 100% ] 10000 VUs  1m0s

running (1m18.1s), 00002/10000 VUs, 59643 complete and 0 interrupted iterations
thousand-vus ↓ [ 100% ] 10000 VUs  1m0s

running (1m19.1s), 00002/10000 VUs, 59643 complete and 0 interrupted iterations
thousand-vus ↓ [ 100% ] 10000 VUs  1m0s

running (1m20.1s), 00002/10000 VUs, 59643 complete and 0 interrupted iterations
thousand-vus ↓ [ 100% ] 10000 VUs  1m0s

running (1m21.1s), 00002/10000 VUs, 59643 complete and 0 interrupted iterations
thousand-vus ↓ [ 100% ] 10000 VUs  1m0s

running (1m22.1s), 00002/10000 VUs, 59643 complete and 0 interrupted iterations
thousand-vus ↓ [ 100% ] 10000 VUs  1m0s

running (1m23.1s), 00002/10000 VUs, 59643 complete and 0 interrupted iterations
thousand-vus ↓ [ 100% ] 10000 VUs  1m0s

running (1m24.1s), 00002/10000 VUs, 59643 complete and 0 interrupted iterations
thousand-vus ↓ [ 100% ] 10000 VUs  1m0s

running (1m25.1s), 00002/10000 VUs, 59643 complete and 0 interrupted iterations
thousand-vus ↓ [ 100% ] 10000 VUs  1m0s

running (1m26.1s), 00001/10000 VUs, 59644 complete and 0 interrupted iterations
thousand-vus ↓ [ 100% ] 10000 VUs  1m0s

running (1m26.4s), 00000/10000 VUs, 59645 complete and 0 interrupted iterations
thousand-vus ✓ [ 100% ] 10000 VUs  1m0s

     ✗ status is 200
      ↳  93% — ✓ 55809 / ✗ 3836

     checks.........................: 93.56% ✓ 55809      ✗ 3836   
     data_received..................: 119 MB 1.4 MB/s
     data_sent......................: 24 MB  273 kB/s
     http_req_blocked...............: avg=2.42s    min=0s       med=3.37µs   max=58.59s  p(90)=9.73s   p(95)=16.97s 
     http_req_connecting............: avg=548.13ms min=0s       med=0s       max=19.23s  p(90)=1.05s   p(95)=3.55s  
     http_req_duration..............: avg=1.1s     min=0s       med=186.16ms max=1m0s    p(90)=2.82s   p(95)=4.52s  
       { expected_response:true }...: avg=1.01s    min=117.73ms med=185.84ms max=48.73s  p(90)=2.68s   p(95)=4.2s   
     http_req_failed................: 6.43%  ✓ 3836       ✗ 55809  
     http_req_receiving.............: avg=42.17µs  min=0s       med=34.26µs  max=11.12ms p(90)=65.33µs p(95)=79.48µs
     http_req_sending...............: avg=40.98µs  min=0s       med=16.27µs  max=21.41ms p(90)=65.82µs p(95)=91.34µs
     http_req_tls_handshaking.......: avg=1.87s    min=0s       med=0s       max=57.92s  p(90)=6.09s   p(95)=12.49s 
     http_req_waiting...............: avg=1.1s     min=0s       med=186.09ms max=1m0s    p(90)=2.82s   p(95)=4.52s  
     http_reqs......................: 59645  690.154572/s
     iteration_duration.............: avg=10.81s   min=1.12s    med=8.95s    max=1m8s    p(90)=19.4s   p(95)=26.5s  
     iterations.....................: 59645  690.154572/s
     vus............................: 1      min=0        max=10000
     vus_max........................: 10000  min=5929     max=10000

