
          /\      |‾‾| /‾‾/   /‾‾/   
     /\  /  \     |  |/  /   /  /    
    /  \/    \    |     (   /   ‾‾\  
   /          \   |  |\  \ |  (‾)  | 
  / __________ \  |__| \__\ \_____/ .io

  execution: local
     script: tunnels.js
     output: -

  scenarios: (100.00%) 1 scenario, 100 max VUs, 1m30s max duration (incl. graceful stop):
           * thousand-vus: 100 looping VUs for 1m0s (gracefulStop: 30s)


running (0m01.0s), 100/100 VUs, 0 complete and 0 interrupted iterations
thousand-vus   [   2% ] 100 VUs  0m01.0s/1m0s

running (0m02.0s), 100/100 VUs, 55 complete and 0 interrupted iterations
thousand-vus   [   3% ] 100 VUs  0m02.0s/1m0s

running (0m03.0s), 100/100 VUs, 89 complete and 0 interrupted iterations
thousand-vus   [   5% ] 100 VUs  0m03.0s/1m0s

running (0m04.0s), 100/100 VUs, 163 complete and 0 interrupted iterations
thousand-vus   [   7% ] 100 VUs  0m04.0s/1m0s

running (0m05.0s), 100/100 VUs, 257 complete and 0 interrupted iterations
thousand-vus   [   8% ] 100 VUs  0m05.0s/1m0s

running (0m06.0s), 100/100 VUs, 357 complete and 0 interrupted iterations
thousand-vus   [  10% ] 100 VUs  0m06.0s/1m0s

running (0m07.0s), 100/100 VUs, 457 complete and 0 interrupted iterations
thousand-vus   [  12% ] 100 VUs  0m07.0s/1m0s

running (0m08.0s), 100/100 VUs, 557 complete and 0 interrupted iterations
thousand-vus   [  13% ] 100 VUs  0m08.0s/1m0s

running (0m09.0s), 100/100 VUs, 656 complete and 0 interrupted iterations
thousand-vus   [  15% ] 100 VUs  0m09.0s/1m0s

running (0m10.0s), 100/100 VUs, 742 complete and 0 interrupted iterations
thousand-vus   [  17% ] 100 VUs  0m10.0s/1m0s

running (0m11.0s), 100/100 VUs, 789 complete and 0 interrupted iterations
thousand-vus   [  18% ] 100 VUs  0m11.0s/1m0s

running (0m12.0s), 100/100 VUs, 865 complete and 0 interrupted iterations
thousand-vus   [  20% ] 100 VUs  0m12.0s/1m0s

running (0m13.0s), 100/100 VUs, 960 complete and 0 interrupted iterations
thousand-vus   [  22% ] 100 VUs  0m13.0s/1m0s

running (0m14.0s), 100/100 VUs, 1057 complete and 0 interrupted iterations
thousand-vus   [  23% ] 100 VUs  0m14.0s/1m0s

running (0m15.0s), 100/100 VUs, 1157 complete and 0 interrupted iterations
thousand-vus   [  25% ] 100 VUs  0m15.0s/1m0s

running (0m16.0s), 100/100 VUs, 1257 complete and 0 interrupted iterations
thousand-vus   [  27% ] 100 VUs  0m16.0s/1m0s

running (0m17.0s), 100/100 VUs, 1357 complete and 0 interrupted iterations
thousand-vus   [  28% ] 100 VUs  0m17.0s/1m0s

running (0m18.0s), 100/100 VUs, 1448 complete and 0 interrupted iterations
thousand-vus   [  30% ] 100 VUs  0m18.0s/1m0s

running (0m19.0s), 100/100 VUs, 1509 complete and 0 interrupted iterations
thousand-vus   [  32% ] 100 VUs  0m19.0s/1m0s

running (0m20.0s), 100/100 VUs, 1586 complete and 0 interrupted iterations
thousand-vus   [  33% ] 100 VUs  0m20.0s/1m0s

running (0m21.0s), 100/100 VUs, 1664 complete and 0 interrupted iterations
thousand-vus   [  35% ] 100 VUs  0m21.0s/1m0s

running (0m22.0s), 100/100 VUs, 1760 complete and 0 interrupted iterations
thousand-vus   [  37% ] 100 VUs  0m22.0s/1m0s

running (0m23.0s), 100/100 VUs, 1857 complete and 0 interrupted iterations
thousand-vus   [  38% ] 100 VUs  0m23.0s/1m0s

running (0m24.0s), 100/100 VUs, 1957 complete and 0 interrupted iterations
thousand-vus   [  40% ] 100 VUs  0m24.0s/1m0s

running (0m25.0s), 100/100 VUs, 2057 complete and 0 interrupted iterations
thousand-vus   [  42% ] 100 VUs  0m25.0s/1m0s

running (0m26.0s), 100/100 VUs, 2156 complete and 0 interrupted iterations
thousand-vus   [  43% ] 100 VUs  0m26.0s/1m0s

running (0m27.0s), 100/100 VUs, 2238 complete and 0 interrupted iterations
thousand-vus   [  45% ] 100 VUs  0m27.0s/1m0s

running (0m28.0s), 100/100 VUs, 2294 complete and 0 interrupted iterations
thousand-vus   [  47% ] 100 VUs  0m28.0s/1m0s

running (0m29.0s), 100/100 VUs, 2382 complete and 0 interrupted iterations
thousand-vus   [  48% ] 100 VUs  0m29.0s/1m0s

running (0m30.0s), 100/100 VUs, 2443 complete and 0 interrupted iterations
thousand-vus   [  50% ] 100 VUs  0m30.0s/1m0s

running (0m31.0s), 100/100 VUs, 2543 complete and 0 interrupted iterations
thousand-vus   [  52% ] 100 VUs  0m31.0s/1m0s

running (0m32.0s), 100/100 VUs, 2643 complete and 0 interrupted iterations
thousand-vus   [  53% ] 100 VUs  0m32.0s/1m0s

running (0m33.0s), 100/100 VUs, 2743 complete and 0 interrupted iterations
thousand-vus   [  55% ] 100 VUs  0m33.0s/1m0s

running (0m34.0s), 100/100 VUs, 2841 complete and 0 interrupted iterations
thousand-vus   [  57% ] 100 VUs  0m34.0s/1m0s

running (0m35.0s), 100/100 VUs, 2900 complete and 0 interrupted iterations
thousand-vus   [  58% ] 100 VUs  0m35.0s/1m0s

running (0m36.0s), 100/100 VUs, 2994 complete and 0 interrupted iterations
thousand-vus   [  60% ] 100 VUs  0m36.0s/1m0s

running (0m37.0s), 100/100 VUs, 3079 complete and 0 interrupted iterations
thousand-vus   [  62% ] 100 VUs  0m37.0s/1m0s

running (0m38.0s), 100/100 VUs, 3148 complete and 0 interrupted iterations
thousand-vus   [  63% ] 100 VUs  0m38.0s/1m0s

running (0m39.0s), 100/100 VUs, 3245 complete and 0 interrupted iterations
thousand-vus   [  65% ] 100 VUs  0m39.0s/1m0s

running (0m40.0s), 100/100 VUs, 3343 complete and 0 interrupted iterations
thousand-vus   [  67% ] 100 VUs  0m40.0s/1m0s

running (0m41.0s), 100/100 VUs, 3420 complete and 0 interrupted iterations
thousand-vus   [  68% ] 100 VUs  0m41.0s/1m0s

running (0m42.0s), 100/100 VUs, 3520 complete and 0 interrupted iterations
thousand-vus   [  70% ] 100 VUs  0m42.0s/1m0s

running (0m43.0s), 100/100 VUs, 3620 complete and 0 interrupted iterations
thousand-vus   [  72% ] 100 VUs  0m43.0s/1m0s

running (0m44.0s), 100/100 VUs, 3702 complete and 0 interrupted iterations
thousand-vus   [  73% ] 100 VUs  0m44.0s/1m0s

running (0m45.0s), 100/100 VUs, 3794 complete and 0 interrupted iterations
thousand-vus   [  75% ] 100 VUs  0m45.0s/1m0s

running (0m46.0s), 100/100 VUs, 3877 complete and 0 interrupted iterations
thousand-vus   [  77% ] 100 VUs  0m46.0s/1m0s

running (0m47.0s), 100/100 VUs, 3946 complete and 0 interrupted iterations
thousand-vus   [  78% ] 100 VUs  0m47.0s/1m0s

running (0m48.0s), 100/100 VUs, 4046 complete and 0 interrupted iterations
thousand-vus   [  80% ] 100 VUs  0m48.0s/1m0s

running (0m49.0s), 100/100 VUs, 4125 complete and 0 interrupted iterations
thousand-vus   [  82% ] 100 VUs  0m49.0s/1m0s

running (0m50.0s), 100/100 VUs, 4220 complete and 0 interrupted iterations
thousand-vus   [  83% ] 100 VUs  0m50.0s/1m0s

running (0m51.0s), 100/100 VUs, 4320 complete and 0 interrupted iterations
thousand-vus   [  85% ] 100 VUs  0m51.0s/1m0s

running (0m52.0s), 100/100 VUs, 4415 complete and 0 interrupted iterations
thousand-vus   [  87% ] 100 VUs  0m52.0s/1m0s

running (0m53.0s), 100/100 VUs, 4498 complete and 0 interrupted iterations
thousand-vus   [  88% ] 100 VUs  0m53.0s/1m0s

running (0m54.0s), 100/100 VUs, 4589 complete and 0 interrupted iterations
thousand-vus   [  90% ] 100 VUs  0m54.0s/1m0s

running (0m55.0s), 100/100 VUs, 4664 complete and 0 interrupted iterations
thousand-vus   [  92% ] 100 VUs  0m55.0s/1m0s

running (0m56.0s), 100/100 VUs, 4749 complete and 0 interrupted iterations
thousand-vus   [  93% ] 100 VUs  0m56.0s/1m0s

running (0m57.0s), 100/100 VUs, 4846 complete and 0 interrupted iterations
thousand-vus   [  95% ] 100 VUs  0m57.0s/1m0s

running (0m58.0s), 100/100 VUs, 4921 complete and 0 interrupted iterations
thousand-vus   [  97% ] 100 VUs  0m58.0s/1m0s

running (0m59.0s), 100/100 VUs, 5020 complete and 0 interrupted iterations
thousand-vus   [  98% ] 100 VUs  0m59.0s/1m0s

running (1m00.0s), 100/100 VUs, 5120 complete and 0 interrupted iterations
thousand-vus   [ 100% ] 100 VUs  1m00.0s/1m0s

running (1m01.0s), 012/100 VUs, 5208 complete and 0 interrupted iterations
thousand-vus ↓ [ 100% ] 100 VUs  1m0s

running (1m01.1s), 000/100 VUs, 5220 complete and 0 interrupted iterations
thousand-vus ✓ [ 100% ] 100 VUs  1m0s

     ✓ status is 200

     checks.........................: 100.00% ✓ 5220      ✗ 0    
     data_received..................: 4.9 MB  81 kB/s
     data_sent......................: 1.6 MB  27 kB/s
     http_req_blocked...............: avg=24.29ms  min=1.45µs   med=4.21µs   max=2.12s    p(90)=9.94µs   p(95)=12.03µs
     http_req_connecting............: avg=3.85ms   min=0s       med=0s       max=203.78ms p(90)=0s       p(95)=0s     
     http_req_duration..............: avg=135.82ms min=117.28ms med=129.01ms max=750.72ms p(90)=142.98ms p(95)=177.4ms
       { expected_response:true }...: avg=135.82ms min=117.28ms med=129.01ms max=750.72ms p(90)=142.98ms p(95)=177.4ms
     http_req_failed................: 0.00%   ✓ 0         ✗ 5220 
     http_req_receiving.............: avg=69.84µs  min=18.63µs  med=57.36µs  max=2.51ms   p(90)=118.6µs  p(95)=141.6µs
     http_req_sending...............: avg=34.56µs  min=8.09µs   med=26.78µs  max=677.13µs p(90)=63.76µs  p(95)=75.74µs
     http_req_tls_handshaking.......: avg=17.53ms  min=0s       med=0s       max=1.77s    p(90)=0s       p(95)=0s     
     http_req_waiting...............: avg=135.71ms min=117.17ms med=128.92ms max=750.68ms p(90)=142.85ms p(95)=177.3ms
     http_reqs......................: 5220    85.447325/s
     iteration_duration.............: avg=1.16s    min=1.11s    med=1.13s    max=3.25s    p(90)=1.15s    p(95)=1.22s  
     iterations.....................: 5220    85.447325/s
     vus............................: 12      min=12      max=100
     vus_max........................: 100     min=100     max=100

