
          /\      |‾‾| /‾‾/   /‾‾/   
     /\  /  \     |  |/  /   /  /    
    /  \/    \    |     (   /   ‾‾\  
   /          \   |  |\  \ |  (‾)  | 
  / __________ \  |__| \__\ \_____/ .io

  execution: local
     script: tunnels.js
     output: -

  scenarios: (100.00%) 1 scenario, 500 max VUs, 1m30s max duration (incl. graceful stop):
           * thousand-vus: 500 looping VUs for 1m0s (gracefulStop: 30s)


running (0m00.9s), 500/500 VUs, 0 complete and 0 interrupted iterations
thousand-vus   [   2% ] 500 VUs  0m00.9s/1m0s

running (0m01.9s), 500/500 VUs, 101 complete and 0 interrupted iterations
thousand-vus   [   3% ] 500 VUs  0m01.9s/1m0s

running (0m02.9s), 500/500 VUs, 538 complete and 0 interrupted iterations
thousand-vus   [   5% ] 500 VUs  0m02.9s/1m0s

running (0m03.9s), 500/500 VUs, 1000 complete and 0 interrupted iterations
thousand-vus   [   7% ] 500 VUs  0m03.9s/1m0s

running (0m04.9s), 500/500 VUs, 1500 complete and 0 interrupted iterations
thousand-vus   [   8% ] 500 VUs  0m04.9s/1m0s

running (0m05.9s), 500/500 VUs, 2000 complete and 0 interrupted iterations
thousand-vus   [  10% ] 500 VUs  0m05.9s/1m0s

running (0m06.9s), 500/500 VUs, 2276 complete and 0 interrupted iterations
thousand-vus   [  12% ] 500 VUs  0m06.9s/1m0s

running (0m07.9s), 500/500 VUs, 2776 complete and 0 interrupted iterations
thousand-vus   [  13% ] 500 VUs  0m07.9s/1m0s

running (0m08.9s), 500/500 VUs, 3229 complete and 0 interrupted iterations
thousand-vus   [  15% ] 500 VUs  0m08.9s/1m0s

running (0m09.9s), 500/500 VUs, 3590 complete and 0 interrupted iterations
thousand-vus   [  17% ] 500 VUs  0m09.9s/1m0s

running (0m10.9s), 500/500 VUs, 3975 complete and 0 interrupted iterations
thousand-vus   [  18% ] 500 VUs  0m10.9s/1m0s

running (0m11.9s), 500/500 VUs, 4367 complete and 0 interrupted iterations
thousand-vus   [  20% ] 500 VUs  0m11.9s/1m0s

running (0m12.9s), 500/500 VUs, 4738 complete and 0 interrupted iterations
thousand-vus   [  22% ] 500 VUs  0m12.9s/1m0s

running (0m13.9s), 500/500 VUs, 5027 complete and 0 interrupted iterations
thousand-vus   [  23% ] 500 VUs  0m13.9s/1m0s

running (0m14.9s), 500/500 VUs, 5027 complete and 0 interrupted iterations
thousand-vus   [  25% ] 500 VUs  0m14.9s/1m0s

running (0m15.9s), 500/500 VUs, 5473 complete and 0 interrupted iterations
thousand-vus   [  27% ] 500 VUs  0m15.9s/1m0s

running (0m16.9s), 500/500 VUs, 5473 complete and 0 interrupted iterations
thousand-vus   [  28% ] 500 VUs  0m16.9s/1m0s

running (0m17.9s), 500/500 VUs, 5742 complete and 0 interrupted iterations
thousand-vus   [  30% ] 500 VUs  0m17.9s/1m0s

running (0m18.9s), 500/500 VUs, 6094 complete and 0 interrupted iterations
thousand-vus   [  32% ] 500 VUs  0m18.9s/1m0s

running (0m19.9s), 500/500 VUs, 6362 complete and 0 interrupted iterations
thousand-vus   [  33% ] 500 VUs  0m19.9s/1m0s

running (0m20.9s), 500/500 VUs, 6633 complete and 0 interrupted iterations
thousand-vus   [  35% ] 500 VUs  0m20.9s/1m0s

running (0m21.9s), 500/500 VUs, 6970 complete and 0 interrupted iterations
thousand-vus   [  37% ] 500 VUs  0m21.9s/1m0s

running (0m22.9s), 500/500 VUs, 7165 complete and 0 interrupted iterations
thousand-vus   [  38% ] 500 VUs  0m22.9s/1m0s

running (0m23.9s), 500/500 VUs, 7575 complete and 0 interrupted iterations
thousand-vus   [  40% ] 500 VUs  0m23.9s/1m0s

running (0m24.9s), 500/500 VUs, 8073 complete and 0 interrupted iterations
thousand-vus   [  42% ] 500 VUs  0m24.9s/1m0s

running (0m25.9s), 500/500 VUs, 8266 complete and 0 interrupted iterations
thousand-vus   [  43% ] 500 VUs  0m25.9s/1m0s

running (0m26.9s), 500/500 VUs, 8651 complete and 0 interrupted iterations
thousand-vus   [  45% ] 500 VUs  0m26.9s/1m0s

running (0m27.9s), 500/500 VUs, 9111 complete and 0 interrupted iterations
thousand-vus   [  47% ] 500 VUs  0m27.9s/1m0s

running (0m28.9s), 500/500 VUs, 9451 complete and 0 interrupted iterations
thousand-vus   [  48% ] 500 VUs  0m28.9s/1m0s

running (0m29.9s), 500/500 VUs, 9794 complete and 0 interrupted iterations
thousand-vus   [  50% ] 500 VUs  0m29.9s/1m0s

running (0m30.9s), 500/500 VUs, 10224 complete and 0 interrupted iterations
thousand-vus   [  52% ] 500 VUs  0m30.9s/1m0s

running (0m31.9s), 500/500 VUs, 10541 complete and 0 interrupted iterations
thousand-vus   [  53% ] 500 VUs  0m31.9s/1m0s

running (0m32.9s), 500/500 VUs, 10779 complete and 0 interrupted iterations
thousand-vus   [  55% ] 500 VUs  0m32.9s/1m0s

running (0m33.9s), 500/500 VUs, 11150 complete and 0 interrupted iterations
thousand-vus   [  57% ] 500 VUs  0m33.9s/1m0s

running (0m34.9s), 500/500 VUs, 11619 complete and 0 interrupted iterations
thousand-vus   [  58% ] 500 VUs  0m34.9s/1m0s

running (0m35.9s), 500/500 VUs, 11798 complete and 0 interrupted iterations
thousand-vus   [  60% ] 500 VUs  0m35.9s/1m0s

running (0m36.9s), 500/500 VUs, 12296 complete and 0 interrupted iterations
thousand-vus   [  62% ] 500 VUs  0m36.9s/1m0s

running (0m37.9s), 500/500 VUs, 12744 complete and 0 interrupted iterations
thousand-vus   [  63% ] 500 VUs  0m37.9s/1m0s

running (0m38.9s), 500/500 VUs, 13244 complete and 0 interrupted iterations
thousand-vus   [  65% ] 500 VUs  0m38.9s/1m0s

running (0m39.9s), 500/500 VUs, 13642 complete and 0 interrupted iterations
thousand-vus   [  67% ] 500 VUs  0m39.9s/1m0s

running (0m40.9s), 500/500 VUs, 14079 complete and 0 interrupted iterations
thousand-vus   [  68% ] 500 VUs  0m40.9s/1m0s

running (0m41.9s), 500/500 VUs, 14451 complete and 0 interrupted iterations
thousand-vus   [  70% ] 500 VUs  0m41.9s/1m0s

running (0m42.9s), 500/500 VUs, 14835 complete and 0 interrupted iterations
thousand-vus   [  72% ] 500 VUs  0m42.9s/1m0s

running (0m43.9s), 500/500 VUs, 15201 complete and 0 interrupted iterations
thousand-vus   [  73% ] 500 VUs  0m43.9s/1m0s

running (0m44.9s), 500/500 VUs, 15642 complete and 0 interrupted iterations
thousand-vus   [  75% ] 500 VUs  0m44.9s/1m0s

running (0m45.9s), 500/500 VUs, 16142 complete and 0 interrupted iterations
thousand-vus   [  77% ] 500 VUs  0m45.9s/1m0s

running (0m46.9s), 500/500 VUs, 16642 complete and 0 interrupted iterations
thousand-vus   [  78% ] 500 VUs  0m46.9s/1m0s

running (0m47.9s), 500/500 VUs, 16943 complete and 0 interrupted iterations
thousand-vus   [  80% ] 500 VUs  0m47.9s/1m0s

running (0m48.9s), 500/500 VUs, 17443 complete and 0 interrupted iterations
thousand-vus   [  82% ] 500 VUs  0m48.9s/1m0s

running (0m49.9s), 500/500 VUs, 17688 complete and 0 interrupted iterations
thousand-vus   [  83% ] 500 VUs  0m49.9s/1m0s

running (0m50.9s), 500/500 VUs, 17837 complete and 0 interrupted iterations
thousand-vus   [  85% ] 500 VUs  0m50.9s/1m0s

running (0m51.9s), 500/500 VUs, 18188 complete and 0 interrupted iterations
thousand-vus   [  87% ] 500 VUs  0m51.9s/1m0s

running (0m52.9s), 500/500 VUs, 18497 complete and 0 interrupted iterations
thousand-vus   [  88% ] 500 VUs  0m52.9s/1m0s

running (0m53.9s), 500/500 VUs, 18497 complete and 0 interrupted iterations
thousand-vus   [  90% ] 500 VUs  0m53.9s/1m0s

running (0m54.9s), 500/500 VUs, 18497 complete and 0 interrupted iterations
thousand-vus   [  92% ] 500 VUs  0m54.9s/1m0s

running (0m55.9s), 500/500 VUs, 18497 complete and 0 interrupted iterations
thousand-vus   [  93% ] 500 VUs  0m55.9s/1m0s

running (0m56.9s), 500/500 VUs, 18497 complete and 0 interrupted iterations
thousand-vus   [  95% ] 500 VUs  0m56.9s/1m0s

running (0m57.9s), 500/500 VUs, 18497 complete and 0 interrupted iterations
thousand-vus   [  97% ] 500 VUs  0m57.9s/1m0s

running (0m58.9s), 500/500 VUs, 18497 complete and 0 interrupted iterations
thousand-vus   [  98% ] 500 VUs  0m58.9s/1m0s

running (0m59.9s), 500/500 VUs, 18497 complete and 0 interrupted iterations
thousand-vus   [ 100% ] 500 VUs  0m59.9s/1m0s

running (1m00.9s), 500/500 VUs, 18497 complete and 0 interrupted iterations
thousand-vus ↓ [ 100% ] 500 VUs  1m0s

running (1m01.9s), 500/500 VUs, 18497 complete and 0 interrupted iterations
thousand-vus ↓ [ 100% ] 500 VUs  1m0s

running (1m02.9s), 500/500 VUs, 18497 complete and 0 interrupted iterations
thousand-vus ↓ [ 100% ] 500 VUs  1m0s

running (1m03.9s), 500/500 VUs, 18497 complete and 0 interrupted iterations
thousand-vus ↓ [ 100% ] 500 VUs  1m0s

running (1m04.9s), 500/500 VUs, 18497 complete and 0 interrupted iterations
thousand-vus ↓ [ 100% ] 500 VUs  1m0s

running (1m05.9s), 500/500 VUs, 18497 complete and 0 interrupted iterations
thousand-vus ↓ [ 100% ] 500 VUs  1m0s

running (1m06.9s), 500/500 VUs, 18497 complete and 0 interrupted iterations
thousand-vus ↓ [ 100% ] 500 VUs  1m0s

running (1m07.9s), 500/500 VUs, 18497 complete and 0 interrupted iterations
thousand-vus ↓ [ 100% ] 500 VUs  1m0s

running (1m08.9s), 500/500 VUs, 18497 complete and 0 interrupted iterations
thousand-vus ↓ [ 100% ] 500 VUs  1m0s

running (1m09.9s), 500/500 VUs, 18497 complete and 0 interrupted iterations
thousand-vus ↓ [ 100% ] 500 VUs  1m0s

running (1m10.9s), 500/500 VUs, 18497 complete and 0 interrupted iterations
thousand-vus ↓ [ 100% ] 500 VUs  1m0s

running (1m11.9s), 500/500 VUs, 18497 complete and 0 interrupted iterations
thousand-vus ↓ [ 100% ] 500 VUs  1m0s

running (1m12.9s), 500/500 VUs, 18497 complete and 0 interrupted iterations
thousand-vus ↓ [ 100% ] 500 VUs  1m0s

running (1m13.9s), 500/500 VUs, 18497 complete and 0 interrupted iterations
thousand-vus ↓ [ 100% ] 500 VUs  1m0s

running (1m14.9s), 500/500 VUs, 18497 complete and 0 interrupted iterations
thousand-vus ↓ [ 100% ] 500 VUs  1m0s

running (1m15.9s), 500/500 VUs, 18497 complete and 0 interrupted iterations
thousand-vus ↓ [ 100% ] 500 VUs  1m0s

running (1m16.9s), 500/500 VUs, 18497 complete and 0 interrupted iterations
thousand-vus ↓ [ 100% ] 500 VUs  1m0s

running (1m17.9s), 500/500 VUs, 18497 complete and 0 interrupted iterations
thousand-vus ↓ [ 100% ] 500 VUs  1m0s

running (1m18.9s), 001/500 VUs, 18996 complete and 0 interrupted iterations
thousand-vus ↓ [ 100% ] 500 VUs  1m0s

running (1m19.0s), 000/500 VUs, 18997 complete and 0 interrupted iterations
thousand-vus ✓ [ 100% ] 500 VUs  1m0s

     ✓ status is 200

     checks.........................: 100.00% ✓ 18997     ✗ 0    
     data_received..................: 19 MB   245 kB/s
     data_sent......................: 2.3 MB  29 kB/s
     http_req_blocked...............: avg=11.32ms min=166ns    med=378ns    max=552.39ms p(90)=1.15µs   p(95)=1.43µs  
     http_req_connecting............: avg=3.84ms  min=0s       med=0s       max=170.58ms p(90)=0s       p(95)=0s      
     http_req_duration..............: avg=1.01s   min=131.03ms med=141.43ms max=26.91s   p(90)=1.22s    p(95)=1.59s   
       { expected_response:true }...: avg=1.01s   min=131.03ms med=141.43ms max=26.91s   p(90)=1.22s    p(95)=1.59s   
     http_req_failed................: 0.00%   ✓ 0         ✗ 18997
     http_req_receiving.............: avg=1.84ms  min=13.83µs  med=43.91µs  max=2.23s    p(90)=416.47µs p(95)=692.75µs
     http_req_sending...............: avg=92.12µs min=27.87µs  med=69.25µs  max=15.17ms  p(90)=172.62µs p(95)=205.89µs
     http_req_tls_handshaking.......: avg=7.08ms  min=0s       med=0s       max=396.37ms p(90)=0s       p(95)=0s      
     http_req_waiting...............: avg=1.01s   min=130.49ms med=140.89ms max=26.91s   p(90)=1.22s    p(95)=1.59s   
     http_reqs......................: 18997   240.34666/s
     iteration_duration.............: avg=2.05s   min=1.13s    med=1.16s    max=27.92s   p(90)=2.24s    p(95)=2.6s    
     iterations.....................: 18997   240.34666/s
     vus............................: 1       min=1       max=500
     vus_max........................: 500     min=500     max=500

