
          /\      |‾‾| /‾‾/   /‾‾/   
     /\  /  \     |  |/  /   /  /    
    /  \/    \    |     (   /   ‾‾\  
   /          \   |  |\  \ |  (‾)  | 
  / __________ \  |__| \__\ \_____/ .io

  execution: local
     script: tunnels.js
     output: -

  scenarios: (100.00%) 1 scenario, 100 max VUs, 1m30s max duration (incl. graceful stop):
           * thousand-vus: 100 looping VUs for 1m0s (gracefulStop: 30s)


running (0m01.0s), 100/100 VUs, 0 complete and 0 interrupted iterations
thousand-vus   [   2% ] 100 VUs  0m01.0s/1m0s

running (0m02.0s), 100/100 VUs, 13 complete and 0 interrupted iterations
thousand-vus   [   3% ] 100 VUs  0m02.0s/1m0s

running (0m03.0s), 100/100 VUs, 88 complete and 0 interrupted iterations
thousand-vus   [   5% ] 100 VUs  0m03.0s/1m0s

running (0m04.0s), 100/100 VUs, 188 complete and 0 interrupted iterations
thousand-vus   [   7% ] 100 VUs  0m04.0s/1m0s

running (0m05.0s), 100/100 VUs, 286 complete and 0 interrupted iterations
thousand-vus   [   8% ] 100 VUs  0m05.0s/1m0s

running (0m06.0s), 100/100 VUs, 339 complete and 0 interrupted iterations
thousand-vus   [  10% ] 100 VUs  0m06.0s/1m0s

running (0m07.0s), 100/100 VUs, 420 complete and 0 interrupted iterations
thousand-vus   [  12% ] 100 VUs  0m07.0s/1m0s

running (0m08.0s), 100/100 VUs, 517 complete and 0 interrupted iterations
thousand-vus   [  13% ] 100 VUs  0m08.0s/1m0s

running (0m09.0s), 100/100 VUs, 588 complete and 0 interrupted iterations
thousand-vus   [  15% ] 100 VUs  0m09.0s/1m0s

running (0m10.0s), 100/100 VUs, 688 complete and 0 interrupted iterations
thousand-vus   [  17% ] 100 VUs  0m10.0s/1m0s

running (0m11.0s), 100/100 VUs, 788 complete and 0 interrupted iterations
thousand-vus   [  18% ] 100 VUs  0m11.0s/1m0s

running (0m12.0s), 100/100 VUs, 887 complete and 0 interrupted iterations
thousand-vus   [  20% ] 100 VUs  0m12.0s/1m0s

running (0m13.0s), 100/100 VUs, 932 complete and 0 interrupted iterations
thousand-vus   [  22% ] 100 VUs  0m13.0s/1m0s

running (0m14.0s), 100/100 VUs, 1008 complete and 0 interrupted iterations
thousand-vus   [  23% ] 100 VUs  0m14.0s/1m0s

running (0m15.0s), 100/100 VUs, 1047 complete and 0 interrupted iterations
thousand-vus   [  25% ] 100 VUs  0m15.0s/1m0s

running (0m16.0s), 100/100 VUs, 1147 complete and 0 interrupted iterations
thousand-vus   [  27% ] 100 VUs  0m16.0s/1m0s

running (0m17.0s), 100/100 VUs, 1247 complete and 0 interrupted iterations
thousand-vus   [  28% ] 100 VUs  0m17.0s/1m0s

running (0m18.0s), 100/100 VUs, 1344 complete and 0 interrupted iterations
thousand-vus   [  30% ] 100 VUs  0m18.0s/1m0s

running (0m19.0s), 100/100 VUs, 1444 complete and 0 interrupted iterations
thousand-vus   [  32% ] 100 VUs  0m19.0s/1m0s

running (0m20.0s), 100/100 VUs, 1528 complete and 0 interrupted iterations
thousand-vus   [  33% ] 100 VUs  0m20.0s/1m0s

running (0m21.0s), 100/100 VUs, 1554 complete and 0 interrupted iterations
thousand-vus   [  35% ] 100 VUs  0m21.0s/1m0s

running (0m22.0s), 100/100 VUs, 1647 complete and 0 interrupted iterations
thousand-vus   [  37% ] 100 VUs  0m22.0s/1m0s

running (0m23.0s), 100/100 VUs, 1747 complete and 0 interrupted iterations
thousand-vus   [  38% ] 100 VUs  0m23.0s/1m0s

running (0m24.0s), 100/100 VUs, 1847 complete and 0 interrupted iterations
thousand-vus   [  40% ] 100 VUs  0m24.0s/1m0s

running (0m25.0s), 100/100 VUs, 1927 complete and 0 interrupted iterations
thousand-vus   [  42% ] 100 VUs  0m25.0s/1m0s

running (0m26.0s), 100/100 VUs, 1954 complete and 0 interrupted iterations
thousand-vus   [  43% ] 100 VUs  0m26.0s/1m0s

running (0m27.0s), 100/100 VUs, 2054 complete and 0 interrupted iterations
thousand-vus   [  45% ] 100 VUs  0m27.0s/1m0s

running (0m28.0s), 100/100 VUs, 2056 complete and 0 interrupted iterations
thousand-vus   [  47% ] 100 VUs  0m28.0s/1m0s

running (0m29.0s), 100/100 VUs, 2156 complete and 0 interrupted iterations
thousand-vus   [  48% ] 100 VUs  0m29.0s/1m0s

running (0m30.0s), 100/100 VUs, 2256 complete and 0 interrupted iterations
thousand-vus   [  50% ] 100 VUs  0m30.0s/1m0s

running (0m31.0s), 100/100 VUs, 2354 complete and 0 interrupted iterations
thousand-vus   [  52% ] 100 VUs  0m31.0s/1m0s

running (0m32.0s), 100/100 VUs, 2445 complete and 0 interrupted iterations
thousand-vus   [  53% ] 100 VUs  0m32.0s/1m0s

running (0m33.0s), 100/100 VUs, 2531 complete and 0 interrupted iterations
thousand-vus   [  55% ] 100 VUs  0m33.0s/1m0s

running (0m34.0s), 100/100 VUs, 2562 complete and 0 interrupted iterations
thousand-vus   [  57% ] 100 VUs  0m34.0s/1m0s

running (0m35.0s), 100/100 VUs, 2655 complete and 0 interrupted iterations
thousand-vus   [  58% ] 100 VUs  0m35.0s/1m0s

running (0m36.0s), 100/100 VUs, 2755 complete and 0 interrupted iterations
thousand-vus   [  60% ] 100 VUs  0m36.0s/1m0s

running (0m37.0s), 100/100 VUs, 2854 complete and 0 interrupted iterations
thousand-vus   [  62% ] 100 VUs  0m37.0s/1m0s

running (0m38.0s), 100/100 VUs, 2888 complete and 0 interrupted iterations
thousand-vus   [  63% ] 100 VUs  0m38.0s/1m0s

running (0m39.0s), 100/100 VUs, 2962 complete and 0 interrupted iterations
thousand-vus   [  65% ] 100 VUs  0m39.0s/1m0s

running (0m40.0s), 100/100 VUs, 3062 complete and 0 interrupted iterations
thousand-vus   [  67% ] 100 VUs  0m40.0s/1m0s

running (0m41.0s), 100/100 VUs, 3155 complete and 0 interrupted iterations
thousand-vus   [  68% ] 100 VUs  0m41.0s/1m0s

running (0m42.0s), 100/100 VUs, 3255 complete and 0 interrupted iterations
thousand-vus   [  70% ] 100 VUs  0m42.0s/1m0s

running (0m43.0s), 100/100 VUs, 3326 complete and 0 interrupted iterations
thousand-vus   [  72% ] 100 VUs  0m43.0s/1m0s

running (0m44.0s), 100/100 VUs, 3362 complete and 0 interrupted iterations
thousand-vus   [  73% ] 100 VUs  0m44.0s/1m0s

running (0m45.0s), 100/100 VUs, 3462 complete and 0 interrupted iterations
thousand-vus   [  75% ] 100 VUs  0m45.0s/1m0s

running (0m46.0s), 100/100 VUs, 3562 complete and 0 interrupted iterations
thousand-vus   [  77% ] 100 VUs  0m46.0s/1m0s

running (0m47.0s), 100/100 VUs, 3655 complete and 0 interrupted iterations
thousand-vus   [  78% ] 100 VUs  0m47.0s/1m0s

running (0m48.0s), 100/100 VUs, 3755 complete and 0 interrupted iterations
thousand-vus   [  80% ] 100 VUs  0m48.0s/1m0s

running (0m49.0s), 100/100 VUs, 3832 complete and 0 interrupted iterations
thousand-vus   [  82% ] 100 VUs  0m49.0s/1m0s

running (0m50.0s), 100/100 VUs, 3862 complete and 0 interrupted iterations
thousand-vus   [  83% ] 100 VUs  0m50.0s/1m0s

running (0m51.0s), 100/100 VUs, 3962 complete and 0 interrupted iterations
thousand-vus   [  85% ] 100 VUs  0m51.0s/1m0s

running (0m52.0s), 100/100 VUs, 4062 complete and 0 interrupted iterations
thousand-vus   [  87% ] 100 VUs  0m52.0s/1m0s

running (0m53.0s), 100/100 VUs, 4162 complete and 0 interrupted iterations
thousand-vus   [  88% ] 100 VUs  0m53.0s/1m0s

running (0m54.0s), 100/100 VUs, 4191 complete and 0 interrupted iterations
thousand-vus   [  90% ] 100 VUs  0m54.0s/1m0s

running (0m55.0s), 100/100 VUs, 4262 complete and 0 interrupted iterations
thousand-vus   [  92% ] 100 VUs  0m55.0s/1m0s

running (0m56.0s), 100/100 VUs, 4362 complete and 0 interrupted iterations
thousand-vus   [  93% ] 100 VUs  0m56.0s/1m0s

running (0m57.0s), 100/100 VUs, 4462 complete and 0 interrupted iterations
thousand-vus   [  95% ] 100 VUs  0m57.0s/1m0s

running (0m58.0s), 100/100 VUs, 4498 complete and 0 interrupted iterations
thousand-vus   [  97% ] 100 VUs  0m58.0s/1m0s

running (0m59.0s), 100/100 VUs, 4592 complete and 0 interrupted iterations
thousand-vus   [  98% ] 100 VUs  0m59.0s/1m0s

running (1m00.0s), 100/100 VUs, 4692 complete and 0 interrupted iterations
thousand-vus   [ 100% ] 100 VUs  1m00.0s/1m0s

running (1m01.0s), 030/100 VUs, 4762 complete and 0 interrupted iterations
thousand-vus ↓ [ 100% ] 100 VUs  1m0s

running (1m01.1s), 000/100 VUs, 4792 complete and 0 interrupted iterations
thousand-vus ✓ [ 100% ] 100 VUs  1m0s

     ✓ status is 200

     checks.........................: 100.00% ✓ 4792      ✗ 0    
     data_received..................: 4.8 MB  78 kB/s
     data_sent......................: 569 kB  9.3 kB/s
     http_req_blocked...............: avg=26.34ms  min=174ns    med=573ns    max=1.67s    p(90)=1.39µs   p(95)=1.56µs  
     http_req_connecting............: avg=2.87ms   min=0s       med=0s       max=145.02ms p(90)=0s       p(95)=0s      
     http_req_duration..............: avg=233.74ms min=130.9ms  med=136ms    max=1.77s    p(90)=550.59ms p(95)=669.33ms
       { expected_response:true }...: avg=233.74ms min=130.9ms  med=136ms    max=1.77s    p(90)=550.59ms p(95)=669.33ms
     http_req_failed................: 0.00%   ✓ 0         ✗ 4792 
     http_req_receiving.............: avg=2.52ms   min=17.48µs  med=59.38µs  max=277.19ms p(90)=383.56µs p(95)=674.41µs
     http_req_sending...............: avg=129.77µs min=33.72µs  med=105.18µs max=4.75ms   p(90)=225.09µs p(95)=252.43µs
     http_req_tls_handshaking.......: avg=22.55ms  min=0s       med=0s       max=1.49s    p(90)=0s       p(95)=0s      
     http_req_waiting...............: avg=231.09ms min=130.42ms med=135.7ms  max=1.77s    p(90)=550.33ms p(95)=669.25ms
     http_reqs......................: 4792    78.434425/s
     iteration_duration.............: avg=1.26s    min=1.13s    med=1.13s    max=3.08s    p(90)=1.61s    p(95)=1.99s   
     iterations.....................: 4792    78.434425/s
     vus............................: 30      min=30      max=100
     vus_max........................: 100     min=100     max=100

