
          /\      |‾‾| /‾‾/   /‾‾/   
     /\  /  \     |  |/  /   /  /    
    /  \/    \    |     (   /   ‾‾\  
   /          \   |  |\  \ |  (‾)  | 
  / __________ \  |__| \__\ \_____/ .io

  execution: local
     script: tunnels.js
     output: -

  scenarios: (100.00%) 1 scenario, 10 max VUs, 1m30s max duration (incl. graceful stop):
           * thousand-vus: 10 looping VUs for 1m0s (gracefulStop: 30s)


running (0m01.0s), 10/10 VUs, 0 complete and 0 interrupted iterations
thousand-vus   [   2% ] 10 VUs  0m01.0s/1m0s

running (0m02.0s), 10/10 VUs, 0 complete and 0 interrupted iterations
thousand-vus   [   3% ] 10 VUs  0m02.0s/1m0s

running (0m03.0s), 10/10 VUs, 10 complete and 0 interrupted iterations
thousand-vus   [   5% ] 10 VUs  0m03.0s/1m0s

running (0m04.0s), 10/10 VUs, 20 complete and 0 interrupted iterations
thousand-vus   [   7% ] 10 VUs  0m04.0s/1m0s

running (0m05.0s), 10/10 VUs, 29 complete and 0 interrupted iterations
thousand-vus   [   8% ] 10 VUs  0m05.0s/1m0s

running (0m06.0s), 10/10 VUs, 39 complete and 0 interrupted iterations
thousand-vus   [  10% ] 10 VUs  0m06.0s/1m0s

running (0m07.0s), 10/10 VUs, 46 complete and 0 interrupted iterations
thousand-vus   [  12% ] 10 VUs  0m07.0s/1m0s

running (0m08.0s), 10/10 VUs, 50 complete and 0 interrupted iterations
thousand-vus   [  13% ] 10 VUs  0m08.0s/1m0s

running (0m09.0s), 10/10 VUs, 59 complete and 0 interrupted iterations
thousand-vus   [  15% ] 10 VUs  0m09.0s/1m0s

running (0m10.0s), 10/10 VUs, 67 complete and 0 interrupted iterations
thousand-vus   [  17% ] 10 VUs  0m10.0s/1m0s

running (0m11.0s), 10/10 VUs, 76 complete and 0 interrupted iterations
thousand-vus   [  18% ] 10 VUs  0m11.0s/1m0s

running (0m12.0s), 10/10 VUs, 85 complete and 0 interrupted iterations
thousand-vus   [  20% ] 10 VUs  0m12.0s/1m0s

running (0m13.0s), 10/10 VUs, 93 complete and 0 interrupted iterations
thousand-vus   [  22% ] 10 VUs  0m13.0s/1m0s

running (0m14.0s), 10/10 VUs, 100 complete and 0 interrupted iterations
thousand-vus   [  23% ] 10 VUs  0m14.0s/1m0s

running (0m15.0s), 10/10 VUs, 108 complete and 0 interrupted iterations
thousand-vus   [  25% ] 10 VUs  0m15.0s/1m0s

running (0m16.0s), 10/10 VUs, 116 complete and 0 interrupted iterations
thousand-vus   [  27% ] 10 VUs  0m16.0s/1m0s

running (0m17.0s), 10/10 VUs, 122 complete and 0 interrupted iterations
thousand-vus   [  28% ] 10 VUs  0m17.0s/1m0s

running (0m18.0s), 10/10 VUs, 132 complete and 0 interrupted iterations
thousand-vus   [  30% ] 10 VUs  0m18.0s/1m0s

running (0m19.0s), 10/10 VUs, 140 complete and 0 interrupted iterations
thousand-vus   [  32% ] 10 VUs  0m19.0s/1m0s

running (0m20.0s), 10/10 VUs, 149 complete and 0 interrupted iterations
thousand-vus   [  33% ] 10 VUs  0m20.0s/1m0s

running (0m21.0s), 10/10 VUs, 157 complete and 0 interrupted iterations
thousand-vus   [  35% ] 10 VUs  0m21.0s/1m0s

running (0m22.0s), 10/10 VUs, 165 complete and 0 interrupted iterations
thousand-vus   [  37% ] 10 VUs  0m22.0s/1m0s

running (0m23.0s), 10/10 VUs, 174 complete and 0 interrupted iterations
thousand-vus   [  38% ] 10 VUs  0m23.0s/1m0s

running (0m24.0s), 10/10 VUs, 182 complete and 0 interrupted iterations
thousand-vus   [  40% ] 10 VUs  0m24.0s/1m0s

running (0m25.0s), 10/10 VUs, 190 complete and 0 interrupted iterations
thousand-vus   [  42% ] 10 VUs  0m25.0s/1m0s

running (0m26.0s), 10/10 VUs, 199 complete and 0 interrupted iterations
thousand-vus   [  43% ] 10 VUs  0m26.0s/1m0s

running (0m27.0s), 10/10 VUs, 208 complete and 0 interrupted iterations
thousand-vus   [  45% ] 10 VUs  0m27.0s/1m0s

running (0m28.0s), 10/10 VUs, 216 complete and 0 interrupted iterations
thousand-vus   [  47% ] 10 VUs  0m28.0s/1m0s

running (0m29.0s), 10/10 VUs, 223 complete and 0 interrupted iterations
thousand-vus   [  48% ] 10 VUs  0m29.0s/1m0s

running (0m30.0s), 10/10 VUs, 231 complete and 0 interrupted iterations
thousand-vus   [  50% ] 10 VUs  0m30.0s/1m0s

running (0m31.0s), 10/10 VUs, 240 complete and 0 interrupted iterations
thousand-vus   [  52% ] 10 VUs  0m31.0s/1m0s

running (0m32.0s), 10/10 VUs, 249 complete and 0 interrupted iterations
thousand-vus   [  53% ] 10 VUs  0m32.0s/1m0s

running (0m33.0s), 10/10 VUs, 256 complete and 0 interrupted iterations
thousand-vus   [  55% ] 10 VUs  0m33.0s/1m0s

running (0m34.0s), 10/10 VUs, 264 complete and 0 interrupted iterations
thousand-vus   [  57% ] 10 VUs  0m34.0s/1m0s

running (0m35.0s), 10/10 VUs, 273 complete and 0 interrupted iterations
thousand-vus   [  58% ] 10 VUs  0m35.0s/1m0s

running (0m36.0s), 10/10 VUs, 282 complete and 0 interrupted iterations
thousand-vus   [  60% ] 10 VUs  0m36.0s/1m0s

running (0m37.0s), 10/10 VUs, 291 complete and 0 interrupted iterations
thousand-vus   [  62% ] 10 VUs  0m37.0s/1m0s

running (0m38.0s), 10/10 VUs, 296 complete and 0 interrupted iterations
thousand-vus   [  63% ] 10 VUs  0m38.0s/1m0s

running (0m39.0s), 10/10 VUs, 304 complete and 0 interrupted iterations
thousand-vus   [  65% ] 10 VUs  0m39.0s/1m0s

running (0m40.0s), 10/10 VUs, 312 complete and 0 interrupted iterations
thousand-vus   [  67% ] 10 VUs  0m40.0s/1m0s

running (0m41.0s), 10/10 VUs, 320 complete and 0 interrupted iterations
thousand-vus   [  68% ] 10 VUs  0m41.0s/1m0s

running (0m42.0s), 10/10 VUs, 329 complete and 0 interrupted iterations
thousand-vus   [  70% ] 10 VUs  0m42.0s/1m0s

running (0m43.0s), 10/10 VUs, 337 complete and 0 interrupted iterations
thousand-vus   [  72% ] 10 VUs  0m43.0s/1m0s

running (0m44.0s), 10/10 VUs, 346 complete and 0 interrupted iterations
thousand-vus   [  73% ] 10 VUs  0m44.0s/1m0s

running (0m45.0s), 10/10 VUs, 354 complete and 0 interrupted iterations
thousand-vus   [  75% ] 10 VUs  0m45.0s/1m0s

running (0m46.0s), 10/10 VUs, 360 complete and 0 interrupted iterations
thousand-vus   [  77% ] 10 VUs  0m46.0s/1m0s

running (0m47.0s), 10/10 VUs, 369 complete and 0 interrupted iterations
thousand-vus   [  78% ] 10 VUs  0m47.0s/1m0s

running (0m48.0s), 10/10 VUs, 374 complete and 0 interrupted iterations
thousand-vus   [  80% ] 10 VUs  0m48.0s/1m0s

running (0m49.0s), 10/10 VUs, 381 complete and 0 interrupted iterations
thousand-vus   [  82% ] 10 VUs  0m49.0s/1m0s

running (0m50.0s), 10/10 VUs, 391 complete and 0 interrupted iterations
thousand-vus   [  83% ] 10 VUs  0m50.0s/1m0s

running (0m51.0s), 10/10 VUs, 399 complete and 0 interrupted iterations
thousand-vus   [  85% ] 10 VUs  0m51.0s/1m0s

running (0m52.0s), 10/10 VUs, 407 complete and 0 interrupted iterations
thousand-vus   [  87% ] 10 VUs  0m52.0s/1m0s

running (0m53.0s), 10/10 VUs, 416 complete and 0 interrupted iterations
thousand-vus   [  88% ] 10 VUs  0m53.0s/1m0s

running (0m54.0s), 10/10 VUs, 424 complete and 0 interrupted iterations
thousand-vus   [  90% ] 10 VUs  0m54.0s/1m0s

running (0m55.0s), 10/10 VUs, 432 complete and 0 interrupted iterations
thousand-vus   [  92% ] 10 VUs  0m55.0s/1m0s

running (0m56.0s), 10/10 VUs, 441 complete and 0 interrupted iterations
thousand-vus   [  93% ] 10 VUs  0m56.0s/1m0s

running (0m57.0s), 10/10 VUs, 447 complete and 0 interrupted iterations
thousand-vus   [  95% ] 10 VUs  0m57.0s/1m0s

running (0m58.0s), 10/10 VUs, 456 complete and 0 interrupted iterations
thousand-vus   [  97% ] 10 VUs  0m58.0s/1m0s

running (0m59.0s), 10/10 VUs, 464 complete and 0 interrupted iterations
thousand-vus   [  98% ] 10 VUs  0m59.0s/1m0s

running (1m00.0s), 10/10 VUs, 473 complete and 0 interrupted iterations
thousand-vus   [ 100% ] 10 VUs  1m00.0s/1m0s

running (1m01.0s), 03/10 VUs, 480 complete and 0 interrupted iterations
thousand-vus ↓ [ 100% ] 10 VUs  1m0s

running (1m01.3s), 00/10 VUs, 483 complete and 0 interrupted iterations
thousand-vus ✓ [ 100% ] 10 VUs  1m0s

     ✓ status is 200

     checks.........................: 100.00% ✓ 483      ✗ 0   
     data_received..................: 479 kB  7.8 kB/s
     data_sent......................: 57 kB   934 B/s
     http_req_blocked...............: avg=14.7ms   min=265ns    med=1.08µs   max=710.69ms p(90)=1.59µs   p(95)=1.75µs  
     http_req_connecting............: avg=2.55ms   min=0s       med=0s       max=130.65ms p(90)=0s       p(95)=0s      
     http_req_duration..............: avg=240.51ms min=121.96ms med=133.18ms max=1.07s    p(90)=565.07ms p(95)=657.62ms
       { expected_response:true }...: avg=240.51ms min=121.96ms med=133.18ms max=1.07s    p(90)=565.07ms p(95)=657.62ms
     http_req_failed................: 0.00%   ✓ 0        ✗ 483 
     http_req_receiving.............: avg=29.57ms  min=27.54µs  med=109.88µs max=817.2ms  p(90)=116.28ms p(95)=127.63ms
     http_req_sending...............: avg=185.84µs min=50.22µs  med=190.29µs max=515.88µs p(90)=272.83µs p(95)=290.79µs
     http_req_tls_handshaking.......: avg=9.12ms   min=0s       med=0s       max=444.92ms p(90)=0s       p(95)=0s      
     http_req_waiting...............: avg=210.75ms min=121.78ms med=127.37ms max=1.07s    p(90)=446.28ms p(95)=636.04ms
     http_reqs......................: 483     7.880716/s
     iteration_duration.............: avg=1.25s    min=1.12s    med=1.13s    max=2.16s    p(90)=1.6s     p(95)=1.81s   
     iterations.....................: 483     7.880716/s
     vus............................: 3       min=3      max=10
     vus_max........................: 10      min=10     max=10

