
          /\      |‾‾| /‾‾/   /‾‾/   
     /\  /  \     |  |/  /   /  /    
    /  \/    \    |     (   /   ‾‾\  
   /          \   |  |\  \ |  (‾)  | 
  / __________ \  |__| \__\ \_____/ .io

  execution: local
     script: tunnels.js
     output: -

  scenarios: (100.00%) 1 scenario, 1000 max VUs, 1m30s max duration (incl. graceful stop):
           * thousand-vus: 1000 looping VUs for 1m0s (gracefulStop: 30s)


running (0m00.8s), 1000/1000 VUs, 0 complete and 0 interrupted iterations
thousand-vus   [   1% ] 1000 VUs  0m00.8s/1m0s

running (0m01.8s), 1000/1000 VUs, 0 complete and 0 interrupted iterations
thousand-vus   [   3% ] 1000 VUs  0m01.8s/1m0s

running (0m02.8s), 1000/1000 VUs, 0 complete and 0 interrupted iterations
thousand-vus   [   5% ] 1000 VUs  0m02.8s/1m0s

running (0m03.8s), 1000/1000 VUs, 849 complete and 0 interrupted iterations
thousand-vus   [   6% ] 1000 VUs  0m03.8s/1m0s

running (0m04.8s), 1000/1000 VUs, 1468 complete and 0 interrupted iterations
thousand-vus   [   8% ] 1000 VUs  0m04.8s/1m0s

running (0m05.8s), 1000/1000 VUs, 2224 complete and 0 interrupted iterations
thousand-vus   [  10% ] 1000 VUs  0m05.8s/1m0s

running (0m06.8s), 1000/1000 VUs, 3064 complete and 0 interrupted iterations
thousand-vus   [  11% ] 1000 VUs  0m06.8s/1m0s

running (0m07.8s), 1000/1000 VUs, 3920 complete and 0 interrupted iterations
thousand-vus   [  13% ] 1000 VUs  0m07.8s/1m0s

running (0m08.8s), 1000/1000 VUs, 4768 complete and 0 interrupted iterations
thousand-vus   [  15% ] 1000 VUs  0m08.8s/1m0s

running (0m09.8s), 1000/1000 VUs, 5628 complete and 0 interrupted iterations
thousand-vus   [  16% ] 1000 VUs  0m09.8s/1m0s

running (0m10.8s), 1000/1000 VUs, 6473 complete and 0 interrupted iterations
thousand-vus   [  18% ] 1000 VUs  0m10.8s/1m0s

running (0m11.8s), 1000/1000 VUs, 7332 complete and 0 interrupted iterations
thousand-vus   [  20% ] 1000 VUs  0m11.8s/1m0s

running (0m12.8s), 1000/1000 VUs, 8167 complete and 0 interrupted iterations
thousand-vus   [  21% ] 1000 VUs  0m12.8s/1m0s

running (0m13.8s), 1000/1000 VUs, 9022 complete and 0 interrupted iterations
thousand-vus   [  23% ] 1000 VUs  0m13.8s/1m0s

running (0m14.8s), 1000/1000 VUs, 9772 complete and 0 interrupted iterations
thousand-vus   [  25% ] 1000 VUs  0m14.8s/1m0s

running (0m15.8s), 1000/1000 VUs, 10671 complete and 0 interrupted iterations
thousand-vus   [  26% ] 1000 VUs  0m15.8s/1m0s

running (0m16.8s), 1000/1000 VUs, 11543 complete and 0 interrupted iterations
thousand-vus   [  28% ] 1000 VUs  0m16.8s/1m0s

running (0m17.8s), 1000/1000 VUs, 12299 complete and 0 interrupted iterations
thousand-vus   [  30% ] 1000 VUs  0m17.8s/1m0s

running (0m18.8s), 1000/1000 VUs, 13203 complete and 0 interrupted iterations
thousand-vus   [  31% ] 1000 VUs  0m18.8s/1m0s

running (0m19.8s), 1000/1000 VUs, 14100 complete and 0 interrupted iterations
thousand-vus   [  33% ] 1000 VUs  0m19.8s/1m0s

running (0m20.8s), 1000/1000 VUs, 14942 complete and 0 interrupted iterations
thousand-vus   [  35% ] 1000 VUs  0m20.8s/1m0s

running (0m21.8s), 1000/1000 VUs, 15826 complete and 0 interrupted iterations
thousand-vus   [  36% ] 1000 VUs  0m21.8s/1m0s

running (0m22.8s), 1000/1000 VUs, 16707 complete and 0 interrupted iterations
thousand-vus   [  38% ] 1000 VUs  0m22.8s/1m0s

running (0m23.8s), 1000/1000 VUs, 17569 complete and 0 interrupted iterations
thousand-vus   [  40% ] 1000 VUs  0m23.8s/1m0s

running (0m24.8s), 1000/1000 VUs, 18295 complete and 0 interrupted iterations
thousand-vus   [  41% ] 1000 VUs  0m24.8s/1m0s

running (0m25.8s), 1000/1000 VUs, 19146 complete and 0 interrupted iterations
thousand-vus   [  43% ] 1000 VUs  0m25.8s/1m0s

running (0m26.8s), 1000/1000 VUs, 19745 complete and 0 interrupted iterations
thousand-vus   [  45% ] 1000 VUs  0m26.8s/1m0s

running (0m27.8s), 1000/1000 VUs, 20412 complete and 0 interrupted iterations
thousand-vus   [  46% ] 1000 VUs  0m27.8s/1m0s

running (0m28.8s), 1000/1000 VUs, 21251 complete and 0 interrupted iterations
thousand-vus   [  48% ] 1000 VUs  0m28.8s/1m0s

running (0m29.8s), 1000/1000 VUs, 22094 complete and 0 interrupted iterations
thousand-vus   [  50% ] 1000 VUs  0m29.8s/1m0s

running (0m30.8s), 1000/1000 VUs, 22895 complete and 0 interrupted iterations
thousand-vus   [  51% ] 1000 VUs  0m30.8s/1m0s

running (0m31.8s), 1000/1000 VUs, 23747 complete and 0 interrupted iterations
thousand-vus   [  53% ] 1000 VUs  0m31.8s/1m0s

running (0m32.8s), 1000/1000 VUs, 24611 complete and 0 interrupted iterations
thousand-vus   [  55% ] 1000 VUs  0m32.8s/1m0s

running (0m33.8s), 1000/1000 VUs, 25501 complete and 0 interrupted iterations
thousand-vus   [  56% ] 1000 VUs  0m33.8s/1m0s

running (0m34.8s), 1000/1000 VUs, 26210 complete and 0 interrupted iterations
thousand-vus   [  58% ] 1000 VUs  0m34.8s/1m0s

running (0m35.8s), 1000/1000 VUs, 26959 complete and 0 interrupted iterations
thousand-vus   [  60% ] 1000 VUs  0m35.8s/1m0s

running (0m36.8s), 1000/1000 VUs, 27820 complete and 0 interrupted iterations
thousand-vus   [  61% ] 1000 VUs  0m36.8s/1m0s

running (0m37.8s), 1000/1000 VUs, 28588 complete and 0 interrupted iterations
thousand-vus   [  63% ] 1000 VUs  0m37.8s/1m0s

running (0m38.8s), 1000/1000 VUs, 29440 complete and 0 interrupted iterations
thousand-vus   [  65% ] 1000 VUs  0m38.8s/1m0s

running (0m39.8s), 1000/1000 VUs, 30362 complete and 0 interrupted iterations
thousand-vus   [  66% ] 1000 VUs  0m39.8s/1m0s

running (0m40.8s), 1000/1000 VUs, 31220 complete and 0 interrupted iterations
thousand-vus   [  68% ] 1000 VUs  0m40.8s/1m0s

running (0m41.8s), 1000/1000 VUs, 32152 complete and 0 interrupted iterations
thousand-vus   [  70% ] 1000 VUs  0m41.8s/1m0s

running (0m42.8s), 1000/1000 VUs, 33003 complete and 0 interrupted iterations
thousand-vus   [  71% ] 1000 VUs  0m42.8s/1m0s

running (0m43.8s), 1000/1000 VUs, 33834 complete and 0 interrupted iterations
thousand-vus   [  73% ] 1000 VUs  0m43.8s/1m0s

running (0m44.8s), 1000/1000 VUs, 34712 complete and 0 interrupted iterations
thousand-vus   [  75% ] 1000 VUs  0m44.8s/1m0s

running (0m45.8s), 1000/1000 VUs, 35539 complete and 0 interrupted iterations
thousand-vus   [  76% ] 1000 VUs  0m45.8s/1m0s

running (0m46.8s), 1000/1000 VUs, 36453 complete and 0 interrupted iterations
thousand-vus   [  78% ] 1000 VUs  0m46.8s/1m0s

running (0m47.8s), 1000/1000 VUs, 37324 complete and 0 interrupted iterations
thousand-vus   [  80% ] 1000 VUs  0m47.8s/1m0s

running (0m48.8s), 1000/1000 VUs, 38085 complete and 0 interrupted iterations
thousand-vus   [  81% ] 1000 VUs  0m48.8s/1m0s

running (0m49.8s), 1000/1000 VUs, 39048 complete and 0 interrupted iterations
thousand-vus   [  83% ] 1000 VUs  0m49.8s/1m0s

running (0m50.8s), 1000/1000 VUs, 39910 complete and 0 interrupted iterations
thousand-vus   [  85% ] 1000 VUs  0m50.8s/1m0s

running (0m51.8s), 1000/1000 VUs, 40669 complete and 0 interrupted iterations
thousand-vus   [  86% ] 1000 VUs  0m51.8s/1m0s

running (0m52.8s), 1000/1000 VUs, 41539 complete and 0 interrupted iterations
thousand-vus   [  88% ] 1000 VUs  0m52.8s/1m0s

running (0m53.8s), 1000/1000 VUs, 42409 complete and 0 interrupted iterations
thousand-vus   [  90% ] 1000 VUs  0m53.8s/1m0s

running (0m54.8s), 1000/1000 VUs, 43319 complete and 0 interrupted iterations
thousand-vus   [  91% ] 1000 VUs  0m54.8s/1m0s

running (0m55.8s), 1000/1000 VUs, 44126 complete and 0 interrupted iterations
thousand-vus   [  93% ] 1000 VUs  0m55.8s/1m0s

running (0m56.8s), 1000/1000 VUs, 44912 complete and 0 interrupted iterations
thousand-vus   [  95% ] 1000 VUs  0m56.8s/1m0s

running (0m57.8s), 1000/1000 VUs, 45814 complete and 0 interrupted iterations
thousand-vus   [  96% ] 1000 VUs  0m57.8s/1m0s

running (0m58.8s), 1000/1000 VUs, 46672 complete and 0 interrupted iterations
thousand-vus   [  98% ] 1000 VUs  0m58.8s/1m0s

running (0m59.8s), 1000/1000 VUs, 47535 complete and 0 interrupted iterations
thousand-vus   [ 100% ] 1000 VUs  0m59.8s/1m0s

running (1m00.8s), 0273/1000 VUs, 48422 complete and 0 interrupted iterations
thousand-vus ↓ [ 100% ] 1000 VUs  1m0s

running (1m01.1s), 0000/1000 VUs, 48695 complete and 0 interrupted iterations
thousand-vus ✓ [ 100% ] 1000 VUs  1m0s

     ✓ status is 200

     checks.........................: 100.00% ✓ 48695      ✗ 0     
     data_received..................: 46 MB   756 kB/s
     data_sent......................: 15 MB   247 kB/s
     http_req_blocked...............: avg=46.86ms  min=1.26µs   med=2.92µs   max=6.57s   p(90)=5.91µs   p(95)=10.74µs 
     http_req_connecting............: avg=8.62ms   min=0s       med=0s       max=3.16s   p(90)=0s       p(95)=0s      
     http_req_duration..............: avg=146.51ms min=117.14ms med=131.49ms max=1.68s   p(90)=189.43ms p(95)=253.98ms
       { expected_response:true }...: avg=146.51ms min=117.14ms med=131.49ms max=1.68s   p(90)=189.43ms p(95)=253.98ms
     http_req_failed................: 0.00%   ✓ 0          ✗ 48695 
     http_req_receiving.............: avg=47.56µs  min=13.27µs  med=39.53µs  max=25.45ms p(90)=73.61µs  p(95)=89.23µs 
     http_req_sending...............: avg=23.55µs  min=6.66µs   med=14.77µs  max=11.5ms  p(90)=34.69µs  p(95)=47.44µs 
     http_req_tls_handshaking.......: avg=38.16ms  min=0s       med=0s       max=5.86s   p(90)=0s       p(95)=0s      
     http_req_waiting...............: avg=146.44ms min=117.05ms med=131.43ms max=1.68s   p(90)=189.39ms p(95)=253.86ms
     http_reqs......................: 48695   796.322496/s
     iteration_duration.............: avg=1.24s    min=1.11s    med=1.15s    max=8.01s   p(90)=1.31s    p(95)=1.42s   
     iterations.....................: 48695   796.322496/s
     vus............................: 273     min=273      max=1000
     vus_max........................: 1000    min=1000     max=1000

