
          /\      |‾‾| /‾‾/   /‾‾/   
     /\  /  \     |  |/  /   /  /    
    /  \/    \    |     (   /   ‾‾\  
   /          \   |  |\  \ |  (‾)  | 
  / __________ \  |__| \__\ \_____/ .io

  execution: local
     script: tunnels.js
     output: -

  scenarios: (100.00%) 1 scenario, 500 max VUs, 1m30s max duration (incl. graceful stop):
           * thousand-vus: 500 looping VUs for 1m0s (gracefulStop: 30s)


running (0m00.9s), 500/500 VUs, 0 complete and 0 interrupted iterations
thousand-vus   [   2% ] 500 VUs  0m00.9s/1m0s

running (0m01.9s), 500/500 VUs, 115 complete and 0 interrupted iterations
thousand-vus   [   3% ] 500 VUs  0m01.9s/1m0s

running (0m02.9s), 500/500 VUs, 462 complete and 0 interrupted iterations
thousand-vus   [   5% ] 500 VUs  0m02.9s/1m0s

running (0m03.9s), 500/500 VUs, 663 complete and 0 interrupted iterations
thousand-vus   [   7% ] 500 VUs  0m03.9s/1m0s

running (0m04.9s), 500/500 VUs, 980 complete and 0 interrupted iterations
thousand-vus   [   8% ] 500 VUs  0m04.9s/1m0s

running (0m05.9s), 500/500 VUs, 1166 complete and 0 interrupted iterations
thousand-vus   [  10% ] 500 VUs  0m05.9s/1m0s

running (0m06.9s), 500/500 VUs, 1582 complete and 0 interrupted iterations
thousand-vus   [  12% ] 500 VUs  0m06.9s/1m0s

running (0m07.9s), 500/500 VUs, 2054 complete and 0 interrupted iterations
thousand-vus   [  13% ] 500 VUs  0m07.9s/1m0s

running (0m08.9s), 500/500 VUs, 2516 complete and 0 interrupted iterations
thousand-vus   [  15% ] 500 VUs  0m08.9s/1m0s

running (0m09.9s), 500/500 VUs, 2996 complete and 0 interrupted iterations
thousand-vus   [  17% ] 500 VUs  0m09.9s/1m0s

running (0m10.9s), 500/500 VUs, 3421 complete and 0 interrupted iterations
thousand-vus   [  18% ] 500 VUs  0m10.9s/1m0s

running (0m11.9s), 500/500 VUs, 3824 complete and 0 interrupted iterations
thousand-vus   [  20% ] 500 VUs  0m11.9s/1m0s

running (0m12.9s), 500/500 VUs, 4196 complete and 0 interrupted iterations
thousand-vus   [  22% ] 500 VUs  0m12.9s/1m0s

running (0m13.9s), 500/500 VUs, 4603 complete and 0 interrupted iterations
thousand-vus   [  23% ] 500 VUs  0m13.9s/1m0s

running (0m14.9s), 500/500 VUs, 5073 complete and 0 interrupted iterations
thousand-vus   [  25% ] 500 VUs  0m14.9s/1m0s

running (0m15.9s), 500/500 VUs, 5409 complete and 0 interrupted iterations
thousand-vus   [  27% ] 500 VUs  0m15.9s/1m0s

running (0m16.9s), 500/500 VUs, 5874 complete and 0 interrupted iterations
thousand-vus   [  28% ] 500 VUs  0m16.9s/1m0s

running (0m17.9s), 500/500 VUs, 5989 complete and 0 interrupted iterations
thousand-vus   [  30% ] 500 VUs  0m17.9s/1m0s

running (0m18.9s), 500/500 VUs, 6485 complete and 0 interrupted iterations
thousand-vus   [  32% ] 500 VUs  0m18.9s/1m0s

running (0m19.9s), 500/500 VUs, 6880 complete and 0 interrupted iterations
thousand-vus   [  33% ] 500 VUs  0m19.9s/1m0s

running (0m20.9s), 500/500 VUs, 7044 complete and 0 interrupted iterations
thousand-vus   [  35% ] 500 VUs  0m20.9s/1m0s

running (0m21.9s), 500/500 VUs, 7438 complete and 0 interrupted iterations
thousand-vus   [  37% ] 500 VUs  0m21.9s/1m0s

running (0m22.9s), 500/500 VUs, 7700 complete and 0 interrupted iterations
thousand-vus   [  38% ] 500 VUs  0m22.9s/1m0s

running (0m23.9s), 500/500 VUs, 8020 complete and 0 interrupted iterations
thousand-vus   [  40% ] 500 VUs  0m23.9s/1m0s

running (0m24.9s), 500/500 VUs, 8264 complete and 0 interrupted iterations
thousand-vus   [  42% ] 500 VUs  0m24.9s/1m0s

running (0m25.9s), 500/500 VUs, 8496 complete and 0 interrupted iterations
thousand-vus   [  43% ] 500 VUs  0m25.9s/1m0s

running (0m26.9s), 500/500 VUs, 8815 complete and 0 interrupted iterations
thousand-vus   [  45% ] 500 VUs  0m26.9s/1m0s

running (0m27.9s), 500/500 VUs, 9283 complete and 0 interrupted iterations
thousand-vus   [  47% ] 500 VUs  0m27.9s/1m0s

running (0m28.9s), 500/500 VUs, 9535 complete and 0 interrupted iterations
thousand-vus   [  48% ] 500 VUs  0m28.9s/1m0s

running (0m29.9s), 500/500 VUs, 10015 complete and 0 interrupted iterations
thousand-vus   [  50% ] 500 VUs  0m29.9s/1m0s

running (0m30.9s), 500/500 VUs, 10431 complete and 0 interrupted iterations
thousand-vus   [  52% ] 500 VUs  0m30.9s/1m0s

running (0m31.9s), 500/500 VUs, 10746 complete and 0 interrupted iterations
thousand-vus   [  53% ] 500 VUs  0m31.9s/1m0s

running (0m32.9s), 500/500 VUs, 11113 complete and 0 interrupted iterations
thousand-vus   [  55% ] 500 VUs  0m32.9s/1m0s

running (0m33.9s), 500/500 VUs, 11399 complete and 0 interrupted iterations
thousand-vus   [  57% ] 500 VUs  0m33.9s/1m0s

running (0m34.9s), 500/500 VUs, 11399 complete and 0 interrupted iterations
thousand-vus   [  58% ] 500 VUs  0m34.9s/1m0s

running (0m35.9s), 500/500 VUs, 11446 complete and 0 interrupted iterations
thousand-vus   [  60% ] 500 VUs  0m35.9s/1m0s

running (0m36.9s), 500/500 VUs, 11900 complete and 0 interrupted iterations
thousand-vus   [  62% ] 500 VUs  0m36.9s/1m0s

running (0m37.9s), 500/500 VUs, 12165 complete and 0 interrupted iterations
thousand-vus   [  63% ] 500 VUs  0m37.9s/1m0s

running (0m38.9s), 500/500 VUs, 12568 complete and 0 interrupted iterations
thousand-vus   [  65% ] 500 VUs  0m38.9s/1m0s

running (0m39.9s), 500/500 VUs, 13062 complete and 0 interrupted iterations
thousand-vus   [  67% ] 500 VUs  0m39.9s/1m0s

running (0m40.9s), 500/500 VUs, 13414 complete and 0 interrupted iterations
thousand-vus   [  68% ] 500 VUs  0m40.9s/1m0s

running (0m41.9s), 500/500 VUs, 13738 complete and 0 interrupted iterations
thousand-vus   [  70% ] 500 VUs  0m41.9s/1m0s

running (0m42.9s), 500/500 VUs, 14146 complete and 0 interrupted iterations
thousand-vus   [  72% ] 500 VUs  0m42.9s/1m0s

running (0m43.9s), 500/500 VUs, 14452 complete and 0 interrupted iterations
thousand-vus   [  73% ] 500 VUs  0m43.9s/1m0s

running (0m44.9s), 500/500 VUs, 14907 complete and 0 interrupted iterations
thousand-vus   [  75% ] 500 VUs  0m44.9s/1m0s

running (0m45.9s), 500/500 VUs, 15316 complete and 0 interrupted iterations
thousand-vus   [  77% ] 500 VUs  0m45.9s/1m0s

running (0m46.9s), 500/500 VUs, 15816 complete and 0 interrupted iterations
thousand-vus   [  78% ] 500 VUs  0m46.9s/1m0s

running (0m47.9s), 500/500 VUs, 16180 complete and 0 interrupted iterations
thousand-vus   [  80% ] 500 VUs  0m47.9s/1m0s

running (0m48.9s), 500/500 VUs, 16670 complete and 0 interrupted iterations
thousand-vus   [  82% ] 500 VUs  0m48.9s/1m0s

running (0m49.9s), 500/500 VUs, 17044 complete and 0 interrupted iterations
thousand-vus   [  83% ] 500 VUs  0m49.9s/1m0s

running (0m50.9s), 500/500 VUs, 17139 complete and 0 interrupted iterations
thousand-vus   [  85% ] 500 VUs  0m50.9s/1m0s

running (0m51.9s), 500/500 VUs, 17517 complete and 0 interrupted iterations
thousand-vus   [  87% ] 500 VUs  0m51.9s/1m0s

running (0m52.9s), 500/500 VUs, 17901 complete and 0 interrupted iterations
thousand-vus   [  88% ] 500 VUs  0m52.9s/1m0s

running (0m53.9s), 500/500 VUs, 18261 complete and 0 interrupted iterations
thousand-vus   [  90% ] 500 VUs  0m53.9s/1m0s

running (0m54.9s), 500/500 VUs, 18643 complete and 0 interrupted iterations
thousand-vus   [  92% ] 500 VUs  0m54.9s/1m0s

running (0m55.9s), 500/500 VUs, 18883 complete and 0 interrupted iterations
thousand-vus   [  93% ] 500 VUs  0m55.9s/1m0s

running (0m56.9s), 500/500 VUs, 19348 complete and 0 interrupted iterations
thousand-vus   [  95% ] 500 VUs  0m56.9s/1m0s

running (0m57.9s), 500/500 VUs, 19685 complete and 0 interrupted iterations
thousand-vus   [  97% ] 500 VUs  0m57.9s/1m0s

running (0m58.9s), 500/500 VUs, 20185 complete and 0 interrupted iterations
thousand-vus   [  98% ] 500 VUs  0m58.9s/1m0s

running (0m59.9s), 500/500 VUs, 20606 complete and 0 interrupted iterations
thousand-vus   [ 100% ] 500 VUs  0m59.9s/1m0s

running (1m00.9s), 049/500 VUs, 21057 complete and 0 interrupted iterations
thousand-vus ↓ [ 100% ] 500 VUs  1m0s

running (1m01.0s), 000/500 VUs, 21106 complete and 0 interrupted iterations
thousand-vus ✓ [ 100% ] 500 VUs  1m0s

     ✓ status is 200

     checks.........................: 100.00% ✓ 21106      ✗ 0    
     data_received..................: 21 MB   348 kB/s
     data_sent......................: 2.5 MB  42 kB/s
     http_req_blocked...............: avg=12.04ms  min=168ns    med=362ns    max=1.35s    p(90)=1µs      p(95)=1.38µs  
     http_req_connecting............: avg=3.53ms   min=0s       med=0s       max=183.53ms p(90)=0s       p(95)=0s      
     http_req_duration..............: avg=380.71ms min=130.95ms med=139.16ms max=9.45s    p(90)=791.95ms p(95)=1.42s   
       { expected_response:true }...: avg=380.71ms min=130.95ms med=139.16ms max=9.45s    p(90)=791.95ms p(95)=1.42s   
     http_req_failed................: 0.00%   ✓ 0          ✗ 21106
     http_req_receiving.............: avg=14.52ms  min=13.43µs  med=48.1µs   max=1.46s    p(90)=6.29ms   p(95)=123.07ms
     http_req_sending...............: avg=87.35µs  min=28.93µs  med=67.73µs  max=6.45ms   p(90)=151.73µs p(95)=199.08µs
     http_req_tls_handshaking.......: avg=8.03ms   min=0s       med=0s       max=1.2s     p(90)=0s       p(95)=0s      
     http_req_waiting...............: avg=366.1ms  min=130.85ms med=137.32ms max=9.08s    p(90)=772.23ms p(95)=1.42s   
     http_reqs......................: 21106   345.820942/s
     iteration_duration.............: avg=1.43s    min=1.13s    med=1.2s     max=10.45s   p(90)=1.96s    p(95)=2.45s   
     iterations.....................: 21106   345.820942/s
     vus............................: 49      min=49       max=500
     vus_max........................: 500     min=500      max=500

