
          /\      |‾‾| /‾‾/   /‾‾/   
     /\  /  \     |  |/  /   /  /    
    /  \/    \    |     (   /   ‾‾\  
   /          \   |  |\  \ |  (‾)  | 
  / __________ \  |__| \__\ \_____/ .io

  execution: local
     script: tunnels.js
     output: -

  scenarios: (100.00%) 1 scenario, 1000 max VUs, 1m30s max duration (incl. graceful stop):
           * thousand-vus: 1000 looping VUs for 1m0s (gracefulStop: 30s)


running (0m00.8s), 1000/1000 VUs, 0 complete and 0 interrupted iterations
thousand-vus   [   1% ] 1000 VUs  0m00.8s/1m0s

running (0m01.8s), 1000/1000 VUs, 0 complete and 0 interrupted iterations
thousand-vus   [   3% ] 1000 VUs  0m01.8s/1m0s

running (0m02.8s), 1000/1000 VUs, 28 complete and 0 interrupted iterations
thousand-vus   [   5% ] 1000 VUs  0m02.8s/1m0s

running (0m03.8s), 1000/1000 VUs, 720 complete and 0 interrupted iterations
thousand-vus   [   6% ] 1000 VUs  0m03.8s/1m0s

running (0m04.8s), 1000/1000 VUs, 1223 complete and 0 interrupted iterations
thousand-vus   [   8% ] 1000 VUs  0m04.8s/1m0s

running (0m05.8s), 1000/1000 VUs, 2138 complete and 0 interrupted iterations
thousand-vus   [  10% ] 1000 VUs  0m05.8s/1m0s

running (0m06.8s), 1000/1000 VUs, 3035 complete and 0 interrupted iterations
thousand-vus   [  11% ] 1000 VUs  0m06.8s/1m0s

running (0m07.8s), 1000/1000 VUs, 3725 complete and 0 interrupted iterations
thousand-vus   [  13% ] 1000 VUs  0m07.8s/1m0s

running (0m08.8s), 1000/1000 VUs, 4550 complete and 0 interrupted iterations
thousand-vus   [  15% ] 1000 VUs  0m08.8s/1m0s

running (0m09.8s), 1000/1000 VUs, 5450 complete and 0 interrupted iterations
thousand-vus   [  16% ] 1000 VUs  0m09.8s/1m0s

running (0m10.8s), 1000/1000 VUs, 6368 complete and 0 interrupted iterations
thousand-vus   [  18% ] 1000 VUs  0m10.8s/1m0s

running (0m11.8s), 1000/1000 VUs, 7080 complete and 0 interrupted iterations
thousand-vus   [  20% ] 1000 VUs  0m11.8s/1m0s

running (0m12.8s), 1000/1000 VUs, 7982 complete and 0 interrupted iterations
thousand-vus   [  21% ] 1000 VUs  0m12.8s/1m0s

running (0m13.8s), 1000/1000 VUs, 8890 complete and 0 interrupted iterations
thousand-vus   [  23% ] 1000 VUs  0m13.8s/1m0s

running (0m14.8s), 1000/1000 VUs, 9626 complete and 0 interrupted iterations
thousand-vus   [  25% ] 1000 VUs  0m14.8s/1m0s

running (0m15.8s), 1000/1000 VUs, 10475 complete and 0 interrupted iterations
thousand-vus   [  26% ] 1000 VUs  0m15.8s/1m0s

running (0m16.8s), 1000/1000 VUs, 11340 complete and 0 interrupted iterations
thousand-vus   [  28% ] 1000 VUs  0m16.8s/1m0s

running (0m17.8s), 1000/1000 VUs, 12109 complete and 0 interrupted iterations
thousand-vus   [  30% ] 1000 VUs  0m17.8s/1m0s

running (0m18.8s), 1000/1000 VUs, 12990 complete and 0 interrupted iterations
thousand-vus   [  31% ] 1000 VUs  0m18.8s/1m0s

running (0m19.8s), 1000/1000 VUs, 13884 complete and 0 interrupted iterations
thousand-vus   [  33% ] 1000 VUs  0m19.8s/1m0s

running (0m20.8s), 1000/1000 VUs, 14607 complete and 0 interrupted iterations
thousand-vus   [  35% ] 1000 VUs  0m20.8s/1m0s

running (0m21.8s), 1000/1000 VUs, 15474 complete and 0 interrupted iterations
thousand-vus   [  36% ] 1000 VUs  0m21.8s/1m0s

running (0m22.8s), 1000/1000 VUs, 16362 complete and 0 interrupted iterations
thousand-vus   [  38% ] 1000 VUs  0m22.8s/1m0s

running (0m23.8s), 1000/1000 VUs, 17075 complete and 0 interrupted iterations
thousand-vus   [  40% ] 1000 VUs  0m23.8s/1m0s

running (0m24.8s), 1000/1000 VUs, 17926 complete and 0 interrupted iterations
thousand-vus   [  41% ] 1000 VUs  0m24.8s/1m0s

running (0m25.8s), 1000/1000 VUs, 18805 complete and 0 interrupted iterations
thousand-vus   [  43% ] 1000 VUs  0m25.8s/1m0s

running (0m26.8s), 1000/1000 VUs, 19660 complete and 0 interrupted iterations
thousand-vus   [  45% ] 1000 VUs  0m26.8s/1m0s

running (0m27.8s), 1000/1000 VUs, 20520 complete and 0 interrupted iterations
thousand-vus   [  46% ] 1000 VUs  0m27.8s/1m0s

running (0m28.8s), 1000/1000 VUs, 21393 complete and 0 interrupted iterations
thousand-vus   [  48% ] 1000 VUs  0m28.8s/1m0s

running (0m29.8s), 1000/1000 VUs, 22220 complete and 0 interrupted iterations
thousand-vus   [  50% ] 1000 VUs  0m29.8s/1m0s

running (0m30.8s), 1000/1000 VUs, 23090 complete and 0 interrupted iterations
thousand-vus   [  51% ] 1000 VUs  0m30.8s/1m0s

running (0m31.8s), 1000/1000 VUs, 23936 complete and 0 interrupted iterations
thousand-vus   [  53% ] 1000 VUs  0m31.8s/1m0s

running (0m32.8s), 1000/1000 VUs, 24768 complete and 0 interrupted iterations
thousand-vus   [  55% ] 1000 VUs  0m32.8s/1m0s

running (0m33.8s), 1000/1000 VUs, 25558 complete and 0 interrupted iterations
thousand-vus   [  56% ] 1000 VUs  0m33.8s/1m0s

running (0m34.8s), 1000/1000 VUs, 26442 complete and 0 interrupted iterations
thousand-vus   [  58% ] 1000 VUs  0m34.8s/1m0s

running (0m35.8s), 1000/1000 VUs, 27244 complete and 0 interrupted iterations
thousand-vus   [  60% ] 1000 VUs  0m35.8s/1m0s

running (0m36.8s), 1000/1000 VUs, 28044 complete and 0 interrupted iterations
thousand-vus   [  61% ] 1000 VUs  0m36.8s/1m0s

running (0m37.8s), 1000/1000 VUs, 28878 complete and 0 interrupted iterations
thousand-vus   [  63% ] 1000 VUs  0m37.8s/1m0s

running (0m38.8s), 1000/1000 VUs, 29639 complete and 0 interrupted iterations
thousand-vus   [  65% ] 1000 VUs  0m38.8s/1m0s

running (0m39.8s), 1000/1000 VUs, 30489 complete and 0 interrupted iterations
thousand-vus   [  66% ] 1000 VUs  0m39.8s/1m0s

running (0m40.8s), 1000/1000 VUs, 31349 complete and 0 interrupted iterations
thousand-vus   [  68% ] 1000 VUs  0m40.8s/1m0s

running (0m41.8s), 1000/1000 VUs, 32237 complete and 0 interrupted iterations
thousand-vus   [  70% ] 1000 VUs  0m41.8s/1m0s

running (0m42.8s), 1000/1000 VUs, 33114 complete and 0 interrupted iterations
thousand-vus   [  71% ] 1000 VUs  0m42.8s/1m0s

running (0m43.8s), 1000/1000 VUs, 33894 complete and 0 interrupted iterations
thousand-vus   [  73% ] 1000 VUs  0m43.8s/1m0s

running (0m44.8s), 1000/1000 VUs, 34756 complete and 0 interrupted iterations
thousand-vus   [  75% ] 1000 VUs  0m44.8s/1m0s

running (0m45.8s), 1000/1000 VUs, 35647 complete and 0 interrupted iterations
thousand-vus   [  76% ] 1000 VUs  0m45.8s/1m0s

running (0m46.8s), 1000/1000 VUs, 36528 complete and 0 interrupted iterations
thousand-vus   [  78% ] 1000 VUs  0m46.8s/1m0s

running (0m47.8s), 1000/1000 VUs, 37375 complete and 0 interrupted iterations
thousand-vus   [  80% ] 1000 VUs  0m47.8s/1m0s

running (0m48.8s), 1000/1000 VUs, 38233 complete and 0 interrupted iterations
thousand-vus   [  81% ] 1000 VUs  0m48.8s/1m0s

running (0m49.8s), 1000/1000 VUs, 39125 complete and 0 interrupted iterations
thousand-vus   [  83% ] 1000 VUs  0m49.8s/1m0s

running (0m50.8s), 1000/1000 VUs, 39953 complete and 0 interrupted iterations
thousand-vus   [  85% ] 1000 VUs  0m50.8s/1m0s

running (0m51.8s), 1000/1000 VUs, 40821 complete and 0 interrupted iterations
thousand-vus   [  86% ] 1000 VUs  0m51.8s/1m0s

running (0m52.8s), 1000/1000 VUs, 41676 complete and 0 interrupted iterations
thousand-vus   [  88% ] 1000 VUs  0m52.8s/1m0s

running (0m53.8s), 1000/1000 VUs, 42482 complete and 0 interrupted iterations
thousand-vus   [  90% ] 1000 VUs  0m53.8s/1m0s

running (0m54.8s), 1000/1000 VUs, 43298 complete and 0 interrupted iterations
thousand-vus   [  91% ] 1000 VUs  0m54.8s/1m0s

running (0m55.8s), 1000/1000 VUs, 44177 complete and 0 interrupted iterations
thousand-vus   [  93% ] 1000 VUs  0m55.8s/1m0s

running (0m56.8s), 1000/1000 VUs, 45055 complete and 0 interrupted iterations
thousand-vus   [  95% ] 1000 VUs  0m56.8s/1m0s

running (0m57.8s), 1000/1000 VUs, 46012 complete and 0 interrupted iterations
thousand-vus   [  96% ] 1000 VUs  0m57.8s/1m0s

running (0m58.8s), 1000/1000 VUs, 46806 complete and 0 interrupted iterations
thousand-vus   [  98% ] 1000 VUs  0m58.8s/1m0s

running (0m59.8s), 1000/1000 VUs, 47649 complete and 0 interrupted iterations
thousand-vus   [ 100% ] 1000 VUs  0m59.8s/1m0s

running (1m00.8s), 0300/1000 VUs, 48526 complete and 0 interrupted iterations
thousand-vus ↓ [ 100% ] 1000 VUs  1m0s

running (1m01.1s), 0000/1000 VUs, 48826 complete and 0 interrupted iterations
thousand-vus ✓ [ 100% ] 1000 VUs  1m0s

     ✗ status is 200
      ↳  99% — ✓ 48806 / ✗ 20

     checks.........................: 99.95% ✓ 48806      ✗ 20    
     data_received..................: 46 MB  760 kB/s
     data_sent......................: 15 MB  248 kB/s
     http_req_blocked...............: avg=40.82ms  min=1.35µs   med=2.94µs   max=6.72s   p(90)=5.36µs   p(95)=9.99µs  
     http_req_connecting............: avg=4.63ms   min=0s       med=0s       max=1.25s   p(90)=0s       p(95)=0s      
     http_req_duration..............: avg=138.81ms min=117.34ms med=130.4ms  max=1.69s   p(90)=146.01ms p(95)=167.98ms
       { expected_response:true }...: avg=138.76ms min=117.34ms med=130.4ms  max=1.69s   p(90)=145.99ms p(95)=167.79ms
     http_req_failed................: 0.04%  ✓ 20         ✗ 48806 
     http_req_receiving.............: avg=47.14µs  min=0s       med=39.26µs  max=12.88ms p(90)=73.82µs  p(95)=89.96µs 
     http_req_sending...............: avg=31.44µs  min=6.82µs   med=14.74µs  max=18.32ms p(90)=32.76µs  p(95)=45.94µs 
     http_req_tls_handshaking.......: avg=36.1ms   min=0s       med=0s       max=6.58s   p(90)=0s       p(95)=0s      
     http_req_waiting...............: avg=138.73ms min=117.23ms med=130.33ms max=1.68s   p(90)=145.96ms p(95)=167.91ms
     http_reqs......................: 48826  798.859171/s
     iteration_duration.............: avg=1.23s    min=1.11s    med=1.16s    max=9s      p(90)=1.3s     p(95)=1.38s   
     iterations.....................: 48826  798.859171/s
     vus............................: 299    min=299      max=1000
     vus_max........................: 1000   min=1000     max=1000

