
          /\      |‾‾| /‾‾/   /‾‾/   
     /\  /  \     |  |/  /   /  /    
    /  \/    \    |     (   /   ‾‾\  
   /          \   |  |\  \ |  (‾)  | 
  / __________ \  |__| \__\ \_____/ .io

  execution: local
     script: tunnels.js
     output: -

  scenarios: (100.00%) 1 scenario, 100 max VUs, 1m30s max duration (incl. graceful stop):
           * thousand-vus: 100 looping VUs for 1m0s (gracefulStop: 30s)


running (0m01.0s), 100/100 VUs, 0 complete and 0 interrupted iterations
thousand-vus   [   2% ] 100 VUs  0m01.0s/1m0s

running (0m02.0s), 100/100 VUs, 0 complete and 0 interrupted iterations
thousand-vus   [   3% ] 100 VUs  0m02.0s/1m0s

running (0m03.0s), 100/100 VUs, 0 complete and 0 interrupted iterations
thousand-vus   [   5% ] 100 VUs  0m03.0s/1m0s

running (0m04.0s), 100/100 VUs, 0 complete and 0 interrupted iterations
thousand-vus   [   7% ] 100 VUs  0m04.0s/1m0s

running (0m05.0s), 100/100 VUs, 0 complete and 0 interrupted iterations
thousand-vus   [   8% ] 100 VUs  0m05.0s/1m0s

running (0m06.0s), 100/100 VUs, 0 complete and 0 interrupted iterations
thousand-vus   [  10% ] 100 VUs  0m06.0s/1m0s

running (0m07.0s), 100/100 VUs, 9 complete and 0 interrupted iterations
thousand-vus   [  12% ] 100 VUs  0m07.0s/1m0s

running (0m08.0s), 100/100 VUs, 63 complete and 0 interrupted iterations
thousand-vus   [  13% ] 100 VUs  0m08.0s/1m0s

running (0m09.0s), 100/100 VUs, 129 complete and 0 interrupted iterations
thousand-vus   [  15% ] 100 VUs  0m09.0s/1m0s

running (0m10.0s), 100/100 VUs, 209 complete and 0 interrupted iterations
thousand-vus   [  17% ] 100 VUs  0m10.0s/1m0s

running (0m11.0s), 100/100 VUs, 285 complete and 0 interrupted iterations
thousand-vus   [  18% ] 100 VUs  0m11.0s/1m0s

running (0m12.0s), 100/100 VUs, 346 complete and 0 interrupted iterations
thousand-vus   [  20% ] 100 VUs  0m12.0s/1m0s

running (0m13.0s), 100/100 VUs, 404 complete and 0 interrupted iterations
thousand-vus   [  22% ] 100 VUs  0m13.0s/1m0s

running (0m14.0s), 100/100 VUs, 451 complete and 0 interrupted iterations
thousand-vus   [  23% ] 100 VUs  0m14.0s/1m0s

running (0m15.0s), 100/100 VUs, 488 complete and 0 interrupted iterations
thousand-vus   [  25% ] 100 VUs  0m15.0s/1m0s

running (0m16.0s), 100/100 VUs, 528 complete and 0 interrupted iterations
thousand-vus   [  27% ] 100 VUs  0m16.0s/1m0s

running (0m17.0s), 100/100 VUs, 575 complete and 0 interrupted iterations
thousand-vus   [  28% ] 100 VUs  0m17.0s/1m0s

running (0m18.0s), 100/100 VUs, 601 complete and 0 interrupted iterations
thousand-vus   [  30% ] 100 VUs  0m18.0s/1m0s

running (0m19.0s), 100/100 VUs, 642 complete and 0 interrupted iterations
thousand-vus   [  32% ] 100 VUs  0m19.0s/1m0s

running (0m20.0s), 100/100 VUs, 684 complete and 0 interrupted iterations
thousand-vus   [  33% ] 100 VUs  0m20.0s/1m0s

running (0m21.0s), 100/100 VUs, 717 complete and 0 interrupted iterations
thousand-vus   [  35% ] 100 VUs  0m21.0s/1m0s

running (0m22.0s), 100/100 VUs, 766 complete and 0 interrupted iterations
thousand-vus   [  37% ] 100 VUs  0m22.0s/1m0s

running (0m23.0s), 100/100 VUs, 812 complete and 0 interrupted iterations
thousand-vus   [  38% ] 100 VUs  0m23.0s/1m0s

running (0m24.0s), 100/100 VUs, 864 complete and 0 interrupted iterations
thousand-vus   [  40% ] 100 VUs  0m24.0s/1m0s

running (0m25.0s), 100/100 VUs, 909 complete and 0 interrupted iterations
thousand-vus   [  42% ] 100 VUs  0m25.0s/1m0s

running (0m26.0s), 100/100 VUs, 962 complete and 0 interrupted iterations
thousand-vus   [  43% ] 100 VUs  0m26.0s/1m0s

running (0m27.0s), 100/100 VUs, 1018 complete and 0 interrupted iterations
thousand-vus   [  45% ] 100 VUs  0m27.0s/1m0s

running (0m28.0s), 100/100 VUs, 1071 complete and 0 interrupted iterations
thousand-vus   [  47% ] 100 VUs  0m28.0s/1m0s

running (0m29.0s), 100/100 VUs, 1105 complete and 0 interrupted iterations
thousand-vus   [  48% ] 100 VUs  0m29.0s/1m0s

running (0m30.0s), 100/100 VUs, 1165 complete and 0 interrupted iterations
thousand-vus   [  50% ] 100 VUs  0m30.0s/1m0s

running (0m31.0s), 100/100 VUs, 1210 complete and 0 interrupted iterations
thousand-vus   [  52% ] 100 VUs  0m31.0s/1m0s

running (0m32.0s), 100/100 VUs, 1259 complete and 0 interrupted iterations
thousand-vus   [  53% ] 100 VUs  0m32.0s/1m0s

running (0m33.0s), 100/100 VUs, 1309 complete and 0 interrupted iterations
thousand-vus   [  55% ] 100 VUs  0m33.0s/1m0s

running (0m34.0s), 100/100 VUs, 1364 complete and 0 interrupted iterations
thousand-vus   [  57% ] 100 VUs  0m34.0s/1m0s

running (0m35.0s), 100/100 VUs, 1414 complete and 0 interrupted iterations
thousand-vus   [  58% ] 100 VUs  0m35.0s/1m0s

running (0m36.0s), 100/100 VUs, 1462 complete and 0 interrupted iterations
thousand-vus   [  60% ] 100 VUs  0m36.0s/1m0s

running (0m37.0s), 100/100 VUs, 1501 complete and 0 interrupted iterations
thousand-vus   [  62% ] 100 VUs  0m37.0s/1m0s

running (0m38.0s), 100/100 VUs, 1532 complete and 0 interrupted iterations
thousand-vus   [  63% ] 100 VUs  0m38.0s/1m0s

running (0m39.0s), 100/100 VUs, 1577 complete and 0 interrupted iterations
thousand-vus   [  65% ] 100 VUs  0m39.0s/1m0s

running (0m40.0s), 100/100 VUs, 1631 complete and 0 interrupted iterations
thousand-vus   [  67% ] 100 VUs  0m40.0s/1m0s

running (0m41.0s), 100/100 VUs, 1681 complete and 0 interrupted iterations
thousand-vus   [  68% ] 100 VUs  0m41.0s/1m0s

running (0m42.0s), 100/100 VUs, 1730 complete and 0 interrupted iterations
thousand-vus   [  70% ] 100 VUs  0m42.0s/1m0s

running (0m43.0s), 100/100 VUs, 1787 complete and 0 interrupted iterations
thousand-vus   [  72% ] 100 VUs  0m43.0s/1m0s

running (0m44.0s), 100/100 VUs, 1837 complete and 0 interrupted iterations
thousand-vus   [  73% ] 100 VUs  0m44.0s/1m0s

running (0m45.0s), 100/100 VUs, 1890 complete and 0 interrupted iterations
thousand-vus   [  75% ] 100 VUs  0m45.0s/1m0s

running (0m46.0s), 100/100 VUs, 1955 complete and 0 interrupted iterations
thousand-vus   [  77% ] 100 VUs  0m46.0s/1m0s

running (0m47.0s), 100/100 VUs, 2011 complete and 0 interrupted iterations
thousand-vus   [  78% ] 100 VUs  0m47.0s/1m0s

running (0m48.0s), 100/100 VUs, 2063 complete and 0 interrupted iterations
thousand-vus   [  80% ] 100 VUs  0m48.0s/1m0s

running (0m49.0s), 100/100 VUs, 2117 complete and 0 interrupted iterations
thousand-vus   [  82% ] 100 VUs  0m49.0s/1m0s

running (0m50.0s), 100/100 VUs, 2175 complete and 0 interrupted iterations
thousand-vus   [  83% ] 100 VUs  0m50.0s/1m0s

running (0m51.0s), 100/100 VUs, 2231 complete and 0 interrupted iterations
thousand-vus   [  85% ] 100 VUs  0m51.0s/1m0s

running (0m52.0s), 100/100 VUs, 2290 complete and 0 interrupted iterations
thousand-vus   [  87% ] 100 VUs  0m52.0s/1m0s

running (0m53.0s), 100/100 VUs, 2343 complete and 0 interrupted iterations
thousand-vus   [  88% ] 100 VUs  0m53.0s/1m0s

running (0m54.0s), 100/100 VUs, 2392 complete and 0 interrupted iterations
thousand-vus   [  90% ] 100 VUs  0m54.0s/1m0s

running (0m55.0s), 100/100 VUs, 2442 complete and 0 interrupted iterations
thousand-vus   [  92% ] 100 VUs  0m55.0s/1m0s

running (0m56.0s), 100/100 VUs, 2497 complete and 0 interrupted iterations
thousand-vus   [  93% ] 100 VUs  0m56.0s/1m0s

running (0m57.0s), 100/100 VUs, 2546 complete and 0 interrupted iterations
thousand-vus   [  95% ] 100 VUs  0m57.0s/1m0s

running (0m58.0s), 100/100 VUs, 2594 complete and 0 interrupted iterations
thousand-vus   [  97% ] 100 VUs  0m58.0s/1m0s

running (0m59.0s), 100/100 VUs, 2655 complete and 0 interrupted iterations
thousand-vus   [  98% ] 100 VUs  0m59.0s/1m0s

running (1m00.0s), 100/100 VUs, 2713 complete and 0 interrupted iterations
thousand-vus   [ 100% ] 100 VUs  1m00.0s/1m0s

running (1m01.0s), 044/100 VUs, 2770 complete and 0 interrupted iterations
thousand-vus ↓ [ 100% ] 100 VUs  1m0s

running (1m02.0s), 018/100 VUs, 2796 complete and 0 interrupted iterations
thousand-vus ↓ [ 100% ] 100 VUs  1m0s

running (1m03.0s), 016/100 VUs, 2798 complete and 0 interrupted iterations
thousand-vus ↓ [ 100% ] 100 VUs  1m0s

running (1m04.0s), 014/100 VUs, 2800 complete and 0 interrupted iterations
thousand-vus ↓ [ 100% ] 100 VUs  1m0s

running (1m05.0s), 012/100 VUs, 2802 complete and 0 interrupted iterations
thousand-vus ↓ [ 100% ] 100 VUs  1m0s

running (1m06.0s), 010/100 VUs, 2804 complete and 0 interrupted iterations
thousand-vus ↓ [ 100% ] 100 VUs  1m0s

running (1m07.0s), 010/100 VUs, 2804 complete and 0 interrupted iterations
thousand-vus ↓ [ 100% ] 100 VUs  1m0s

running (1m08.0s), 009/100 VUs, 2805 complete and 0 interrupted iterations
thousand-vus ↓ [ 100% ] 100 VUs  1m0s

running (1m09.0s), 005/100 VUs, 2809 complete and 0 interrupted iterations
thousand-vus ↓ [ 100% ] 100 VUs  1m0s

running (1m10.0s), 002/100 VUs, 2812 complete and 0 interrupted iterations
thousand-vus ↓ [ 100% ] 100 VUs  1m0s

running (1m11.0s), 002/100 VUs, 2812 complete and 0 interrupted iterations
thousand-vus ↓ [ 100% ] 100 VUs  1m0s

running (1m12.0s), 002/100 VUs, 2812 complete and 0 interrupted iterations
thousand-vus ↓ [ 100% ] 100 VUs  1m0s

running (1m13.0s), 002/100 VUs, 2812 complete and 0 interrupted iterations
thousand-vus ↓ [ 100% ] 100 VUs  1m0s

running (1m13.8s), 000/100 VUs, 2814 complete and 0 interrupted iterations
thousand-vus ✓ [ 100% ] 100 VUs  1m0s

     ✗ status is 200
      ↳  57% — ✓ 1620 / ✗ 1194

     checks.........................: 57.56% ✓ 1620      ✗ 1194 
     data_received..................: 9.9 MB 134 kB/s
     data_sent......................: 1.2 MB 17 kB/s
     http_req_blocked...............: avg=400.08ms min=0s       med=241.17ms max=10.25s   p(90)=429.19ms p(95)=591.58ms
     http_req_connecting............: avg=83.93ms  min=0s       med=117.18ms max=1.19s    p(90)=157.79ms p(95)=209.95ms
     http_req_duration..............: avg=699.66ms min=0s       med=239.82ms max=52.61s   p(90)=654.71ms p(95)=3.03s   
       { expected_response:true }...: avg=527.13ms min=235.61ms med=245.02ms max=21.8s    p(90)=736.84ms p(95)=1.74s   
     http_req_failed................: 42.43% ✓ 1194      ✗ 1620 
     http_req_receiving.............: avg=137.72µs min=0s       med=49.77µs  max=33.59ms  p(90)=152.68µs p(95)=255.85µs
     http_req_sending...............: avg=178.52µs min=0s       med=112.13µs max=41.1ms   p(90)=364.66µs p(95)=448.53µs
     http_req_tls_handshaking.......: avg=93.71ms  min=0s       med=122.79ms max=501.94ms p(90)=226.83ms p(95)=249.33ms
     http_req_waiting...............: avg=699.34ms min=0s       med=239.5ms  max=52.61s   p(90)=653.73ms p(95)=3.03s   
     http_reqs......................: 2814   38.125704/s
     iteration_duration.............: avg=2.19s    min=1s       med=1.48s    max=54.01s   p(90)=5.58s    p(95)=8.13s   
     iterations.....................: 2814   38.125704/s
     vus............................: 2      min=2       max=100
     vus_max........................: 100    min=100     max=100

