
          /\      |‾‾| /‾‾/   /‾‾/   
     /\  /  \     |  |/  /   /  /    
    /  \/    \    |     (   /   ‾‾\  
   /          \   |  |\  \ |  (‾)  | 
  / __________ \  |__| \__\ \_____/ .io

  execution: local
     script: tunnels.js
     output: -

  scenarios: (100.00%) 1 scenario, 100 max VUs, 1m30s max duration (incl. graceful stop):
           * default: 100 looping VUs for 1m0s (gracefulStop: 30s)


running (0m01.0s), 100/100 VUs, 0 complete and 0 interrupted iterations
default   [   2% ] 100 VUs  0m01.0s/1m0s

running (0m02.0s), 100/100 VUs, 23 complete and 0 interrupted iterations
default   [   3% ] 100 VUs  0m02.0s/1m0s

running (0m03.0s), 100/100 VUs, 100 complete and 0 interrupted iterations
default   [   5% ] 100 VUs  0m03.0s/1m0s

running (0m04.0s), 100/100 VUs, 170 complete and 0 interrupted iterations
default   [   7% ] 100 VUs  0m04.0s/1m0s

running (0m05.0s), 100/100 VUs, 210 complete and 0 interrupted iterations
default   [   8% ] 100 VUs  0m05.0s/1m0s

running (0m06.0s), 100/100 VUs, 233 complete and 0 interrupted iterations
default   [  10% ] 100 VUs  0m06.0s/1m0s

running (0m07.0s), 100/100 VUs, 333 complete and 0 interrupted iterations
default   [  12% ] 100 VUs  0m07.0s/1m0s

running (0m08.0s), 100/100 VUs, 358 complete and 0 interrupted iterations
default   [  13% ] 100 VUs  0m08.0s/1m0s

running (0m09.0s), 100/100 VUs, 413 complete and 0 interrupted iterations
default   [  15% ] 100 VUs  0m09.0s/1m0s

running (0m10.0s), 100/100 VUs, 498 complete and 0 interrupted iterations
default   [  17% ] 100 VUs  0m10.0s/1m0s

running (0m11.0s), 100/100 VUs, 540 complete and 0 interrupted iterations
default   [  18% ] 100 VUs  0m11.0s/1m0s

running (0m12.0s), 100/100 VUs, 582 complete and 0 interrupted iterations
default   [  20% ] 100 VUs  0m12.0s/1m0s

running (0m13.0s), 100/100 VUs, 602 complete and 0 interrupted iterations
default   [  22% ] 100 VUs  0m13.0s/1m0s

running (0m14.0s), 100/100 VUs, 683 complete and 0 interrupted iterations
default   [  23% ] 100 VUs  0m14.0s/1m0s

running (0m15.0s), 100/100 VUs, 694 complete and 0 interrupted iterations
default   [  25% ] 100 VUs  0m15.0s/1m0s

running (0m16.0s), 100/100 VUs, 781 complete and 0 interrupted iterations
default   [  27% ] 100 VUs  0m16.0s/1m0s

running (0m17.0s), 100/100 VUs, 821 complete and 0 interrupted iterations
default   [  28% ] 100 VUs  0m17.0s/1m0s

running (0m18.0s), 100/100 VUs, 835 complete and 0 interrupted iterations
default   [  30% ] 100 VUs  0m18.0s/1m0s

running (0m19.0s), 100/100 VUs, 840 complete and 0 interrupted iterations
default   [  32% ] 100 VUs  0m19.0s/1m0s

running (0m20.0s), 100/100 VUs, 840 complete and 0 interrupted iterations
default   [  33% ] 100 VUs  0m20.0s/1m0s

running (0m21.0s), 100/100 VUs, 840 complete and 0 interrupted iterations
default   [  35% ] 100 VUs  0m21.0s/1m0s

running (0m22.0s), 100/100 VUs, 840 complete and 0 interrupted iterations
default   [  37% ] 100 VUs  0m22.0s/1m0s

running (0m23.0s), 100/100 VUs, 840 complete and 0 interrupted iterations
default   [  38% ] 100 VUs  0m23.0s/1m0s

running (0m24.0s), 100/100 VUs, 840 complete and 0 interrupted iterations
default   [  40% ] 100 VUs  0m24.0s/1m0s

running (0m25.0s), 100/100 VUs, 840 complete and 0 interrupted iterations
default   [  42% ] 100 VUs  0m25.0s/1m0s

running (0m26.0s), 100/100 VUs, 840 complete and 0 interrupted iterations
default   [  43% ] 100 VUs  0m26.0s/1m0s

running (0m27.0s), 100/100 VUs, 840 complete and 0 interrupted iterations
default   [  45% ] 100 VUs  0m27.0s/1m0s

running (0m28.0s), 100/100 VUs, 846 complete and 0 interrupted iterations
default   [  47% ] 100 VUs  0m28.0s/1m0s

running (0m29.0s), 100/100 VUs, 846 complete and 0 interrupted iterations
default   [  48% ] 100 VUs  0m29.0s/1m0s

running (0m30.0s), 100/100 VUs, 846 complete and 0 interrupted iterations
default   [  50% ] 100 VUs  0m30.0s/1m0s

running (0m31.0s), 100/100 VUs, 846 complete and 0 interrupted iterations
default   [  52% ] 100 VUs  0m31.0s/1m0s

running (0m32.0s), 100/100 VUs, 846 complete and 0 interrupted iterations
default   [  53% ] 100 VUs  0m32.0s/1m0s

running (0m33.0s), 100/100 VUs, 846 complete and 0 interrupted iterations
default   [  55% ] 100 VUs  0m33.0s/1m0s

running (0m34.0s), 100/100 VUs, 846 complete and 0 interrupted iterations
default   [  57% ] 100 VUs  0m34.0s/1m0s

running (0m35.0s), 100/100 VUs, 846 complete and 0 interrupted iterations
default   [  58% ] 100 VUs  0m35.0s/1m0s

running (0m36.0s), 100/100 VUs, 846 complete and 0 interrupted iterations
default   [  60% ] 100 VUs  0m36.0s/1m0s

running (0m37.0s), 100/100 VUs, 846 complete and 0 interrupted iterations
default   [  62% ] 100 VUs  0m37.0s/1m0s

running (0m38.0s), 100/100 VUs, 846 complete and 0 interrupted iterations
default   [  63% ] 100 VUs  0m38.0s/1m0s

running (0m39.0s), 100/100 VUs, 849 complete and 0 interrupted iterations
default   [  65% ] 100 VUs  0m39.0s/1m0s

running (0m40.0s), 100/100 VUs, 849 complete and 0 interrupted iterations
default   [  67% ] 100 VUs  0m40.0s/1m0s

running (0m41.0s), 100/100 VUs, 855 complete and 0 interrupted iterations
default   [  68% ] 100 VUs  0m41.0s/1m0s

running (0m42.0s), 100/100 VUs, 858 complete and 0 interrupted iterations
default   [  70% ] 100 VUs  0m42.0s/1m0s

running (0m43.0s), 100/100 VUs, 945 complete and 0 interrupted iterations
default   [  72% ] 100 VUs  0m43.0s/1m0s

running (0m44.0s), 100/100 VUs, 987 complete and 0 interrupted iterations
default   [  73% ] 100 VUs  0m44.0s/1m0s

running (0m45.0s), 100/100 VUs, 1045 complete and 0 interrupted iterations
default   [  75% ] 100 VUs  0m45.0s/1m0s

running (0m46.0s), 100/100 VUs, 1111 complete and 0 interrupted iterations
default   [  77% ] 100 VUs  0m46.0s/1m0s

running (0m47.0s), 100/100 VUs, 1141 complete and 0 interrupted iterations
default   [  78% ] 100 VUs  0m47.0s/1m0s

running (0m48.0s), 100/100 VUs, 1217 complete and 0 interrupted iterations
default   [  80% ] 100 VUs  0m48.0s/1m0s

running (0m49.0s), 100/100 VUs, 1265 complete and 0 interrupted iterations
default   [  82% ] 100 VUs  0m49.0s/1m0s

running (0m50.0s), 100/100 VUs, 1318 complete and 0 interrupted iterations
default   [  83% ] 100 VUs  0m50.0s/1m0s

running (0m51.0s), 100/100 VUs, 1370 complete and 0 interrupted iterations
default   [  85% ] 100 VUs  0m51.0s/1m0s

running (0m52.0s), 100/100 VUs, 1430 complete and 0 interrupted iterations
default   [  87% ] 100 VUs  0m52.0s/1m0s

running (0m53.0s), 100/100 VUs, 1482 complete and 0 interrupted iterations
default   [  88% ] 100 VUs  0m53.0s/1m0s

running (0m54.0s), 100/100 VUs, 1541 complete and 0 interrupted iterations
default   [  90% ] 100 VUs  0m54.0s/1m0s

running (0m55.0s), 100/100 VUs, 1591 complete and 0 interrupted iterations
default   [  92% ] 100 VUs  0m55.0s/1m0s

running (0m56.0s), 100/100 VUs, 1608 complete and 0 interrupted iterations
default   [  93% ] 100 VUs  0m56.0s/1m0s

running (0m57.0s), 100/100 VUs, 1691 complete and 0 interrupted iterations
default   [  95% ] 100 VUs  0m57.0s/1m0s

running (0m58.0s), 100/100 VUs, 1711 complete and 0 interrupted iterations
default   [  97% ] 100 VUs  0m58.0s/1m0s

running (0m59.0s), 100/100 VUs, 1794 complete and 0 interrupted iterations
default   [  98% ] 100 VUs  0m59.0s/1m0s

running (1m00.0s), 100/100 VUs, 1829 complete and 0 interrupted iterations
default   [ 100% ] 100 VUs  1m00.0s/1m0s

running (1m01.0s), 034/100 VUs, 1895 complete and 0 interrupted iterations
default ↓ [ 100% ] 100 VUs  1m0s

running (1m02.0s), 006/100 VUs, 1923 complete and 0 interrupted iterations
default ↓ [ 100% ] 100 VUs  1m0s

running (1m03.0s), 006/100 VUs, 1923 complete and 0 interrupted iterations
default ↓ [ 100% ] 100 VUs  1m0s

running (1m04.0s), 006/100 VUs, 1923 complete and 0 interrupted iterations
default ↓ [ 100% ] 100 VUs  1m0s

running (1m05.0s), 006/100 VUs, 1923 complete and 0 interrupted iterations
default ↓ [ 100% ] 100 VUs  1m0s

running (1m06.0s), 006/100 VUs, 1923 complete and 0 interrupted iterations
default ↓ [ 100% ] 100 VUs  1m0s

running (1m07.0s), 006/100 VUs, 1923 complete and 0 interrupted iterations
default ↓ [ 100% ] 100 VUs  1m0s

running (1m08.0s), 005/100 VUs, 1924 complete and 0 interrupted iterations
default ↓ [ 100% ] 100 VUs  1m0s

running (1m09.0s), 005/100 VUs, 1924 complete and 0 interrupted iterations
default ↓ [ 100% ] 100 VUs  1m0s

running (1m10.0s), 005/100 VUs, 1924 complete and 0 interrupted iterations
default ↓ [ 100% ] 100 VUs  1m0s

running (1m11.0s), 005/100 VUs, 1924 complete and 0 interrupted iterations
default ↓ [ 100% ] 100 VUs  1m0s

running (1m12.0s), 005/100 VUs, 1924 complete and 0 interrupted iterations
default ↓ [ 100% ] 100 VUs  1m0s

running (1m13.0s), 005/100 VUs, 1924 complete and 0 interrupted iterations
default ↓ [ 100% ] 100 VUs  1m0s

running (1m14.0s), 005/100 VUs, 1924 complete and 0 interrupted iterations
default ↓ [ 100% ] 100 VUs  1m0s

running (1m15.0s), 005/100 VUs, 1924 complete and 0 interrupted iterations
default ↓ [ 100% ] 100 VUs  1m0s

running (1m16.0s), 003/100 VUs, 1926 complete and 0 interrupted iterations
default ↓ [ 100% ] 100 VUs  1m0s

running (1m17.0s), 003/100 VUs, 1926 complete and 0 interrupted iterations
default ↓ [ 100% ] 100 VUs  1m0s

running (1m18.0s), 001/100 VUs, 1928 complete and 0 interrupted iterations
default ↓ [ 100% ] 100 VUs  1m0s

running (1m18.3s), 000/100 VUs, 1929 complete and 0 interrupted iterations
default ✓ [ 100% ] 100 VUs  1m0s

     ✗ status is 200
      ↳  94% — ✓ 1821 / ✗ 108

     checks.........................: 94.40% ✓ 1821      ✗ 108  
     data_received..................: 10 MB  131 kB/s
     data_sent......................: 1.3 MB 16 kB/s
     http_req_blocked...............: avg=1.13s    min=0s       med=261.43ms max=25.71s  p(90)=812.64ms p(95)=1.19s   
     http_req_connecting............: avg=741.04ms min=0s       med=124.41ms max=24.84s  p(90)=371.66ms p(95)=633.84ms
     http_req_duration..............: avg=900.39ms min=0s       med=259.14ms max=51.2s   p(90)=982.5ms  p(95)=1.39s   
       { expected_response:true }...: avg=862.77ms min=246.73ms med=260.58ms max=51.2s   p(90)=983.75ms p(95)=1.38s   
     http_req_failed................: 5.59%  ✓ 108       ✗ 1821 
     http_req_receiving.............: avg=265.59µs min=0s       med=104.1µs  max=24.32ms p(90)=462.91µs p(95)=744.48µs
     http_req_sending...............: avg=235.71µs min=0s       med=150.24µs max=8.49ms  p(90)=382.45µs p(95)=468.36µs
     http_req_tls_handshaking.......: avg=325.28ms min=0s       med=129.06ms max=22.85s  p(90)=186.6ms  p(95)=698.57ms
     http_req_waiting...............: avg=899.89ms min=0s       med=258.76ms max=51.2s   p(90)=982.23ms p(95)=1.39s   
     http_reqs......................: 1929   24.640232/s
     iteration_duration.............: avg=3.19s    min=1s       med=1.57s    max=1m1s    p(90)=2.68s    p(95)=13.27s  
     iterations.....................: 1929   24.640232/s
     vus............................: 1      min=1       max=100
     vus_max........................: 100    min=100     max=100

