
          /\      |‾‾| /‾‾/   /‾‾/   
     /\  /  \     |  |/  /   /  /    
    /  \/    \    |     (   /   ‾‾\  
   /          \   |  |\  \ |  (‾)  | 
  / __________ \  |__| \__\ \_____/ .io

  execution: local
     script: tunnels.js
     output: -

  scenarios: (100.00%) 1 scenario, 500 max VUs, 1m30s max duration (incl. graceful stop):
           * default: 500 looping VUs for 1m0s (gracefulStop: 30s)


running (0m00.9s), 500/500 VUs, 0 complete and 0 interrupted iterations
default   [   2% ] 500 VUs  0m00.9s/1m0s

running (0m01.9s), 500/500 VUs, 0 complete and 0 interrupted iterations
default   [   3% ] 500 VUs  0m01.9s/1m0s

running (0m02.9s), 500/500 VUs, 0 complete and 0 interrupted iterations
default   [   5% ] 500 VUs  0m02.9s/1m0s

running (0m03.9s), 500/500 VUs, 71 complete and 0 interrupted iterations
default   [   7% ] 500 VUs  0m03.9s/1m0s

running (0m04.9s), 500/500 VUs, 434 complete and 0 interrupted iterations
default   [   8% ] 500 VUs  0m04.9s/1m0s

running (0m05.9s), 500/500 VUs, 545 complete and 0 interrupted iterations
default   [  10% ] 500 VUs  0m05.9s/1m0s

running (0m06.9s), 500/500 VUs, 576 complete and 0 interrupted iterations
default   [  12% ] 500 VUs  0m06.9s/1m0s

running (0m07.9s), 500/500 VUs, 719 complete and 0 interrupted iterations
default   [  13% ] 500 VUs  0m07.9s/1m0s

running (0m08.9s), 500/500 VUs, 803 complete and 0 interrupted iterations
default   [  15% ] 500 VUs  0m08.9s/1m0s

running (0m09.9s), 500/500 VUs, 951 complete and 0 interrupted iterations
default   [  17% ] 500 VUs  0m09.9s/1m0s

running (0m10.9s), 500/500 VUs, 1103 complete and 0 interrupted iterations
default   [  18% ] 500 VUs  0m10.9s/1m0s

running (0m11.9s), 500/500 VUs, 1280 complete and 0 interrupted iterations
default   [  20% ] 500 VUs  0m11.9s/1m0s

running (0m12.9s), 500/500 VUs, 1323 complete and 0 interrupted iterations
default   [  22% ] 500 VUs  0m12.9s/1m0s

running (0m13.9s), 500/500 VUs, 1445 complete and 0 interrupted iterations
default   [  23% ] 500 VUs  0m13.9s/1m0s

running (0m14.9s), 500/500 VUs, 1530 complete and 0 interrupted iterations
default   [  25% ] 500 VUs  0m14.9s/1m0s

running (0m15.9s), 500/500 VUs, 1744 complete and 0 interrupted iterations
default   [  27% ] 500 VUs  0m15.9s/1m0s

running (0m16.9s), 500/500 VUs, 1814 complete and 0 interrupted iterations
default   [  28% ] 500 VUs  0m16.9s/1m0s

running (0m17.9s), 500/500 VUs, 1902 complete and 0 interrupted iterations
default   [  30% ] 500 VUs  0m17.9s/1m0s

running (0m18.9s), 500/500 VUs, 1967 complete and 0 interrupted iterations
default   [  32% ] 500 VUs  0m18.9s/1m0s

running (0m19.9s), 500/500 VUs, 2144 complete and 0 interrupted iterations
default   [  33% ] 500 VUs  0m19.9s/1m0s

running (0m20.9s), 500/500 VUs, 2184 complete and 0 interrupted iterations
default   [  35% ] 500 VUs  0m20.9s/1m0s

running (0m21.9s), 500/500 VUs, 2288 complete and 0 interrupted iterations
default   [  37% ] 500 VUs  0m21.9s/1m0s

running (0m22.9s), 500/500 VUs, 2385 complete and 0 interrupted iterations
default   [  38% ] 500 VUs  0m22.9s/1m0s

running (0m23.9s), 500/500 VUs, 2463 complete and 0 interrupted iterations
default   [  40% ] 500 VUs  0m23.9s/1m0s

running (0m24.9s), 500/500 VUs, 2593 complete and 0 interrupted iterations
default   [  42% ] 500 VUs  0m24.9s/1m0s

running (0m25.9s), 500/500 VUs, 2740 complete and 0 interrupted iterations
default   [  43% ] 500 VUs  0m25.9s/1m0s

running (0m26.9s), 500/500 VUs, 2808 complete and 0 interrupted iterations
default   [  45% ] 500 VUs  0m26.9s/1m0s

running (0m27.9s), 500/500 VUs, 2925 complete and 0 interrupted iterations
default   [  47% ] 500 VUs  0m27.9s/1m0s

running (0m28.9s), 500/500 VUs, 3026 complete and 0 interrupted iterations
default   [  48% ] 500 VUs  0m28.9s/1m0s

running (0m29.9s), 500/500 VUs, 3185 complete and 0 interrupted iterations
default   [  50% ] 500 VUs  0m29.9s/1m0s

running (0m30.9s), 500/500 VUs, 3208 complete and 0 interrupted iterations
default   [  52% ] 500 VUs  0m30.9s/1m0s

running (0m31.9s), 500/500 VUs, 3244 complete and 0 interrupted iterations
default   [  53% ] 500 VUs  0m31.9s/1m0s

running (0m32.9s), 500/500 VUs, 3349 complete and 0 interrupted iterations
default   [  55% ] 500 VUs  0m32.9s/1m0s

running (0m33.9s), 500/500 VUs, 3439 complete and 0 interrupted iterations
default   [  57% ] 500 VUs  0m33.9s/1m0s

running (0m34.9s), 500/500 VUs, 3467 complete and 0 interrupted iterations
default   [  58% ] 500 VUs  0m34.9s/1m0s

running (0m35.9s), 500/500 VUs, 3541 complete and 0 interrupted iterations
default   [  60% ] 500 VUs  0m35.9s/1m0s

running (0m36.9s), 500/500 VUs, 3582 complete and 0 interrupted iterations
default   [  62% ] 500 VUs  0m36.9s/1m0s

running (0m37.9s), 500/500 VUs, 3634 complete and 0 interrupted iterations
default   [  63% ] 500 VUs  0m37.9s/1m0s

running (0m38.9s), 500/500 VUs, 3638 complete and 0 interrupted iterations
default   [  65% ] 500 VUs  0m38.9s/1m0s

running (0m39.9s), 500/500 VUs, 3765 complete and 0 interrupted iterations
default   [  67% ] 500 VUs  0m39.9s/1m0s

running (0m40.9s), 500/500 VUs, 3873 complete and 0 interrupted iterations
default   [  68% ] 500 VUs  0m40.9s/1m0s

running (0m41.9s), 500/500 VUs, 3931 complete and 0 interrupted iterations
default   [  70% ] 500 VUs  0m41.9s/1m0s

running (0m42.9s), 500/500 VUs, 4038 complete and 0 interrupted iterations
default   [  72% ] 500 VUs  0m42.9s/1m0s

running (0m43.9s), 500/500 VUs, 4161 complete and 0 interrupted iterations
default   [  73% ] 500 VUs  0m43.9s/1m0s

running (0m44.9s), 500/500 VUs, 4206 complete and 0 interrupted iterations
default   [  75% ] 500 VUs  0m44.9s/1m0s

running (0m45.9s), 500/500 VUs, 4267 complete and 0 interrupted iterations
default   [  77% ] 500 VUs  0m45.9s/1m0s

running (0m46.9s), 500/500 VUs, 4322 complete and 0 interrupted iterations
default   [  78% ] 500 VUs  0m46.9s/1m0s

running (0m47.9s), 500/500 VUs, 4362 complete and 0 interrupted iterations
default   [  80% ] 500 VUs  0m47.9s/1m0s

running (0m48.9s), 500/500 VUs, 4412 complete and 0 interrupted iterations
default   [  82% ] 500 VUs  0m48.9s/1m0s

running (0m49.9s), 500/500 VUs, 4498 complete and 0 interrupted iterations
default   [  83% ] 500 VUs  0m49.9s/1m0s

running (0m50.9s), 500/500 VUs, 4581 complete and 0 interrupted iterations
default   [  85% ] 500 VUs  0m50.9s/1m0s

running (0m51.9s), 500/500 VUs, 4679 complete and 0 interrupted iterations
default   [  87% ] 500 VUs  0m51.9s/1m0s

running (0m52.9s), 500/500 VUs, 4776 complete and 0 interrupted iterations
default   [  88% ] 500 VUs  0m52.9s/1m0s

running (0m53.9s), 500/500 VUs, 4786 complete and 0 interrupted iterations
default   [  90% ] 500 VUs  0m53.9s/1m0s

running (0m54.9s), 500/500 VUs, 4877 complete and 0 interrupted iterations
default   [  92% ] 500 VUs  0m54.9s/1m0s

running (0m55.9s), 500/500 VUs, 4947 complete and 0 interrupted iterations
default   [  93% ] 500 VUs  0m55.9s/1m0s

running (0m56.9s), 500/500 VUs, 4952 complete and 0 interrupted iterations
default   [  95% ] 500 VUs  0m56.9s/1m0s

running (0m57.9s), 500/500 VUs, 5008 complete and 0 interrupted iterations
default   [  97% ] 500 VUs  0m57.9s/1m0s

running (0m58.9s), 500/500 VUs, 5054 complete and 0 interrupted iterations
default   [  98% ] 500 VUs  0m58.9s/1m0s

running (0m59.9s), 500/500 VUs, 5080 complete and 0 interrupted iterations
default   [ 100% ] 500 VUs  0m59.9s/1m0s

running (1m00.9s), 469/500 VUs, 5122 complete and 0 interrupted iterations
default ↓ [ 100% ] 500 VUs  1m0s

running (1m01.9s), 451/500 VUs, 5140 complete and 0 interrupted iterations
default ↓ [ 100% ] 500 VUs  1m0s

running (1m02.9s), 427/500 VUs, 5164 complete and 0 interrupted iterations
default ↓ [ 100% ] 500 VUs  1m0s

running (1m03.9s), 398/500 VUs, 5193 complete and 0 interrupted iterations
default ↓ [ 100% ] 500 VUs  1m0s

running (1m04.9s), 367/500 VUs, 5224 complete and 0 interrupted iterations
default ↓ [ 100% ] 500 VUs  1m0s

running (1m05.9s), 248/500 VUs, 5343 complete and 0 interrupted iterations
default ↓ [ 100% ] 500 VUs  1m0s

running (1m06.9s), 202/500 VUs, 5389 complete and 0 interrupted iterations
default ↓ [ 100% ] 500 VUs  1m0s

running (1m07.9s), 127/500 VUs, 5464 complete and 0 interrupted iterations
default ↓ [ 100% ] 500 VUs  1m0s

running (1m08.9s), 069/500 VUs, 5522 complete and 0 interrupted iterations
default ↓ [ 100% ] 500 VUs  1m0s

running (1m09.9s), 065/500 VUs, 5526 complete and 0 interrupted iterations
default ↓ [ 100% ] 500 VUs  1m0s

running (1m10.9s), 056/500 VUs, 5535 complete and 0 interrupted iterations
default ↓ [ 100% ] 500 VUs  1m0s

running (1m11.9s), 043/500 VUs, 5548 complete and 0 interrupted iterations
default ↓ [ 100% ] 500 VUs  1m0s

running (1m12.9s), 040/500 VUs, 5551 complete and 0 interrupted iterations
default ↓ [ 100% ] 500 VUs  1m0s

running (1m13.9s), 038/500 VUs, 5553 complete and 0 interrupted iterations
default ↓ [ 100% ] 500 VUs  1m0s

running (1m14.9s), 035/500 VUs, 5556 complete and 0 interrupted iterations
default ↓ [ 100% ] 500 VUs  1m0s

running (1m15.9s), 030/500 VUs, 5561 complete and 0 interrupted iterations
default ↓ [ 100% ] 500 VUs  1m0s

running (1m16.9s), 015/500 VUs, 5576 complete and 0 interrupted iterations
default ↓ [ 100% ] 500 VUs  1m0s

running (1m17.9s), 015/500 VUs, 5576 complete and 0 interrupted iterations
default ↓ [ 100% ] 500 VUs  1m0s

running (1m18.9s), 001/500 VUs, 5590 complete and 0 interrupted iterations
default ↓ [ 100% ] 500 VUs  1m0s

running (1m19.9s), 001/500 VUs, 5590 complete and 0 interrupted iterations
default ↓ [ 100% ] 500 VUs  1m0s

running (1m20.9s), 001/500 VUs, 5590 complete and 0 interrupted iterations
default ↓ [ 100% ] 500 VUs  1m0s

running (1m21.9s), 001/500 VUs, 5590 complete and 0 interrupted iterations
default ↓ [ 100% ] 500 VUs  1m0s

running (1m22.9s), 001/500 VUs, 5590 complete and 0 interrupted iterations
default ↓ [ 100% ] 500 VUs  1m0s

running (1m23.9s), 001/500 VUs, 5590 complete and 0 interrupted iterations
default ↓ [ 100% ] 500 VUs  1m0s

running (1m24.9s), 001/500 VUs, 5590 complete and 0 interrupted iterations
default ↓ [ 100% ] 500 VUs  1m0s

running (1m25.9s), 001/500 VUs, 5590 complete and 0 interrupted iterations
default ↓ [ 100% ] 500 VUs  1m0s

running (1m26.9s), 001/500 VUs, 5590 complete and 0 interrupted iterations
default ↓ [ 100% ] 500 VUs  1m0s

running (1m27.0s), 000/500 VUs, 5591 complete and 0 interrupted iterations
default ✓ [ 100% ] 500 VUs  1m0s

     ✗ status is 200
      ↳  88% — ✓ 4971 / ✗ 620

     checks.........................: 88.91% ✓ 4971      ✗ 620  
     data_received..................: 30 MB  344 kB/s
     data_sent......................: 3.8 MB 43 kB/s
     http_req_blocked...............: avg=2.31s    min=0s       med=1.46s    max=31.77s p(90)=5.11s    p(95)=8.03s   
     http_req_connecting............: avg=836.11ms min=0s       med=659.18ms max=7.12s  p(90)=1.81s    p(95)=2.26s   
     http_req_duration..............: avg=2.53s    min=0s       med=1.64s    max=56.87s p(90)=5.29s    p(95)=9.71s   
       { expected_response:true }...: avg=2.27s    min=245.66ms med=1.72s    max=34.52s p(90)=4.42s    p(95)=6.17s   
     http_req_failed................: 11.08% ✓ 620       ✗ 4971 
     http_req_receiving.............: avg=8.51ms   min=0s       med=78.72µs  max=2.55s  p(90)=1.71ms   p(95)=5.81ms  
     http_req_sending...............: avg=280.18µs min=0s       med=128.62µs max=45.6ms p(90)=373.22µs p(95)=482.68µs
     http_req_tls_handshaking.......: avg=1.27s    min=0s       med=568.48ms max=29.35s p(90)=2.52s    p(95)=5.1s    
     http_req_waiting...............: avg=2.52s    min=0s       med=1.63s    max=56.87s p(90)=5.27s    p(95)=9.71s   
     http_reqs......................: 5591   64.276575/s
     iteration_duration.............: avg=5.95s    min=1s       med=4.51s    max=1m1s   p(90)=12.31s   p(95)=14.51s  
     iterations.....................: 5591   64.276575/s
     vus............................: 1      min=1       max=500
     vus_max........................: 500    min=500     max=500

