
          /\      |‾‾| /‾‾/   /‾‾/   
     /\  /  \     |  |/  /   /  /    
    /  \/    \    |     (   /   ‾‾\  
   /          \   |  |\  \ |  (‾)  | 
  / __________ \  |__| \__\ \_____/ .io

  execution: local
     script: tunnels.js
     output: -

  scenarios: (100.00%) 1 scenario, 500 max VUs, 1m30s max duration (incl. graceful stop):
           * default: 500 looping VUs for 1m0s (gracefulStop: 30s)


running (0m00.9s), 500/500 VUs, 0 complete and 0 interrupted iterations
default   [   1% ] 500 VUs  0m00.9s/1m0s

running (0m01.9s), 500/500 VUs, 0 complete and 0 interrupted iterations
default   [   3% ] 500 VUs  0m01.9s/1m0s

running (0m02.9s), 500/500 VUs, 0 complete and 0 interrupted iterations
default   [   5% ] 500 VUs  0m02.9s/1m0s

running (0m03.9s), 500/500 VUs, 12 complete and 0 interrupted iterations
default   [   6% ] 500 VUs  0m03.9s/1m0s

running (0m04.9s), 500/500 VUs, 106 complete and 0 interrupted iterations
default   [   8% ] 500 VUs  0m04.9s/1m0s

running (0m05.9s), 500/500 VUs, 188 complete and 0 interrupted iterations
default   [  10% ] 500 VUs  0m05.9s/1m0s

running (0m06.9s), 500/500 VUs, 252 complete and 0 interrupted iterations
default   [  11% ] 500 VUs  0m06.9s/1m0s

running (0m07.9s), 500/500 VUs, 502 complete and 0 interrupted iterations
default   [  13% ] 500 VUs  0m07.9s/1m0s

running (0m08.9s), 500/500 VUs, 693 complete and 0 interrupted iterations
default   [  15% ] 500 VUs  0m08.9s/1m0s

running (0m09.9s), 500/500 VUs, 722 complete and 0 interrupted iterations
default   [  16% ] 500 VUs  0m09.9s/1m0s

running (0m10.9s), 500/500 VUs, 853 complete and 0 interrupted iterations
default   [  18% ] 500 VUs  0m10.9s/1m0s

running (0m11.9s), 500/500 VUs, 872 complete and 0 interrupted iterations
default   [  20% ] 500 VUs  0m11.9s/1m0s

running (0m12.9s), 500/500 VUs, 1004 complete and 0 interrupted iterations
default   [  21% ] 500 VUs  0m12.9s/1m0s

running (0m13.9s), 500/500 VUs, 1146 complete and 0 interrupted iterations
default   [  23% ] 500 VUs  0m13.9s/1m0s

running (0m14.9s), 500/500 VUs, 1274 complete and 0 interrupted iterations
default   [  25% ] 500 VUs  0m14.9s/1m0s

running (0m15.9s), 500/500 VUs, 1345 complete and 0 interrupted iterations
default   [  26% ] 500 VUs  0m15.9s/1m0s

running (0m16.9s), 500/500 VUs, 1565 complete and 0 interrupted iterations
default   [  28% ] 500 VUs  0m16.9s/1m0s

running (0m17.9s), 500/500 VUs, 1639 complete and 0 interrupted iterations
default   [  30% ] 500 VUs  0m17.9s/1m0s

running (0m18.9s), 500/500 VUs, 1640 complete and 0 interrupted iterations
default   [  31% ] 500 VUs  0m18.9s/1m0s

running (0m19.9s), 500/500 VUs, 1640 complete and 0 interrupted iterations
default   [  33% ] 500 VUs  0m19.9s/1m0s

running (0m20.9s), 500/500 VUs, 1774 complete and 0 interrupted iterations
default   [  35% ] 500 VUs  0m20.9s/1m0s

running (0m21.9s), 500/500 VUs, 1902 complete and 0 interrupted iterations
default   [  36% ] 500 VUs  0m21.9s/1m0s

running (0m22.9s), 500/500 VUs, 2058 complete and 0 interrupted iterations
default   [  38% ] 500 VUs  0m22.9s/1m0s

running (0m23.9s), 500/500 VUs, 2144 complete and 0 interrupted iterations
default   [  40% ] 500 VUs  0m23.9s/1m0s

running (0m24.9s), 500/500 VUs, 2285 complete and 0 interrupted iterations
default   [  41% ] 500 VUs  0m24.9s/1m0s

running (0m25.9s), 500/500 VUs, 2410 complete and 0 interrupted iterations
default   [  43% ] 500 VUs  0m25.9s/1m0s

running (0m26.9s), 500/500 VUs, 2416 complete and 0 interrupted iterations
default   [  45% ] 500 VUs  0m26.9s/1m0s

running (0m27.9s), 500/500 VUs, 2516 complete and 0 interrupted iterations
default   [  46% ] 500 VUs  0m27.9s/1m0s

running (0m28.9s), 500/500 VUs, 2694 complete and 0 interrupted iterations
default   [  48% ] 500 VUs  0m28.9s/1m0s

running (0m29.9s), 500/500 VUs, 2725 complete and 0 interrupted iterations
default   [  50% ] 500 VUs  0m29.9s/1m0s

running (0m30.9s), 500/500 VUs, 2937 complete and 0 interrupted iterations
default   [  51% ] 500 VUs  0m30.9s/1m0s

running (0m31.9s), 500/500 VUs, 2973 complete and 0 interrupted iterations
default   [  53% ] 500 VUs  0m31.9s/1m0s

running (0m32.9s), 500/500 VUs, 3121 complete and 0 interrupted iterations
default   [  55% ] 500 VUs  0m32.9s/1m0s

running (0m33.9s), 500/500 VUs, 3190 complete and 0 interrupted iterations
default   [  56% ] 500 VUs  0m33.9s/1m0s

running (0m34.9s), 500/500 VUs, 3326 complete and 0 interrupted iterations
default   [  58% ] 500 VUs  0m34.9s/1m0s

running (0m35.9s), 500/500 VUs, 3367 complete and 0 interrupted iterations
default   [  60% ] 500 VUs  0m35.9s/1m0s

running (0m36.9s), 500/500 VUs, 3425 complete and 0 interrupted iterations
default   [  61% ] 500 VUs  0m36.9s/1m0s

running (0m37.9s), 500/500 VUs, 3540 complete and 0 interrupted iterations
default   [  63% ] 500 VUs  0m37.9s/1m0s

running (0m38.9s), 500/500 VUs, 3569 complete and 0 interrupted iterations
default   [  65% ] 500 VUs  0m38.9s/1m0s

running (0m39.9s), 500/500 VUs, 3694 complete and 0 interrupted iterations
default   [  66% ] 500 VUs  0m39.9s/1m0s

running (0m40.9s), 500/500 VUs, 3790 complete and 0 interrupted iterations
default   [  68% ] 500 VUs  0m40.9s/1m0s

running (0m41.9s), 500/500 VUs, 3835 complete and 0 interrupted iterations
default   [  70% ] 500 VUs  0m41.9s/1m0s

running (0m42.9s), 500/500 VUs, 4008 complete and 0 interrupted iterations
default   [  71% ] 500 VUs  0m42.9s/1m0s

running (0m43.9s), 500/500 VUs, 4020 complete and 0 interrupted iterations
default   [  73% ] 500 VUs  0m43.9s/1m0s

running (0m44.9s), 500/500 VUs, 4101 complete and 0 interrupted iterations
default   [  75% ] 500 VUs  0m44.9s/1m0s

running (0m45.9s), 500/500 VUs, 4163 complete and 0 interrupted iterations
default   [  76% ] 500 VUs  0m45.9s/1m0s

running (0m46.9s), 500/500 VUs, 4240 complete and 0 interrupted iterations
default   [  78% ] 500 VUs  0m46.9s/1m0s

running (0m47.9s), 500/500 VUs, 4381 complete and 0 interrupted iterations
default   [  80% ] 500 VUs  0m47.9s/1m0s

running (0m48.9s), 500/500 VUs, 4477 complete and 0 interrupted iterations
default   [  81% ] 500 VUs  0m48.9s/1m0s

running (0m49.9s), 500/500 VUs, 4547 complete and 0 interrupted iterations
default   [  83% ] 500 VUs  0m49.9s/1m0s

running (0m50.9s), 500/500 VUs, 4637 complete and 0 interrupted iterations
default   [  85% ] 500 VUs  0m50.9s/1m0s

running (0m51.9s), 500/500 VUs, 4687 complete and 0 interrupted iterations
default   [  86% ] 500 VUs  0m51.9s/1m0s

running (0m52.9s), 500/500 VUs, 4763 complete and 0 interrupted iterations
default   [  88% ] 500 VUs  0m52.9s/1m0s

running (0m53.9s), 500/500 VUs, 4775 complete and 0 interrupted iterations
default   [  90% ] 500 VUs  0m53.9s/1m0s

running (0m54.9s), 500/500 VUs, 4861 complete and 0 interrupted iterations
default   [  91% ] 500 VUs  0m54.9s/1m0s

running (0m55.9s), 500/500 VUs, 4938 complete and 0 interrupted iterations
default   [  93% ] 500 VUs  0m55.9s/1m0s

running (0m56.9s), 500/500 VUs, 5001 complete and 0 interrupted iterations
default   [  95% ] 500 VUs  0m56.9s/1m0s

running (0m57.9s), 500/500 VUs, 5059 complete and 0 interrupted iterations
default   [  96% ] 500 VUs  0m57.9s/1m0s

running (0m58.9s), 500/500 VUs, 5122 complete and 0 interrupted iterations
default   [  98% ] 500 VUs  0m58.9s/1m0s

running (0m59.9s), 500/500 VUs, 5204 complete and 0 interrupted iterations
default   [ 100% ] 500 VUs  0m59.9s/1m0s

running (1m00.9s), 425/500 VUs, 5279 complete and 0 interrupted iterations
default ↓ [ 100% ] 500 VUs  1m0s

running (1m01.9s), 290/500 VUs, 5414 complete and 0 interrupted iterations
default ↓ [ 100% ] 500 VUs  1m0s

running (1m02.9s), 197/500 VUs, 5507 complete and 0 interrupted iterations
default ↓ [ 100% ] 500 VUs  1m0s

running (1m03.9s), 064/500 VUs, 5640 complete and 0 interrupted iterations
default ↓ [ 100% ] 500 VUs  1m0s

running (1m04.9s), 012/500 VUs, 5692 complete and 0 interrupted iterations
default ↓ [ 100% ] 500 VUs  1m0s

running (1m05.9s), 004/500 VUs, 5700 complete and 0 interrupted iterations
default ↓ [ 100% ] 500 VUs  1m0s

running (1m06.9s), 001/500 VUs, 5703 complete and 0 interrupted iterations
default ↓ [ 100% ] 500 VUs  1m0s

running (1m07.9s), 001/500 VUs, 5703 complete and 0 interrupted iterations
default ↓ [ 100% ] 500 VUs  1m0s

running (1m08.9s), 001/500 VUs, 5703 complete and 0 interrupted iterations
default ↓ [ 100% ] 500 VUs  1m0s

running (1m09.9s), 001/500 VUs, 5703 complete and 0 interrupted iterations
default ↓ [ 100% ] 500 VUs  1m0s

running (1m10.9s), 001/500 VUs, 5703 complete and 0 interrupted iterations
default ↓ [ 100% ] 500 VUs  1m0s

running (1m11.9s), 001/500 VUs, 5703 complete and 0 interrupted iterations
default ↓ [ 100% ] 500 VUs  1m0s

running (1m12.9s), 001/500 VUs, 5703 complete and 0 interrupted iterations
default ↓ [ 100% ] 500 VUs  1m0s

running (1m13.9s), 001/500 VUs, 5703 complete and 0 interrupted iterations
default ↓ [ 100% ] 500 VUs  1m0s

running (1m14.9s), 001/500 VUs, 5703 complete and 0 interrupted iterations
default ↓ [ 100% ] 500 VUs  1m0s

running (1m15.9s), 001/500 VUs, 5703 complete and 0 interrupted iterations
default ↓ [ 100% ] 500 VUs  1m0s

running (1m16.9s), 001/500 VUs, 5703 complete and 0 interrupted iterations
default ↓ [ 100% ] 500 VUs  1m0s

running (1m17.9s), 001/500 VUs, 5703 complete and 0 interrupted iterations
default ↓ [ 100% ] 500 VUs  1m0s

running (1m18.9s), 001/500 VUs, 5703 complete and 0 interrupted iterations
default ↓ [ 100% ] 500 VUs  1m0s

running (1m19.2s), 000/500 VUs, 5704 complete and 0 interrupted iterations
default ✓ [ 100% ] 500 VUs  1m0s

     ✗ status is 200
      ↳  99% — ✓ 5689 / ✗ 15

     checks.........................: 99.73% ✓ 5689      ✗ 15   
     data_received..................: 32 MB  402 kB/s
     data_sent......................: 4.0 MB 50 kB/s
     http_req_blocked...............: avg=2.45s    min=0s       med=1.7s     max=15.73s  p(90)=5.41s    p(95)=7.36s   
     http_req_connecting............: avg=1.02s    min=0s       med=986.4ms  max=15.57s  p(90)=1.73s    p(95)=2.33s   
     http_req_duration..............: avg=1.98s    min=0s       med=1.69s    max=11.5s   p(90)=4.39s    p(95)=5.17s   
       { expected_response:true }...: avg=1.97s    min=245.41ms med=1.69s    max=10.99s  p(90)=4.39s    p(95)=5.16s   
     http_req_failed................: 0.26%  ✓ 15        ✗ 5689 
     http_req_receiving.............: avg=10ms     min=0s       med=82.9µs   max=2.63s   p(90)=1.91ms   p(95)=6.15ms  
     http_req_sending...............: avg=222.97µs min=0s       med=117.11µs max=26.35ms p(90)=324.98µs p(95)=398.91µs
     http_req_tls_handshaking.......: avg=1.29s    min=0s       med=582.26ms max=14.25s  p(90)=3.76s    p(95)=5.84s   
     http_req_waiting...............: avg=1.97s    min=0s       med=1.68s    max=11.5s   p(90)=4.39s    p(95)=5.16s   
     http_reqs......................: 5704   72.052655/s
     iteration_duration.............: avg=5.47s    min=1.36s    med=4.79s    max=31s     p(90)=8.94s    p(95)=10.76s  
     iterations.....................: 5704   72.052655/s
     vus............................: 1      min=1       max=500
     vus_max........................: 500    min=500     max=500

