
          /\      |‾‾| /‾‾/   /‾‾/
     /\  /  \     |  |/  /   /  /
    /  \/    \    |     (   /   ‾‾\
   /          \   |  |\  \ |  (‾)  |
  / __________ \  |__| \__\ \_____/ .io

  execution: local
     script: tunnels.js
     output: -

  scenarios: (100.00%) 1 scenario, 1000 max VUs, 1m30s max duration (incl. graceful stop):
           * default: 1000 looping VUs for 1m0s (gracefulStop: 30s)


running (0m00.8s), 1000/1000 VUs, 0 complete and 0 interrupted iterations
default   [   1% ] 1000 VUs  0m00.8s/1m0s

running (0m01.8s), 1000/1000 VUs, 0 complete and 0 interrupted iterations
default   [   3% ] 1000 VUs  0m01.8s/1m0s

running (0m02.8s), 1000/1000 VUs, 357 complete and 0 interrupted iterations
default   [   5% ] 1000 VUs  0m02.8s/1m0s

running (0m03.8s), 1000/1000 VUs, 426 complete and 0 interrupted iterations
default   [   6% ] 1000 VUs  0m03.8s/1m0s

running (0m04.8s), 1000/1000 VUs, 703 complete and 0 interrupted iterations
default   [   8% ] 1000 VUs  0m04.8s/1m0s

running (0m05.8s), 1000/1000 VUs, 812 complete and 0 interrupted iterations
default   [  10% ] 1000 VUs  0m05.8s/1m0s

running (0m06.8s), 1000/1000 VUs, 960 complete and 0 interrupted iterations
default   [  11% ] 1000 VUs  0m06.8s/1m0s

running (0m07.8s), 1000/1000 VUs, 1001 complete and 0 interrupted iterations
default   [  13% ] 1000 VUs  0m07.8s/1m0s

running (0m08.8s), 1000/1000 VUs, 1006 complete and 0 interrupted iterations
default   [  15% ] 1000 VUs  0m08.8s/1m0s

running (0m09.8s), 1000/1000 VUs, 1027 complete and 0 interrupted iterations
default   [  16% ] 1000 VUs  0m09.8s/1m0s

running (0m10.8s), 1000/1000 VUs, 1061 complete and 0 interrupted iterations
default   [  18% ] 1000 VUs  0m10.8s/1m0s

running (0m11.8s), 1000/1000 VUs, 1061 complete and 0 interrupted iterations
default   [  20% ] 1000 VUs  0m11.8s/1m0s

running (0m12.8s), 1000/1000 VUs, 1061 complete and 0 interrupted iterations
default   [  21% ] 1000 VUs  0m12.8s/1m0s

running (0m13.8s), 1000/1000 VUs, 1075 complete and 0 interrupted iterations
default   [  23% ] 1000 VUs  0m13.8s/1m0s

running (0m14.8s), 1000/1000 VUs, 1075 complete and 0 interrupted iterations
default   [  25% ] 1000 VUs  0m14.8s/1m0s

running (0m15.8s), 1000/1000 VUs, 1075 complete and 0 interrupted iterations
default   [  26% ] 1000 VUs  0m15.8s/1m0s

running (0m16.8s), 1000/1000 VUs, 1075 complete and 0 interrupted iterations
default   [  28% ] 1000 VUs  0m16.8s/1m0s

running (0m17.8s), 1000/1000 VUs, 1075 complete and 0 interrupted iterations
default   [  30% ] 1000 VUs  0m17.8s/1m0s

running (0m18.8s), 1000/1000 VUs, 1092 complete and 0 interrupted iterations
default   [  31% ] 1000 VUs  0m18.8s/1m0s

running (0m19.8s), 1000/1000 VUs, 1092 complete and 0 interrupted iterations
default   [  33% ] 1000 VUs  0m19.8s/1m0s

running (0m20.8s), 1000/1000 VUs, 1092 complete and 0 interrupted iterations
default   [  35% ] 1000 VUs  0m20.8s/1m0s

running (0m21.8s), 1000/1000 VUs, 1092 complete and 0 interrupted iterations
default   [  36% ] 1000 VUs  0m21.8s/1m0s

running (0m22.8s), 1000/1000 VUs, 1092 complete and 0 interrupted iterations
default   [  38% ] 1000 VUs  0m22.8s/1m0s

running (0m23.8s), 1000/1000 VUs, 1092 complete and 0 interrupted iterations
default   [  40% ] 1000 VUs  0m23.8s/1m0s

running (0m24.8s), 1000/1000 VUs, 1092 complete and 0 interrupted iterations
default   [  41% ] 1000 VUs  0m24.8s/1m0s

running (0m25.8s), 1000/1000 VUs, 1092 complete and 0 interrupted iterations
default   [  43% ] 1000 VUs  0m25.8s/1m0s

running (0m26.8s), 1000/1000 VUs, 1092 complete and 0 interrupted iterations
default   [  45% ] 1000 VUs  0m26.8s/1m0s

running (0m27.8s), 1000/1000 VUs, 1092 complete and 0 interrupted iterations
default   [  46% ] 1000 VUs  0m27.8s/1m0s

running (0m28.8s), 1000/1000 VUs, 1099 complete and 0 interrupted iterations
default   [  48% ] 1000 VUs  0m28.8s/1m0s

running (0m29.8s), 1000/1000 VUs, 1112 complete and 0 interrupted iterations
default   [  50% ] 1000 VUs  0m29.8s/1m0s

running (0m30.8s), 1000/1000 VUs, 1265 complete and 0 interrupted iterations
default   [  51% ] 1000 VUs  0m30.8s/1m0s

running (0m31.8s), 1000/1000 VUs, 1573 complete and 0 interrupted iterations
default   [  53% ] 1000 VUs  0m31.8s/1m0s

running (0m32.8s), 1000/1000 VUs, 1653 complete and 0 interrupted iterations
default   [  55% ] 1000 VUs  0m32.8s/1m0s

running (0m33.8s), 1000/1000 VUs, 1675 complete and 0 interrupted iterations
default   [  56% ] 1000 VUs  0m33.8s/1m0s

running (0m34.8s), 1000/1000 VUs, 1715 complete and 0 interrupted iterations
default   [  58% ] 1000 VUs  0m34.8s/1m0s

running (0m35.8s), 1000/1000 VUs, 2009 complete and 0 interrupted iterations
default   [  60% ] 1000 VUs  0m35.8s/1m0s

running (0m36.8s), 1000/1000 VUs, 2118 complete and 0 interrupted iterations
default   [  61% ] 1000 VUs  0m36.8s/1m0s

running (0m37.8s), 1000/1000 VUs, 2217 complete and 0 interrupted iterations
default   [  63% ] 1000 VUs  0m37.8s/1m0s

running (0m38.8s), 1000/1000 VUs, 2343 complete and 0 interrupted iterations
default   [  65% ] 1000 VUs  0m38.8s/1m0s

running (0m39.8s), 1000/1000 VUs, 2508 complete and 0 interrupted iterations
default   [  66% ] 1000 VUs  0m39.8s/1m0s

running (0m40.8s), 1000/1000 VUs, 2866 complete and 0 interrupted iterations
default   [  68% ] 1000 VUs  0m40.8s/1m0s

running (0m41.8s), 1000/1000 VUs, 3107 complete and 0 interrupted iterations
default   [  70% ] 1000 VUs  0m41.8s/1m0s

running (0m42.8s), 1000/1000 VUs, 3149 complete and 0 interrupted iterations
default   [  71% ] 1000 VUs  0m42.8s/1m0s

running (0m43.8s), 1000/1000 VUs, 3529 complete and 0 interrupted iterations
default   [  73% ] 1000 VUs  0m43.8s/1m0s

running (0m44.8s), 1000/1000 VUs, 3550 complete and 0 interrupted iterations
default   [  75% ] 1000 VUs  0m44.8s/1m0s

running (0m45.8s), 1000/1000 VUs, 3648 complete and 0 interrupted iterations
default   [  76% ] 1000 VUs  0m45.8s/1m0s

running (0m46.8s), 1000/1000 VUs, 3733 complete and 0 interrupted iterations
default   [  78% ] 1000 VUs  0m46.8s/1m0s

running (0m47.8s), 1000/1000 VUs, 3938 complete and 0 interrupted iterations
default   [  80% ] 1000 VUs  0m47.8s/1m0s

running (0m48.8s), 1000/1000 VUs, 4171 complete and 0 interrupted iterations
default   [  81% ] 1000 VUs  0m48.8s/1m0s

running (0m49.8s), 1000/1000 VUs, 4189 complete and 0 interrupted iterations
default   [  83% ] 1000 VUs  0m49.8s/1m0s

running (0m50.8s), 1000/1000 VUs, 4408 complete and 0 interrupted iterations
default   [  85% ] 1000 VUs  0m50.8s/1m0s

running (0m51.8s), 1000/1000 VUs, 4708 complete and 0 interrupted iterations
default   [  86% ] 1000 VUs  0m51.8s/1m0s

running (0m52.8s), 1000/1000 VUs, 4718 complete and 0 interrupted iterations
default   [  88% ] 1000 VUs  0m52.8s/1m0s

running (0m53.8s), 1000/1000 VUs, 4775 complete and 0 interrupted iterations
default   [  90% ] 1000 VUs  0m53.8s/1m0s

running (0m54.8s), 1000/1000 VUs, 5091 complete and 0 interrupted iterations
default   [  91% ] 1000 VUs  0m54.8s/1m0s

running (0m55.8s), 1000/1000 VUs, 5146 complete and 0 interrupted iterations
default   [  93% ] 1000 VUs  0m55.8s/1m0s

running (0m56.8s), 1000/1000 VUs, 5286 complete and 0 interrupted iterations
default   [  95% ] 1000 VUs  0m56.8s/1m0s

running (0m57.8s), 1000/1000 VUs, 5420 complete and 0 interrupted iterations
default   [  96% ] 1000 VUs  0m57.8s/1m0s

running (0m58.8s), 1000/1000 VUs, 5623 complete and 0 interrupted iterations
default   [  98% ] 1000 VUs  0m58.8s/1m0s

running (0m59.8s), 1000/1000 VUs, 5637 complete and 0 interrupted iterations
default   [ 100% ] 1000 VUs  0m59.8s/1m0s

running (1m00.8s), 0866/1000 VUs, 5773 complete and 0 interrupted iterations
default ↓ [ 100% ] 1000 VUs  1m0s

running (1m01.8s), 0754/1000 VUs, 5885 complete and 0 interrupted iterations
default ↓ [ 100% ] 1000 VUs  1m0s

running (1m02.8s), 0551/1000 VUs, 6088 complete and 0 interrupted iterations
default ↓ [ 100% ] 1000 VUs  1m0s

running (1m03.8s), 0521/1000 VUs, 6118 complete and 0 interrupted iterations
default ↓ [ 100% ] 1000 VUs  1m0s

running (1m04.8s), 0460/1000 VUs, 6179 complete and 0 interrupted iterations
default ↓ [ 100% ] 1000 VUs  1m0s

running (1m05.8s), 0314/1000 VUs, 6325 complete and 0 interrupted iterations
default ↓ [ 100% ] 1000 VUs  1m0s

running (1m06.8s), 0265/1000 VUs, 6374 complete and 0 interrupted iterations
default ↓ [ 100% ] 1000 VUs  1m0s

running (1m07.8s), 0158/1000 VUs, 6481 complete and 0 interrupted iterations
default ↓ [ 100% ] 1000 VUs  1m0s

running (1m08.8s), 0097/1000 VUs, 6542 complete and 0 interrupted iterations
default ↓ [ 100% ] 1000 VUs  1m0s

running (1m09.8s), 0019/1000 VUs, 6620 complete and 0 interrupted iterations
default ↓ [ 100% ] 1000 VUs  1m0s

running (1m10.8s), 0017/1000 VUs, 6622 complete and 0 interrupted iterations
default ↓ [ 100% ] 1000 VUs  1m0s

running (1m11.8s), 0009/1000 VUs, 6630 complete and 0 interrupted iterations
default ↓ [ 100% ] 1000 VUs  1m0s

running (1m12.8s), 0009/1000 VUs, 6630 complete and 0 interrupted iterations
default ↓ [ 100% ] 1000 VUs  1m0s

running (1m13.8s), 0009/1000 VUs, 6630 complete and 0 interrupted iterations
default ↓ [ 100% ] 1000 VUs  1m0s

running (1m14.8s), 0006/1000 VUs, 6633 complete and 0 interrupted iterations
default ↓ [ 100% ] 1000 VUs  1m0s

running (1m15.8s), 0006/1000 VUs, 6633 complete and 0 interrupted iterations
default ↓ [ 100% ] 1000 VUs  1m0s

running (1m16.8s), 0006/1000 VUs, 6633 complete and 0 interrupted iterations
default ↓ [ 100% ] 1000 VUs  1m0s

running (1m17.8s), 0006/1000 VUs, 6633 complete and 0 interrupted iterations
default ↓ [ 100% ] 1000 VUs  1m0s

running (1m18.8s), 0005/1000 VUs, 6634 complete and 0 interrupted iterations
default ↓ [ 100% ] 1000 VUs  1m0s

running (1m19.8s), 0004/1000 VUs, 6635 complete and 0 interrupted iterations
default ↓ [ 100% ] 1000 VUs  1m0s

running (1m20.8s), 0003/1000 VUs, 6636 complete and 0 interrupted iterations
default ↓ [ 100% ] 1000 VUs  1m0s

running (1m21.8s), 0003/1000 VUs, 6636 complete and 0 interrupted iterations
default ↓ [ 100% ] 1000 VUs  1m0s

running (1m22.8s), 0003/1000 VUs, 6636 complete and 0 interrupted iterations
default ↓ [ 100% ] 1000 VUs  1m0s

running (1m23.8s), 0003/1000 VUs, 6636 complete and 0 interrupted iterations
default ↓ [ 100% ] 1000 VUs  1m0s

running (1m24.8s), 0003/1000 VUs, 6636 complete and 0 interrupted iterations
default ↓ [ 100% ] 1000 VUs  1m0s

running (1m25.8s), 0001/1000 VUs, 6638 complete and 0 interrupted iterations
default ↓ [ 100% ] 1000 VUs  1m0s

running (1m26.8s), 0001/1000 VUs, 6638 complete and 0 interrupted iterations
default ↓ [ 100% ] 1000 VUs  1m0s

running (1m27.8s), 0001/1000 VUs, 6638 complete and 0 interrupted iterations
default ↓ [ 100% ] 1000 VUs  1m0s

running (1m28.8s), 0001/1000 VUs, 6638 complete and 0 interrupted iterations
default ↓ [ 100% ] 1000 VUs  1m0s

running (1m29.8s), 0001/1000 VUs, 6638 complete and 0 interrupted iterations
default ↓ [ 100% ] 1000 VUs  1m0s

running (1m30.0s), 0000/1000 VUs, 6638 complete and 1 interrupted iterations
default ✓ [ 100% ] 1000 VUs  1m0s

     ✗ status is 200
      ↳  95% — ✓ 6308 / ✗ 330

     checks.........................: 95.02% ✓ 6308      ✗ 330
     data_received..................: 36 MB  398 kB/s
     data_sent......................: 4.5 MB 50 kB/s
     http_req_blocked...............: avg=4.12s    min=0s       med=1.53s    max=58.19s  p(90)=8.7s    p(95)=23.34s
     http_req_connecting............: avg=1.8s     min=0s       med=697.75ms max=27.57s  p(90)=1.51s   p(95)=15.88s
     http_req_duration..............: avg=2.9s     min=0s       med=984.96ms max=58.87s  p(90)=4.99s   p(95)=22.66s
     http_req_duration..............: avg=2.07s    min=0s       med=787.33ms max=35.37s  p(90)=2.65s    p(95)=10.13s
       { expected_response:true }...: avg=2.76s    min=247.62ms med=1s       max=56.67s  p(90)=4.7s    p(95)=19.81s
     http_req_failed................: 4.97%  ✓ 330       ✗ 6308
     http_req_receiving.............: avg=21.12ms  min=0s       med=95.42µs  max=5.22s   p(90)=2.68ms  p(95)=13.14ms
     http_req_sending...............: avg=287.78µs min=0s       med=132.73µs max=85.02ms p(90)=355.4µs p(95)=444.35µs
     http_req_tls_handshaking.......: avg=2.32s    min=0s       med=626.88ms max=56.03s  p(90)=5.99s   p(95)=7.86s
     http_req_waiting...............: avg=2.88s    min=0s       med=910.07ms max=58.87s  p(90)=4.97s   p(95)=22.66s
     http_reqs......................: 6638   73.752361/s
     iteration_duration.............: avg=9.69s    min=1.25s    med=4.31s    max=1m1s    p(90)=27.68s  p(95)=33.43s
     iterations.....................: 6638   73.752361/s
     vus............................: 1      min=1       max=1000
     vus_max........................: 1000   min=1000    max=1000

