
          /\      |‾‾| /‾‾/   /‾‾/   
     /\  /  \     |  |/  /   /  /    
    /  \/    \    |     (   /   ‾‾\  
   /          \   |  |\  \ |  (‾)  | 
  / __________ \  |__| \__\ \_____/ .io

  execution: local
     script: tunnels.js
     output: -

  scenarios: (100.00%) 1 scenario, 10000 max VUs, 1m30s max duration (incl. graceful stop):
           * default: 10000 looping VUs for 1m0s (gracefulStop: 30s)


Init      [  57% ] 05664/10000 VUs initialized
default   [   0% ]

running (0m00.2s), 05150/10000 VUs, 0 complete and 0 interrupted iterations
default   [   0% ] 10000 VUs  0m00.2s/1m0s

running (0m01.2s), 10000/10000 VUs, 0 complete and 0 interrupted iterations
default   [   2% ] 10000 VUs  0m01.2s/1m0s

running (0m02.2s), 10000/10000 VUs, 42 complete and 0 interrupted iterations
default   [   4% ] 10000 VUs  0m02.2s/1m0s

running (0m03.2s), 10000/10000 VUs, 104 complete and 0 interrupted iterations
default   [   5% ] 10000 VUs  0m03.2s/1m0s

running (0m04.2s), 10000/10000 VUs, 110 complete and 0 interrupted iterations
default   [   7% ] 10000 VUs  0m04.2s/1m0s

running (0m05.2s), 10000/10000 VUs, 168 complete and 0 interrupted iterations
default   [   9% ] 10000 VUs  0m05.2s/1m0s

running (0m06.2s), 10000/10000 VUs, 492 complete and 0 interrupted iterations
default   [  10% ] 10000 VUs  0m06.2s/1m0s

running (0m07.2s), 10000/10000 VUs, 767 complete and 0 interrupted iterations
default   [  12% ] 10000 VUs  0m07.2s/1m0s

running (0m08.2s), 10000/10000 VUs, 1000 complete and 0 interrupted iterations
default   [  14% ] 10000 VUs  0m08.2s/1m0s

running (0m09.2s), 10000/10000 VUs, 1065 complete and 0 interrupted iterations
default   [  15% ] 10000 VUs  0m09.2s/1m0s

running (0m10.2s), 10000/10000 VUs, 1838 complete and 0 interrupted iterations
default   [  17% ] 10000 VUs  0m10.2s/1m0s

running (0m11.2s), 10000/10000 VUs, 2778 complete and 0 interrupted iterations
default   [  19% ] 10000 VUs  0m11.2s/1m0s

running (0m12.2s), 10000/10000 VUs, 3611 complete and 0 interrupted iterations
default   [  20% ] 10000 VUs  0m12.2s/1m0s

running (0m13.2s), 10000/10000 VUs, 4471 complete and 0 interrupted iterations
default   [  22% ] 10000 VUs  0m13.2s/1m0s

running (0m14.2s), 10000/10000 VUs, 5583 complete and 0 interrupted iterations
default   [  24% ] 10000 VUs  0m14.2s/1m0s

running (0m15.2s), 10000/10000 VUs, 6637 complete and 0 interrupted iterations
default   [  25% ] 10000 VUs  0m15.2s/1m0s

running (0m16.2s), 10000/10000 VUs, 7686 complete and 0 interrupted iterations
default   [  27% ] 10000 VUs  0m16.2s/1m0s

running (0m17.2s), 10000/10000 VUs, 8786 complete and 0 interrupted iterations
default   [  29% ] 10000 VUs  0m17.2s/1m0s

running (0m18.2s), 10000/10000 VUs, 9680 complete and 0 interrupted iterations
default   [  30% ] 10000 VUs  0m18.2s/1m0s

running (0m19.2s), 10000/10000 VUs, 10407 complete and 0 interrupted iterations
default   [  32% ] 10000 VUs  0m19.2s/1m0s

running (0m20.2s), 10000/10000 VUs, 11085 complete and 0 interrupted iterations
default   [  34% ] 10000 VUs  0m20.2s/1m0s

running (0m21.2s), 10000/10000 VUs, 11751 complete and 0 interrupted iterations
default   [  35% ] 10000 VUs  0m21.2s/1m0s

running (0m22.2s), 10000/10000 VUs, 12349 complete and 0 interrupted iterations
default   [  37% ] 10000 VUs  0m22.2s/1m0s

running (0m23.2s), 10000/10000 VUs, 13026 complete and 0 interrupted iterations
default   [  39% ] 10000 VUs  0m23.2s/1m0s

running (0m24.2s), 10000/10000 VUs, 13724 complete and 0 interrupted iterations
default   [  40% ] 10000 VUs  0m24.2s/1m0s

running (0m25.2s), 10000/10000 VUs, 14381 complete and 0 interrupted iterations
default   [  42% ] 10000 VUs  0m25.2s/1m0s

running (0m26.2s), 10000/10000 VUs, 15021 complete and 0 interrupted iterations
default   [  44% ] 10000 VUs  0m26.2s/1m0s

running (0m27.2s), 10000/10000 VUs, 15510 complete and 0 interrupted iterations
default   [  45% ] 10000 VUs  0m27.2s/1m0s

running (0m28.2s), 10000/10000 VUs, 16113 complete and 0 interrupted iterations
default   [  47% ] 10000 VUs  0m28.2s/1m0s

running (0m29.2s), 10000/10000 VUs, 16864 complete and 0 interrupted iterations
default   [  49% ] 10000 VUs  0m29.2s/1m0s

running (0m30.2s), 10000/10000 VUs, 17578 complete and 0 interrupted iterations
default   [  50% ] 10000 VUs  0m30.2s/1m0s

running (0m31.2s), 10000/10000 VUs, 18214 complete and 0 interrupted iterations
default   [  52% ] 10000 VUs  0m31.2s/1m0s

running (0m32.2s), 10000/10000 VUs, 18915 complete and 0 interrupted iterations
default   [  54% ] 10000 VUs  0m32.2s/1m0s

running (0m33.2s), 10000/10000 VUs, 19486 complete and 0 interrupted iterations
default   [  55% ] 10000 VUs  0m33.2s/1m0s

running (0m34.2s), 10000/10000 VUs, 20178 complete and 0 interrupted iterations
default   [  57% ] 10000 VUs  0m34.2s/1m0s

running (0m35.2s), 10000/10000 VUs, 20840 complete and 0 interrupted iterations
default   [  59% ] 10000 VUs  0m35.2s/1m0s

running (0m36.2s), 10000/10000 VUs, 21452 complete and 0 interrupted iterations
default   [  60% ] 10000 VUs  0m36.2s/1m0s

running (0m37.2s), 10000/10000 VUs, 22083 complete and 0 interrupted iterations
default   [  62% ] 10000 VUs  0m37.2s/1m0s

running (0m38.2s), 10000/10000 VUs, 22661 complete and 0 interrupted iterations
default   [  64% ] 10000 VUs  0m38.2s/1m0s

running (0m39.2s), 10000/10000 VUs, 23170 complete and 0 interrupted iterations
default   [  65% ] 10000 VUs  0m39.2s/1m0s

running (0m40.2s), 10000/10000 VUs, 23697 complete and 0 interrupted iterations
default   [  67% ] 10000 VUs  0m40.2s/1m0s

running (0m41.2s), 10000/10000 VUs, 24284 complete and 0 interrupted iterations
default   [  69% ] 10000 VUs  0m41.2s/1m0s

running (0m42.2s), 10000/10000 VUs, 24853 complete and 0 interrupted iterations
default   [  70% ] 10000 VUs  0m42.2s/1m0s

running (0m43.2s), 10000/10000 VUs, 25256 complete and 0 interrupted iterations
default   [  72% ] 10000 VUs  0m43.2s/1m0s

running (0m44.2s), 10000/10000 VUs, 25705 complete and 0 interrupted iterations
default   [  74% ] 10000 VUs  0m44.2s/1m0s

running (0m45.2s), 10000/10000 VUs, 26209 complete and 0 interrupted iterations
default   [  75% ] 10000 VUs  0m45.2s/1m0s

running (0m46.2s), 10000/10000 VUs, 26692 complete and 0 interrupted iterations
default   [  77% ] 10000 VUs  0m46.2s/1m0s

running (0m47.2s), 10000/10000 VUs, 27217 complete and 0 interrupted iterations
default   [  79% ] 10000 VUs  0m47.2s/1m0s

running (0m48.2s), 10000/10000 VUs, 27716 complete and 0 interrupted iterations
default   [  80% ] 10000 VUs  0m48.2s/1m0s

running (0m49.2s), 10000/10000 VUs, 28206 complete and 0 interrupted iterations
default   [  82% ] 10000 VUs  0m49.2s/1m0s

running (0m50.2s), 10000/10000 VUs, 28860 complete and 0 interrupted iterations
default   [  84% ] 10000 VUs  0m50.2s/1m0s

running (0m51.2s), 10000/10000 VUs, 29514 complete and 0 interrupted iterations
default   [  85% ] 10000 VUs  0m51.2s/1m0s

running (0m52.2s), 10000/10000 VUs, 30086 complete and 0 interrupted iterations
default   [  87% ] 10000 VUs  0m52.2s/1m0s

running (0m53.2s), 10000/10000 VUs, 30703 complete and 0 interrupted iterations
default   [  89% ] 10000 VUs  0m53.2s/1m0s

running (0m54.2s), 10000/10000 VUs, 31252 complete and 0 interrupted iterations
default   [  90% ] 10000 VUs  0m54.2s/1m0s

running (0m55.2s), 10000/10000 VUs, 31716 complete and 0 interrupted iterations
default   [  92% ] 10000 VUs  0m55.2s/1m0s

running (0m56.2s), 10000/10000 VUs, 32253 complete and 0 interrupted iterations
default   [  94% ] 10000 VUs  0m56.2s/1m0s

running (0m57.2s), 10000/10000 VUs, 32833 complete and 0 interrupted iterations
default   [  95% ] 10000 VUs  0m57.2s/1m0s

running (0m58.2s), 10000/10000 VUs, 33351 complete and 0 interrupted iterations
default   [  97% ] 10000 VUs  0m58.2s/1m0s

running (0m59.2s), 10000/10000 VUs, 33924 complete and 0 interrupted iterations
default   [  99% ] 10000 VUs  0m59.2s/1m0s

running (1m00.2s), 09804/10000 VUs, 34517 complete and 0 interrupted iterations
default ↓ [ 100% ] 10000 VUs  1m0s

running (1m01.2s), 09270/10000 VUs, 35051 complete and 0 interrupted iterations
default ↓ [ 100% ] 10000 VUs  1m0s

running (1m02.2s), 08721/10000 VUs, 35600 complete and 0 interrupted iterations
default ↓ [ 100% ] 10000 VUs  1m0s

running (1m03.2s), 07977/10000 VUs, 36344 complete and 0 interrupted iterations
default ↓ [ 100% ] 10000 VUs  1m0s

running (1m04.2s), 07401/10000 VUs, 36920 complete and 0 interrupted iterations
default ↓ [ 100% ] 10000 VUs  1m0s

running (1m05.2s), 06535/10000 VUs, 37786 complete and 0 interrupted iterations
default ↓ [ 100% ] 10000 VUs  1m0s

running (1m06.2s), 05651/10000 VUs, 38670 complete and 0 interrupted iterations
default ↓ [ 100% ] 10000 VUs  1m0s

running (1m07.2s), 04588/10000 VUs, 39733 complete and 0 interrupted iterations
default ↓ [ 100% ] 10000 VUs  1m0s

running (1m08.2s), 03482/10000 VUs, 40839 complete and 0 interrupted iterations
default ↓ [ 100% ] 10000 VUs  1m0s

running (1m09.2s), 02209/10000 VUs, 42112 complete and 0 interrupted iterations
default ↓ [ 100% ] 10000 VUs  1m0s

running (1m10.2s), 00646/10000 VUs, 43676 complete and 0 interrupted iterations
default ↓ [ 100% ] 10000 VUs  1m0s

running (1m10.6s), 00000/10000 VUs, 44321 complete and 0 interrupted iterations
default ✓ [ 100% ] 10000 VUs  1m0s

     ✓ status is 200

     checks.........................: 100.00% ✓ 44321      ✗ 0      
     data_received..................: 37 MB   520 kB/s
     data_sent......................: 4.2 MB  59 kB/s
     http_req_blocked...............: avg=1.98ms   min=1.52µs   med=4.05µs  max=288.51ms p(90)=519.38µs p(95)=1.88ms  
     http_req_connecting............: avg=1.94ms   min=0s       med=0s      max=277.58ms p(90)=398.44µs p(95)=1.66ms  
     http_req_duration..............: avg=249.07ms min=577.94µs med=8.73ms  max=4.35s    p(90)=635.25ms p(95)=1.63s   
       { expected_response:true }...: avg=249.07ms min=577.94µs med=8.73ms  max=4.35s    p(90)=635.25ms p(95)=1.63s   
     http_req_failed................: 0.00%   ✓ 0          ✗ 44321  
     http_req_receiving.............: avg=80.32µs  min=17.2µs   med=53.21µs max=70.76ms  p(90)=96.37µs  p(95)=142.71µs
     http_req_sending...............: avg=452.98µs min=5.95µs   med=15.27µs max=85.77ms  p(90)=149.03µs p(95)=451.97µs
     http_req_tls_handshaking.......: avg=0s       min=0s       med=0s      max=0s       p(90)=0s       p(95)=0s      
     http_req_waiting...............: avg=248.54ms min=494.07µs med=8.61ms  max=4.35s    p(90)=633.62ms p(95)=1.62s   
     http_reqs......................: 44321   627.375344/s
     iteration_duration.............: avg=14.9s    min=1s       med=14.9s   max=28.83s   p(90)=21.63s   p(95)=22.26s  
     iterations.....................: 44321   627.375344/s
     vus............................: 648     min=0        max=10000
     vus_max........................: 10000   min=5669     max=10000

