
          /\      |‾‾| /‾‾/   /‾‾/   
     /\  /  \     |  |/  /   /  /    
    /  \/    \    |     (   /   ‾‾\  
   /          \   |  |\  \ |  (‾)  | 
  / __________ \  |__| \__\ \_____/ .io

  execution: local
     script: tunnels.js
     output: -

  scenarios: (100.00%) 1 scenario, 10 max VUs, 1m30s max duration (incl. graceful stop):
           * default: 10 looping VUs for 1m0s (gracefulStop: 30s)


running (0m01.0s), 10/10 VUs, 0 complete and 0 interrupted iterations
default   [   2% ] 10 VUs  0m01.0s/1m0s

running (0m02.0s), 10/10 VUs, 10 complete and 0 interrupted iterations
default   [   3% ] 10 VUs  0m02.0s/1m0s

running (0m03.0s), 10/10 VUs, 10 complete and 0 interrupted iterations
default   [   5% ] 10 VUs  0m03.0s/1m0s

running (0m04.0s), 10/10 VUs, 20 complete and 0 interrupted iterations
default   [   7% ] 10 VUs  0m04.0s/1m0s

running (0m05.0s), 10/10 VUs, 22 complete and 0 interrupted iterations
default   [   8% ] 10 VUs  0m05.0s/1m0s

running (0m06.0s), 10/10 VUs, 30 complete and 0 interrupted iterations
default   [  10% ] 10 VUs  0m06.0s/1m0s

running (0m07.0s), 10/10 VUs, 40 complete and 0 interrupted iterations
default   [  12% ] 10 VUs  0m07.0s/1m0s

running (0m08.0s), 10/10 VUs, 41 complete and 0 interrupted iterations
default   [  13% ] 10 VUs  0m08.0s/1m0s

running (0m09.0s), 10/10 VUs, 50 complete and 0 interrupted iterations
default   [  15% ] 10 VUs  0m09.0s/1m0s

running (0m10.0s), 10/10 VUs, 58 complete and 0 interrupted iterations
default   [  17% ] 10 VUs  0m10.0s/1m0s

running (0m11.0s), 10/10 VUs, 61 complete and 0 interrupted iterations
default   [  18% ] 10 VUs  0m11.0s/1m0s

running (0m12.0s), 10/10 VUs, 69 complete and 0 interrupted iterations
default   [  20% ] 10 VUs  0m12.0s/1m0s

running (0m13.0s), 10/10 VUs, 78 complete and 0 interrupted iterations
default   [  22% ] 10 VUs  0m13.0s/1m0s

running (0m14.0s), 10/10 VUs, 81 complete and 0 interrupted iterations
default   [  23% ] 10 VUs  0m14.0s/1m0s

running (0m15.0s), 10/10 VUs, 88 complete and 0 interrupted iterations
default   [  25% ] 10 VUs  0m15.0s/1m0s

running (0m16.0s), 10/10 VUs, 92 complete and 0 interrupted iterations
default   [  27% ] 10 VUs  0m16.0s/1m0s

running (0m17.0s), 10/10 VUs, 101 complete and 0 interrupted iterations
default   [  28% ] 10 VUs  0m17.0s/1m0s

running (0m18.0s), 10/10 VUs, 107 complete and 0 interrupted iterations
default   [  30% ] 10 VUs  0m18.0s/1m0s

running (0m19.0s), 10/10 VUs, 112 complete and 0 interrupted iterations
default   [  32% ] 10 VUs  0m19.0s/1m0s

running (0m20.0s), 10/10 VUs, 120 complete and 0 interrupted iterations
default   [  33% ] 10 VUs  0m20.0s/1m0s

running (0m21.0s), 10/10 VUs, 126 complete and 0 interrupted iterations
default   [  35% ] 10 VUs  0m21.0s/1m0s

running (0m22.0s), 10/10 VUs, 129 complete and 0 interrupted iterations
default   [  37% ] 10 VUs  0m22.0s/1m0s

running (0m23.0s), 10/10 VUs, 139 complete and 0 interrupted iterations
default   [  38% ] 10 VUs  0m23.0s/1m0s

running (0m24.0s), 10/10 VUs, 144 complete and 0 interrupted iterations
default   [  40% ] 10 VUs  0m24.0s/1m0s

running (0m25.0s), 10/10 VUs, 149 complete and 0 interrupted iterations
default   [  42% ] 10 VUs  0m25.0s/1m0s

running (0m26.0s), 10/10 VUs, 159 complete and 0 interrupted iterations
default   [  43% ] 10 VUs  0m26.0s/1m0s

running (0m27.0s), 10/10 VUs, 164 complete and 0 interrupted iterations
default   [  45% ] 10 VUs  0m27.0s/1m0s

running (0m28.0s), 10/10 VUs, 169 complete and 0 interrupted iterations
default   [  47% ] 10 VUs  0m28.0s/1m0s

running (0m29.0s), 10/10 VUs, 179 complete and 0 interrupted iterations
default   [  48% ] 10 VUs  0m29.0s/1m0s

running (0m30.0s), 10/10 VUs, 184 complete and 0 interrupted iterations
default   [  50% ] 10 VUs  0m30.0s/1m0s

running (0m31.0s), 10/10 VUs, 189 complete and 0 interrupted iterations
default   [  52% ] 10 VUs  0m31.0s/1m0s

running (0m32.0s), 10/10 VUs, 196 complete and 0 interrupted iterations
default   [  53% ] 10 VUs  0m32.0s/1m0s

running (0m33.0s), 10/10 VUs, 204 complete and 0 interrupted iterations
default   [  55% ] 10 VUs  0m33.0s/1m0s

running (0m34.0s), 10/10 VUs, 208 complete and 0 interrupted iterations
default   [  57% ] 10 VUs  0m34.0s/1m0s

running (0m35.0s), 10/10 VUs, 216 complete and 0 interrupted iterations
default   [  58% ] 10 VUs  0m35.0s/1m0s

running (0m36.0s), 10/10 VUs, 223 complete and 0 interrupted iterations
default   [  60% ] 10 VUs  0m36.0s/1m0s

running (0m37.0s), 10/10 VUs, 226 complete and 0 interrupted iterations
default   [  62% ] 10 VUs  0m37.0s/1m0s

running (0m38.0s), 10/10 VUs, 233 complete and 0 interrupted iterations
default   [  63% ] 10 VUs  0m38.0s/1m0s

running (0m39.0s), 10/10 VUs, 235 complete and 0 interrupted iterations
default   [  65% ] 10 VUs  0m39.0s/1m0s

running (0m40.0s), 10/10 VUs, 245 complete and 0 interrupted iterations
default   [  67% ] 10 VUs  0m40.0s/1m0s

running (0m41.0s), 10/10 VUs, 246 complete and 0 interrupted iterations
default   [  68% ] 10 VUs  0m41.0s/1m0s

running (0m42.0s), 10/10 VUs, 255 complete and 0 interrupted iterations
default   [  70% ] 10 VUs  0m42.0s/1m0s

running (0m43.0s), 10/10 VUs, 265 complete and 0 interrupted iterations
default   [  72% ] 10 VUs  0m43.0s/1m0s

running (0m44.0s), 10/10 VUs, 266 complete and 0 interrupted iterations
default   [  73% ] 10 VUs  0m44.0s/1m0s

running (0m45.0s), 10/10 VUs, 275 complete and 0 interrupted iterations
default   [  75% ] 10 VUs  0m45.0s/1m0s

running (0m46.0s), 10/10 VUs, 276 complete and 0 interrupted iterations
default   [  77% ] 10 VUs  0m46.0s/1m0s

running (0m47.0s), 10/10 VUs, 286 complete and 0 interrupted iterations
default   [  78% ] 10 VUs  0m47.0s/1m0s

running (0m48.0s), 10/10 VUs, 294 complete and 0 interrupted iterations
default   [  80% ] 10 VUs  0m48.0s/1m0s

running (0m49.0s), 10/10 VUs, 296 complete and 0 interrupted iterations
default   [  82% ] 10 VUs  0m49.0s/1m0s

running (0m50.0s), 10/10 VUs, 305 complete and 0 interrupted iterations
default   [  83% ] 10 VUs  0m50.0s/1m0s

running (0m51.0s), 10/10 VUs, 314 complete and 0 interrupted iterations
default   [  85% ] 10 VUs  0m51.0s/1m0s

running (0m52.0s), 10/10 VUs, 315 complete and 0 interrupted iterations
default   [  87% ] 10 VUs  0m52.0s/1m0s

running (0m53.0s), 10/10 VUs, 325 complete and 0 interrupted iterations
default   [  88% ] 10 VUs  0m53.0s/1m0s

running (0m54.0s), 10/10 VUs, 326 complete and 0 interrupted iterations
default   [  90% ] 10 VUs  0m54.0s/1m0s

running (0m55.0s), 10/10 VUs, 335 complete and 0 interrupted iterations
default   [  92% ] 10 VUs  0m55.0s/1m0s

running (0m56.0s), 10/10 VUs, 336 complete and 0 interrupted iterations
default   [  93% ] 10 VUs  0m56.0s/1m0s

running (0m57.0s), 10/10 VUs, 345 complete and 0 interrupted iterations
default   [  95% ] 10 VUs  0m57.0s/1m0s

running (0m58.0s), 10/10 VUs, 346 complete and 0 interrupted iterations
default   [  97% ] 10 VUs  0m58.0s/1m0s

running (0m59.0s), 10/10 VUs, 356 complete and 0 interrupted iterations
default   [  98% ] 10 VUs  0m59.0s/1m0s

running (1m00.0s), 10/10 VUs, 365 complete and 0 interrupted iterations
default   [ 100% ] 10 VUs  1m00.0s/1m0s

running (1m01.0s), 09/10 VUs, 366 complete and 0 interrupted iterations
default ↓ [ 100% ] 10 VUs  1m0s

running (1m01.5s), 00/10 VUs, 375 complete and 0 interrupted iterations
default ✓ [ 100% ] 10 VUs  1m0s

     ✓ status is 200

     checks.........................: 100.00% ✓ 375      ✗ 0   
     data_received..................: 2.2 MB  35 kB/s
     data_sent......................: 269 kB  4.4 kB/s
     http_req_blocked...............: avg=317.63ms min=246.94ms med=292.82ms max=1.24s    p(90)=356.55ms p(95)=600.94ms
     http_req_connecting............: avg=136.21ms min=121.64ms med=122.63ms max=879.47ms p(90)=124.55ms p(95)=159.34ms
     http_req_duration..............: avg=313.85ms min=245.42ms med=249.86ms max=1.8s     p(90)=408.51ms p(95)=804.98ms
       { expected_response:true }...: avg=313.85ms min=245.42ms med=249.86ms max=1.8s     p(90)=408.51ms p(95)=804.98ms
     http_req_failed................: 0.00%   ✓ 0        ✗ 375 
     http_req_receiving.............: avg=222.96µs min=25.54µs  med=145.21µs max=1.52ms   p(90)=542.47µs p(95)=736.44µs
     http_req_sending...............: avg=233.6µs  min=70.59µs  med=187.27µs max=578.39µs p(90)=420.85µs p(95)=455.7µs 
     http_req_tls_handshaking.......: avg=147.83ms min=125.03ms med=127.59ms max=1.02s    p(90)=139.33ms p(95)=208.64ms
     http_req_waiting...............: avg=313.39ms min=245.1ms  med=249.36ms max=1.8s     p(90)=408.35ms p(95)=804.58ms
     http_reqs......................: 375     6.096157/s
     iteration_duration.............: avg=1.63s    min=1.49s    med=1.54s    max=3.1s     p(90)=2.04s    p(95)=2.2s    
     iterations.....................: 375     6.096157/s
     vus............................: 9       min=9      max=10
     vus_max........................: 10      min=10     max=10

