
          /\      |‾‾| /‾‾/   /‾‾/   
     /\  /  \     |  |/  /   /  /    
    /  \/    \    |     (   /   ‾‾\  
   /          \   |  |\  \ |  (‾)  | 
  / __________ \  |__| \__\ \_____/ .io

  execution: local
     script: tunnels.js
     output: -

  scenarios: (100.00%) 1 scenario, 1000 max VUs, 1m30s max duration (incl. graceful stop):
           * default: 1000 looping VUs for 1m0s (gracefulStop: 30s)


running (0m00.8s), 1000/1000 VUs, 0 complete and 0 interrupted iterations
default   [   1% ] 1000 VUs  0m00.8s/1m0s

running (0m01.8s), 1000/1000 VUs, 0 complete and 0 interrupted iterations
default   [   3% ] 1000 VUs  0m01.8s/1m0s

running (0m02.8s), 1000/1000 VUs, 0 complete and 0 interrupted iterations
default   [   5% ] 1000 VUs  0m02.8s/1m0s

running (0m03.8s), 1000/1000 VUs, 0 complete and 0 interrupted iterations
default   [   6% ] 1000 VUs  0m03.8s/1m0s

running (0m04.8s), 1000/1000 VUs, 0 complete and 0 interrupted iterations
default   [   8% ] 1000 VUs  0m04.8s/1m0s

running (0m05.8s), 1000/1000 VUs, 80 complete and 0 interrupted iterations
default   [  10% ] 1000 VUs  0m05.8s/1m0s

running (0m06.8s), 1000/1000 VUs, 174 complete and 0 interrupted iterations
default   [  11% ] 1000 VUs  0m06.8s/1m0s

running (0m07.8s), 1000/1000 VUs, 479 complete and 0 interrupted iterations
default   [  13% ] 1000 VUs  0m07.8s/1m0s

running (0m08.8s), 1000/1000 VUs, 492 complete and 0 interrupted iterations
default   [  15% ] 1000 VUs  0m08.8s/1m0s

running (0m09.8s), 1000/1000 VUs, 857 complete and 0 interrupted iterations
default   [  16% ] 1000 VUs  0m09.8s/1m0s

running (0m10.8s), 1000/1000 VUs, 924 complete and 0 interrupted iterations
default   [  18% ] 1000 VUs  0m10.8s/1m0s

running (0m11.8s), 1000/1000 VUs, 1008 complete and 0 interrupted iterations
default   [  20% ] 1000 VUs  0m11.8s/1m0s

running (0m12.8s), 1000/1000 VUs, 1312 complete and 0 interrupted iterations
default   [  21% ] 1000 VUs  0m12.8s/1m0s

running (0m13.8s), 1000/1000 VUs, 1366 complete and 0 interrupted iterations
default   [  23% ] 1000 VUs  0m13.8s/1m0s

running (0m14.8s), 1000/1000 VUs, 1464 complete and 0 interrupted iterations
default   [  25% ] 1000 VUs  0m14.8s/1m0s

running (0m15.8s), 1000/1000 VUs, 1466 complete and 0 interrupted iterations
default   [  26% ] 1000 VUs  0m15.8s/1m0s

running (0m16.8s), 1000/1000 VUs, 1518 complete and 0 interrupted iterations
default   [  28% ] 1000 VUs  0m16.8s/1m0s

running (0m17.8s), 1000/1000 VUs, 1550 complete and 0 interrupted iterations
default   [  30% ] 1000 VUs  0m17.8s/1m0s

running (0m18.8s), 1000/1000 VUs, 1655 complete and 0 interrupted iterations
default   [  31% ] 1000 VUs  0m18.8s/1m0s

running (0m19.8s), 1000/1000 VUs, 1685 complete and 0 interrupted iterations
default   [  33% ] 1000 VUs  0m19.8s/1m0s

running (0m20.8s), 1000/1000 VUs, 1846 complete and 0 interrupted iterations
default   [  35% ] 1000 VUs  0m20.8s/1m0s

running (0m21.8s), 1000/1000 VUs, 2022 complete and 0 interrupted iterations
default   [  36% ] 1000 VUs  0m21.8s/1m0s

running (0m22.8s), 1000/1000 VUs, 2082 complete and 0 interrupted iterations
default   [  38% ] 1000 VUs  0m22.8s/1m0s

running (0m23.8s), 1000/1000 VUs, 2174 complete and 0 interrupted iterations
default   [  40% ] 1000 VUs  0m23.8s/1m0s

running (0m24.8s), 1000/1000 VUs, 2249 complete and 0 interrupted iterations
default   [  41% ] 1000 VUs  0m24.8s/1m0s

running (0m25.8s), 1000/1000 VUs, 2278 complete and 0 interrupted iterations
default   [  43% ] 1000 VUs  0m25.8s/1m0s

running (0m26.8s), 1000/1000 VUs, 2321 complete and 0 interrupted iterations
default   [  45% ] 1000 VUs  0m26.8s/1m0s

running (0m27.8s), 1000/1000 VUs, 2419 complete and 0 interrupted iterations
default   [  46% ] 1000 VUs  0m27.8s/1m0s

running (0m28.8s), 1000/1000 VUs, 2483 complete and 0 interrupted iterations
default   [  48% ] 1000 VUs  0m28.8s/1m0s

running (0m29.8s), 1000/1000 VUs, 2623 complete and 0 interrupted iterations
default   [  50% ] 1000 VUs  0m29.8s/1m0s

running (0m30.8s), 1000/1000 VUs, 2675 complete and 0 interrupted iterations
default   [  51% ] 1000 VUs  0m30.8s/1m0s

running (0m31.8s), 1000/1000 VUs, 2805 complete and 0 interrupted iterations
default   [  53% ] 1000 VUs  0m31.8s/1m0s

running (0m32.8s), 1000/1000 VUs, 2832 complete and 0 interrupted iterations
default   [  55% ] 1000 VUs  0m32.8s/1m0s

running (0m33.8s), 1000/1000 VUs, 2861 complete and 0 interrupted iterations
default   [  56% ] 1000 VUs  0m33.8s/1m0s

running (0m34.8s), 1000/1000 VUs, 2948 complete and 0 interrupted iterations
default   [  58% ] 1000 VUs  0m34.8s/1m0s

running (0m35.8s), 1000/1000 VUs, 3023 complete and 0 interrupted iterations
default   [  60% ] 1000 VUs  0m35.8s/1m0s

running (0m36.8s), 1000/1000 VUs, 3130 complete and 0 interrupted iterations
default   [  61% ] 1000 VUs  0m36.8s/1m0s

running (0m37.8s), 1000/1000 VUs, 3238 complete and 0 interrupted iterations
default   [  63% ] 1000 VUs  0m37.8s/1m0s

running (0m38.8s), 1000/1000 VUs, 3243 complete and 0 interrupted iterations
default   [  65% ] 1000 VUs  0m38.8s/1m0s

running (0m39.8s), 1000/1000 VUs, 3299 complete and 0 interrupted iterations
default   [  66% ] 1000 VUs  0m39.8s/1m0s

running (0m40.8s), 1000/1000 VUs, 3308 complete and 0 interrupted iterations
default   [  68% ] 1000 VUs  0m40.8s/1m0s

running (0m41.8s), 1000/1000 VUs, 3347 complete and 0 interrupted iterations
default   [  70% ] 1000 VUs  0m41.8s/1m0s

running (0m42.8s), 1000/1000 VUs, 3411 complete and 0 interrupted iterations
default   [  71% ] 1000 VUs  0m42.8s/1m0s

running (0m43.8s), 1000/1000 VUs, 3460 complete and 0 interrupted iterations
default   [  73% ] 1000 VUs  0m43.8s/1m0s

running (0m44.8s), 1000/1000 VUs, 3550 complete and 0 interrupted iterations
default   [  75% ] 1000 VUs  0m44.8s/1m0s

running (0m45.8s), 1000/1000 VUs, 3614 complete and 0 interrupted iterations
default   [  76% ] 1000 VUs  0m45.8s/1m0s

running (0m46.8s), 1000/1000 VUs, 3751 complete and 0 interrupted iterations
default   [  78% ] 1000 VUs  0m46.8s/1m0s

running (0m47.8s), 1000/1000 VUs, 3763 complete and 0 interrupted iterations
default   [  80% ] 1000 VUs  0m47.8s/1m0s

running (0m48.8s), 1000/1000 VUs, 3813 complete and 0 interrupted iterations
default   [  81% ] 1000 VUs  0m48.8s/1m0s

running (0m49.8s), 1000/1000 VUs, 3889 complete and 0 interrupted iterations
default   [  83% ] 1000 VUs  0m49.8s/1m0s

running (0m50.8s), 1000/1000 VUs, 3928 complete and 0 interrupted iterations
default   [  85% ] 1000 VUs  0m50.8s/1m0s

running (0m51.8s), 1000/1000 VUs, 4030 complete and 0 interrupted iterations
default   [  86% ] 1000 VUs  0m51.8s/1m0s

running (0m52.8s), 1000/1000 VUs, 4094 complete and 0 interrupted iterations
default   [  88% ] 1000 VUs  0m52.8s/1m0s

running (0m53.8s), 1000/1000 VUs, 4213 complete and 0 interrupted iterations
default   [  90% ] 1000 VUs  0m53.8s/1m0s

running (0m54.8s), 1000/1000 VUs, 4253 complete and 0 interrupted iterations
default   [  91% ] 1000 VUs  0m54.8s/1m0s

running (0m55.8s), 1000/1000 VUs, 4292 complete and 0 interrupted iterations
default   [  93% ] 1000 VUs  0m55.8s/1m0s

running (0m56.8s), 1000/1000 VUs, 4337 complete and 0 interrupted iterations
default   [  95% ] 1000 VUs  0m56.8s/1m0s

running (0m57.8s), 1000/1000 VUs, 4384 complete and 0 interrupted iterations
default   [  96% ] 1000 VUs  0m57.8s/1m0s

running (0m58.8s), 1000/1000 VUs, 4447 complete and 0 interrupted iterations
default   [  98% ] 1000 VUs  0m58.8s/1m0s

running (0m59.8s), 1000/1000 VUs, 4511 complete and 0 interrupted iterations
default   [ 100% ] 1000 VUs  0m59.8s/1m0s

running (1m00.8s), 0996/1000 VUs, 4581 complete and 0 interrupted iterations
default ↓ [ 100% ] 1000 VUs  1m0s

running (1m01.8s), 0950/1000 VUs, 4627 complete and 0 interrupted iterations
default ↓ [ 100% ] 1000 VUs  1m0s

running (1m02.8s), 0838/1000 VUs, 4739 complete and 0 interrupted iterations
default ↓ [ 100% ] 1000 VUs  1m0s

running (1m03.8s), 0820/1000 VUs, 4757 complete and 0 interrupted iterations
default ↓ [ 100% ] 1000 VUs  1m0s

running (1m04.8s), 0689/1000 VUs, 4888 complete and 0 interrupted iterations
default ↓ [ 100% ] 1000 VUs  1m0s

running (1m05.8s), 0625/1000 VUs, 4952 complete and 0 interrupted iterations
default ↓ [ 100% ] 1000 VUs  1m0s

running (1m06.8s), 0452/1000 VUs, 5125 complete and 0 interrupted iterations
default ↓ [ 100% ] 1000 VUs  1m0s

running (1m07.8s), 0350/1000 VUs, 5227 complete and 0 interrupted iterations
default ↓ [ 100% ] 1000 VUs  1m0s

running (1m08.8s), 0204/1000 VUs, 5373 complete and 0 interrupted iterations
default ↓ [ 100% ] 1000 VUs  1m0s

running (1m09.8s), 0096/1000 VUs, 5481 complete and 0 interrupted iterations
default ↓ [ 100% ] 1000 VUs  1m0s

running (1m10.8s), 0047/1000 VUs, 5530 complete and 0 interrupted iterations
default ↓ [ 100% ] 1000 VUs  1m0s

running (1m11.8s), 0035/1000 VUs, 5542 complete and 0 interrupted iterations
default ↓ [ 100% ] 1000 VUs  1m0s

running (1m12.8s), 0017/1000 VUs, 5560 complete and 0 interrupted iterations
default ↓ [ 100% ] 1000 VUs  1m0s

running (1m13.8s), 0007/1000 VUs, 5570 complete and 0 interrupted iterations
default ↓ [ 100% ] 1000 VUs  1m0s

running (1m14.8s), 0007/1000 VUs, 5570 complete and 0 interrupted iterations
default ↓ [ 100% ] 1000 VUs  1m0s

running (1m15.8s), 0003/1000 VUs, 5574 complete and 0 interrupted iterations
default ↓ [ 100% ] 1000 VUs  1m0s

running (1m16.8s), 0001/1000 VUs, 5576 complete and 0 interrupted iterations
default ↓ [ 100% ] 1000 VUs  1m0s

running (1m17.8s), 0001/1000 VUs, 5576 complete and 0 interrupted iterations
default ↓ [ 100% ] 1000 VUs  1m0s

running (1m18.8s), 0000/1000 VUs, 5577 complete and 0 interrupted iterations
default ✓ [ 100% ] 1000 VUs  1m0s

     ✗ status is 200
      ↳  91% — ✓ 5094 / ✗ 483

     checks.........................: 91.33% ✓ 5094      ✗ 483   
     data_received..................: 31 MB  390 kB/s
     data_sent......................: 3.8 MB 49 kB/s
     http_req_blocked...............: avg=5.65s    min=0s       med=2.94s    max=56.27s  p(90)=13.79s   p(95)=18.24s  
     http_req_connecting............: avg=1.09s    min=0s       med=979.83ms max=8.8s    p(90)=1.98s    p(95)=2.36s   
     http_req_duration..............: avg=5.03s    min=0s       med=4.2s     max=51.53s  p(90)=10.03s   p(95)=13.46s  
       { expected_response:true }...: avg=4.78s    min=247.97ms med=4.18s    max=35.5s   p(90)=9.18s    p(95)=11.26s  
     http_req_failed................: 8.66%  ✓ 483       ✗ 5094  
     http_req_receiving.............: avg=89.48ms  min=0s       med=87.13µs  max=12.93s  p(90)=5.71ms   p(95)=21.2ms  
     http_req_sending...............: avg=241.09µs min=0s       med=131.69µs max=36.78ms p(90)=356.83µs p(95)=433.42µs
     http_req_tls_handshaking.......: avg=4.29s    min=0s       med=1.46s    max=49.81s  p(90)=11.94s   p(95)=16.29s  
     http_req_waiting...............: avg=4.94s    min=0s       med=4.13s    max=51.53s  p(90)=9.99s    p(95)=13.22s  
     http_reqs......................: 5577   70.811159/s
     iteration_duration.............: avg=11.89s   min=1s       med=9.74s    max=1m1s    p(90)=22.18s   p(95)=26.88s  
     iterations.....................: 5577   70.811159/s
     vus............................: 1      min=1       max=1000
     vus_max........................: 1000   min=1000    max=1000

