
          /\      |‾‾| /‾‾/   /‾‾/   
     /\  /  \     |  |/  /   /  /    
    /  \/    \    |     (   /   ‾‾\  
   /          \   |  |\  \ |  (‾)  | 
  / __________ \  |__| \__\ \_____/ .io

  execution: local
     script: tunnels.js
     output: -

  scenarios: (100.00%) 1 scenario, 2000 max VUs, 1m30s max duration (incl. graceful stop):
           * default: 2000 looping VUs for 1m0s (gracefulStop: 30s)


running (0m00.6s), 2000/2000 VUs, 0 complete and 0 interrupted iterations
default   [   1% ] 2000 VUs  0m00.6s/1m0s

running (0m01.6s), 2000/2000 VUs, 0 complete and 0 interrupted iterations
default   [   3% ] 2000 VUs  0m01.6s/1m0s

running (0m02.6s), 2000/2000 VUs, 0 complete and 0 interrupted iterations
default   [   4% ] 2000 VUs  0m02.6s/1m0s

running (0m03.6s), 2000/2000 VUs, 0 complete and 0 interrupted iterations
default   [   6% ] 2000 VUs  0m03.6s/1m0s

running (0m04.6s), 2000/2000 VUs, 0 complete and 0 interrupted iterations
default   [   8% ] 2000 VUs  0m04.6s/1m0s

running (0m05.6s), 2000/2000 VUs, 0 complete and 0 interrupted iterations
default   [   9% ] 2000 VUs  0m05.6s/1m0s

running (0m06.6s), 2000/2000 VUs, 4 complete and 0 interrupted iterations
default   [  11% ] 2000 VUs  0m06.6s/1m0s

running (0m07.6s), 2000/2000 VUs, 9 complete and 0 interrupted iterations
default   [  13% ] 2000 VUs  0m07.6s/1m0s

running (0m08.6s), 2000/2000 VUs, 21 complete and 0 interrupted iterations
default   [  14% ] 2000 VUs  0m08.6s/1m0s

running (0m09.6s), 2000/2000 VUs, 58 complete and 0 interrupted iterations
default   [  16% ] 2000 VUs  0m09.6s/1m0s

running (0m10.6s), 2000/2000 VUs, 113 complete and 0 interrupted iterations
default   [  18% ] 2000 VUs  0m10.6s/1m0s

running (0m11.6s), 2000/2000 VUs, 180 complete and 0 interrupted iterations
default   [  19% ] 2000 VUs  0m11.6s/1m0s

running (0m12.6s), 2000/2000 VUs, 286 complete and 0 interrupted iterations
default   [  21% ] 2000 VUs  0m12.6s/1m0s

running (0m13.6s), 2000/2000 VUs, 408 complete and 0 interrupted iterations
default   [  23% ] 2000 VUs  0m13.6s/1m0s

running (0m14.6s), 2000/2000 VUs, 567 complete and 0 interrupted iterations
default   [  24% ] 2000 VUs  0m14.6s/1m0s

running (0m15.6s), 2000/2000 VUs, 758 complete and 0 interrupted iterations
default   [  26% ] 2000 VUs  0m15.6s/1m0s

running (0m16.6s), 2000/2000 VUs, 1572 complete and 0 interrupted iterations
default   [  28% ] 2000 VUs  0m16.6s/1m0s

running (0m17.6s), 2000/2000 VUs, 1771 complete and 0 interrupted iterations
default   [  29% ] 2000 VUs  0m17.6s/1m0s

running (0m18.6s), 2000/2000 VUs, 1881 complete and 0 interrupted iterations
default   [  31% ] 2000 VUs  0m18.6s/1m0s

running (0m19.6s), 2000/2000 VUs, 2032 complete and 0 interrupted iterations
default   [  33% ] 2000 VUs  0m19.6s/1m0s

running (0m20.6s), 2000/2000 VUs, 2215 complete and 0 interrupted iterations
default   [  34% ] 2000 VUs  0m20.6s/1m0s

running (0m21.6s), 2000/2000 VUs, 2423 complete and 0 interrupted iterations
default   [  36% ] 2000 VUs  0m21.6s/1m0s

running (0m22.6s), 2000/2000 VUs, 2871 complete and 0 interrupted iterations
default   [  38% ] 2000 VUs  0m22.6s/1m0s

running (0m23.6s), 2000/2000 VUs, 3232 complete and 0 interrupted iterations
default   [  39% ] 2000 VUs  0m23.6s/1m0s

running (0m24.6s), 2000/2000 VUs, 3405 complete and 0 interrupted iterations
default   [  41% ] 2000 VUs  0m24.6s/1m0s

running (0m25.6s), 2000/2000 VUs, 3537 complete and 0 interrupted iterations
default   [  43% ] 2000 VUs  0m25.6s/1m0s

running (0m26.6s), 2000/2000 VUs, 3884 complete and 0 interrupted iterations
default   [  44% ] 2000 VUs  0m26.6s/1m0s

running (0m27.6s), 2000/2000 VUs, 4431 complete and 0 interrupted iterations
default   [  46% ] 2000 VUs  0m27.6s/1m0s

running (0m28.6s), 2000/2000 VUs, 4653 complete and 0 interrupted iterations
default   [  48% ] 2000 VUs  0m28.6s/1m0s

running (0m29.6s), 2000/2000 VUs, 4792 complete and 0 interrupted iterations
default   [  49% ] 2000 VUs  0m29.6s/1m0s

running (0m30.6s), 2000/2000 VUs, 4962 complete and 0 interrupted iterations
default   [  51% ] 2000 VUs  0m30.6s/1m0s

running (0m31.6s), 2000/2000 VUs, 5391 complete and 0 interrupted iterations
default   [  53% ] 2000 VUs  0m31.6s/1m0s

running (0m32.6s), 2000/2000 VUs, 5905 complete and 0 interrupted iterations
default   [  54% ] 2000 VUs  0m32.6s/1m0s

running (0m33.6s), 2000/2000 VUs, 6130 complete and 0 interrupted iterations
default   [  56% ] 2000 VUs  0m33.6s/1m0s

running (0m34.6s), 2000/2000 VUs, 6210 complete and 0 interrupted iterations
default   [  58% ] 2000 VUs  0m34.6s/1m0s

running (0m35.6s), 2000/2000 VUs, 6311 complete and 0 interrupted iterations
default   [  59% ] 2000 VUs  0m35.6s/1m0s

running (0m36.6s), 2000/2000 VUs, 6499 complete and 0 interrupted iterations
default   [  61% ] 2000 VUs  0m36.6s/1m0s

running (0m37.6s), 2000/2000 VUs, 7114 complete and 0 interrupted iterations
default   [  63% ] 2000 VUs  0m37.6s/1m0s

running (0m38.6s), 2000/2000 VUs, 7445 complete and 0 interrupted iterations
default   [  64% ] 2000 VUs  0m38.6s/1m0s

running (0m39.6s), 2000/2000 VUs, 7651 complete and 0 interrupted iterations
default   [  66% ] 2000 VUs  0m39.6s/1m0s

running (0m40.6s), 2000/2000 VUs, 7715 complete and 0 interrupted iterations
default   [  68% ] 2000 VUs  0m40.6s/1m0s

running (0m41.6s), 2000/2000 VUs, 7885 complete and 0 interrupted iterations
default   [  69% ] 2000 VUs  0m41.6s/1m0s

running (0m42.6s), 2000/2000 VUs, 8332 complete and 0 interrupted iterations
default   [  71% ] 2000 VUs  0m42.6s/1m0s

running (0m43.6s), 2000/2000 VUs, 8902 complete and 0 interrupted iterations
default   [  73% ] 2000 VUs  0m43.6s/1m0s

running (0m44.6s), 2000/2000 VUs, 9077 complete and 0 interrupted iterations
default   [  74% ] 2000 VUs  0m44.6s/1m0s

running (0m45.6s), 2000/2000 VUs, 9331 complete and 0 interrupted iterations
default   [  76% ] 2000 VUs  0m45.6s/1m0s

running (0m46.6s), 2000/2000 VUs, 9573 complete and 0 interrupted iterations
default   [  78% ] 2000 VUs  0m46.6s/1m0s

running (0m47.6s), 2000/2000 VUs, 9702 complete and 0 interrupted iterations
default   [  79% ] 2000 VUs  0m47.6s/1m0s

running (0m48.6s), 2000/2000 VUs, 9757 complete and 0 interrupted iterations
default   [  81% ] 2000 VUs  0m48.6s/1m0s

running (0m49.6s), 2000/2000 VUs, 9882 complete and 0 interrupted iterations
default   [  83% ] 2000 VUs  0m49.6s/1m0s

running (0m50.6s), 2000/2000 VUs, 10466 complete and 0 interrupted iterations
default   [  84% ] 2000 VUs  0m50.6s/1m0s

running (0m51.6s), 2000/2000 VUs, 10945 complete and 0 interrupted iterations
default   [  86% ] 2000 VUs  0m51.6s/1m0s

running (0m52.6s), 2000/2000 VUs, 11230 complete and 0 interrupted iterations
default   [  88% ] 2000 VUs  0m52.6s/1m0s

running (0m53.6s), 2000/2000 VUs, 11333 complete and 0 interrupted iterations
default   [  89% ] 2000 VUs  0m53.6s/1m0s

running (0m54.6s), 2000/2000 VUs, 11462 complete and 0 interrupted iterations
default   [  91% ] 2000 VUs  0m54.6s/1m0s

running (0m55.6s), 2000/2000 VUs, 11517 complete and 0 interrupted iterations
default   [  93% ] 2000 VUs  0m55.6s/1m0s

running (0m56.6s), 2000/2000 VUs, 11596 complete and 0 interrupted iterations
default   [  94% ] 2000 VUs  0m56.6s/1m0s

running (0m57.6s), 2000/2000 VUs, 11699 complete and 0 interrupted iterations
default   [  96% ] 2000 VUs  0m57.6s/1m0s

running (0m58.6s), 2000/2000 VUs, 11872 complete and 0 interrupted iterations
default   [  98% ] 2000 VUs  0m58.6s/1m0s

running (0m59.6s), 2000/2000 VUs, 12019 complete and 0 interrupted iterations
default   [  99% ] 2000 VUs  0m59.6s/1m0s

running (1m00.6s), 1917/2000 VUs, 12127 complete and 0 interrupted iterations
default ↓ [ 100% ] 2000 VUs  1m0s

running (1m01.6s), 1755/2000 VUs, 12289 complete and 0 interrupted iterations
default ↓ [ 100% ] 2000 VUs  1m0s

running (1m02.6s), 1303/2000 VUs, 12741 complete and 0 interrupted iterations
default ↓ [ 100% ] 2000 VUs  1m0s

running (1m03.6s), 0856/2000 VUs, 13188 complete and 0 interrupted iterations
default ↓ [ 100% ] 2000 VUs  1m0s

running (1m04.6s), 0440/2000 VUs, 13604 complete and 0 interrupted iterations
default ↓ [ 100% ] 2000 VUs  1m0s

running (1m05.6s), 0276/2000 VUs, 13768 complete and 0 interrupted iterations
default ↓ [ 100% ] 2000 VUs  1m0s

running (1m06.6s), 0174/2000 VUs, 13870 complete and 0 interrupted iterations
default ↓ [ 100% ] 2000 VUs  1m0s

running (1m07.6s), 0141/2000 VUs, 13903 complete and 0 interrupted iterations
default ↓ [ 100% ] 2000 VUs  1m0s

running (1m08.6s), 0101/2000 VUs, 13943 complete and 0 interrupted iterations
default ↓ [ 100% ] 2000 VUs  1m0s

running (1m09.6s), 0074/2000 VUs, 13970 complete and 0 interrupted iterations
default ↓ [ 100% ] 2000 VUs  1m0s

running (1m10.6s), 0054/2000 VUs, 13990 complete and 0 interrupted iterations
default ↓ [ 100% ] 2000 VUs  1m0s

running (1m11.6s), 0044/2000 VUs, 14000 complete and 0 interrupted iterations
default ↓ [ 100% ] 2000 VUs  1m0s

running (1m12.6s), 0032/2000 VUs, 14012 complete and 0 interrupted iterations
default ↓ [ 100% ] 2000 VUs  1m0s

running (1m13.6s), 0020/2000 VUs, 14024 complete and 0 interrupted iterations
default ↓ [ 100% ] 2000 VUs  1m0s

running (1m14.6s), 0017/2000 VUs, 14027 complete and 0 interrupted iterations
default ↓ [ 100% ] 2000 VUs  1m0s

running (1m15.6s), 0012/2000 VUs, 14032 complete and 0 interrupted iterations
default ↓ [ 100% ] 2000 VUs  1m0s

running (1m16.6s), 0011/2000 VUs, 14033 complete and 0 interrupted iterations
default ↓ [ 100% ] 2000 VUs  1m0s

running (1m17.6s), 0011/2000 VUs, 14033 complete and 0 interrupted iterations
default ↓ [ 100% ] 2000 VUs  1m0s

running (1m18.6s), 0011/2000 VUs, 14033 complete and 0 interrupted iterations
default ↓ [ 100% ] 2000 VUs  1m0s

running (1m19.6s), 0011/2000 VUs, 14033 complete and 0 interrupted iterations
default ↓ [ 100% ] 2000 VUs  1m0s

running (1m20.6s), 0010/2000 VUs, 14034 complete and 0 interrupted iterations
default ↓ [ 100% ] 2000 VUs  1m0s

running (1m21.6s), 0008/2000 VUs, 14036 complete and 0 interrupted iterations
default ↓ [ 100% ] 2000 VUs  1m0s

running (1m22.6s), 0008/2000 VUs, 14036 complete and 0 interrupted iterations
default ↓ [ 100% ] 2000 VUs  1m0s

running (1m23.6s), 0008/2000 VUs, 14036 complete and 0 interrupted iterations
default ↓ [ 100% ] 2000 VUs  1m0s

running (1m24.6s), 0008/2000 VUs, 14036 complete and 0 interrupted iterations
default ↓ [ 100% ] 2000 VUs  1m0s

running (1m25.6s), 0007/2000 VUs, 14037 complete and 0 interrupted iterations
default ↓ [ 100% ] 2000 VUs  1m0s

running (1m26.6s), 0007/2000 VUs, 14037 complete and 0 interrupted iterations
default ↓ [ 100% ] 2000 VUs  1m0s

running (1m27.6s), 0007/2000 VUs, 14037 complete and 0 interrupted iterations
default ↓ [ 100% ] 2000 VUs  1m0s

running (1m28.6s), 0005/2000 VUs, 14039 complete and 0 interrupted iterations
default ↓ [ 100% ] 2000 VUs  1m0s

running (1m29.6s), 0004/2000 VUs, 14040 complete and 0 interrupted iterations
default ↓ [ 100% ] 2000 VUs  1m0s

running (1m30.0s), 0000/2000 VUs, 14040 complete and 4 interrupted iterations
default ✓ [ 100% ] 2000 VUs  1m0s

     ✗ status is 200
      ↳  88% — ✓ 12406 / ✗ 1635

     checks.........................: 88.35% ✓ 12406      ✗ 1635  
     data_received..................: 79 MB  880 kB/s
     data_sent......................: 9.9 MB 111 kB/s
     http_req_blocked...............: avg=1.67s    min=241ns    med=1.03s    max=37.46s  p(90)=3.61s    p(95)=4.79s   
     http_req_connecting............: avg=546.65ms min=0s       med=330.49ms max=8.48s   p(90)=1.29s    p(95)=1.53s   
     http_req_duration..............: avg=6.27s    min=183.83ms med=3.07s    max=58.05s  p(90)=11.77s   p(95)=20.92s  
       { expected_response:true }...: avg=3.96s    min=243.31ms med=2.67s    max=47.7s   p(90)=9.04s    p(95)=11.32s  
     http_req_failed................: 11.64% ✓ 1635       ✗ 12406 
     http_req_receiving.............: avg=123.36ms min=0s       med=63.96µs  max=12.82s  p(90)=4.03ms   p(95)=1.11s   
     http_req_sending...............: avg=230.68µs min=39.02µs  med=131.92µs max=29.19ms p(90)=341.55µs p(95)=410.38µs
     http_req_tls_handshaking.......: avg=1.12s    min=0s       med=553.24ms max=35.96s  p(90)=2.54s    p(95)=3.73s   
     http_req_waiting...............: avg=6.15s    min=183.65ms med=2.97s    max=58.05s  p(90)=11.67s   p(95)=20.69s  
     http_reqs......................: 14041  156.009004/s
     iteration_duration.............: avg=9.07s    min=1.21s    med=5.58s    max=1m1s    p(90)=16.31s   p(95)=24.68s  
     iterations.....................: 14040  155.997893/s
     vus............................: 4      min=4        max=2000
     vus_max........................: 2000   min=2000     max=2000

