
          /\      |‾‾| /‾‾/   /‾‾/   
     /\  /  \     |  |/  /   /  /    
    /  \/    \    |     (   /   ‾‾\  
   /          \   |  |\  \ |  (‾)  | 
  / __________ \  |__| \__\ \_____/ .io

  execution: local
     script: tunnels.js
     output: -

  scenarios: (100.00%) 1 scenario, 500 max VUs, 1m30s max duration (incl. graceful stop):
           * thousand-vus: 500 looping VUs for 1m0s (gracefulStop: 30s)


running (0m00.9s), 500/500 VUs, 0 complete and 0 interrupted iterations
thousand-vus   [   1% ] 500 VUs  0m00.9s/1m0s

running (0m01.9s), 500/500 VUs, 0 complete and 0 interrupted iterations
thousand-vus   [   3% ] 500 VUs  0m01.9s/1m0s

running (0m02.9s), 500/500 VUs, 120 complete and 0 interrupted iterations
thousand-vus   [   5% ] 500 VUs  0m02.9s/1m0s

running (0m03.9s), 500/500 VUs, 501 complete and 0 interrupted iterations
thousand-vus   [   6% ] 500 VUs  0m03.9s/1m0s

running (0m04.9s), 500/500 VUs, 660 complete and 0 interrupted iterations
thousand-vus   [   8% ] 500 VUs  0m04.9s/1m0s

running (0m05.9s), 500/500 VUs, 1029 complete and 0 interrupted iterations
thousand-vus   [  10% ] 500 VUs  0m05.9s/1m0s

running (0m06.9s), 500/500 VUs, 1256 complete and 0 interrupted iterations
thousand-vus   [  11% ] 500 VUs  0m06.9s/1m0s

running (0m07.9s), 500/500 VUs, 1591 complete and 0 interrupted iterations
thousand-vus   [  13% ] 500 VUs  0m07.9s/1m0s

running (0m08.9s), 500/500 VUs, 1837 complete and 0 interrupted iterations
thousand-vus   [  15% ] 500 VUs  0m08.9s/1m0s

running (0m09.9s), 500/500 VUs, 2241 complete and 0 interrupted iterations
thousand-vus   [  16% ] 500 VUs  0m09.9s/1m0s

running (0m10.9s), 500/500 VUs, 2431 complete and 0 interrupted iterations
thousand-vus   [  18% ] 500 VUs  0m10.9s/1m0s

running (0m11.9s), 500/500 VUs, 2816 complete and 0 interrupted iterations
thousand-vus   [  20% ] 500 VUs  0m11.9s/1m0s

running (0m12.9s), 500/500 VUs, 3084 complete and 0 interrupted iterations
thousand-vus   [  21% ] 500 VUs  0m12.9s/1m0s

running (0m13.9s), 500/500 VUs, 3362 complete and 0 interrupted iterations
thousand-vus   [  23% ] 500 VUs  0m13.9s/1m0s

running (0m14.9s), 500/500 VUs, 3583 complete and 0 interrupted iterations
thousand-vus   [  25% ] 500 VUs  0m14.9s/1m0s

running (0m15.9s), 500/500 VUs, 3896 complete and 0 interrupted iterations
thousand-vus   [  26% ] 500 VUs  0m15.9s/1m0s

running (0m16.9s), 500/500 VUs, 4163 complete and 0 interrupted iterations
thousand-vus   [  28% ] 500 VUs  0m16.9s/1m0s

running (0m17.9s), 500/500 VUs, 4506 complete and 0 interrupted iterations
thousand-vus   [  30% ] 500 VUs  0m17.9s/1m0s

running (0m18.9s), 500/500 VUs, 4701 complete and 0 interrupted iterations
thousand-vus   [  31% ] 500 VUs  0m18.9s/1m0s

running (0m19.9s), 500/500 VUs, 5056 complete and 0 interrupted iterations
thousand-vus   [  33% ] 500 VUs  0m19.9s/1m0s

running (0m20.9s), 500/500 VUs, 5281 complete and 0 interrupted iterations
thousand-vus   [  35% ] 500 VUs  0m20.9s/1m0s

running (0m21.9s), 500/500 VUs, 5527 complete and 0 interrupted iterations
thousand-vus   [  36% ] 500 VUs  0m21.9s/1m0s

running (0m22.9s), 500/500 VUs, 5889 complete and 0 interrupted iterations
thousand-vus   [  38% ] 500 VUs  0m22.9s/1m0s

running (0m23.9s), 500/500 VUs, 6172 complete and 0 interrupted iterations
thousand-vus   [  40% ] 500 VUs  0m23.9s/1m0s

running (0m24.9s), 500/500 VUs, 6443 complete and 0 interrupted iterations
thousand-vus   [  41% ] 500 VUs  0m24.9s/1m0s

running (0m25.9s), 500/500 VUs, 6768 complete and 0 interrupted iterations
thousand-vus   [  43% ] 500 VUs  0m25.9s/1m0s

running (0m26.9s), 500/500 VUs, 7044 complete and 0 interrupted iterations
thousand-vus   [  45% ] 500 VUs  0m26.9s/1m0s

running (0m27.9s), 500/500 VUs, 7448 complete and 0 interrupted iterations
thousand-vus   [  46% ] 500 VUs  0m27.9s/1m0s

running (0m28.9s), 500/500 VUs, 7680 complete and 0 interrupted iterations
thousand-vus   [  48% ] 500 VUs  0m28.9s/1m0s

running (0m29.9s), 500/500 VUs, 7986 complete and 0 interrupted iterations
thousand-vus   [  50% ] 500 VUs  0m29.9s/1m0s

running (0m30.9s), 500/500 VUs, 8170 complete and 0 interrupted iterations
thousand-vus   [  51% ] 500 VUs  0m30.9s/1m0s

running (0m31.9s), 500/500 VUs, 8467 complete and 0 interrupted iterations
thousand-vus   [  53% ] 500 VUs  0m31.9s/1m0s

running (0m32.9s), 500/500 VUs, 8777 complete and 0 interrupted iterations
thousand-vus   [  55% ] 500 VUs  0m32.9s/1m0s

running (0m33.9s), 500/500 VUs, 9079 complete and 0 interrupted iterations
thousand-vus   [  56% ] 500 VUs  0m33.9s/1m0s

running (0m34.9s), 500/500 VUs, 9379 complete and 0 interrupted iterations
thousand-vus   [  58% ] 500 VUs  0m34.9s/1m0s

running (0m35.9s), 500/500 VUs, 9687 complete and 0 interrupted iterations
thousand-vus   [  60% ] 500 VUs  0m35.9s/1m0s

running (0m36.9s), 500/500 VUs, 9964 complete and 0 interrupted iterations
thousand-vus   [  61% ] 500 VUs  0m36.9s/1m0s

running (0m37.9s), 500/500 VUs, 10323 complete and 0 interrupted iterations
thousand-vus   [  63% ] 500 VUs  0m37.9s/1m0s

running (0m38.9s), 500/500 VUs, 10617 complete and 0 interrupted iterations
thousand-vus   [  65% ] 500 VUs  0m38.9s/1m0s

running (0m39.9s), 500/500 VUs, 10919 complete and 0 interrupted iterations
thousand-vus   [  66% ] 500 VUs  0m39.9s/1m0s

running (0m40.9s), 500/500 VUs, 11182 complete and 0 interrupted iterations
thousand-vus   [  68% ] 500 VUs  0m40.9s/1m0s

running (0m41.9s), 500/500 VUs, 11455 complete and 0 interrupted iterations
thousand-vus   [  70% ] 500 VUs  0m41.9s/1m0s

running (0m42.9s), 500/500 VUs, 11647 complete and 0 interrupted iterations
thousand-vus   [  71% ] 500 VUs  0m42.9s/1m0s

running (0m43.9s), 500/500 VUs, 11939 complete and 0 interrupted iterations
thousand-vus   [  73% ] 500 VUs  0m43.9s/1m0s

running (0m44.9s), 500/500 VUs, 12212 complete and 0 interrupted iterations
thousand-vus   [  75% ] 500 VUs  0m44.9s/1m0s

running (0m45.9s), 500/500 VUs, 12488 complete and 0 interrupted iterations
thousand-vus   [  76% ] 500 VUs  0m45.9s/1m0s

running (0m46.9s), 500/500 VUs, 12759 complete and 0 interrupted iterations
thousand-vus   [  78% ] 500 VUs  0m46.9s/1m0s

running (0m47.9s), 500/500 VUs, 13009 complete and 0 interrupted iterations
thousand-vus   [  80% ] 500 VUs  0m47.9s/1m0s

running (0m48.9s), 500/500 VUs, 13325 complete and 0 interrupted iterations
thousand-vus   [  81% ] 500 VUs  0m48.9s/1m0s

running (0m49.9s), 500/500 VUs, 13571 complete and 0 interrupted iterations
thousand-vus   [  83% ] 500 VUs  0m49.9s/1m0s

running (0m50.9s), 500/500 VUs, 13868 complete and 0 interrupted iterations
thousand-vus   [  85% ] 500 VUs  0m50.9s/1m0s

running (0m51.9s), 500/500 VUs, 14153 complete and 0 interrupted iterations
thousand-vus   [  86% ] 500 VUs  0m51.9s/1m0s

running (0m52.9s), 500/500 VUs, 14452 complete and 0 interrupted iterations
thousand-vus   [  88% ] 500 VUs  0m52.9s/1m0s

running (0m53.9s), 500/500 VUs, 14748 complete and 0 interrupted iterations
thousand-vus   [  90% ] 500 VUs  0m53.9s/1m0s

running (0m54.9s), 500/500 VUs, 15082 complete and 0 interrupted iterations
thousand-vus   [  91% ] 500 VUs  0m54.9s/1m0s

running (0m55.9s), 500/500 VUs, 15444 complete and 0 interrupted iterations
thousand-vus   [  93% ] 500 VUs  0m55.9s/1m0s

running (0m56.9s), 500/500 VUs, 15766 complete and 0 interrupted iterations
thousand-vus   [  95% ] 500 VUs  0m56.9s/1m0s

running (0m57.9s), 500/500 VUs, 16054 complete and 0 interrupted iterations
thousand-vus   [  96% ] 500 VUs  0m57.9s/1m0s

running (0m58.9s), 500/500 VUs, 16355 complete and 0 interrupted iterations
thousand-vus   [  98% ] 500 VUs  0m58.9s/1m0s

running (0m59.9s), 500/500 VUs, 16670 complete and 0 interrupted iterations
thousand-vus   [ 100% ] 500 VUs  0m59.9s/1m0s

running (1m00.9s), 283/500 VUs, 16941 complete and 0 interrupted iterations
thousand-vus ↓ [ 100% ] 500 VUs  1m0s

running (1m01.7s), 000/500 VUs, 17224 complete and 0 interrupted iterations
thousand-vus ✓ [ 100% ] 500 VUs  1m0s

     ✓ status is 200

     checks.........................: 100.00% ✓ 17224      ✗ 0    
     data_received..................: 88 MB   1.4 MB/s
     data_sent......................: 11 MB   178 kB/s
     http_req_blocked...............: avg=314.28ms min=215ns    med=310.6ms  max=1.98s    p(90)=495.57ms p(95)=556.84ms
     http_req_connecting............: avg=142.24ms min=0s       med=138.57ms max=1.26s    p(90)=223.8ms  p(95)=260.51ms
     http_req_duration..............: avg=404.27ms min=236.72ms med=344.89ms max=2.26s    p(90)=569.73ms p(95)=685.22ms
       { expected_response:true }...: avg=404.27ms min=236.72ms med=344.89ms max=2.26s    p(90)=569.73ms p(95)=685.22ms
     http_req_failed................: 0.00%   ✓ 0          ✗ 17224
     http_req_receiving.............: avg=788.57µs min=16.65µs  med=53.92µs  max=969.16ms p(90)=1.12ms   p(95)=2.92ms  
     http_req_sending...............: avg=226.03µs min=34.84µs  med=118.42µs max=61.4ms   p(90)=321.98µs p(95)=400.29µs
     http_req_tls_handshaking.......: avg=171.01ms min=0s       med=161.55ms max=1.72s    p(90)=275.71ms p(95)=328.5ms 
     http_req_waiting...............: avg=403.26ms min=236.43ms med=343.65ms max=2.25s    p(90)=568.24ms p(95)=683.31ms
     http_reqs......................: 17224   279.186091/s
     iteration_duration.............: avg=1.76s    min=1.23s    med=1.69s    max=3.86s    p(90)=2.08s    p(95)=2.26s   
     iterations.....................: 17224   279.186091/s
     vus............................: 283     min=283      max=500
     vus_max........................: 500     min=500      max=500

