
          /\      |‾‾| /‾‾/   /‾‾/   
     /\  /  \     |  |/  /   /  /    
    /  \/    \    |     (   /   ‾‾\  
   /          \   |  |\  \ |  (‾)  | 
  / __________ \  |__| \__\ \_____/ .io

  execution: local
     script: tunnels.js
     output: -

  scenarios: (100.00%) 1 scenario, 500 max VUs, 1m30s max duration (incl. graceful stop):
           * thousand-vus: 500 looping VUs for 1m0s (gracefulStop: 30s)


running (0m00.9s), 500/500 VUs, 0 complete and 0 interrupted iterations
thousand-vus   [   1% ] 500 VUs  0m00.9s/1m0s

running (0m01.9s), 500/500 VUs, 0 complete and 0 interrupted iterations
thousand-vus   [   3% ] 500 VUs  0m01.9s/1m0s

running (0m02.9s), 500/500 VUs, 115 complete and 0 interrupted iterations
thousand-vus   [   5% ] 500 VUs  0m02.9s/1m0s

running (0m03.9s), 500/500 VUs, 512 complete and 0 interrupted iterations
thousand-vus   [   6% ] 500 VUs  0m03.9s/1m0s

running (0m04.9s), 500/500 VUs, 657 complete and 0 interrupted iterations
thousand-vus   [   8% ] 500 VUs  0m04.9s/1m0s

running (0m05.9s), 500/500 VUs, 1052 complete and 0 interrupted iterations
thousand-vus   [  10% ] 500 VUs  0m05.9s/1m0s

running (0m06.9s), 500/500 VUs, 1267 complete and 0 interrupted iterations
thousand-vus   [  11% ] 500 VUs  0m06.9s/1m0s

running (0m07.9s), 500/500 VUs, 1620 complete and 0 interrupted iterations
thousand-vus   [  13% ] 500 VUs  0m07.9s/1m0s

running (0m08.9s), 500/500 VUs, 1857 complete and 0 interrupted iterations
thousand-vus   [  15% ] 500 VUs  0m08.9s/1m0s

running (0m09.9s), 500/500 VUs, 2233 complete and 0 interrupted iterations
thousand-vus   [  16% ] 500 VUs  0m09.9s/1m0s

running (0m10.9s), 500/500 VUs, 2500 complete and 0 interrupted iterations
thousand-vus   [  18% ] 500 VUs  0m10.9s/1m0s

running (0m11.9s), 500/500 VUs, 2834 complete and 0 interrupted iterations
thousand-vus   [  20% ] 500 VUs  0m11.9s/1m0s

running (0m12.9s), 500/500 VUs, 3137 complete and 0 interrupted iterations
thousand-vus   [  21% ] 500 VUs  0m12.9s/1m0s

running (0m13.9s), 500/500 VUs, 3440 complete and 0 interrupted iterations
thousand-vus   [  23% ] 500 VUs  0m13.9s/1m0s

running (0m14.9s), 500/500 VUs, 3498 complete and 0 interrupted iterations
thousand-vus   [  25% ] 500 VUs  0m14.9s/1m0s

running (0m15.9s), 500/500 VUs, 3633 complete and 0 interrupted iterations
thousand-vus   [  26% ] 500 VUs  0m15.9s/1m0s

running (0m16.9s), 500/500 VUs, 4070 complete and 0 interrupted iterations
thousand-vus   [  28% ] 500 VUs  0m16.9s/1m0s

running (0m17.9s), 500/500 VUs, 4216 complete and 0 interrupted iterations
thousand-vus   [  30% ] 500 VUs  0m17.9s/1m0s

running (0m18.9s), 500/500 VUs, 4643 complete and 0 interrupted iterations
thousand-vus   [  31% ] 500 VUs  0m18.9s/1m0s

running (0m19.9s), 500/500 VUs, 4880 complete and 0 interrupted iterations
thousand-vus   [  33% ] 500 VUs  0m19.9s/1m0s

running (0m20.2s), 500/500 VUs, 5093 complete and 0 interrupted iterations
thousand-vus   [  34% ] 500 VUs  0m20.2s/1m0s

running (0m20.9s), 500/500 VUs, 5205 complete and 0 interrupted iterations
thousand-vus   [  35% ] 500 VUs  0m20.9s/1m0s

running (0m21.9s), 500/500 VUs, 5293 complete and 0 interrupted iterations
thousand-vus   [  36% ] 500 VUs  0m21.9s/1m0s

running (0m22.9s), 500/500 VUs, 5326 complete and 0 interrupted iterations
thousand-vus   [  38% ] 500 VUs  0m22.9s/1m0s

running (0m23.9s), 500/500 VUs, 5351 complete and 0 interrupted iterations
thousand-vus   [  40% ] 500 VUs  0m23.9s/1m0s

running (0m24.9s), 500/500 VUs, 5371 complete and 0 interrupted iterations
thousand-vus   [  41% ] 500 VUs  0m24.9s/1m0s

running (0m25.9s), 500/500 VUs, 5398 complete and 0 interrupted iterations
thousand-vus   [  43% ] 500 VUs  0m25.9s/1m0s

running (0m26.9s), 500/500 VUs, 5431 complete and 0 interrupted iterations
thousand-vus   [  45% ] 500 VUs  0m26.9s/1m0s

running (0m27.9s), 500/500 VUs, 5531 complete and 0 interrupted iterations
thousand-vus   [  46% ] 500 VUs  0m27.9s/1m0s

running (0m28.9s), 500/500 VUs, 5566 complete and 0 interrupted iterations
thousand-vus   [  48% ] 500 VUs  0m28.9s/1m0s

running (0m29.9s), 500/500 VUs, 5602 complete and 0 interrupted iterations
thousand-vus   [  50% ] 500 VUs  0m29.9s/1m0s

running (0m30.9s), 500/500 VUs, 5621 complete and 0 interrupted iterations
thousand-vus   [  51% ] 500 VUs  0m30.9s/1m0s

running (0m31.9s), 500/500 VUs, 5637 complete and 0 interrupted iterations
thousand-vus   [  53% ] 500 VUs  0m31.9s/1m0s

running (0m32.9s), 500/500 VUs, 5665 complete and 0 interrupted iterations
thousand-vus   [  55% ] 500 VUs  0m32.9s/1m0s

running (0m33.9s), 500/500 VUs, 5683 complete and 0 interrupted iterations
thousand-vus   [  56% ] 500 VUs  0m33.9s/1m0s

running (0m34.9s), 500/500 VUs, 5710 complete and 0 interrupted iterations
thousand-vus   [  58% ] 500 VUs  0m34.9s/1m0s

running (0m35.9s), 500/500 VUs, 5731 complete and 0 interrupted iterations
thousand-vus   [  60% ] 500 VUs  0m35.9s/1m0s

running (0m36.9s), 500/500 VUs, 5743 complete and 0 interrupted iterations
thousand-vus   [  61% ] 500 VUs  0m36.9s/1m0s

running (0m37.9s), 500/500 VUs, 5788 complete and 0 interrupted iterations
thousand-vus   [  63% ] 500 VUs  0m37.9s/1m0s

running (0m38.9s), 500/500 VUs, 5821 complete and 0 interrupted iterations
thousand-vus   [  65% ] 500 VUs  0m38.9s/1m0s

running (0m39.9s), 500/500 VUs, 5854 complete and 0 interrupted iterations
thousand-vus   [  66% ] 500 VUs  0m39.9s/1m0s

running (0m40.9s), 500/500 VUs, 5881 complete and 0 interrupted iterations
thousand-vus   [  68% ] 500 VUs  0m40.9s/1m0s

running (0m41.9s), 500/500 VUs, 5922 complete and 0 interrupted iterations
thousand-vus   [  70% ] 500 VUs  0m41.9s/1m0s

running (0m42.9s), 500/500 VUs, 5943 complete and 0 interrupted iterations
thousand-vus   [  71% ] 500 VUs  0m42.9s/1m0s

running (0m43.9s), 500/500 VUs, 5964 complete and 0 interrupted iterations
thousand-vus   [  73% ] 500 VUs  0m43.9s/1m0s

running (0m44.9s), 500/500 VUs, 6009 complete and 0 interrupted iterations
thousand-vus   [  75% ] 500 VUs  0m44.9s/1m0s

running (0m45.9s), 500/500 VUs, 6048 complete and 0 interrupted iterations
thousand-vus   [  76% ] 500 VUs  0m45.9s/1m0s

running (0m46.9s), 500/500 VUs, 6084 complete and 0 interrupted iterations
thousand-vus   [  78% ] 500 VUs  0m46.9s/1m0s

running (0m47.9s), 500/500 VUs, 6106 complete and 0 interrupted iterations
thousand-vus   [  80% ] 500 VUs  0m47.9s/1m0s

running (0m48.9s), 500/500 VUs, 6127 complete and 0 interrupted iterations
thousand-vus   [  81% ] 500 VUs  0m48.9s/1m0s

running (0m49.9s), 500/500 VUs, 6164 complete and 0 interrupted iterations
thousand-vus   [  83% ] 500 VUs  0m49.9s/1m0s

running (0m50.9s), 500/500 VUs, 6196 complete and 0 interrupted iterations
thousand-vus   [  85% ] 500 VUs  0m50.9s/1m0s

running (0m51.9s), 500/500 VUs, 6235 complete and 0 interrupted iterations
thousand-vus   [  86% ] 500 VUs  0m51.9s/1m0s

running (0m52.9s), 500/500 VUs, 6251 complete and 0 interrupted iterations
thousand-vus   [  88% ] 500 VUs  0m52.9s/1m0s

running (0m53.9s), 500/500 VUs, 6273 complete and 0 interrupted iterations
thousand-vus   [  90% ] 500 VUs  0m53.9s/1m0s

running (0m54.9s), 500/500 VUs, 6356 complete and 0 interrupted iterations
thousand-vus   [  91% ] 500 VUs  0m54.9s/1m0s

running (0m55.9s), 500/500 VUs, 6417 complete and 0 interrupted iterations
thousand-vus   [  93% ] 500 VUs  0m55.9s/1m0s

running (0m56.9s), 500/500 VUs, 6443 complete and 0 interrupted iterations
thousand-vus   [  95% ] 500 VUs  0m56.9s/1m0s

running (0m57.9s), 500/500 VUs, 6524 complete and 0 interrupted iterations
thousand-vus   [  96% ] 500 VUs  0m57.9s/1m0s

running (0m58.9s), 500/500 VUs, 6542 complete and 0 interrupted iterations
thousand-vus   [  98% ] 500 VUs  0m58.9s/1m0s

running (0m59.9s), 500/500 VUs, 6555 complete and 0 interrupted iterations
thousand-vus   [ 100% ] 500 VUs  0m59.9s/1m0s

running (1m00.9s), 453/500 VUs, 6610 complete and 0 interrupted iterations
thousand-vus ↓ [ 100% ] 500 VUs  1m0s

running (1m01.9s), 432/500 VUs, 6631 complete and 0 interrupted iterations
thousand-vus ↓ [ 100% ] 500 VUs  1m0s

running (1m02.9s), 413/500 VUs, 6650 complete and 0 interrupted iterations
thousand-vus ↓ [ 100% ] 500 VUs  1m0s

running (1m03.9s), 393/500 VUs, 6670 complete and 0 interrupted iterations
thousand-vus ↓ [ 100% ] 500 VUs  1m0s

running (1m04.9s), 372/500 VUs, 6691 complete and 0 interrupted iterations
thousand-vus ↓ [ 100% ] 500 VUs  1m0s

running (1m05.9s), 336/500 VUs, 6727 complete and 0 interrupted iterations
thousand-vus ↓ [ 100% ] 500 VUs  1m0s

running (1m06.9s), 317/500 VUs, 6746 complete and 0 interrupted iterations
thousand-vus ↓ [ 100% ] 500 VUs  1m0s

running (1m07.9s), 287/500 VUs, 6776 complete and 0 interrupted iterations
thousand-vus ↓ [ 100% ] 500 VUs  1m0s

running (1m08.9s), 253/500 VUs, 6810 complete and 0 interrupted iterations
thousand-vus ↓ [ 100% ] 500 VUs  1m0s

running (1m09.9s), 236/500 VUs, 6827 complete and 0 interrupted iterations
thousand-vus ↓ [ 100% ] 500 VUs  1m0s

running (1m10.9s), 212/500 VUs, 6851 complete and 0 interrupted iterations
thousand-vus ↓ [ 100% ] 500 VUs  1m0s

running (1m11.9s), 169/500 VUs, 6894 complete and 0 interrupted iterations
thousand-vus ↓ [ 100% ] 500 VUs  1m0s

running (1m12.9s), 139/500 VUs, 6924 complete and 0 interrupted iterations
thousand-vus ↓ [ 100% ] 500 VUs  1m0s

running (1m13.9s), 112/500 VUs, 6951 complete and 0 interrupted iterations
thousand-vus ↓ [ 100% ] 500 VUs  1m0s

running (1m14.9s), 049/500 VUs, 7014 complete and 0 interrupted iterations
thousand-vus ↓ [ 100% ] 500 VUs  1m0s

running (1m15.9s), 019/500 VUs, 7044 complete and 0 interrupted iterations
thousand-vus ↓ [ 100% ] 500 VUs  1m0s

running (1m16.8s), 000/500 VUs, 7063 complete and 0 interrupted iterations
thousand-vus ✓ [ 100% ] 500 VUs  1m0s

     ✗ status is 200
      ↳  98% — ✓ 6950 / ✗ 113

     checks.........................: 98.40% ✓ 6950     ✗ 113  
     data_received..................: 39 MB  509 kB/s
     data_sent......................: 4.9 MB 64 kB/s
     http_req_blocked...............: avg=340.41ms min=231ns    med=285.23ms max=2.13s    p(90)=496.57ms p(95)=654.45ms
     http_req_connecting............: avg=148.24ms min=0s       med=126.3ms  max=789.53ms p(90)=204.15ms p(95)=282.21ms
     http_req_duration..............: avg=421.93ms min=118.9ms  med=307.34ms max=2.08s    p(90)=997.16ms p(95)=1.15s   
       { expected_response:true }...: avg=425.77ms min=235.86ms med=310.24ms max=2.08s    p(90)=1s       p(95)=1.15s   
     http_req_failed................: 1.59%  ✓ 113      ✗ 6950 
     http_req_receiving.............: avg=308.53µs min=18.22µs  med=50.3µs   max=53.66ms  p(90)=355.81µs p(95)=1.01ms  
     http_req_sending...............: avg=191.48µs min=41.66µs  med=118.5µs  max=17.71ms  p(90)=263.53µs p(95)=350.91µs
     http_req_tls_handshaking.......: avg=190.44ms min=0s       med=150.03ms max=1.91s    p(90)=320.33ms p(95)=474.97ms
     http_req_waiting...............: avg=421.43ms min=118.7ms  med=306.43ms max=2.08s    p(90)=995.28ms p(95)=1.15s   
     http_reqs......................: 7063   91.98853/s
     iteration_duration.............: avg=4.86s    min=1.23s    med=1.83s    max=30.08s   p(90)=15.34s   p(95)=18.61s  
     iterations.....................: 7063   91.98853/s
     vus............................: 19     min=19     max=500
     vus_max........................: 500    min=500    max=500

