
          /\      |‾‾| /‾‾/   /‾‾/   
     /\  /  \     |  |/  /   /  /    
    /  \/    \    |     (   /   ‾‾\  
   /          \   |  |\  \ |  (‾)  | 
  / __________ \  |__| \__\ \_____/ .io

  execution: local
     script: tunnels.js
     output: -

  scenarios: (100.00%) 1 scenario, 3000 max VUs, 1m30s max duration (incl. graceful stop):
           * default: 3000 looping VUs for 1m0s (gracefulStop: 30s)


running (0m00.4s), 3000/3000 VUs, 0 complete and 0 interrupted iterations
default   [   1% ] 3000 VUs  0m00.4s/1m0s

running (0m01.4s), 3000/3000 VUs, 0 complete and 0 interrupted iterations
default   [   2% ] 3000 VUs  0m01.4s/1m0s

running (0m02.4s), 3000/3000 VUs, 0 complete and 0 interrupted iterations
default   [   4% ] 3000 VUs  0m02.4s/1m0s

running (0m03.4s), 3000/3000 VUs, 0 complete and 0 interrupted iterations
default   [   6% ] 3000 VUs  0m03.4s/1m0s

running (0m04.4s), 3000/3000 VUs, 0 complete and 0 interrupted iterations
default   [   7% ] 3000 VUs  0m04.4s/1m0s

running (0m05.4s), 3000/3000 VUs, 0 complete and 0 interrupted iterations
default   [   9% ] 3000 VUs  0m05.4s/1m0s

running (0m06.4s), 3000/3000 VUs, 0 complete and 0 interrupted iterations
default   [  11% ] 3000 VUs  0m06.4s/1m0s

running (0m07.4s), 3000/3000 VUs, 1 complete and 0 interrupted iterations
default   [  12% ] 3000 VUs  0m07.4s/1m0s

running (0m08.4s), 3000/3000 VUs, 1 complete and 0 interrupted iterations
default   [  14% ] 3000 VUs  0m08.4s/1m0s

running (0m09.4s), 3000/3000 VUs, 2 complete and 0 interrupted iterations
default   [  16% ] 3000 VUs  0m09.4s/1m0s

running (0m10.4s), 3000/3000 VUs, 48 complete and 0 interrupted iterations
default   [  17% ] 3000 VUs  0m10.4s/1m0s

running (0m11.4s), 3000/3000 VUs, 114 complete and 0 interrupted iterations
default   [  19% ] 3000 VUs  0m11.4s/1m0s

running (0m12.4s), 3000/3000 VUs, 192 complete and 0 interrupted iterations
default   [  21% ] 3000 VUs  0m12.4s/1m0s

running (0m13.4s), 3000/3000 VUs, 400 complete and 0 interrupted iterations
default   [  22% ] 3000 VUs  0m13.4s/1m0s

running (0m14.4s), 3000/3000 VUs, 562 complete and 0 interrupted iterations
default   [  24% ] 3000 VUs  0m14.4s/1m0s

running (0m15.4s), 3000/3000 VUs, 777 complete and 0 interrupted iterations
default   [  26% ] 3000 VUs  0m15.4s/1m0s

running (0m16.4s), 3000/3000 VUs, 1440 complete and 0 interrupted iterations
default   [  27% ] 3000 VUs  0m16.4s/1m0s

running (0m17.4s), 3000/3000 VUs, 2026 complete and 0 interrupted iterations
default   [  29% ] 3000 VUs  0m17.4s/1m0s

running (0m18.4s), 3000/3000 VUs, 2299 complete and 0 interrupted iterations
default   [  31% ] 3000 VUs  0m18.4s/1m0s

running (0m19.4s), 3000/3000 VUs, 2338 complete and 0 interrupted iterations
default   [  32% ] 3000 VUs  0m19.4s/1m0s

running (0m20.4s), 3000/3000 VUs, 2438 complete and 0 interrupted iterations
default   [  34% ] 3000 VUs  0m20.4s/1m0s

running (0m21.4s), 3000/3000 VUs, 2500 complete and 0 interrupted iterations
default   [  36% ] 3000 VUs  0m21.4s/1m0s

running (0m22.4s), 3000/3000 VUs, 2609 complete and 0 interrupted iterations
default   [  37% ] 3000 VUs  0m22.4s/1m0s

running (0m23.4s), 3000/3000 VUs, 2762 complete and 0 interrupted iterations
default   [  39% ] 3000 VUs  0m23.4s/1m0s

running (0m24.4s), 3000/3000 VUs, 2892 complete and 0 interrupted iterations
default   [  41% ] 3000 VUs  0m24.4s/1m0s

running (0m25.4s), 3000/3000 VUs, 3026 complete and 0 interrupted iterations
default   [  42% ] 3000 VUs  0m25.4s/1m0s

running (0m26.4s), 3000/3000 VUs, 3290 complete and 0 interrupted iterations
default   [  44% ] 3000 VUs  0m26.4s/1m0s

running (0m27.4s), 3000/3000 VUs, 3636 complete and 0 interrupted iterations
default   [  46% ] 3000 VUs  0m27.4s/1m0s

running (0m28.4s), 3000/3000 VUs, 3860 complete and 0 interrupted iterations
default   [  47% ] 3000 VUs  0m28.4s/1m0s

running (0m29.4s), 3000/3000 VUs, 4023 complete and 0 interrupted iterations
default   [  49% ] 3000 VUs  0m29.4s/1m0s

running (0m30.4s), 3000/3000 VUs, 4162 complete and 0 interrupted iterations
default   [  51% ] 3000 VUs  0m30.4s/1m0s

running (0m31.4s), 3000/3000 VUs, 4673 complete and 0 interrupted iterations
default   [  52% ] 3000 VUs  0m31.4s/1m0s

running (0m32.4s), 3000/3000 VUs, 4852 complete and 0 interrupted iterations
default   [  54% ] 3000 VUs  0m32.4s/1m0s

running (0m33.4s), 3000/3000 VUs, 4937 complete and 0 interrupted iterations
default   [  56% ] 3000 VUs  0m33.4s/1m0s

running (0m34.4s), 3000/3000 VUs, 5131 complete and 0 interrupted iterations
default   [  57% ] 3000 VUs  0m34.4s/1m0s

running (0m35.4s), 3000/3000 VUs, 5579 complete and 0 interrupted iterations
default   [  59% ] 3000 VUs  0m35.4s/1m0s

running (0m36.4s), 3000/3000 VUs, 6223 complete and 0 interrupted iterations
default   [  61% ] 3000 VUs  0m36.4s/1m0s

running (0m37.4s), 3000/3000 VUs, 6546 complete and 0 interrupted iterations
default   [  62% ] 3000 VUs  0m37.4s/1m0s

running (0m38.4s), 3000/3000 VUs, 6665 complete and 0 interrupted iterations
default   [  64% ] 3000 VUs  0m38.4s/1m0s

running (0m39.4s), 3000/3000 VUs, 6748 complete and 0 interrupted iterations
default   [  66% ] 3000 VUs  0m39.4s/1m0s

running (0m40.4s), 3000/3000 VUs, 6858 complete and 0 interrupted iterations
default   [  67% ] 3000 VUs  0m40.4s/1m0s

running (0m41.4s), 3000/3000 VUs, 6946 complete and 0 interrupted iterations
default   [  69% ] 3000 VUs  0m41.4s/1m0s

running (0m42.4s), 3000/3000 VUs, 7145 complete and 0 interrupted iterations
default   [  71% ] 3000 VUs  0m42.4s/1m0s

running (0m43.4s), 3000/3000 VUs, 7689 complete and 0 interrupted iterations
default   [  72% ] 3000 VUs  0m43.4s/1m0s

running (0m44.4s), 3000/3000 VUs, 8243 complete and 0 interrupted iterations
default   [  74% ] 3000 VUs  0m44.4s/1m0s

running (0m45.4s), 3000/3000 VUs, 8552 complete and 0 interrupted iterations
default   [  76% ] 3000 VUs  0m45.4s/1m0s

running (0m46.4s), 3000/3000 VUs, 9010 complete and 0 interrupted iterations
default   [  77% ] 3000 VUs  0m46.4s/1m0s

running (0m47.4s), 3000/3000 VUs, 9021 complete and 0 interrupted iterations
default   [  79% ] 3000 VUs  0m47.4s/1m0s

running (0m48.4s), 3000/3000 VUs, 9095 complete and 0 interrupted iterations
default   [  81% ] 3000 VUs  0m48.4s/1m0s

running (0m49.4s), 3000/3000 VUs, 9154 complete and 0 interrupted iterations
default   [  82% ] 3000 VUs  0m49.4s/1m0s

running (0m50.4s), 3000/3000 VUs, 9378 complete and 0 interrupted iterations
default   [  84% ] 3000 VUs  0m50.4s/1m0s

running (0m51.4s), 3000/3000 VUs, 9863 complete and 0 interrupted iterations
default   [  86% ] 3000 VUs  0m51.4s/1m0s

running (0m52.4s), 3000/3000 VUs, 10445 complete and 0 interrupted iterations
default   [  87% ] 3000 VUs  0m52.4s/1m0s

running (0m53.4s), 3000/3000 VUs, 11135 complete and 0 interrupted iterations
default   [  89% ] 3000 VUs  0m53.4s/1m0s

running (0m54.4s), 3000/3000 VUs, 11195 complete and 0 interrupted iterations
default   [  91% ] 3000 VUs  0m54.4s/1m0s

running (0m55.4s), 3000/3000 VUs, 11249 complete and 0 interrupted iterations
default   [  92% ] 3000 VUs  0m55.4s/1m0s

running (0m56.4s), 3000/3000 VUs, 11253 complete and 0 interrupted iterations
default   [  94% ] 3000 VUs  0m56.4s/1m0s

running (0m57.4s), 3000/3000 VUs, 11265 complete and 0 interrupted iterations
default   [  96% ] 3000 VUs  0m57.4s/1m0s

running (0m58.4s), 3000/3000 VUs, 11331 complete and 0 interrupted iterations
default   [  97% ] 3000 VUs  0m58.4s/1m0s

running (0m59.4s), 3000/3000 VUs, 11445 complete and 0 interrupted iterations
default   [  99% ] 3000 VUs  0m59.4s/1m0s

running (1m00.4s), 2804/3000 VUs, 11726 complete and 0 interrupted iterations
default ↓ [ 100% ] 3000 VUs  1m0s

running (1m01.4s), 2270/3000 VUs, 12260 complete and 0 interrupted iterations
default ↓ [ 100% ] 3000 VUs  1m0s

running (1m02.4s), 1418/3000 VUs, 13112 complete and 0 interrupted iterations
default ↓ [ 100% ] 3000 VUs  1m0s

running (1m03.4s), 0593/3000 VUs, 13937 complete and 0 interrupted iterations
default ↓ [ 100% ] 3000 VUs  1m0s

running (1m04.4s), 0348/3000 VUs, 14182 complete and 0 interrupted iterations
default ↓ [ 100% ] 3000 VUs  1m0s

running (1m05.4s), 0244/3000 VUs, 14286 complete and 0 interrupted iterations
default ↓ [ 100% ] 3000 VUs  1m0s

running (1m06.4s), 0158/3000 VUs, 14372 complete and 0 interrupted iterations
default ↓ [ 100% ] 3000 VUs  1m0s

running (1m07.4s), 0044/3000 VUs, 14486 complete and 0 interrupted iterations
default ↓ [ 100% ] 3000 VUs  1m0s

running (1m08.4s), 0030/3000 VUs, 14500 complete and 0 interrupted iterations
default ↓ [ 100% ] 3000 VUs  1m0s

running (1m09.4s), 0026/3000 VUs, 14504 complete and 0 interrupted iterations
default ↓ [ 100% ] 3000 VUs  1m0s

running (1m10.4s), 0024/3000 VUs, 14506 complete and 0 interrupted iterations
default ↓ [ 100% ] 3000 VUs  1m0s

running (1m11.4s), 0020/3000 VUs, 14510 complete and 0 interrupted iterations
default ↓ [ 100% ] 3000 VUs  1m0s

running (1m12.4s), 0017/3000 VUs, 14513 complete and 0 interrupted iterations
default ↓ [ 100% ] 3000 VUs  1m0s

running (1m13.4s), 0015/3000 VUs, 14515 complete and 0 interrupted iterations
default ↓ [ 100% ] 3000 VUs  1m0s

running (1m14.4s), 0001/3000 VUs, 14529 complete and 0 interrupted iterations
default ↓ [ 100% ] 3000 VUs  1m0s

running (1m15.4s), 0001/3000 VUs, 14529 complete and 0 interrupted iterations
default ↓ [ 100% ] 3000 VUs  1m0s

running (1m15.9s), 0000/3000 VUs, 14530 complete and 0 interrupted iterations
default ✓ [ 100% ] 3000 VUs  1m0s

     ✗ status is 200
      ↳  82% — ✓ 11938 / ✗ 2592

     checks.........................: 82.16% ✓ 11938      ✗ 2592  
     data_received..................: 82 MB  1.1 MB/s
     data_sent......................: 10 MB  137 kB/s
     http_req_blocked...............: avg=2.14s    min=236ns    med=1.68s    max=31.87s  p(90)=4.1s    p(95)=5.13s   
     http_req_connecting............: avg=813.32ms min=0s       med=591.6ms  max=11.8s   p(90)=1.38s   p(95)=2.14s   
     http_req_duration..............: avg=9.39s    min=134.8ms  med=6.18s    max=59.61s  p(90)=15.09s  p(95)=40.56s  
       { expected_response:true }...: avg=7.07s    min=248.21ms med=5.36s    max=58.79s  p(90)=13.02s  p(95)=16.86s  
     http_req_failed................: 17.83% ✓ 2592       ✗ 11938 
     http_req_receiving.............: avg=1.39ms   min=0s       med=58.62µs  max=2.92s   p(90)=1.15ms  p(95)=2.78ms  
     http_req_sending...............: avg=254.39µs min=50.25µs  med=144.04µs max=46.63ms p(90)=346.4µs p(95)=415.05µs
     http_req_tls_handshaking.......: avg=1.32s    min=0s       med=936.6ms  max=30.87s  p(90)=2.51s   p(95)=3.72s   
     http_req_waiting...............: avg=9.39s    min=134.66ms med=6.17s    max=59.61s  p(90)=15.09s  p(95)=40.56s  
     http_reqs......................: 14530  191.319569/s
     iteration_duration.............: avg=12.9s    min=1.39s    med=9.54s    max=1m2s    p(90)=20.05s  p(95)=45.25s  
     iterations.....................: 14530  191.319569/s
     vus............................: 1      min=1        max=3000
     vus_max........................: 3000   min=3000     max=3000

