
          /\      |‾‾| /‾‾/   /‾‾/   
     /\  /  \     |  |/  /   /  /    
    /  \/    \    |     (   /   ‾‾\  
   /          \   |  |\  \ |  (‾)  | 
  / __________ \  |__| \__\ \_____/ .io

  execution: local
     script: tunnels.js
     output: -

  scenarios: (100.00%) 1 scenario, 100 max VUs, 10m30s max duration (incl. graceful stop):
           * thousand-vus: 100 looping VUs for 10m0s (gracefulStop: 30s)


running (00m01.0s), 100/100 VUs, 0 complete and 0 interrupted iterations
thousand-vus   [   0% ] 100 VUs  00m01.0s/10m0s

running (00m02.0s), 100/100 VUs, 18 complete and 0 interrupted iterations
thousand-vus   [   0% ] 100 VUs  00m02.0s/10m0s

running (00m03.0s), 100/100 VUs, 100 complete and 0 interrupted iterations
thousand-vus   [   0% ] 100 VUs  00m03.0s/10m0s

running (00m04.0s), 100/100 VUs, 200 complete and 0 interrupted iterations
thousand-vus   [   1% ] 100 VUs  00m04.0s/10m0s

running (00m05.0s), 100/100 VUs, 216 complete and 0 interrupted iterations
thousand-vus   [   1% ] 100 VUs  00m05.0s/10m0s

running (00m06.0s), 100/100 VUs, 300 complete and 0 interrupted iterations
thousand-vus   [   1% ] 100 VUs  00m06.0s/10m0s

running (00m07.0s), 100/100 VUs, 400 complete and 0 interrupted iterations
thousand-vus   [   1% ] 100 VUs  00m07.0s/10m0s

running (00m08.0s), 100/100 VUs, 417 complete and 0 interrupted iterations
thousand-vus   [   1% ] 100 VUs  00m08.0s/10m0s

running (00m09.0s), 100/100 VUs, 499 complete and 0 interrupted iterations
thousand-vus   [   1% ] 100 VUs  00m09.0s/10m0s

running (00m10.0s), 100/100 VUs, 575 complete and 0 interrupted iterations
thousand-vus   [   2% ] 100 VUs  00m10.0s/10m0s

running (00m11.0s), 100/100 VUs, 607 complete and 0 interrupted iterations
thousand-vus   [   2% ] 100 VUs  00m11.0s/10m0s

running (00m12.0s), 100/100 VUs, 687 complete and 0 interrupted iterations
thousand-vus   [   2% ] 100 VUs  00m12.0s/10m0s

running (00m13.0s), 100/100 VUs, 753 complete and 0 interrupted iterations
thousand-vus   [   2% ] 100 VUs  00m13.0s/10m0s

running (00m14.0s), 100/100 VUs, 797 complete and 0 interrupted iterations
thousand-vus   [   2% ] 100 VUs  00m14.0s/10m0s

running (00m15.0s), 100/100 VUs, 877 complete and 0 interrupted iterations
thousand-vus   [   2% ] 100 VUs  00m15.0s/10m0s

running (00m16.0s), 100/100 VUs, 912 complete and 0 interrupted iterations
thousand-vus   [   3% ] 100 VUs  00m16.0s/10m0s

running (00m17.0s), 100/100 VUs, 975 complete and 0 interrupted iterations
thousand-vus   [   3% ] 100 VUs  00m17.0s/10m0s

running (00m18.0s), 100/100 VUs, 1036 complete and 0 interrupted iterations
thousand-vus   [   3% ] 100 VUs  00m18.0s/10m0s

running (00m19.0s), 100/100 VUs, 1094 complete and 0 interrupted iterations
thousand-vus   [   3% ] 100 VUs  00m19.0s/10m0s

running (00m20.0s), 100/100 VUs, 1158 complete and 0 interrupted iterations
thousand-vus   [   3% ] 100 VUs  00m20.0s/10m0s

running (00m21.0s), 100/100 VUs, 1219 complete and 0 interrupted iterations
thousand-vus   [   3% ] 100 VUs  00m21.0s/10m0s

running (00m22.0s), 100/100 VUs, 1262 complete and 0 interrupted iterations
thousand-vus   [   4% ] 100 VUs  00m22.0s/10m0s

running (00m23.0s), 100/100 VUs, 1317 complete and 0 interrupted iterations
thousand-vus   [   4% ] 100 VUs  00m23.0s/10m0s

running (00m24.0s), 100/100 VUs, 1378 complete and 0 interrupted iterations
thousand-vus   [   4% ] 100 VUs  00m24.0s/10m0s

running (00m25.0s), 100/100 VUs, 1438 complete and 0 interrupted iterations
thousand-vus   [   4% ] 100 VUs  00m25.0s/10m0s

running (00m26.0s), 100/100 VUs, 1498 complete and 0 interrupted iterations
thousand-vus   [   4% ] 100 VUs  00m26.0s/10m0s

running (00m27.0s), 100/100 VUs, 1563 complete and 0 interrupted iterations
thousand-vus   [   4% ] 100 VUs  00m27.0s/10m0s

running (00m28.0s), 100/100 VUs, 1624 complete and 0 interrupted iterations
thousand-vus   [   5% ] 100 VUs  00m28.0s/10m0s

running (00m29.0s), 100/100 VUs, 1689 complete and 0 interrupted iterations
thousand-vus   [   5% ] 100 VUs  00m29.0s/10m0s

running (00m30.0s), 100/100 VUs, 1755 complete and 0 interrupted iterations
thousand-vus   [   5% ] 100 VUs  00m30.0s/10m0s

running (00m31.0s), 100/100 VUs, 1818 complete and 0 interrupted iterations
thousand-vus   [   5% ] 100 VUs  00m31.0s/10m0s

running (00m32.0s), 100/100 VUs, 1879 complete and 0 interrupted iterations
thousand-vus   [   5% ] 100 VUs  00m32.0s/10m0s

running (00m33.0s), 100/100 VUs, 1949 complete and 0 interrupted iterations
thousand-vus   [   5% ] 100 VUs  00m33.0s/10m0s

running (00m34.0s), 100/100 VUs, 2011 complete and 0 interrupted iterations
thousand-vus   [   6% ] 100 VUs  00m34.0s/10m0s

running (00m35.0s), 100/100 VUs, 2075 complete and 0 interrupted iterations
thousand-vus   [   6% ] 100 VUs  00m35.0s/10m0s

running (00m36.0s), 100/100 VUs, 2145 complete and 0 interrupted iterations
thousand-vus   [   6% ] 100 VUs  00m36.0s/10m0s

running (00m37.0s), 100/100 VUs, 2205 complete and 0 interrupted iterations
thousand-vus   [   6% ] 100 VUs  00m37.0s/10m0s

running (00m38.0s), 100/100 VUs, 2268 complete and 0 interrupted iterations
thousand-vus   [   6% ] 100 VUs  00m38.0s/10m0s

running (00m39.0s), 100/100 VUs, 2309 complete and 0 interrupted iterations
thousand-vus   [   6% ] 100 VUs  00m39.0s/10m0s

running (00m40.0s), 100/100 VUs, 2362 complete and 0 interrupted iterations
thousand-vus   [   7% ] 100 VUs  00m40.0s/10m0s

running (00m41.0s), 100/100 VUs, 2422 complete and 0 interrupted iterations
thousand-vus   [   7% ] 100 VUs  00m41.0s/10m0s

running (00m42.0s), 100/100 VUs, 2467 complete and 0 interrupted iterations
thousand-vus   [   7% ] 100 VUs  00m42.0s/10m0s

running (00m43.0s), 100/100 VUs, 2523 complete and 0 interrupted iterations
thousand-vus   [   7% ] 100 VUs  00m43.0s/10m0s

running (00m44.0s), 100/100 VUs, 2588 complete and 0 interrupted iterations
thousand-vus   [   7% ] 100 VUs  00m44.0s/10m0s

running (00m45.0s), 100/100 VUs, 2652 complete and 0 interrupted iterations
thousand-vus   [   7% ] 100 VUs  00m45.0s/10m0s

running (00m46.0s), 100/100 VUs, 2714 complete and 0 interrupted iterations
thousand-vus   [   8% ] 100 VUs  00m46.0s/10m0s

running (00m47.0s), 100/100 VUs, 2780 complete and 0 interrupted iterations
thousand-vus   [   8% ] 100 VUs  00m47.0s/10m0s

running (00m48.0s), 100/100 VUs, 2844 complete and 0 interrupted iterations
thousand-vus   [   8% ] 100 VUs  00m48.0s/10m0s

running (00m49.0s), 100/100 VUs, 2912 complete and 0 interrupted iterations
thousand-vus   [   8% ] 100 VUs  00m49.0s/10m0s

running (00m50.0s), 100/100 VUs, 2966 complete and 0 interrupted iterations
thousand-vus   [   8% ] 100 VUs  00m50.0s/10m0s

running (00m51.0s), 100/100 VUs, 3025 complete and 0 interrupted iterations
thousand-vus   [   8% ] 100 VUs  00m51.0s/10m0s

running (00m52.0s), 100/100 VUs, 3080 complete and 0 interrupted iterations
thousand-vus   [   9% ] 100 VUs  00m52.0s/10m0s

running (00m53.0s), 100/100 VUs, 3152 complete and 0 interrupted iterations
thousand-vus   [   9% ] 100 VUs  00m53.0s/10m0s

running (00m54.0s), 100/100 VUs, 3219 complete and 0 interrupted iterations
thousand-vus   [   9% ] 100 VUs  00m54.0s/10m0s

running (00m55.0s), 100/100 VUs, 3259 complete and 0 interrupted iterations
thousand-vus   [   9% ] 100 VUs  00m55.0s/10m0s

running (00m56.0s), 100/100 VUs, 3329 complete and 0 interrupted iterations
thousand-vus   [   9% ] 100 VUs  00m56.0s/10m0s

running (00m57.0s), 100/100 VUs, 3369 complete and 0 interrupted iterations
thousand-vus   [   9% ] 100 VUs  00m57.0s/10m0s

running (00m58.0s), 100/100 VUs, 3446 complete and 0 interrupted iterations
thousand-vus   [  10% ] 100 VUs  00m58.0s/10m0s

running (00m59.0s), 100/100 VUs, 3504 complete and 0 interrupted iterations
thousand-vus   [  10% ] 100 VUs  00m59.0s/10m0s

running (01m00.0s), 100/100 VUs, 3568 complete and 0 interrupted iterations
thousand-vus   [  10% ] 100 VUs  01m00.0s/10m0s

running (01m01.0s), 100/100 VUs, 3652 complete and 0 interrupted iterations
thousand-vus   [  10% ] 100 VUs  01m01.0s/10m0s

running (01m02.0s), 100/100 VUs, 3714 complete and 0 interrupted iterations
thousand-vus   [  10% ] 100 VUs  01m02.0s/10m0s

running (01m03.0s), 100/100 VUs, 3775 complete and 0 interrupted iterations
thousand-vus   [  10% ] 100 VUs  01m03.0s/10m0s

running (01m04.0s), 100/100 VUs, 3856 complete and 0 interrupted iterations
thousand-vus   [  11% ] 100 VUs  01m04.0s/10m0s

running (01m05.0s), 100/100 VUs, 3915 complete and 0 interrupted iterations
thousand-vus   [  11% ] 100 VUs  01m05.0s/10m0s

running (01m06.0s), 100/100 VUs, 3982 complete and 0 interrupted iterations
thousand-vus   [  11% ] 100 VUs  01m06.0s/10m0s

running (01m07.0s), 100/100 VUs, 4028 complete and 0 interrupted iterations
thousand-vus   [  11% ] 100 VUs  01m07.0s/10m0s

running (01m08.0s), 100/100 VUs, 4095 complete and 0 interrupted iterations
thousand-vus   [  11% ] 100 VUs  01m08.0s/10m0s

running (01m09.0s), 100/100 VUs, 4179 complete and 0 interrupted iterations
thousand-vus   [  11% ] 100 VUs  01m09.0s/10m0s

running (01m10.0s), 100/100 VUs, 4234 complete and 0 interrupted iterations
thousand-vus   [  12% ] 100 VUs  01m10.0s/10m0s

running (01m11.0s), 100/100 VUs, 4305 complete and 0 interrupted iterations
thousand-vus   [  12% ] 100 VUs  01m11.0s/10m0s

running (01m12.0s), 100/100 VUs, 4377 complete and 0 interrupted iterations
thousand-vus   [  12% ] 100 VUs  01m12.0s/10m0s

running (01m13.0s), 100/100 VUs, 4403 complete and 0 interrupted iterations
thousand-vus   [  12% ] 100 VUs  01m13.0s/10m0s

running (01m14.0s), 100/100 VUs, 4488 complete and 0 interrupted iterations
thousand-vus   [  12% ] 100 VUs  01m14.0s/10m0s

running (01m15.0s), 100/100 VUs, 4529 complete and 0 interrupted iterations
thousand-vus   [  12% ] 100 VUs  01m15.0s/10m0s

running (01m16.0s), 100/100 VUs, 4598 complete and 0 interrupted iterations
thousand-vus   [  13% ] 100 VUs  01m16.0s/10m0s

running (01m17.0s), 100/100 VUs, 4652 complete and 0 interrupted iterations
thousand-vus   [  13% ] 100 VUs  01m17.0s/10m0s

running (01m18.0s), 100/100 VUs, 4708 complete and 0 interrupted iterations
thousand-vus   [  13% ] 100 VUs  01m18.0s/10m0s

running (01m19.0s), 100/100 VUs, 4755 complete and 0 interrupted iterations
thousand-vus   [  13% ] 100 VUs  01m19.0s/10m0s

running (01m20.0s), 100/100 VUs, 4820 complete and 0 interrupted iterations
thousand-vus   [  13% ] 100 VUs  01m20.0s/10m0s

running (01m21.0s), 100/100 VUs, 4905 complete and 0 interrupted iterations
thousand-vus   [  13% ] 100 VUs  01m21.0s/10m0s

running (01m22.0s), 100/100 VUs, 4948 complete and 0 interrupted iterations
thousand-vus   [  14% ] 100 VUs  01m22.0s/10m0s

running (01m23.0s), 100/100 VUs, 5027 complete and 0 interrupted iterations
thousand-vus   [  14% ] 100 VUs  01m23.0s/10m0s

running (01m24.0s), 100/100 VUs, 5094 complete and 0 interrupted iterations
thousand-vus   [  14% ] 100 VUs  01m24.0s/10m0s

running (01m25.0s), 100/100 VUs, 5135 complete and 0 interrupted iterations
thousand-vus   [  14% ] 100 VUs  01m25.0s/10m0s

running (01m26.0s), 100/100 VUs, 5218 complete and 0 interrupted iterations
thousand-vus   [  14% ] 100 VUs  01m26.0s/10m0s

running (01m27.0s), 100/100 VUs, 5262 complete and 0 interrupted iterations
thousand-vus   [  14% ] 100 VUs  01m27.0s/10m0s

running (01m28.0s), 100/100 VUs, 5341 complete and 0 interrupted iterations
thousand-vus   [  15% ] 100 VUs  01m28.0s/10m0s

running (01m29.0s), 100/100 VUs, 5421 complete and 0 interrupted iterations
thousand-vus   [  15% ] 100 VUs  01m29.0s/10m0s

running (01m30.0s), 100/100 VUs, 5467 complete and 0 interrupted iterations
thousand-vus   [  15% ] 100 VUs  01m30.0s/10m0s

running (01m31.0s), 100/100 VUs, 5546 complete and 0 interrupted iterations
thousand-vus   [  15% ] 100 VUs  01m31.0s/10m0s

running (01m32.0s), 100/100 VUs, 5631 complete and 0 interrupted iterations
thousand-vus   [  15% ] 100 VUs  01m32.0s/10m0s

running (01m33.0s), 100/100 VUs, 5662 complete and 0 interrupted iterations
thousand-vus   [  15% ] 100 VUs  01m33.0s/10m0s

running (01m34.0s), 100/100 VUs, 5754 complete and 0 interrupted iterations
thousand-vus   [  16% ] 100 VUs  01m34.0s/10m0s

running (01m35.0s), 100/100 VUs, 5823 complete and 0 interrupted iterations
thousand-vus   [  16% ] 100 VUs  01m35.0s/10m0s

running (01m36.0s), 100/100 VUs, 5873 complete and 0 interrupted iterations
thousand-vus   [  16% ] 100 VUs  01m36.0s/10m0s

running (01m37.0s), 100/100 VUs, 5962 complete and 0 interrupted iterations
thousand-vus   [  16% ] 100 VUs  01m37.0s/10m0s

running (01m38.0s), 100/100 VUs, 6021 complete and 0 interrupted iterations
thousand-vus   [  16% ] 100 VUs  01m38.0s/10m0s

running (01m39.0s), 100/100 VUs, 6074 complete and 0 interrupted iterations
thousand-vus   [  16% ] 100 VUs  01m39.0s/10m0s

running (01m40.0s), 100/100 VUs, 6168 complete and 0 interrupted iterations
thousand-vus   [  17% ] 100 VUs  01m40.0s/10m0s

running (01m41.0s), 100/100 VUs, 6220 complete and 0 interrupted iterations
thousand-vus   [  17% ] 100 VUs  01m41.0s/10m0s

running (01m42.0s), 100/100 VUs, 6283 complete and 0 interrupted iterations
thousand-vus   [  17% ] 100 VUs  01m42.0s/10m0s

running (01m43.0s), 100/100 VUs, 6371 complete and 0 interrupted iterations
thousand-vus   [  17% ] 100 VUs  01m43.0s/10m0s

running (01m44.0s), 100/100 VUs, 6424 complete and 0 interrupted iterations
thousand-vus   [  17% ] 100 VUs  01m44.0s/10m0s

running (01m45.0s), 100/100 VUs, 6495 complete and 0 interrupted iterations
thousand-vus   [  17% ] 100 VUs  01m45.0s/10m0s

running (01m46.0s), 100/100 VUs, 6549 complete and 0 interrupted iterations
thousand-vus   [  18% ] 100 VUs  01m46.0s/10m0s

running (01m47.0s), 100/100 VUs, 6606 complete and 0 interrupted iterations
thousand-vus   [  18% ] 100 VUs  01m47.0s/10m0s

running (01m48.0s), 100/100 VUs, 6689 complete and 0 interrupted iterations
thousand-vus   [  18% ] 100 VUs  01m48.0s/10m0s

running (01m49.0s), 100/100 VUs, 6743 complete and 0 interrupted iterations
thousand-vus   [  18% ] 100 VUs  01m49.0s/10m0s

running (01m50.0s), 100/100 VUs, 6819 complete and 0 interrupted iterations
thousand-vus   [  18% ] 100 VUs  01m50.0s/10m0s

running (01m51.0s), 100/100 VUs, 6891 complete and 0 interrupted iterations
thousand-vus   [  18% ] 100 VUs  01m51.0s/10m0s

running (01m52.0s), 100/100 VUs, 6945 complete and 0 interrupted iterations
thousand-vus   [  19% ] 100 VUs  01m52.0s/10m0s

running (01m53.0s), 100/100 VUs, 7006 complete and 0 interrupted iterations
thousand-vus   [  19% ] 100 VUs  01m53.0s/10m0s

running (01m54.0s), 100/100 VUs, 7085 complete and 0 interrupted iterations
thousand-vus   [  19% ] 100 VUs  01m54.0s/10m0s

running (01m55.0s), 100/100 VUs, 7126 complete and 0 interrupted iterations
thousand-vus   [  19% ] 100 VUs  01m55.0s/10m0s

running (01m56.0s), 100/100 VUs, 7208 complete and 0 interrupted iterations
thousand-vus   [  19% ] 100 VUs  01m56.0s/10m0s

running (01m57.0s), 100/100 VUs, 7282 complete and 0 interrupted iterations
thousand-vus   [  19% ] 100 VUs  01m57.0s/10m0s

running (01m58.0s), 100/100 VUs, 7339 complete and 0 interrupted iterations
thousand-vus   [  20% ] 100 VUs  01m58.0s/10m0s

running (01m59.0s), 100/100 VUs, 7421 complete and 0 interrupted iterations
thousand-vus   [  20% ] 100 VUs  01m59.0s/10m0s

running (02m00.0s), 100/100 VUs, 7480 complete and 0 interrupted iterations
thousand-vus   [  20% ] 100 VUs  02m00.0s/10m0s

running (02m01.0s), 100/100 VUs, 7543 complete and 0 interrupted iterations
thousand-vus   [  20% ] 100 VUs  02m01.0s/10m0s

running (02m02.0s), 100/100 VUs, 7625 complete and 0 interrupted iterations
thousand-vus   [  20% ] 100 VUs  02m02.0s/10m0s

running (02m03.0s), 100/100 VUs, 7690 complete and 0 interrupted iterations
thousand-vus   [  20% ] 100 VUs  02m03.0s/10m0s

running (02m04.0s), 100/100 VUs, 7756 complete and 0 interrupted iterations
thousand-vus   [  21% ] 100 VUs  02m04.0s/10m0s

running (02m05.0s), 100/100 VUs, 7828 complete and 0 interrupted iterations
thousand-vus   [  21% ] 100 VUs  02m05.0s/10m0s

running (02m06.0s), 100/100 VUs, 7892 complete and 0 interrupted iterations
thousand-vus   [  21% ] 100 VUs  02m06.0s/10m0s

running (02m07.0s), 100/100 VUs, 7961 complete and 0 interrupted iterations
thousand-vus   [  21% ] 100 VUs  02m07.0s/10m0s

running (02m08.0s), 100/100 VUs, 8040 complete and 0 interrupted iterations
thousand-vus   [  21% ] 100 VUs  02m08.0s/10m0s

running (02m09.0s), 100/100 VUs, 8105 complete and 0 interrupted iterations
thousand-vus   [  21% ] 100 VUs  02m09.0s/10m0s

running (02m10.0s), 100/100 VUs, 8147 complete and 0 interrupted iterations
thousand-vus   [  22% ] 100 VUs  02m10.0s/10m0s

running (02m11.0s), 100/100 VUs, 8242 complete and 0 interrupted iterations
thousand-vus   [  22% ] 100 VUs  02m11.0s/10m0s

running (02m12.0s), 100/100 VUs, 8265 complete and 0 interrupted iterations
thousand-vus   [  22% ] 100 VUs  02m12.0s/10m0s

running (02m13.0s), 100/100 VUs, 8343 complete and 0 interrupted iterations
thousand-vus   [  22% ] 100 VUs  02m13.0s/10m0s

running (02m14.0s), 100/100 VUs, 8379 complete and 0 interrupted iterations
thousand-vus   [  22% ] 100 VUs  02m14.0s/10m0s

running (02m15.0s), 100/100 VUs, 8455 complete and 0 interrupted iterations
thousand-vus   [  22% ] 100 VUs  02m15.0s/10m0s

running (02m16.0s), 100/100 VUs, 8515 complete and 0 interrupted iterations
thousand-vus   [  23% ] 100 VUs  02m16.0s/10m0s

running (02m17.0s), 100/100 VUs, 8571 complete and 0 interrupted iterations
thousand-vus   [  23% ] 100 VUs  02m17.0s/10m0s

running (02m18.0s), 100/100 VUs, 8659 complete and 0 interrupted iterations
thousand-vus   [  23% ] 100 VUs  02m18.0s/10m0s

running (02m19.0s), 100/100 VUs, 8703 complete and 0 interrupted iterations
thousand-vus   [  23% ] 100 VUs  02m19.0s/10m0s

running (02m20.0s), 100/100 VUs, 8765 complete and 0 interrupted iterations
thousand-vus   [  23% ] 100 VUs  02m20.0s/10m0s

running (02m21.0s), 100/100 VUs, 8833 complete and 0 interrupted iterations
thousand-vus   [  23% ] 100 VUs  02m21.0s/10m0s

running (02m22.0s), 100/100 VUs, 8886 complete and 0 interrupted iterations
thousand-vus   [  24% ] 100 VUs  02m22.0s/10m0s

running (02m23.0s), 100/100 VUs, 8975 complete and 0 interrupted iterations
thousand-vus   [  24% ] 100 VUs  02m23.0s/10m0s

running (02m24.0s), 100/100 VUs, 9045 complete and 0 interrupted iterations
thousand-vus   [  24% ] 100 VUs  02m24.0s/10m0s

running (02m25.0s), 100/100 VUs, 9096 complete and 0 interrupted iterations
thousand-vus   [  24% ] 100 VUs  02m25.0s/10m0s

running (02m26.0s), 100/100 VUs, 9177 complete and 0 interrupted iterations
thousand-vus   [  24% ] 100 VUs  02m26.0s/10m0s

running (02m27.0s), 100/100 VUs, 9249 complete and 0 interrupted iterations
thousand-vus   [  24% ] 100 VUs  02m27.0s/10m0s

running (02m28.0s), 100/100 VUs, 9302 complete and 0 interrupted iterations
thousand-vus   [  25% ] 100 VUs  02m28.0s/10m0s

running (02m29.0s), 100/100 VUs, 9382 complete and 0 interrupted iterations
thousand-vus   [  25% ] 100 VUs  02m29.0s/10m0s

running (02m30.0s), 100/100 VUs, 9454 complete and 0 interrupted iterations
thousand-vus   [  25% ] 100 VUs  02m30.0s/10m0s

running (02m31.0s), 100/100 VUs, 9507 complete and 0 interrupted iterations
thousand-vus   [  25% ] 100 VUs  02m31.0s/10m0s

running (02m32.0s), 100/100 VUs, 9594 complete and 0 interrupted iterations
thousand-vus   [  25% ] 100 VUs  02m32.0s/10m0s

running (02m33.0s), 100/100 VUs, 9665 complete and 0 interrupted iterations
thousand-vus   [  25% ] 100 VUs  02m33.0s/10m0s

running (02m34.0s), 100/100 VUs, 9711 complete and 0 interrupted iterations
thousand-vus   [  26% ] 100 VUs  02m34.0s/10m0s

running (02m35.0s), 100/100 VUs, 9800 complete and 0 interrupted iterations
thousand-vus   [  26% ] 100 VUs  02m35.0s/10m0s

running (02m36.0s), 100/100 VUs, 9867 complete and 0 interrupted iterations
thousand-vus   [  26% ] 100 VUs  02m36.0s/10m0s

running (02m37.0s), 100/100 VUs, 9922 complete and 0 interrupted iterations
thousand-vus   [  26% ] 100 VUs  02m37.0s/10m0s

running (02m38.0s), 100/100 VUs, 10010 complete and 0 interrupted iterations
thousand-vus   [  26% ] 100 VUs  02m38.0s/10m0s

running (02m39.0s), 100/100 VUs, 10073 complete and 0 interrupted iterations
thousand-vus   [  26% ] 100 VUs  02m39.0s/10m0s

running (02m40.0s), 100/100 VUs, 10128 complete and 0 interrupted iterations
thousand-vus   [  27% ] 100 VUs  02m40.0s/10m0s

running (02m41.0s), 100/100 VUs, 10198 complete and 0 interrupted iterations
thousand-vus   [  27% ] 100 VUs  02m41.0s/10m0s

running (02m42.0s), 100/100 VUs, 10265 complete and 0 interrupted iterations
thousand-vus   [  27% ] 100 VUs  02m42.0s/10m0s

running (02m43.0s), 100/100 VUs, 10326 complete and 0 interrupted iterations
thousand-vus   [  27% ] 100 VUs  02m43.0s/10m0s

running (02m44.0s), 100/100 VUs, 10392 complete and 0 interrupted iterations
thousand-vus   [  27% ] 100 VUs  02m44.0s/10m0s

running (02m45.0s), 100/100 VUs, 10467 complete and 0 interrupted iterations
thousand-vus   [  27% ] 100 VUs  02m45.0s/10m0s

running (02m46.0s), 100/100 VUs, 10528 complete and 0 interrupted iterations
thousand-vus   [  28% ] 100 VUs  02m46.0s/10m0s

running (02m47.0s), 100/100 VUs, 10597 complete and 0 interrupted iterations
thousand-vus   [  28% ] 100 VUs  02m47.0s/10m0s

running (02m48.0s), 100/100 VUs, 10674 complete and 0 interrupted iterations
thousand-vus   [  28% ] 100 VUs  02m48.0s/10m0s

running (02m49.0s), 100/100 VUs, 10737 complete and 0 interrupted iterations
thousand-vus   [  28% ] 100 VUs  02m49.0s/10m0s

running (02m50.0s), 100/100 VUs, 10794 complete and 0 interrupted iterations
thousand-vus   [  28% ] 100 VUs  02m50.0s/10m0s

running (02m51.0s), 100/100 VUs, 10864 complete and 0 interrupted iterations
thousand-vus   [  28% ] 100 VUs  02m51.0s/10m0s

running (02m52.0s), 100/100 VUs, 10946 complete and 0 interrupted iterations
thousand-vus   [  29% ] 100 VUs  02m52.0s/10m0s

running (02m53.0s), 100/100 VUs, 11012 complete and 0 interrupted iterations
thousand-vus   [  29% ] 100 VUs  02m53.0s/10m0s

running (02m54.0s), 100/100 VUs, 11054 complete and 0 interrupted iterations
thousand-vus   [  29% ] 100 VUs  02m54.0s/10m0s

running (02m55.0s), 100/100 VUs, 11117 complete and 0 interrupted iterations
thousand-vus   [  29% ] 100 VUs  02m55.0s/10m0s

running (02m56.0s), 100/100 VUs, 11191 complete and 0 interrupted iterations
thousand-vus   [  29% ] 100 VUs  02m56.0s/10m0s

running (02m57.0s), 100/100 VUs, 11262 complete and 0 interrupted iterations
thousand-vus   [  29% ] 100 VUs  02m57.0s/10m0s

running (02m58.0s), 100/100 VUs, 11321 complete and 0 interrupted iterations
thousand-vus   [  30% ] 100 VUs  02m58.0s/10m0s

running (02m59.0s), 100/100 VUs, 11390 complete and 0 interrupted iterations
thousand-vus   [  30% ] 100 VUs  02m59.0s/10m0s

running (03m00.0s), 100/100 VUs, 11440 complete and 0 interrupted iterations
thousand-vus   [  30% ] 100 VUs  03m00.0s/10m0s

running (03m01.0s), 100/100 VUs, 11526 complete and 0 interrupted iterations
thousand-vus   [  30% ] 100 VUs  03m01.0s/10m0s

running (03m02.0s), 100/100 VUs, 11576 complete and 0 interrupted iterations
thousand-vus   [  30% ] 100 VUs  03m02.0s/10m0s

running (03m03.0s), 100/100 VUs, 11642 complete and 0 interrupted iterations
thousand-vus   [  30% ] 100 VUs  03m03.0s/10m0s

running (03m04.0s), 100/100 VUs, 11727 complete and 0 interrupted iterations
thousand-vus   [  31% ] 100 VUs  03m04.0s/10m0s

running (03m05.0s), 100/100 VUs, 11780 complete and 0 interrupted iterations
thousand-vus   [  31% ] 100 VUs  03m05.0s/10m0s

running (03m06.0s), 100/100 VUs, 11854 complete and 0 interrupted iterations
thousand-vus   [  31% ] 100 VUs  03m06.0s/10m0s

running (03m07.0s), 100/100 VUs, 11935 complete and 0 interrupted iterations
thousand-vus   [  31% ] 100 VUs  03m07.0s/10m0s

running (03m08.0s), 100/100 VUs, 11980 complete and 0 interrupted iterations
thousand-vus   [  31% ] 100 VUs  03m08.0s/10m0s

running (03m09.0s), 100/100 VUs, 12055 complete and 0 interrupted iterations
thousand-vus   [  31% ] 100 VUs  03m09.0s/10m0s

running (03m10.0s), 100/100 VUs, 12143 complete and 0 interrupted iterations
thousand-vus   [  32% ] 100 VUs  03m10.0s/10m0s

running (03m11.0s), 100/100 VUs, 12195 complete and 0 interrupted iterations
thousand-vus   [  32% ] 100 VUs  03m11.0s/10m0s

running (03m12.0s), 100/100 VUs, 12248 complete and 0 interrupted iterations
thousand-vus   [  32% ] 100 VUs  03m12.0s/10m0s

running (03m13.0s), 100/100 VUs, 12297 complete and 0 interrupted iterations
thousand-vus   [  32% ] 100 VUs  03m13.0s/10m0s

running (03m14.0s), 100/100 VUs, 12367 complete and 0 interrupted iterations
thousand-vus   [  32% ] 100 VUs  03m14.0s/10m0s

running (03m15.0s), 100/100 VUs, 12421 complete and 0 interrupted iterations
thousand-vus   [  32% ] 100 VUs  03m15.0s/10m0s

running (03m16.0s), 100/100 VUs, 12474 complete and 0 interrupted iterations
thousand-vus   [  33% ] 100 VUs  03m16.0s/10m0s

running (03m17.0s), 100/100 VUs, 12539 complete and 0 interrupted iterations
thousand-vus   [  33% ] 100 VUs  03m17.0s/10m0s

running (03m18.0s), 100/100 VUs, 12599 complete and 0 interrupted iterations
thousand-vus   [  33% ] 100 VUs  03m18.0s/10m0s

running (03m19.0s), 100/100 VUs, 12676 complete and 0 interrupted iterations
thousand-vus   [  33% ] 100 VUs  03m19.0s/10m0s

running (03m20.0s), 100/100 VUs, 12730 complete and 0 interrupted iterations
thousand-vus   [  33% ] 100 VUs  03m20.0s/10m0s

running (03m21.0s), 100/100 VUs, 12800 complete and 0 interrupted iterations
thousand-vus   [  33% ] 100 VUs  03m21.0s/10m0s

running (03m22.0s), 100/100 VUs, 12879 complete and 0 interrupted iterations
thousand-vus   [  34% ] 100 VUs  03m22.0s/10m0s

running (03m23.0s), 100/100 VUs, 12930 complete and 0 interrupted iterations
thousand-vus   [  34% ] 100 VUs  03m23.0s/10m0s

running (03m24.0s), 100/100 VUs, 13008 complete and 0 interrupted iterations
thousand-vus   [  34% ] 100 VUs  03m24.0s/10m0s

running (03m25.0s), 100/100 VUs, 13076 complete and 0 interrupted iterations
thousand-vus   [  34% ] 100 VUs  03m25.0s/10m0s

running (03m26.0s), 100/100 VUs, 13135 complete and 0 interrupted iterations
thousand-vus   [  34% ] 100 VUs  03m26.0s/10m0s

running (03m27.0s), 100/100 VUs, 13216 complete and 0 interrupted iterations
thousand-vus   [  34% ] 100 VUs  03m27.0s/10m0s

running (03m28.0s), 100/100 VUs, 13290 complete and 0 interrupted iterations
thousand-vus   [  35% ] 100 VUs  03m28.0s/10m0s

running (03m29.0s), 100/100 VUs, 13343 complete and 0 interrupted iterations
thousand-vus   [  35% ] 100 VUs  03m29.0s/10m0s

running (03m30.0s), 100/100 VUs, 13417 complete and 0 interrupted iterations
thousand-vus   [  35% ] 100 VUs  03m30.0s/10m0s

running (03m31.0s), 100/100 VUs, 13482 complete and 0 interrupted iterations
thousand-vus   [  35% ] 100 VUs  03m31.0s/10m0s

running (03m32.0s), 100/100 VUs, 13543 complete and 0 interrupted iterations
thousand-vus   [  35% ] 100 VUs  03m32.0s/10m0s

running (03m33.0s), 100/100 VUs, 13614 complete and 0 interrupted iterations
thousand-vus   [  35% ] 100 VUs  03m33.0s/10m0s

running (03m34.0s), 100/100 VUs, 13645 complete and 0 interrupted iterations
thousand-vus   [  36% ] 100 VUs  03m34.0s/10m0s

running (03m35.0s), 100/100 VUs, 13733 complete and 0 interrupted iterations
thousand-vus   [  36% ] 100 VUs  03m35.0s/10m0s

running (03m36.0s), 100/100 VUs, 13785 complete and 0 interrupted iterations
thousand-vus   [  36% ] 100 VUs  03m36.0s/10m0s

running (03m37.0s), 100/100 VUs, 13856 complete and 0 interrupted iterations
thousand-vus   [  36% ] 100 VUs  03m37.0s/10m0s

running (03m38.0s), 100/100 VUs, 13941 complete and 0 interrupted iterations
thousand-vus   [  36% ] 100 VUs  03m38.0s/10m0s

running (03m39.0s), 100/100 VUs, 13983 complete and 0 interrupted iterations
thousand-vus   [  36% ] 100 VUs  03m39.0s/10m0s

running (03m40.0s), 100/100 VUs, 14064 complete and 0 interrupted iterations
thousand-vus   [  37% ] 100 VUs  03m40.0s/10m0s

running (03m41.0s), 100/100 VUs, 14151 complete and 0 interrupted iterations
thousand-vus   [  37% ] 100 VUs  03m41.0s/10m0s

running (03m42.0s), 100/100 VUs, 14192 complete and 0 interrupted iterations
thousand-vus   [  37% ] 100 VUs  03m42.0s/10m0s

running (03m43.0s), 100/100 VUs, 14271 complete and 0 interrupted iterations
thousand-vus   [  37% ] 100 VUs  03m43.0s/10m0s

running (03m44.0s), 100/100 VUs, 14345 complete and 0 interrupted iterations
thousand-vus   [  37% ] 100 VUs  03m44.0s/10m0s

running (03m45.0s), 100/100 VUs, 14400 complete and 0 interrupted iterations
thousand-vus   [  37% ] 100 VUs  03m45.0s/10m0s

running (03m46.0s), 100/100 VUs, 14477 complete and 0 interrupted iterations
thousand-vus   [  38% ] 100 VUs  03m46.0s/10m0s

running (03m47.0s), 100/100 VUs, 14555 complete and 0 interrupted iterations
thousand-vus   [  38% ] 100 VUs  03m47.0s/10m0s

running (03m48.0s), 100/100 VUs, 14605 complete and 0 interrupted iterations
thousand-vus   [  38% ] 100 VUs  03m48.0s/10m0s

running (03m49.0s), 100/100 VUs, 14681 complete and 0 interrupted iterations
thousand-vus   [  38% ] 100 VUs  03m49.0s/10m0s

running (03m50.0s), 100/100 VUs, 14710 complete and 0 interrupted iterations
thousand-vus   [  38% ] 100 VUs  03m50.0s/10m0s

running (03m51.0s), 100/100 VUs, 14783 complete and 0 interrupted iterations
thousand-vus   [  38% ] 100 VUs  03m51.0s/10m0s

running (03m52.0s), 100/100 VUs, 14838 complete and 0 interrupted iterations
thousand-vus   [  39% ] 100 VUs  03m52.0s/10m0s

running (03m53.0s), 100/100 VUs, 14915 complete and 0 interrupted iterations
thousand-vus   [  39% ] 100 VUs  03m53.0s/10m0s

running (03m54.0s), 100/100 VUs, 14991 complete and 0 interrupted iterations
thousand-vus   [  39% ] 100 VUs  03m54.0s/10m0s

running (03m55.0s), 100/100 VUs, 15033 complete and 0 interrupted iterations
thousand-vus   [  39% ] 100 VUs  03m55.0s/10m0s

running (03m56.0s), 100/100 VUs, 15125 complete and 0 interrupted iterations
thousand-vus   [  39% ] 100 VUs  03m56.0s/10m0s

running (03m57.0s), 100/100 VUs, 15199 complete and 0 interrupted iterations
thousand-vus   [  39% ] 100 VUs  03m57.0s/10m0s

running (03m58.0s), 100/100 VUs, 15242 complete and 0 interrupted iterations
thousand-vus   [  40% ] 100 VUs  03m58.0s/10m0s

running (03m59.0s), 100/100 VUs, 15332 complete and 0 interrupted iterations
thousand-vus   [  40% ] 100 VUs  03m59.0s/10m0s

running (04m00.0s), 100/100 VUs, 15380 complete and 0 interrupted iterations
thousand-vus   [  40% ] 100 VUs  04m00.0s/10m0s

running (04m01.0s), 100/100 VUs, 15447 complete and 0 interrupted iterations
thousand-vus   [  40% ] 100 VUs  04m01.0s/10m0s

running (04m02.0s), 100/100 VUs, 15511 complete and 0 interrupted iterations
thousand-vus   [  40% ] 100 VUs  04m02.0s/10m0s

running (04m03.0s), 100/100 VUs, 15560 complete and 0 interrupted iterations
thousand-vus   [  40% ] 100 VUs  04m03.0s/10m0s

running (04m04.0s), 100/100 VUs, 15648 complete and 0 interrupted iterations
thousand-vus   [  41% ] 100 VUs  04m04.0s/10m0s

running (04m05.0s), 100/100 VUs, 15721 complete and 0 interrupted iterations
thousand-vus   [  41% ] 100 VUs  04m05.0s/10m0s

running (04m06.0s), 100/100 VUs, 15769 complete and 0 interrupted iterations
thousand-vus   [  41% ] 100 VUs  04m06.0s/10m0s

running (04m07.0s), 100/100 VUs, 15855 complete and 0 interrupted iterations
thousand-vus   [  41% ] 100 VUs  04m07.0s/10m0s

running (04m08.0s), 100/100 VUs, 15927 complete and 0 interrupted iterations
thousand-vus   [  41% ] 100 VUs  04m08.0s/10m0s

running (04m09.0s), 100/100 VUs, 15970 complete and 0 interrupted iterations
thousand-vus   [  41% ] 100 VUs  04m09.0s/10m0s

running (04m10.0s), 100/100 VUs, 16065 complete and 0 interrupted iterations
thousand-vus   [  42% ] 100 VUs  04m10.0s/10m0s

running (04m11.0s), 100/100 VUs, 16129 complete and 0 interrupted iterations
thousand-vus   [  42% ] 100 VUs  04m11.0s/10m0s

running (04m12.0s), 100/100 VUs, 16177 complete and 0 interrupted iterations
thousand-vus   [  42% ] 100 VUs  04m12.0s/10m0s

running (04m13.0s), 100/100 VUs, 16253 complete and 0 interrupted iterations
thousand-vus   [  42% ] 100 VUs  04m13.0s/10m0s

running (04m14.0s), 100/100 VUs, 16289 complete and 0 interrupted iterations
thousand-vus   [  42% ] 100 VUs  04m14.0s/10m0s

running (04m15.0s), 100/100 VUs, 16376 complete and 0 interrupted iterations
thousand-vus   [  42% ] 100 VUs  04m15.0s/10m0s

running (04m16.0s), 100/100 VUs, 16426 complete and 0 interrupted iterations
thousand-vus   [  43% ] 100 VUs  04m16.0s/10m0s

running (04m17.0s), 100/100 VUs, 16496 complete and 0 interrupted iterations
thousand-vus   [  43% ] 100 VUs  04m17.0s/10m0s

running (04m18.0s), 100/100 VUs, 16581 complete and 0 interrupted iterations
thousand-vus   [  43% ] 100 VUs  04m18.0s/10m0s

running (04m19.0s), 100/100 VUs, 16629 complete and 0 interrupted iterations
thousand-vus   [  43% ] 100 VUs  04m19.0s/10m0s

running (04m20.0s), 100/100 VUs, 16697 complete and 0 interrupted iterations
thousand-vus   [  43% ] 100 VUs  04m20.0s/10m0s

running (04m21.0s), 100/100 VUs, 16789 complete and 0 interrupted iterations
thousand-vus   [  43% ] 100 VUs  04m21.0s/10m0s

running (04m22.0s), 100/100 VUs, 16841 complete and 0 interrupted iterations
thousand-vus   [  44% ] 100 VUs  04m22.0s/10m0s

running (04m23.0s), 100/100 VUs, 16905 complete and 0 interrupted iterations
thousand-vus   [  44% ] 100 VUs  04m23.0s/10m0s

running (04m24.0s), 100/100 VUs, 16992 complete and 0 interrupted iterations
thousand-vus   [  44% ] 100 VUs  04m24.0s/10m0s

running (04m25.0s), 100/100 VUs, 17015 complete and 0 interrupted iterations
thousand-vus   [  44% ] 100 VUs  04m25.0s/10m0s

running (04m26.0s), 100/100 VUs, 17104 complete and 0 interrupted iterations
thousand-vus   [  44% ] 100 VUs  04m26.0s/10m0s

running (04m27.0s), 100/100 VUs, 17118 complete and 0 interrupted iterations
thousand-vus   [  44% ] 100 VUs  04m27.0s/10m0s

running (04m28.0s), 100/100 VUs, 17210 complete and 0 interrupted iterations
thousand-vus   [  45% ] 100 VUs  04m28.0s/10m0s

running (04m29.0s), 100/100 VUs, 17247 complete and 0 interrupted iterations
thousand-vus   [  45% ] 100 VUs  04m29.0s/10m0s

running (04m30.0s), 100/100 VUs, 17319 complete and 0 interrupted iterations
thousand-vus   [  45% ] 100 VUs  04m30.0s/10m0s

running (04m31.0s), 100/100 VUs, 17394 complete and 0 interrupted iterations
thousand-vus   [  45% ] 100 VUs  04m31.0s/10m0s

running (04m32.0s), 100/100 VUs, 17433 complete and 0 interrupted iterations
thousand-vus   [  45% ] 100 VUs  04m32.0s/10m0s

running (04m33.0s), 100/100 VUs, 17526 complete and 0 interrupted iterations
thousand-vus   [  45% ] 100 VUs  04m33.0s/10m0s

running (04m34.0s), 100/100 VUs, 17568 complete and 0 interrupted iterations
thousand-vus   [  46% ] 100 VUs  04m34.0s/10m0s

running (04m35.0s), 100/100 VUs, 17633 complete and 0 interrupted iterations
thousand-vus   [  46% ] 100 VUs  04m35.0s/10m0s

running (04m36.0s), 100/100 VUs, 17727 complete and 0 interrupted iterations
thousand-vus   [  46% ] 100 VUs  04m36.0s/10m0s

running (04m37.0s), 100/100 VUs, 17761 complete and 0 interrupted iterations
thousand-vus   [  46% ] 100 VUs  04m37.0s/10m0s

running (04m38.0s), 100/100 VUs, 17843 complete and 0 interrupted iterations
thousand-vus   [  46% ] 100 VUs  04m38.0s/10m0s

running (04m39.0s), 100/100 VUs, 17935 complete and 0 interrupted iterations
thousand-vus   [  46% ] 100 VUs  04m39.0s/10m0s

running (04m40.0s), 100/100 VUs, 17963 complete and 0 interrupted iterations
thousand-vus   [  47% ] 100 VUs  04m40.0s/10m0s

running (04m41.0s), 100/100 VUs, 18048 complete and 0 interrupted iterations
thousand-vus   [  47% ] 100 VUs  04m41.0s/10m0s

running (04m42.0s), 100/100 VUs, 18143 complete and 0 interrupted iterations
thousand-vus   [  47% ] 100 VUs  04m42.0s/10m0s

running (04m43.0s), 100/100 VUs, 18168 complete and 0 interrupted iterations
thousand-vus   [  47% ] 100 VUs  04m43.0s/10m0s

running (04m44.0s), 100/100 VUs, 18256 complete and 0 interrupted iterations
thousand-vus   [  47% ] 100 VUs  04m44.0s/10m0s

running (04m45.0s), 100/100 VUs, 18323 complete and 0 interrupted iterations
thousand-vus   [  47% ] 100 VUs  04m45.0s/10m0s

running (04m46.0s), 100/100 VUs, 18374 complete and 0 interrupted iterations
thousand-vus   [  48% ] 100 VUs  04m46.0s/10m0s

running (04m47.0s), 100/100 VUs, 18464 complete and 0 interrupted iterations
thousand-vus   [  48% ] 100 VUs  04m47.0s/10m0s

running (04m48.0s), 100/100 VUs, 18532 complete and 0 interrupted iterations
thousand-vus   [  48% ] 100 VUs  04m48.0s/10m0s

running (04m49.0s), 100/100 VUs, 18583 complete and 0 interrupted iterations
thousand-vus   [  48% ] 100 VUs  04m49.0s/10m0s

running (04m50.0s), 100/100 VUs, 18667 complete and 0 interrupted iterations
thousand-vus   [  48% ] 100 VUs  04m50.0s/10m0s

running (04m51.0s), 100/100 VUs, 18738 complete and 0 interrupted iterations
thousand-vus   [  48% ] 100 VUs  04m51.0s/10m0s

running (04m52.0s), 100/100 VUs, 18794 complete and 0 interrupted iterations
thousand-vus   [  49% ] 100 VUs  04m52.0s/10m0s

running (04m53.0s), 100/100 VUs, 18876 complete and 0 interrupted iterations
thousand-vus   [  49% ] 100 VUs  04m53.0s/10m0s

running (04m54.0s), 100/100 VUs, 18944 complete and 0 interrupted iterations
thousand-vus   [  49% ] 100 VUs  04m54.0s/10m0s

running (04m55.0s), 100/100 VUs, 18997 complete and 0 interrupted iterations
thousand-vus   [  49% ] 100 VUs  04m55.0s/10m0s

running (04m56.0s), 100/100 VUs, 19082 complete and 0 interrupted iterations
thousand-vus   [  49% ] 100 VUs  04m56.0s/10m0s

running (04m57.0s), 100/100 VUs, 19153 complete and 0 interrupted iterations
thousand-vus   [  49% ] 100 VUs  04m57.0s/10m0s

running (04m58.0s), 100/100 VUs, 19206 complete and 0 interrupted iterations
thousand-vus   [  50% ] 100 VUs  04m58.0s/10m0s

running (04m59.0s), 100/100 VUs, 19281 complete and 0 interrupted iterations
thousand-vus   [  50% ] 100 VUs  04m59.0s/10m0s

running (05m00.0s), 100/100 VUs, 19347 complete and 0 interrupted iterations
thousand-vus   [  50% ] 100 VUs  05m00.0s/10m0s

running (05m01.0s), 100/100 VUs, 19399 complete and 0 interrupted iterations
thousand-vus   [  50% ] 100 VUs  05m01.0s/10m0s

running (05m02.0s), 100/100 VUs, 19467 complete and 0 interrupted iterations
thousand-vus   [  50% ] 100 VUs  05m02.0s/10m0s

running (05m03.0s), 100/100 VUs, 19549 complete and 0 interrupted iterations
thousand-vus   [  50% ] 100 VUs  05m03.0s/10m0s

running (05m04.0s), 100/100 VUs, 19599 complete and 0 interrupted iterations
thousand-vus   [  51% ] 100 VUs  05m04.0s/10m0s

running (05m05.0s), 100/100 VUs, 19671 complete and 0 interrupted iterations
thousand-vus   [  51% ] 100 VUs  05m05.0s/10m0s

running (05m06.0s), 100/100 VUs, 19758 complete and 0 interrupted iterations
thousand-vus   [  51% ] 100 VUs  05m06.0s/10m0s

running (05m07.0s), 100/100 VUs, 19812 complete and 0 interrupted iterations
thousand-vus   [  51% ] 100 VUs  05m07.0s/10m0s

running (05m08.0s), 100/100 VUs, 19873 complete and 0 interrupted iterations
thousand-vus   [  51% ] 100 VUs  05m08.0s/10m0s

running (05m09.0s), 100/100 VUs, 19953 complete and 0 interrupted iterations
thousand-vus   [  51% ] 100 VUs  05m09.0s/10m0s

running (05m10.0s), 100/100 VUs, 20016 complete and 0 interrupted iterations
thousand-vus   [  52% ] 100 VUs  05m10.0s/10m0s

running (05m11.0s), 100/100 VUs, 20077 complete and 0 interrupted iterations
thousand-vus   [  52% ] 100 VUs  05m11.0s/10m0s

running (05m12.0s), 100/100 VUs, 20158 complete and 0 interrupted iterations
thousand-vus   [  52% ] 100 VUs  05m12.0s/10m0s

running (05m13.0s), 100/100 VUs, 20197 complete and 0 interrupted iterations
thousand-vus   [  52% ] 100 VUs  05m13.0s/10m0s

running (05m14.0s), 100/100 VUs, 20282 complete and 0 interrupted iterations
thousand-vus   [  52% ] 100 VUs  05m14.0s/10m0s

running (05m15.0s), 100/100 VUs, 20356 complete and 0 interrupted iterations
thousand-vus   [  52% ] 100 VUs  05m15.0s/10m0s

running (05m16.0s), 100/100 VUs, 20407 complete and 0 interrupted iterations
thousand-vus   [  53% ] 100 VUs  05m16.0s/10m0s

running (05m17.0s), 100/100 VUs, 20489 complete and 0 interrupted iterations
thousand-vus   [  53% ] 100 VUs  05m17.0s/10m0s

running (05m18.0s), 100/100 VUs, 20529 complete and 0 interrupted iterations
thousand-vus   [  53% ] 100 VUs  05m18.0s/10m0s

running (05m19.0s), 100/100 VUs, 20600 complete and 0 interrupted iterations
thousand-vus   [  53% ] 100 VUs  05m19.0s/10m0s

running (05m20.0s), 100/100 VUs, 20658 complete and 0 interrupted iterations
thousand-vus   [  53% ] 100 VUs  05m20.0s/10m0s

running (05m21.0s), 100/100 VUs, 20734 complete and 0 interrupted iterations
thousand-vus   [  53% ] 100 VUs  05m21.0s/10m0s

running (05m22.0s), 100/100 VUs, 20802 complete and 0 interrupted iterations
thousand-vus   [  54% ] 100 VUs  05m22.0s/10m0s

running (05m23.0s), 100/100 VUs, 20865 complete and 0 interrupted iterations
thousand-vus   [  54% ] 100 VUs  05m23.0s/10m0s

running (05m24.0s), 100/100 VUs, 20922 complete and 0 interrupted iterations
thousand-vus   [  54% ] 100 VUs  05m24.0s/10m0s

running (05m25.0s), 100/100 VUs, 20993 complete and 0 interrupted iterations
thousand-vus   [  54% ] 100 VUs  05m25.0s/10m0s

running (05m26.0s), 100/100 VUs, 21055 complete and 0 interrupted iterations
thousand-vus   [  54% ] 100 VUs  05m26.0s/10m0s

running (05m27.0s), 100/100 VUs, 21119 complete and 0 interrupted iterations
thousand-vus   [  54% ] 100 VUs  05m27.0s/10m0s

running (05m28.0s), 100/100 VUs, 21189 complete and 0 interrupted iterations
thousand-vus   [  55% ] 100 VUs  05m28.0s/10m0s

running (05m29.0s), 100/100 VUs, 21263 complete and 0 interrupted iterations
thousand-vus   [  55% ] 100 VUs  05m29.0s/10m0s

running (05m30.0s), 100/100 VUs, 21326 complete and 0 interrupted iterations
thousand-vus   [  55% ] 100 VUs  05m30.0s/10m0s

running (05m31.0s), 100/100 VUs, 21389 complete and 0 interrupted iterations
thousand-vus   [  55% ] 100 VUs  05m31.0s/10m0s

running (05m32.0s), 100/100 VUs, 21464 complete and 0 interrupted iterations
thousand-vus   [  55% ] 100 VUs  05m32.0s/10m0s

running (05m33.0s), 100/100 VUs, 21533 complete and 0 interrupted iterations
thousand-vus   [  55% ] 100 VUs  05m33.0s/10m0s

running (05m34.0s), 100/100 VUs, 21597 complete and 0 interrupted iterations
thousand-vus   [  56% ] 100 VUs  05m34.0s/10m0s

running (05m35.0s), 100/100 VUs, 21671 complete and 0 interrupted iterations
thousand-vus   [  56% ] 100 VUs  05m35.0s/10m0s

running (05m36.0s), 100/100 VUs, 21742 complete and 0 interrupted iterations
thousand-vus   [  56% ] 100 VUs  05m36.0s/10m0s

running (05m37.0s), 100/100 VUs, 21805 complete and 0 interrupted iterations
thousand-vus   [  56% ] 100 VUs  05m37.0s/10m0s

running (05m38.0s), 100/100 VUs, 21882 complete and 0 interrupted iterations
thousand-vus   [  56% ] 100 VUs  05m38.0s/10m0s

running (05m39.0s), 100/100 VUs, 21951 complete and 0 interrupted iterations
thousand-vus   [  56% ] 100 VUs  05m39.0s/10m0s

running (05m40.0s), 100/100 VUs, 22009 complete and 0 interrupted iterations
thousand-vus   [  57% ] 100 VUs  05m40.0s/10m0s

running (05m41.0s), 100/100 VUs, 22086 complete and 0 interrupted iterations
thousand-vus   [  57% ] 100 VUs  05m41.0s/10m0s

running (05m42.0s), 100/100 VUs, 22159 complete and 0 interrupted iterations
thousand-vus   [  57% ] 100 VUs  05m42.0s/10m0s

running (05m43.0s), 100/100 VUs, 22220 complete and 0 interrupted iterations
thousand-vus   [  57% ] 100 VUs  05m43.0s/10m0s

running (05m44.0s), 100/100 VUs, 22272 complete and 0 interrupted iterations
thousand-vus   [  57% ] 100 VUs  05m44.0s/10m0s

running (05m45.0s), 100/100 VUs, 22335 complete and 0 interrupted iterations
thousand-vus   [  57% ] 100 VUs  05m45.0s/10m0s

running (05m46.0s), 100/100 VUs, 22384 complete and 0 interrupted iterations
thousand-vus   [  58% ] 100 VUs  05m46.0s/10m0s

running (05m47.0s), 100/100 VUs, 22449 complete and 0 interrupted iterations
thousand-vus   [  58% ] 100 VUs  05m47.0s/10m0s

running (05m48.0s), 100/100 VUs, 22505 complete and 0 interrupted iterations
thousand-vus   [  58% ] 100 VUs  05m48.0s/10m0s

running (05m49.0s), 100/100 VUs, 22564 complete and 0 interrupted iterations
thousand-vus   [  58% ] 100 VUs  05m49.0s/10m0s

running (05m50.0s), 100/100 VUs, 22628 complete and 0 interrupted iterations
thousand-vus   [  58% ] 100 VUs  05m50.0s/10m0s

running (05m51.0s), 100/100 VUs, 22681 complete and 0 interrupted iterations
thousand-vus   [  58% ] 100 VUs  05m51.0s/10m0s

running (05m52.0s), 100/100 VUs, 22741 complete and 0 interrupted iterations
thousand-vus   [  59% ] 100 VUs  05m52.0s/10m0s

running (05m53.0s), 100/100 VUs, 22787 complete and 0 interrupted iterations
thousand-vus   [  59% ] 100 VUs  05m53.0s/10m0s

running (05m54.0s), 100/100 VUs, 22855 complete and 0 interrupted iterations
thousand-vus   [  59% ] 100 VUs  05m54.0s/10m0s

running (05m55.0s), 100/100 VUs, 22943 complete and 0 interrupted iterations
thousand-vus   [  59% ] 100 VUs  05m55.0s/10m0s

running (05m56.0s), 100/100 VUs, 22984 complete and 0 interrupted iterations
thousand-vus   [  59% ] 100 VUs  05m56.0s/10m0s

running (05m57.0s), 100/100 VUs, 23049 complete and 0 interrupted iterations
thousand-vus   [  59% ] 100 VUs  05m57.0s/10m0s

running (05m58.0s), 100/100 VUs, 23099 complete and 0 interrupted iterations
thousand-vus   [  60% ] 100 VUs  05m58.0s/10m0s

running (05m59.0s), 100/100 VUs, 23169 complete and 0 interrupted iterations
thousand-vus   [  60% ] 100 VUs  05m59.0s/10m0s

running (06m00.0s), 100/100 VUs, 23239 complete and 0 interrupted iterations
thousand-vus   [  60% ] 100 VUs  06m00.0s/10m0s

running (06m01.0s), 100/100 VUs, 23272 complete and 0 interrupted iterations
thousand-vus   [  60% ] 100 VUs  06m01.0s/10m0s

running (06m02.0s), 100/100 VUs, 23366 complete and 0 interrupted iterations
thousand-vus   [  60% ] 100 VUs  06m02.0s/10m0s

running (06m03.0s), 100/100 VUs, 23414 complete and 0 interrupted iterations
thousand-vus   [  60% ] 100 VUs  06m03.0s/10m0s

running (06m04.0s), 100/100 VUs, 23483 complete and 0 interrupted iterations
thousand-vus   [  61% ] 100 VUs  06m04.0s/10m0s

running (06m05.0s), 100/100 VUs, 23565 complete and 0 interrupted iterations
thousand-vus   [  61% ] 100 VUs  06m05.0s/10m0s

running (06m06.0s), 100/100 VUs, 23616 complete and 0 interrupted iterations
thousand-vus   [  61% ] 100 VUs  06m06.0s/10m0s

running (06m07.0s), 100/100 VUs, 23694 complete and 0 interrupted iterations
thousand-vus   [  61% ] 100 VUs  06m07.0s/10m0s

running (06m08.0s), 100/100 VUs, 23778 complete and 0 interrupted iterations
thousand-vus   [  61% ] 100 VUs  06m08.0s/10m0s

running (06m09.0s), 100/100 VUs, 23814 complete and 0 interrupted iterations
thousand-vus   [  61% ] 100 VUs  06m09.0s/10m0s

running (06m10.0s), 100/100 VUs, 23884 complete and 0 interrupted iterations
thousand-vus   [  62% ] 100 VUs  06m10.0s/10m0s

running (06m11.0s), 100/100 VUs, 23927 complete and 0 interrupted iterations
thousand-vus   [  62% ] 100 VUs  06m11.0s/10m0s

running (06m12.0s), 100/100 VUs, 23985 complete and 0 interrupted iterations
thousand-vus   [  62% ] 100 VUs  06m12.0s/10m0s

running (06m13.0s), 100/100 VUs, 24023 complete and 0 interrupted iterations
thousand-vus   [  62% ] 100 VUs  06m13.0s/10m0s

running (06m14.0s), 100/100 VUs, 24096 complete and 0 interrupted iterations
thousand-vus   [  62% ] 100 VUs  06m14.0s/10m0s

running (06m15.0s), 100/100 VUs, 24186 complete and 0 interrupted iterations
thousand-vus   [  62% ] 100 VUs  06m15.0s/10m0s

running (06m16.0s), 100/100 VUs, 24231 complete and 0 interrupted iterations
thousand-vus   [  63% ] 100 VUs  06m16.0s/10m0s

running (06m17.0s), 100/100 VUs, 24305 complete and 0 interrupted iterations
thousand-vus   [  63% ] 100 VUs  06m17.0s/10m0s

running (06m18.0s), 100/100 VUs, 24381 complete and 0 interrupted iterations
thousand-vus   [  63% ] 100 VUs  06m18.0s/10m0s

running (06m19.0s), 100/100 VUs, 24418 complete and 0 interrupted iterations
thousand-vus   [  63% ] 100 VUs  06m19.0s/10m0s

running (06m20.0s), 100/100 VUs, 24501 complete and 0 interrupted iterations
thousand-vus   [  63% ] 100 VUs  06m20.0s/10m0s

running (06m21.0s), 100/100 VUs, 24522 complete and 0 interrupted iterations
thousand-vus   [  63% ] 100 VUs  06m21.0s/10m0s

running (06m22.0s), 100/100 VUs, 24607 complete and 0 interrupted iterations
thousand-vus   [  64% ] 100 VUs  06m22.0s/10m0s

running (06m23.0s), 100/100 VUs, 24649 complete and 0 interrupted iterations
thousand-vus   [  64% ] 100 VUs  06m23.0s/10m0s

running (06m24.0s), 100/100 VUs, 24729 complete and 0 interrupted iterations
thousand-vus   [  64% ] 100 VUs  06m24.0s/10m0s

running (06m25.0s), 100/100 VUs, 24818 complete and 0 interrupted iterations
thousand-vus   [  64% ] 100 VUs  06m25.0s/10m0s

running (06m26.0s), 100/100 VUs, 24855 complete and 0 interrupted iterations
thousand-vus   [  64% ] 100 VUs  06m26.0s/10m0s

running (06m27.0s), 100/100 VUs, 24920 complete and 0 interrupted iterations
thousand-vus   [  64% ] 100 VUs  06m27.0s/10m0s

running (06m28.0s), 100/100 VUs, 24989 complete and 0 interrupted iterations
thousand-vus   [  65% ] 100 VUs  06m28.0s/10m0s

running (06m29.0s), 100/100 VUs, 25052 complete and 0 interrupted iterations
thousand-vus   [  65% ] 100 VUs  06m29.0s/10m0s

running (06m30.0s), 100/100 VUs, 25135 complete and 0 interrupted iterations
thousand-vus   [  65% ] 100 VUs  06m30.0s/10m0s

running (06m31.0s), 100/100 VUs, 25194 complete and 0 interrupted iterations
thousand-vus   [  65% ] 100 VUs  06m31.0s/10m0s

running (06m32.0s), 100/100 VUs, 25254 complete and 0 interrupted iterations
thousand-vus   [  65% ] 100 VUs  06m32.0s/10m0s

running (06m33.0s), 100/100 VUs, 25336 complete and 0 interrupted iterations
thousand-vus   [  65% ] 100 VUs  06m33.0s/10m0s

running (06m34.0s), 100/100 VUs, 25406 complete and 0 interrupted iterations
thousand-vus   [  66% ] 100 VUs  06m34.0s/10m0s

running (06m35.0s), 100/100 VUs, 25474 complete and 0 interrupted iterations
thousand-vus   [  66% ] 100 VUs  06m35.0s/10m0s

running (06m36.0s), 100/100 VUs, 25541 complete and 0 interrupted iterations
thousand-vus   [  66% ] 100 VUs  06m36.0s/10m0s

running (06m37.0s), 100/100 VUs, 25606 complete and 0 interrupted iterations
thousand-vus   [  66% ] 100 VUs  06m37.0s/10m0s

running (06m38.0s), 100/100 VUs, 25675 complete and 0 interrupted iterations
thousand-vus   [  66% ] 100 VUs  06m38.0s/10m0s

running (06m39.0s), 100/100 VUs, 25753 complete and 0 interrupted iterations
thousand-vus   [  66% ] 100 VUs  06m39.0s/10m0s

running (06m40.0s), 100/100 VUs, 25824 complete and 0 interrupted iterations
thousand-vus   [  67% ] 100 VUs  06m40.0s/10m0s

running (06m41.0s), 100/100 VUs, 25878 complete and 0 interrupted iterations
thousand-vus   [  67% ] 100 VUs  06m41.0s/10m0s

running (06m42.0s), 100/100 VUs, 25953 complete and 0 interrupted iterations
thousand-vus   [  67% ] 100 VUs  06m42.0s/10m0s

running (06m43.0s), 100/100 VUs, 26026 complete and 0 interrupted iterations
thousand-vus   [  67% ] 100 VUs  06m43.0s/10m0s

running (06m44.0s), 100/100 VUs, 26091 complete and 0 interrupted iterations
thousand-vus   [  67% ] 100 VUs  06m44.0s/10m0s

running (06m45.0s), 100/100 VUs, 26168 complete and 0 interrupted iterations
thousand-vus   [  67% ] 100 VUs  06m45.0s/10m0s

running (06m46.0s), 100/100 VUs, 26234 complete and 0 interrupted iterations
thousand-vus   [  68% ] 100 VUs  06m46.0s/10m0s

running (06m47.0s), 100/100 VUs, 26293 complete and 0 interrupted iterations
thousand-vus   [  68% ] 100 VUs  06m47.0s/10m0s

running (06m48.0s), 100/100 VUs, 26354 complete and 0 interrupted iterations
thousand-vus   [  68% ] 100 VUs  06m48.0s/10m0s

running (06m49.0s), 100/100 VUs, 26418 complete and 0 interrupted iterations
thousand-vus   [  68% ] 100 VUs  06m49.0s/10m0s

running (06m50.0s), 100/100 VUs, 26477 complete and 0 interrupted iterations
thousand-vus   [  68% ] 100 VUs  06m50.0s/10m0s

running (06m51.0s), 100/100 VUs, 26552 complete and 0 interrupted iterations
thousand-vus   [  68% ] 100 VUs  06m51.0s/10m0s

running (06m52.0s), 100/100 VUs, 26606 complete and 0 interrupted iterations
thousand-vus   [  69% ] 100 VUs  06m52.0s/10m0s

running (06m53.0s), 100/100 VUs, 26688 complete and 0 interrupted iterations
thousand-vus   [  69% ] 100 VUs  06m53.0s/10m0s

running (06m54.0s), 100/100 VUs, 26756 complete and 0 interrupted iterations
thousand-vus   [  69% ] 100 VUs  06m54.0s/10m0s

running (06m55.0s), 100/100 VUs, 26797 complete and 0 interrupted iterations
thousand-vus   [  69% ] 100 VUs  06m55.0s/10m0s

running (06m56.0s), 100/100 VUs, 26873 complete and 0 interrupted iterations
thousand-vus   [  69% ] 100 VUs  06m56.0s/10m0s

running (06m57.0s), 100/100 VUs, 26906 complete and 0 interrupted iterations
thousand-vus   [  69% ] 100 VUs  06m57.0s/10m0s

running (06m58.0s), 100/100 VUs, 26993 complete and 0 interrupted iterations
thousand-vus   [  70% ] 100 VUs  06m58.0s/10m0s

running (06m59.0s), 100/100 VUs, 27022 complete and 0 interrupted iterations
thousand-vus   [  70% ] 100 VUs  06m59.0s/10m0s

running (07m00.0s), 100/100 VUs, 27093 complete and 0 interrupted iterations
thousand-vus   [  70% ] 100 VUs  07m00.0s/10m0s

running (07m01.0s), 100/100 VUs, 27162 complete and 0 interrupted iterations
thousand-vus   [  70% ] 100 VUs  07m01.0s/10m0s

running (07m02.0s), 100/100 VUs, 27218 complete and 0 interrupted iterations
thousand-vus   [  70% ] 100 VUs  07m02.0s/10m0s

running (07m03.0s), 100/100 VUs, 27306 complete and 0 interrupted iterations
thousand-vus   [  70% ] 100 VUs  07m03.0s/10m0s

running (07m04.0s), 100/100 VUs, 27366 complete and 0 interrupted iterations
thousand-vus   [  71% ] 100 VUs  07m04.0s/10m0s

running (07m05.0s), 100/100 VUs, 27421 complete and 0 interrupted iterations
thousand-vus   [  71% ] 100 VUs  07m05.0s/10m0s

running (07m06.0s), 100/100 VUs, 27510 complete and 0 interrupted iterations
thousand-vus   [  71% ] 100 VUs  07m06.0s/10m0s

running (07m07.0s), 100/100 VUs, 27569 complete and 0 interrupted iterations
thousand-vus   [  71% ] 100 VUs  07m07.0s/10m0s

running (07m08.0s), 100/100 VUs, 27632 complete and 0 interrupted iterations
thousand-vus   [  71% ] 100 VUs  07m08.0s/10m0s

running (07m09.0s), 100/100 VUs, 27723 complete and 0 interrupted iterations
thousand-vus   [  71% ] 100 VUs  07m09.0s/10m0s

running (07m10.0s), 100/100 VUs, 27769 complete and 0 interrupted iterations
thousand-vus   [  72% ] 100 VUs  07m10.0s/10m0s

running (07m11.0s), 100/100 VUs, 27836 complete and 0 interrupted iterations
thousand-vus   [  72% ] 100 VUs  07m11.0s/10m0s

running (07m12.0s), 100/100 VUs, 27928 complete and 0 interrupted iterations
thousand-vus   [  72% ] 100 VUs  07m12.0s/10m0s

running (07m13.0s), 100/100 VUs, 27982 complete and 0 interrupted iterations
thousand-vus   [  72% ] 100 VUs  07m13.0s/10m0s

running (07m14.0s), 100/100 VUs, 28048 complete and 0 interrupted iterations
thousand-vus   [  72% ] 100 VUs  07m14.0s/10m0s

running (07m15.0s), 100/100 VUs, 28128 complete and 0 interrupted iterations
thousand-vus   [  72% ] 100 VUs  07m15.0s/10m0s

running (07m16.0s), 100/100 VUs, 28159 complete and 0 interrupted iterations
thousand-vus   [  73% ] 100 VUs  07m16.0s/10m0s

running (07m17.0s), 100/100 VUs, 28238 complete and 0 interrupted iterations
thousand-vus   [  73% ] 100 VUs  07m17.0s/10m0s

running (07m18.0s), 100/100 VUs, 28301 complete and 0 interrupted iterations
thousand-vus   [  73% ] 100 VUs  07m18.0s/10m0s

running (07m19.0s), 100/100 VUs, 28362 complete and 0 interrupted iterations
thousand-vus   [  73% ] 100 VUs  07m19.0s/10m0s

running (07m20.0s), 100/100 VUs, 28442 complete and 0 interrupted iterations
thousand-vus   [  73% ] 100 VUs  07m20.0s/10m0s

running (07m21.0s), 100/100 VUs, 28474 complete and 0 interrupted iterations
thousand-vus   [  73% ] 100 VUs  07m21.0s/10m0s

running (07m22.0s), 100/100 VUs, 28558 complete and 0 interrupted iterations
thousand-vus   [  74% ] 100 VUs  07m22.0s/10m0s

running (07m23.0s), 100/100 VUs, 28611 complete and 0 interrupted iterations
thousand-vus   [  74% ] 100 VUs  07m23.0s/10m0s

running (07m24.0s), 100/100 VUs, 28676 complete and 0 interrupted iterations
thousand-vus   [  74% ] 100 VUs  07m24.0s/10m0s

running (07m25.0s), 100/100 VUs, 28762 complete and 0 interrupted iterations
thousand-vus   [  74% ] 100 VUs  07m25.0s/10m0s

running (07m26.0s), 100/100 VUs, 28808 complete and 0 interrupted iterations
thousand-vus   [  74% ] 100 VUs  07m26.0s/10m0s

running (07m27.0s), 100/100 VUs, 28888 complete and 0 interrupted iterations
thousand-vus   [  74% ] 100 VUs  07m27.0s/10m0s

running (07m28.0s), 100/100 VUs, 28967 complete and 0 interrupted iterations
thousand-vus   [  75% ] 100 VUs  07m28.0s/10m0s

running (07m29.0s), 100/100 VUs, 29014 complete and 0 interrupted iterations
thousand-vus   [  75% ] 100 VUs  07m29.0s/10m0s

running (07m30.0s), 100/100 VUs, 29094 complete and 0 interrupted iterations
thousand-vus   [  75% ] 100 VUs  07m30.0s/10m0s

running (07m31.0s), 100/100 VUs, 29175 complete and 0 interrupted iterations
thousand-vus   [  75% ] 100 VUs  07m31.0s/10m0s

running (07m32.0s), 100/100 VUs, 29226 complete and 0 interrupted iterations
thousand-vus   [  75% ] 100 VUs  07m32.0s/10m0s

running (07m33.0s), 100/100 VUs, 29298 complete and 0 interrupted iterations
thousand-vus   [  75% ] 100 VUs  07m33.0s/10m0s

running (07m34.0s), 100/100 VUs, 29381 complete and 0 interrupted iterations
thousand-vus   [  76% ] 100 VUs  07m34.0s/10m0s

running (07m35.0s), 100/100 VUs, 29426 complete and 0 interrupted iterations
thousand-vus   [  76% ] 100 VUs  07m35.0s/10m0s

running (07m36.0s), 100/100 VUs, 29507 complete and 0 interrupted iterations
thousand-vus   [  76% ] 100 VUs  07m36.0s/10m0s

running (07m37.0s), 100/100 VUs, 29592 complete and 0 interrupted iterations
thousand-vus   [  76% ] 100 VUs  07m37.0s/10m0s

running (07m38.0s), 100/100 VUs, 29632 complete and 0 interrupted iterations
thousand-vus   [  76% ] 100 VUs  07m38.0s/10m0s

running (07m39.0s), 100/100 VUs, 29714 complete and 0 interrupted iterations
thousand-vus   [  76% ] 100 VUs  07m39.0s/10m0s

running (07m40.0s), 100/100 VUs, 29796 complete and 0 interrupted iterations
thousand-vus   [  77% ] 100 VUs  07m40.0s/10m0s

running (07m41.0s), 100/100 VUs, 29841 complete and 0 interrupted iterations
thousand-vus   [  77% ] 100 VUs  07m41.0s/10m0s

running (07m42.0s), 100/100 VUs, 29924 complete and 0 interrupted iterations
thousand-vus   [  77% ] 100 VUs  07m42.0s/10m0s

running (07m43.0s), 100/100 VUs, 29972 complete and 0 interrupted iterations
thousand-vus   [  77% ] 100 VUs  07m43.0s/10m0s

running (07m44.0s), 100/100 VUs, 30028 complete and 0 interrupted iterations
thousand-vus   [  77% ] 100 VUs  07m44.0s/10m0s

running (07m45.0s), 100/100 VUs, 30109 complete and 0 interrupted iterations
thousand-vus   [  77% ] 100 VUs  07m45.0s/10m0s

running (07m46.0s), 100/100 VUs, 30157 complete and 0 interrupted iterations
thousand-vus   [  78% ] 100 VUs  07m46.0s/10m0s

running (07m47.0s), 100/100 VUs, 30236 complete and 0 interrupted iterations
thousand-vus   [  78% ] 100 VUs  07m47.0s/10m0s

running (07m48.0s), 100/100 VUs, 30315 complete and 0 interrupted iterations
thousand-vus   [  78% ] 100 VUs  07m48.0s/10m0s

running (07m49.0s), 100/100 VUs, 30362 complete and 0 interrupted iterations
thousand-vus   [  78% ] 100 VUs  07m49.0s/10m0s

running (07m50.0s), 100/100 VUs, 30446 complete and 0 interrupted iterations
thousand-vus   [  78% ] 100 VUs  07m50.0s/10m0s

running (07m51.0s), 100/100 VUs, 30527 complete and 0 interrupted iterations
thousand-vus   [  78% ] 100 VUs  07m51.0s/10m0s

running (07m52.0s), 100/100 VUs, 30563 complete and 0 interrupted iterations
thousand-vus   [  79% ] 100 VUs  07m52.0s/10m0s

running (07m53.0s), 100/100 VUs, 30651 complete and 0 interrupted iterations
thousand-vus   [  79% ] 100 VUs  07m53.0s/10m0s

running (07m54.0s), 100/100 VUs, 30728 complete and 0 interrupted iterations
thousand-vus   [  79% ] 100 VUs  07m54.0s/10m0s

running (07m55.0s), 100/100 VUs, 30771 complete and 0 interrupted iterations
thousand-vus   [  79% ] 100 VUs  07m55.0s/10m0s

running (07m56.0s), 100/100 VUs, 30848 complete and 0 interrupted iterations
thousand-vus   [  79% ] 100 VUs  07m56.0s/10m0s

running (07m57.0s), 100/100 VUs, 30905 complete and 0 interrupted iterations
thousand-vus   [  79% ] 100 VUs  07m57.0s/10m0s

running (07m58.0s), 100/100 VUs, 30962 complete and 0 interrupted iterations
thousand-vus   [  80% ] 100 VUs  07m58.0s/10m0s

running (07m59.0s), 100/100 VUs, 31042 complete and 0 interrupted iterations
thousand-vus   [  80% ] 100 VUs  07m59.0s/10m0s

running (08m00.0s), 100/100 VUs, 31083 complete and 0 interrupted iterations
thousand-vus   [  80% ] 100 VUs  08m00.0s/10m0s

running (08m01.0s), 100/100 VUs, 31167 complete and 0 interrupted iterations
thousand-vus   [  80% ] 100 VUs  08m01.0s/10m0s

running (08m02.0s), 100/100 VUs, 31209 complete and 0 interrupted iterations
thousand-vus   [  80% ] 100 VUs  08m02.0s/10m0s

running (08m03.0s), 100/100 VUs, 31280 complete and 0 interrupted iterations
thousand-vus   [  80% ] 100 VUs  08m03.0s/10m0s

running (08m04.0s), 100/100 VUs, 31324 complete and 0 interrupted iterations
thousand-vus   [  81% ] 100 VUs  08m04.0s/10m0s

running (08m05.0s), 100/100 VUs, 31381 complete and 0 interrupted iterations
thousand-vus   [  81% ] 100 VUs  08m05.0s/10m0s

running (08m06.0s), 100/100 VUs, 31461 complete and 0 interrupted iterations
thousand-vus   [  81% ] 100 VUs  08m06.0s/10m0s

running (08m07.0s), 100/100 VUs, 31497 complete and 0 interrupted iterations
thousand-vus   [  81% ] 100 VUs  08m07.0s/10m0s

running (08m08.0s), 100/100 VUs, 31582 complete and 0 interrupted iterations
thousand-vus   [  81% ] 100 VUs  08m08.0s/10m0s

running (08m09.0s), 100/100 VUs, 31635 complete and 0 interrupted iterations
thousand-vus   [  81% ] 100 VUs  08m09.0s/10m0s

running (08m10.0s), 100/100 VUs, 31704 complete and 0 interrupted iterations
thousand-vus   [  82% ] 100 VUs  08m10.0s/10m0s

running (08m11.0s), 100/100 VUs, 31793 complete and 0 interrupted iterations
thousand-vus   [  82% ] 100 VUs  08m11.0s/10m0s

running (08m12.0s), 100/100 VUs, 31840 complete and 0 interrupted iterations
thousand-vus   [  82% ] 100 VUs  08m12.0s/10m0s

running (08m13.0s), 100/100 VUs, 31909 complete and 0 interrupted iterations
thousand-vus   [  82% ] 100 VUs  08m13.0s/10m0s

running (08m14.0s), 100/100 VUs, 31997 complete and 0 interrupted iterations
thousand-vus   [  82% ] 100 VUs  08m14.0s/10m0s

running (08m15.0s), 100/100 VUs, 32043 complete and 0 interrupted iterations
thousand-vus   [  82% ] 100 VUs  08m15.0s/10m0s

running (08m16.0s), 100/100 VUs, 32120 complete and 0 interrupted iterations
thousand-vus   [  83% ] 100 VUs  08m16.0s/10m0s

running (08m17.0s), 100/100 VUs, 32208 complete and 0 interrupted iterations
thousand-vus   [  83% ] 100 VUs  08m17.0s/10m0s

running (08m18.0s), 100/100 VUs, 32222 complete and 0 interrupted iterations
thousand-vus   [  83% ] 100 VUs  08m18.0s/10m0s

running (08m19.0s), 100/100 VUs, 32315 complete and 0 interrupted iterations
thousand-vus   [  83% ] 100 VUs  08m19.0s/10m0s

running (08m20.0s), 100/100 VUs, 32361 complete and 0 interrupted iterations
thousand-vus   [  83% ] 100 VUs  08m20.0s/10m0s

running (08m21.0s), 100/100 VUs, 32431 complete and 0 interrupted iterations
thousand-vus   [  83% ] 100 VUs  08m21.0s/10m0s

running (08m22.0s), 100/100 VUs, 32520 complete and 0 interrupted iterations
thousand-vus   [  84% ] 100 VUs  08m22.0s/10m0s

running (08m23.0s), 100/100 VUs, 32563 complete and 0 interrupted iterations
thousand-vus   [  84% ] 100 VUs  08m23.0s/10m0s

running (08m24.0s), 100/100 VUs, 32637 complete and 0 interrupted iterations
thousand-vus   [  84% ] 100 VUs  08m24.0s/10m0s

running (08m25.0s), 100/100 VUs, 32725 complete and 0 interrupted iterations
thousand-vus   [  84% ] 100 VUs  08m25.0s/10m0s

running (08m26.0s), 100/100 VUs, 32772 complete and 0 interrupted iterations
thousand-vus   [  84% ] 100 VUs  08m26.0s/10m0s

running (08m27.0s), 100/100 VUs, 32843 complete and 0 interrupted iterations
thousand-vus   [  84% ] 100 VUs  08m27.0s/10m0s

running (08m28.0s), 100/100 VUs, 32927 complete and 0 interrupted iterations
thousand-vus   [  85% ] 100 VUs  08m28.0s/10m0s

running (08m29.0s), 100/100 VUs, 32978 complete and 0 interrupted iterations
thousand-vus   [  85% ] 100 VUs  08m29.0s/10m0s

running (08m30.0s), 100/100 VUs, 33054 complete and 0 interrupted iterations
thousand-vus   [  85% ] 100 VUs  08m30.0s/10m0s

running (08m31.0s), 100/100 VUs, 33136 complete and 0 interrupted iterations
thousand-vus   [  85% ] 100 VUs  08m31.0s/10m0s

running (08m32.0s), 100/100 VUs, 33184 complete and 0 interrupted iterations
thousand-vus   [  85% ] 100 VUs  08m32.0s/10m0s

running (08m33.0s), 100/100 VUs, 33256 complete and 0 interrupted iterations
thousand-vus   [  85% ] 100 VUs  08m33.0s/10m0s

running (08m34.0s), 100/100 VUs, 33345 complete and 0 interrupted iterations
thousand-vus   [  86% ] 100 VUs  08m34.0s/10m0s

running (08m35.0s), 100/100 VUs, 33373 complete and 0 interrupted iterations
thousand-vus   [  86% ] 100 VUs  08m35.0s/10m0s

running (08m36.0s), 100/100 VUs, 33452 complete and 0 interrupted iterations
thousand-vus   [  86% ] 100 VUs  08m36.0s/10m0s

running (08m37.0s), 100/100 VUs, 33501 complete and 0 interrupted iterations
thousand-vus   [  86% ] 100 VUs  08m37.0s/10m0s

running (08m38.0s), 100/100 VUs, 33577 complete and 0 interrupted iterations
thousand-vus   [  86% ] 100 VUs  08m38.0s/10m0s

running (08m39.0s), 100/100 VUs, 33664 complete and 0 interrupted iterations
thousand-vus   [  86% ] 100 VUs  08m39.0s/10m0s

running (08m40.0s), 100/100 VUs, 33710 complete and 0 interrupted iterations
thousand-vus   [  87% ] 100 VUs  08m40.0s/10m0s

running (08m41.0s), 100/100 VUs, 33781 complete and 0 interrupted iterations
thousand-vus   [  87% ] 100 VUs  08m41.0s/10m0s

running (08m42.0s), 100/100 VUs, 33867 complete and 0 interrupted iterations
thousand-vus   [  87% ] 100 VUs  08m42.0s/10m0s

running (08m43.0s), 100/100 VUs, 33916 complete and 0 interrupted iterations
thousand-vus   [  87% ] 100 VUs  08m43.0s/10m0s

running (08m44.0s), 100/100 VUs, 33992 complete and 0 interrupted iterations
thousand-vus   [  87% ] 100 VUs  08m44.0s/10m0s

running (08m45.0s), 100/100 VUs, 34071 complete and 0 interrupted iterations
thousand-vus   [  87% ] 100 VUs  08m45.0s/10m0s

running (08m46.0s), 100/100 VUs, 34118 complete and 0 interrupted iterations
thousand-vus   [  88% ] 100 VUs  08m46.0s/10m0s

running (08m47.0s), 100/100 VUs, 34194 complete and 0 interrupted iterations
thousand-vus   [  88% ] 100 VUs  08m47.0s/10m0s

running (08m48.0s), 100/100 VUs, 34282 complete and 0 interrupted iterations
thousand-vus   [  88% ] 100 VUs  08m48.0s/10m0s

running (08m49.0s), 100/100 VUs, 34331 complete and 0 interrupted iterations
thousand-vus   [  88% ] 100 VUs  08m49.0s/10m0s

running (08m50.0s), 100/100 VUs, 34402 complete and 0 interrupted iterations
thousand-vus   [  88% ] 100 VUs  08m50.0s/10m0s

running (08m51.0s), 100/100 VUs, 34484 complete and 0 interrupted iterations
thousand-vus   [  88% ] 100 VUs  08m51.0s/10m0s

running (08m52.0s), 100/100 VUs, 34513 complete and 0 interrupted iterations
thousand-vus   [  89% ] 100 VUs  08m52.0s/10m0s

running (08m53.0s), 100/100 VUs, 34600 complete and 0 interrupted iterations
thousand-vus   [  89% ] 100 VUs  08m53.0s/10m0s

running (08m54.0s), 100/100 VUs, 34642 complete and 0 interrupted iterations
thousand-vus   [  89% ] 100 VUs  08m54.0s/10m0s

running (08m55.0s), 100/100 VUs, 34715 complete and 0 interrupted iterations
thousand-vus   [  89% ] 100 VUs  08m55.0s/10m0s

running (08m56.0s), 100/100 VUs, 34802 complete and 0 interrupted iterations
thousand-vus   [  89% ] 100 VUs  08m56.0s/10m0s

running (08m57.0s), 100/100 VUs, 34849 complete and 0 interrupted iterations
thousand-vus   [  89% ] 100 VUs  08m57.0s/10m0s

running (08m58.0s), 100/100 VUs, 34927 complete and 0 interrupted iterations
thousand-vus   [  90% ] 100 VUs  08m58.0s/10m0s

running (08m59.0s), 100/100 VUs, 35010 complete and 0 interrupted iterations
thousand-vus   [  90% ] 100 VUs  08m59.0s/10m0s

running (09m00.0s), 100/100 VUs, 35051 complete and 0 interrupted iterations
thousand-vus   [  90% ] 100 VUs  09m00.0s/10m0s

running (09m01.0s), 100/100 VUs, 35131 complete and 0 interrupted iterations
thousand-vus   [  90% ] 100 VUs  09m01.0s/10m0s

running (09m02.0s), 100/100 VUs, 35164 complete and 0 interrupted iterations
thousand-vus   [  90% ] 100 VUs  09m02.0s/10m0s

running (09m03.0s), 100/100 VUs, 35245 complete and 0 interrupted iterations
thousand-vus   [  90% ] 100 VUs  09m03.0s/10m0s

running (09m04.0s), 100/100 VUs, 35322 complete and 0 interrupted iterations
thousand-vus   [  91% ] 100 VUs  09m04.0s/10m0s

running (09m05.0s), 100/100 VUs, 35371 complete and 0 interrupted iterations
thousand-vus   [  91% ] 100 VUs  09m05.0s/10m0s

running (09m06.0s), 100/100 VUs, 35455 complete and 0 interrupted iterations
thousand-vus   [  91% ] 100 VUs  09m06.0s/10m0s

running (09m07.0s), 100/100 VUs, 35530 complete and 0 interrupted iterations
thousand-vus   [  91% ] 100 VUs  09m07.0s/10m0s

running (09m08.0s), 100/100 VUs, 35576 complete and 0 interrupted iterations
thousand-vus   [  91% ] 100 VUs  09m08.0s/10m0s

running (09m09.0s), 100/100 VUs, 35651 complete and 0 interrupted iterations
thousand-vus   [  91% ] 100 VUs  09m09.0s/10m0s

running (09m10.0s), 100/100 VUs, 35720 complete and 0 interrupted iterations
thousand-vus   [  92% ] 100 VUs  09m10.0s/10m0s

running (09m11.0s), 100/100 VUs, 35786 complete and 0 interrupted iterations
thousand-vus   [  92% ] 100 VUs  09m11.0s/10m0s

running (09m12.0s), 100/100 VUs, 35861 complete and 0 interrupted iterations
thousand-vus   [  92% ] 100 VUs  09m12.0s/10m0s

running (09m13.0s), 100/100 VUs, 35924 complete and 0 interrupted iterations
thousand-vus   [  92% ] 100 VUs  09m13.0s/10m0s

running (09m14.0s), 100/100 VUs, 35990 complete and 0 interrupted iterations
thousand-vus   [  92% ] 100 VUs  09m14.0s/10m0s

running (09m15.0s), 100/100 VUs, 36037 complete and 0 interrupted iterations
thousand-vus   [  92% ] 100 VUs  09m15.0s/10m0s

running (09m16.0s), 100/100 VUs, 36110 complete and 0 interrupted iterations
thousand-vus   [  93% ] 100 VUs  09m16.0s/10m0s

running (09m17.0s), 100/100 VUs, 36154 complete and 0 interrupted iterations
thousand-vus   [  93% ] 100 VUs  09m17.0s/10m0s

running (09m18.0s), 100/100 VUs, 36210 complete and 0 interrupted iterations
thousand-vus   [  93% ] 100 VUs  09m18.0s/10m0s

running (09m19.0s), 100/100 VUs, 36271 complete and 0 interrupted iterations
thousand-vus   [  93% ] 100 VUs  09m19.0s/10m0s

running (09m20.0s), 100/100 VUs, 36328 complete and 0 interrupted iterations
thousand-vus   [  93% ] 100 VUs  09m20.0s/10m0s

running (09m21.0s), 100/100 VUs, 36403 complete and 0 interrupted iterations
thousand-vus   [  93% ] 100 VUs  09m21.0s/10m0s

running (09m22.0s), 100/100 VUs, 36454 complete and 0 interrupted iterations
thousand-vus   [  94% ] 100 VUs  09m22.0s/10m0s

running (09m23.0s), 100/100 VUs, 36541 complete and 0 interrupted iterations
thousand-vus   [  94% ] 100 VUs  09m23.0s/10m0s

running (09m24.0s), 100/100 VUs, 36612 complete and 0 interrupted iterations
thousand-vus   [  94% ] 100 VUs  09m24.0s/10m0s

running (09m25.0s), 100/100 VUs, 36665 complete and 0 interrupted iterations
thousand-vus   [  94% ] 100 VUs  09m25.0s/10m0s

running (09m26.0s), 100/100 VUs, 36745 complete and 0 interrupted iterations
thousand-vus   [  94% ] 100 VUs  09m26.0s/10m0s

running (09m27.0s), 100/100 VUs, 36817 complete and 0 interrupted iterations
thousand-vus   [  94% ] 100 VUs  09m27.0s/10m0s

running (09m28.0s), 100/100 VUs, 36878 complete and 0 interrupted iterations
thousand-vus   [  95% ] 100 VUs  09m28.0s/10m0s

running (09m29.0s), 100/100 VUs, 36954 complete and 0 interrupted iterations
thousand-vus   [  95% ] 100 VUs  09m29.0s/10m0s

running (09m30.0s), 100/100 VUs, 37014 complete and 0 interrupted iterations
thousand-vus   [  95% ] 100 VUs  09m30.0s/10m0s

running (09m31.0s), 100/100 VUs, 37069 complete and 0 interrupted iterations
thousand-vus   [  95% ] 100 VUs  09m31.0s/10m0s

running (09m32.0s), 100/100 VUs, 37142 complete and 0 interrupted iterations
thousand-vus   [  95% ] 100 VUs  09m32.0s/10m0s

running (09m33.0s), 100/100 VUs, 37205 complete and 0 interrupted iterations
thousand-vus   [  95% ] 100 VUs  09m33.0s/10m0s

running (09m34.0s), 100/100 VUs, 37270 complete and 0 interrupted iterations
thousand-vus   [  96% ] 100 VUs  09m34.0s/10m0s

running (09m35.0s), 100/100 VUs, 37336 complete and 0 interrupted iterations
thousand-vus   [  96% ] 100 VUs  09m35.0s/10m0s

running (09m36.0s), 100/100 VUs, 37384 complete and 0 interrupted iterations
thousand-vus   [  96% ] 100 VUs  09m36.0s/10m0s

running (09m37.0s), 100/100 VUs, 37459 complete and 0 interrupted iterations
thousand-vus   [  96% ] 100 VUs  09m37.0s/10m0s

running (09m38.0s), 100/100 VUs, 37529 complete and 0 interrupted iterations
thousand-vus   [  96% ] 100 VUs  09m38.0s/10m0s

running (09m39.0s), 100/100 VUs, 37591 complete and 0 interrupted iterations
thousand-vus   [  96% ] 100 VUs  09m39.0s/10m0s

running (09m40.0s), 100/100 VUs, 37662 complete and 0 interrupted iterations
thousand-vus   [  97% ] 100 VUs  09m40.0s/10m0s

running (09m41.0s), 100/100 VUs, 37731 complete and 0 interrupted iterations
thousand-vus   [  97% ] 100 VUs  09m41.0s/10m0s

running (09m42.0s), 100/100 VUs, 37799 complete and 0 interrupted iterations
thousand-vus   [  97% ] 100 VUs  09m42.0s/10m0s

running (09m43.0s), 100/100 VUs, 37876 complete and 0 interrupted iterations
thousand-vus   [  97% ] 100 VUs  09m43.0s/10m0s

running (09m44.0s), 100/100 VUs, 37938 complete and 0 interrupted iterations
thousand-vus   [  97% ] 100 VUs  09m44.0s/10m0s

running (09m45.0s), 100/100 VUs, 38002 complete and 0 interrupted iterations
thousand-vus   [  97% ] 100 VUs  09m45.0s/10m0s

running (09m46.0s), 100/100 VUs, 38078 complete and 0 interrupted iterations
thousand-vus   [  98% ] 100 VUs  09m46.0s/10m0s

running (09m47.0s), 100/100 VUs, 38146 complete and 0 interrupted iterations
thousand-vus   [  98% ] 100 VUs  09m47.0s/10m0s

running (09m48.0s), 100/100 VUs, 38216 complete and 0 interrupted iterations
thousand-vus   [  98% ] 100 VUs  09m48.0s/10m0s

running (09m49.0s), 100/100 VUs, 38289 complete and 0 interrupted iterations
thousand-vus   [  98% ] 100 VUs  09m49.0s/10m0s

running (09m50.0s), 100/100 VUs, 38343 complete and 0 interrupted iterations
thousand-vus   [  98% ] 100 VUs  09m50.0s/10m0s

running (09m51.0s), 100/100 VUs, 38418 complete and 0 interrupted iterations
thousand-vus   [  98% ] 100 VUs  09m51.0s/10m0s

running (09m52.0s), 100/100 VUs, 38490 complete and 0 interrupted iterations
thousand-vus   [  99% ] 100 VUs  09m52.0s/10m0s

running (09m53.0s), 100/100 VUs, 38552 complete and 0 interrupted iterations
thousand-vus   [  99% ] 100 VUs  09m53.0s/10m0s

running (09m54.0s), 100/100 VUs, 38619 complete and 0 interrupted iterations
thousand-vus   [  99% ] 100 VUs  09m54.0s/10m0s

running (09m55.0s), 100/100 VUs, 38691 complete and 0 interrupted iterations
thousand-vus   [  99% ] 100 VUs  09m55.0s/10m0s

running (09m56.0s), 100/100 VUs, 38752 complete and 0 interrupted iterations
thousand-vus   [  99% ] 100 VUs  09m56.0s/10m0s

running (09m57.0s), 100/100 VUs, 38833 complete and 0 interrupted iterations
thousand-vus   [  99% ] 100 VUs  09m57.0s/10m0s

running (09m58.0s), 100/100 VUs, 38904 complete and 0 interrupted iterations
thousand-vus   [ 100% ] 100 VUs  09m58.0s/10m0s

running (09m59.0s), 100/100 VUs, 38947 complete and 0 interrupted iterations
thousand-vus   [ 100% ] 100 VUs  09m59.0s/10m0s

running (10m00.0s), 100/100 VUs, 39036 complete and 0 interrupted iterations
thousand-vus   [ 100% ] 100 VUs  10m00.0s/10m0s

running (10m01.0s), 033/100 VUs, 39104 complete and 0 interrupted iterations
thousand-vus ↓ [ 100% ] 100 VUs  10m0s

running (10m01.9s), 000/100 VUs, 39137 complete and 0 interrupted iterations
thousand-vus ✓ [ 100% ] 100 VUs  10m0s

     ✗ status is 200
      ↳  99% — ✓ 39042 / ✗ 95

     checks.........................: 99.75% ✓ 39042     ✗ 95   
     data_received..................: 190 MB 316 kB/s
     data_sent......................: 24 MB  40 kB/s
     http_req_blocked...............: avg=235.57ms min=0s       med=248.66ms max=10.24s   p(90)=403.26ms p(95)=460.64ms
     http_req_connecting............: avg=112.69ms min=0s       med=118.65ms max=1.39s    p(90)=185.24ms p(95)=233.58ms
     http_req_duration..............: avg=294.2ms  min=0s       med=250.79ms max=21.32s   p(90)=423.24ms p(95)=470.53ms
       { expected_response:true }...: avg=289.86ms min=236.65ms med=250.82ms max=21.32s   p(90)=422.48ms p(95)=470.28ms
     http_req_failed................: 0.24%  ✓ 95        ✗ 39042
     http_req_receiving.............: avg=253.78µs min=0s       med=60.58µs  max=243.82ms p(90)=218.01µs p(95)=719.31µs
     http_req_sending...............: avg=242.59µs min=0s       med=131.11µs max=65.41ms  p(90)=360.58µs p(95)=441.38µs
     http_req_tls_handshaking.......: avg=121.87ms min=0s       med=127.99ms max=1.79s    p(90)=218.32ms p(95)=248.08ms
     http_req_waiting...............: avg=293.7ms  min=0s       med=250.43ms max=21.32s   p(90)=421.95ms p(95)=469.88ms
     http_reqs......................: 39137  65.026716/s
     iteration_duration.............: avg=1.53s    min=1s       med=1.5s     max=22.58s   p(90)=1.82s    p(95)=1.87s   
     iterations.....................: 39137  65.026716/s
     vus............................: 33     min=33      max=100
     vus_max........................: 100    min=100     max=100

