
          /\      |‾‾| /‾‾/   /‾‾/   
     /\  /  \     |  |/  /   /  /    
    /  \/    \    |     (   /   ‾‾\  
   /          \   |  |\  \ |  (‾)  | 
  / __________ \  |__| \__\ \_____/ .io

  execution: local
     script: tunnels.js
     output: -

  scenarios: (100.00%) 1 scenario, 100 max VUs, 1m30s max duration (incl. graceful stop):
           * default: 100 looping VUs for 1m0s (gracefulStop: 30s)


running (0m01.0s), 100/100 VUs, 0 complete and 0 interrupted iterations
default   [   2% ] 100 VUs  0m01.0s/1m0s

running (0m02.0s), 100/100 VUs, 0 complete and 0 interrupted iterations
default   [   3% ] 100 VUs  0m02.0s/1m0s

running (0m03.0s), 100/100 VUs, 96 complete and 0 interrupted iterations
default   [   5% ] 100 VUs  0m03.0s/1m0s

running (0m04.0s), 100/100 VUs, 111 complete and 0 interrupted iterations
default   [   7% ] 100 VUs  0m04.0s/1m0s

running (0m05.0s), 100/100 VUs, 197 complete and 0 interrupted iterations
default   [   8% ] 100 VUs  0m05.0s/1m0s

running (0m06.0s), 100/100 VUs, 211 complete and 0 interrupted iterations
default   [  10% ] 100 VUs  0m06.0s/1m0s

running (0m07.0s), 100/100 VUs, 304 complete and 0 interrupted iterations
default   [  12% ] 100 VUs  0m07.0s/1m0s

running (0m08.0s), 100/100 VUs, 397 complete and 0 interrupted iterations
default   [  13% ] 100 VUs  0m08.0s/1m0s

running (0m09.0s), 100/100 VUs, 403 complete and 0 interrupted iterations
default   [  15% ] 100 VUs  0m09.0s/1m0s

running (0m10.0s), 100/100 VUs, 497 complete and 0 interrupted iterations
default   [  17% ] 100 VUs  0m10.0s/1m0s

running (0m11.0s), 100/100 VUs, 594 complete and 0 interrupted iterations
default   [  18% ] 100 VUs  0m11.0s/1m0s

running (0m12.0s), 100/100 VUs, 604 complete and 0 interrupted iterations
default   [  20% ] 100 VUs  0m12.0s/1m0s

running (0m13.0s), 100/100 VUs, 651 complete and 0 interrupted iterations
default   [  22% ] 100 VUs  0m13.0s/1m0s

running (0m14.0s), 100/100 VUs, 713 complete and 0 interrupted iterations
default   [  23% ] 100 VUs  0m14.0s/1m0s

running (0m15.0s), 100/100 VUs, 804 complete and 0 interrupted iterations
default   [  25% ] 100 VUs  0m15.0s/1m0s

running (0m16.0s), 100/100 VUs, 843 complete and 0 interrupted iterations
default   [  27% ] 100 VUs  0m16.0s/1m0s

running (0m17.0s), 100/100 VUs, 899 complete and 0 interrupted iterations
default   [  28% ] 100 VUs  0m17.0s/1m0s

running (0m18.0s), 100/100 VUs, 963 complete and 0 interrupted iterations
default   [  30% ] 100 VUs  0m18.0s/1m0s

running (0m19.0s), 100/100 VUs, 1033 complete and 0 interrupted iterations
default   [  32% ] 100 VUs  0m19.0s/1m0s

running (0m20.0s), 100/100 VUs, 1087 complete and 0 interrupted iterations
default   [  33% ] 100 VUs  0m20.0s/1m0s

running (0m21.0s), 100/100 VUs, 1166 complete and 0 interrupted iterations
default   [  35% ] 100 VUs  0m21.0s/1m0s

running (0m22.0s), 100/100 VUs, 1200 complete and 0 interrupted iterations
default   [  37% ] 100 VUs  0m22.0s/1m0s

running (0m23.0s), 100/100 VUs, 1288 complete and 0 interrupted iterations
default   [  38% ] 100 VUs  0m23.0s/1m0s

running (0m24.0s), 100/100 VUs, 1340 complete and 0 interrupted iterations
default   [  40% ] 100 VUs  0m24.0s/1m0s

running (0m25.0s), 100/100 VUs, 1402 complete and 0 interrupted iterations
default   [  42% ] 100 VUs  0m25.0s/1m0s

running (0m26.0s), 100/100 VUs, 1462 complete and 0 interrupted iterations
default   [  43% ] 100 VUs  0m26.0s/1m0s

running (0m27.0s), 100/100 VUs, 1540 complete and 0 interrupted iterations
default   [  45% ] 100 VUs  0m27.0s/1m0s

running (0m28.0s), 100/100 VUs, 1595 complete and 0 interrupted iterations
default   [  47% ] 100 VUs  0m28.0s/1m0s

running (0m29.0s), 100/100 VUs, 1661 complete and 0 interrupted iterations
default   [  48% ] 100 VUs  0m29.0s/1m0s

running (0m30.0s), 100/100 VUs, 1709 complete and 0 interrupted iterations
default   [  50% ] 100 VUs  0m30.0s/1m0s

running (0m31.0s), 100/100 VUs, 1794 complete and 0 interrupted iterations
default   [  52% ] 100 VUs  0m31.0s/1m0s

running (0m32.0s), 100/100 VUs, 1802 complete and 0 interrupted iterations
default   [  53% ] 100 VUs  0m32.0s/1m0s

running (0m33.0s), 100/100 VUs, 1900 complete and 0 interrupted iterations
default   [  55% ] 100 VUs  0m33.0s/1m0s

running (0m34.0s), 100/100 VUs, 1920 complete and 0 interrupted iterations
default   [  57% ] 100 VUs  0m34.0s/1m0s

running (0m35.0s), 100/100 VUs, 2005 complete and 0 interrupted iterations
default   [  58% ] 100 VUs  0m35.0s/1m0s

running (0m36.0s), 100/100 VUs, 2044 complete and 0 interrupted iterations
default   [  60% ] 100 VUs  0m36.0s/1m0s

running (0m37.0s), 100/100 VUs, 2094 complete and 0 interrupted iterations
default   [  62% ] 100 VUs  0m37.0s/1m0s

running (0m38.0s), 100/100 VUs, 2145 complete and 0 interrupted iterations
default   [  63% ] 100 VUs  0m38.0s/1m0s

running (0m39.0s), 100/100 VUs, 2244 complete and 0 interrupted iterations
default   [  65% ] 100 VUs  0m39.0s/1m0s

running (0m40.0s), 100/100 VUs, 2248 complete and 0 interrupted iterations
default   [  67% ] 100 VUs  0m40.0s/1m0s

running (0m41.0s), 100/100 VUs, 2348 complete and 0 interrupted iterations
default   [  68% ] 100 VUs  0m41.0s/1m0s

running (0m42.0s), 100/100 VUs, 2355 complete and 0 interrupted iterations
default   [  70% ] 100 VUs  0m42.0s/1m0s

running (0m43.0s), 100/100 VUs, 2455 complete and 0 interrupted iterations
default   [  72% ] 100 VUs  0m43.0s/1m0s

running (0m44.0s), 100/100 VUs, 2471 complete and 0 interrupted iterations
default   [  73% ] 100 VUs  0m44.0s/1m0s

running (0m45.0s), 100/100 VUs, 2559 complete and 0 interrupted iterations
default   [  75% ] 100 VUs  0m45.0s/1m0s

running (0m46.0s), 100/100 VUs, 2592 complete and 0 interrupted iterations
default   [  77% ] 100 VUs  0m46.0s/1m0s

running (0m47.0s), 100/100 VUs, 2678 complete and 0 interrupted iterations
default   [  78% ] 100 VUs  0m47.0s/1m0s

running (0m48.0s), 100/100 VUs, 2730 complete and 0 interrupted iterations
default   [  80% ] 100 VUs  0m48.0s/1m0s

running (0m49.0s), 100/100 VUs, 2789 complete and 0 interrupted iterations
default   [  82% ] 100 VUs  0m49.0s/1m0s

running (0m50.0s), 100/100 VUs, 2869 complete and 0 interrupted iterations
default   [  83% ] 100 VUs  0m50.0s/1m0s

running (0m51.0s), 100/100 VUs, 2941 complete and 0 interrupted iterations
default   [  85% ] 100 VUs  0m51.0s/1m0s

running (0m52.0s), 100/100 VUs, 2987 complete and 0 interrupted iterations
default   [  87% ] 100 VUs  0m52.0s/1m0s

running (0m53.0s), 100/100 VUs, 3064 complete and 0 interrupted iterations
default   [  88% ] 100 VUs  0m53.0s/1m0s

running (0m54.0s), 100/100 VUs, 3100 complete and 0 interrupted iterations
default   [  90% ] 100 VUs  0m54.0s/1m0s

running (0m55.0s), 100/100 VUs, 3193 complete and 0 interrupted iterations
default   [  92% ] 100 VUs  0m55.0s/1m0s

running (0m56.0s), 100/100 VUs, 3235 complete and 0 interrupted iterations
default   [  93% ] 100 VUs  0m56.0s/1m0s

running (0m57.0s), 100/100 VUs, 3298 complete and 0 interrupted iterations
default   [  95% ] 100 VUs  0m57.0s/1m0s

running (0m58.0s), 100/100 VUs, 3357 complete and 0 interrupted iterations
default   [  97% ] 100 VUs  0m58.0s/1m0s

running (0m59.0s), 100/100 VUs, 3435 complete and 0 interrupted iterations
default   [  98% ] 100 VUs  0m59.0s/1m0s

running (1m00.0s), 100/100 VUs, 3485 complete and 0 interrupted iterations
default   [ 100% ] 100 VUs  1m00.0s/1m0s

running (1m01.0s), 086/100 VUs, 3499 complete and 0 interrupted iterations
default ↓ [ 100% ] 100 VUs  1m0s

running (1m01.9s), 000/100 VUs, 3585 complete and 0 interrupted iterations
default ✓ [ 100% ] 100 VUs  1m0s

     ✓ status is 200

     checks.........................: 100.00% ✓ 3585      ✗ 0    
     data_received..................: 19 MB   307 kB/s
     data_sent......................: 2.4 MB  38 kB/s
     http_req_blocked...............: avg=344.12ms min=209ns    med=261.59ms max=1.5s    p(90)=777.69ms p(95)=860.19ms
     http_req_connecting............: avg=170.99ms min=0s       med=125.52ms max=1.18s   p(90)=352.42ms p(95)=631.58ms
     http_req_duration..............: avg=366.23ms min=244.35ms med=255.19ms max=3.02s   p(90)=828.86ms p(95)=967.18ms
       { expected_response:true }...: avg=366.23ms min=244.35ms med=255.19ms max=3.02s   p(90)=828.86ms p(95)=967.18ms
     http_req_failed................: 0.00%   ✓ 0         ✗ 3585 
     http_req_receiving.............: avg=239.63µs min=19.61µs  med=79.23µs  max=40.78ms p(90)=528.61µs p(95)=705.13µs
     http_req_sending...............: avg=243.83µs min=42.97µs  med=133.79µs max=46.77ms p(90)=369.96µs p(95)=459.71µs
     http_req_tls_handshaking.......: avg=158.76ms min=0s       med=128.4ms  max=1.16s   p(90)=169.68ms p(95)=613.2ms 
     http_req_waiting...............: avg=365.75ms min=244.22ms med=254.7ms  max=3.02s   p(90)=828.56ms p(95)=964.7ms 
     http_reqs......................: 3585    57.952785/s
     iteration_duration.............: avg=1.71s    min=1.24s    med=1.53s    max=4.35s   p(90)=2.2s     p(95)=2.47s   
     iterations.....................: 3585    57.952785/s
     vus............................: 86      min=86      max=100
     vus_max........................: 100     min=100     max=100

