
          /\      |‾‾| /‾‾/   /‾‾/   
     /\  /  \     |  |/  /   /  /    
    /  \/    \    |     (   /   ‾‾\  
   /          \   |  |\  \ |  (‾)  | 
  / __________ \  |__| \__\ \_____/ .io

  execution: local
     script: tunnels.js
     output: -

  scenarios: (100.00%) 1 scenario, 100 max VUs, 1m30s max duration (incl. graceful stop):
           * default: 100 looping VUs for 1m0s (gracefulStop: 30s)


running (0m01.0s), 100/100 VUs, 0 complete and 0 interrupted iterations
default   [   2% ] 100 VUs  0m01.0s/1m0s

running (0m02.0s), 100/100 VUs, 100 complete and 0 interrupted iterations
default   [   3% ] 100 VUs  0m02.0s/1m0s

running (0m03.0s), 100/100 VUs, 200 complete and 0 interrupted iterations
default   [   5% ] 100 VUs  0m03.0s/1m0s

running (0m04.0s), 100/100 VUs, 300 complete and 0 interrupted iterations
default   [   7% ] 100 VUs  0m04.0s/1m0s

running (0m05.0s), 100/100 VUs, 400 complete and 0 interrupted iterations
default   [   8% ] 100 VUs  0m05.0s/1m0s

running (0m06.0s), 100/100 VUs, 500 complete and 0 interrupted iterations
default   [  10% ] 100 VUs  0m06.0s/1m0s

running (0m07.0s), 100/100 VUs, 600 complete and 0 interrupted iterations
default   [  12% ] 100 VUs  0m07.0s/1m0s

running (0m08.0s), 100/100 VUs, 700 complete and 0 interrupted iterations
default   [  13% ] 100 VUs  0m08.0s/1m0s

running (0m09.0s), 100/100 VUs, 800 complete and 0 interrupted iterations
default   [  15% ] 100 VUs  0m09.0s/1m0s

running (0m10.0s), 100/100 VUs, 900 complete and 0 interrupted iterations
default   [  17% ] 100 VUs  0m10.0s/1m0s

running (0m11.0s), 100/100 VUs, 1000 complete and 0 interrupted iterations
default   [  18% ] 100 VUs  0m11.0s/1m0s

running (0m12.0s), 100/100 VUs, 1100 complete and 0 interrupted iterations
default   [  20% ] 100 VUs  0m12.0s/1m0s

running (0m13.0s), 100/100 VUs, 1200 complete and 0 interrupted iterations
default   [  22% ] 100 VUs  0m13.0s/1m0s

running (0m14.0s), 100/100 VUs, 1300 complete and 0 interrupted iterations
default   [  23% ] 100 VUs  0m14.0s/1m0s

running (0m15.0s), 100/100 VUs, 1400 complete and 0 interrupted iterations
default   [  25% ] 100 VUs  0m15.0s/1m0s

running (0m16.0s), 100/100 VUs, 1500 complete and 0 interrupted iterations
default   [  27% ] 100 VUs  0m16.0s/1m0s

running (0m17.0s), 100/100 VUs, 1600 complete and 0 interrupted iterations
default   [  28% ] 100 VUs  0m17.0s/1m0s

running (0m18.0s), 100/100 VUs, 1700 complete and 0 interrupted iterations
default   [  30% ] 100 VUs  0m18.0s/1m0s

running (0m19.0s), 100/100 VUs, 1800 complete and 0 interrupted iterations
default   [  32% ] 100 VUs  0m19.0s/1m0s

running (0m20.0s), 100/100 VUs, 1900 complete and 0 interrupted iterations
default   [  33% ] 100 VUs  0m20.0s/1m0s

running (0m21.0s), 100/100 VUs, 2000 complete and 0 interrupted iterations
default   [  35% ] 100 VUs  0m21.0s/1m0s

running (0m22.0s), 100/100 VUs, 2100 complete and 0 interrupted iterations
default   [  37% ] 100 VUs  0m22.0s/1m0s

running (0m23.0s), 100/100 VUs, 2200 complete and 0 interrupted iterations
default   [  38% ] 100 VUs  0m23.0s/1m0s

running (0m24.0s), 100/100 VUs, 2300 complete and 0 interrupted iterations
default   [  40% ] 100 VUs  0m24.0s/1m0s

running (0m25.0s), 100/100 VUs, 2400 complete and 0 interrupted iterations
default   [  42% ] 100 VUs  0m25.0s/1m0s

running (0m26.0s), 100/100 VUs, 2500 complete and 0 interrupted iterations
default   [  43% ] 100 VUs  0m26.0s/1m0s

running (0m27.0s), 100/100 VUs, 2600 complete and 0 interrupted iterations
default   [  45% ] 100 VUs  0m27.0s/1m0s

running (0m28.0s), 100/100 VUs, 2700 complete and 0 interrupted iterations
default   [  47% ] 100 VUs  0m28.0s/1m0s

running (0m29.0s), 100/100 VUs, 2800 complete and 0 interrupted iterations
default   [  48% ] 100 VUs  0m29.0s/1m0s

running (0m30.0s), 100/100 VUs, 2900 complete and 0 interrupted iterations
default   [  50% ] 100 VUs  0m30.0s/1m0s

running (0m31.0s), 100/100 VUs, 3000 complete and 0 interrupted iterations
default   [  52% ] 100 VUs  0m31.0s/1m0s

running (0m32.0s), 100/100 VUs, 3100 complete and 0 interrupted iterations
default   [  53% ] 100 VUs  0m32.0s/1m0s

running (0m33.0s), 100/100 VUs, 3200 complete and 0 interrupted iterations
default   [  55% ] 100 VUs  0m33.0s/1m0s

running (0m34.0s), 100/100 VUs, 3300 complete and 0 interrupted iterations
default   [  57% ] 100 VUs  0m34.0s/1m0s

running (0m35.0s), 100/100 VUs, 3400 complete and 0 interrupted iterations
default   [  58% ] 100 VUs  0m35.0s/1m0s

running (0m36.0s), 100/100 VUs, 3500 complete and 0 interrupted iterations
default   [  60% ] 100 VUs  0m36.0s/1m0s

running (0m37.0s), 100/100 VUs, 3600 complete and 0 interrupted iterations
default   [  62% ] 100 VUs  0m37.0s/1m0s

running (0m38.0s), 100/100 VUs, 3700 complete and 0 interrupted iterations
default   [  63% ] 100 VUs  0m38.0s/1m0s

running (0m39.0s), 100/100 VUs, 3800 complete and 0 interrupted iterations
default   [  65% ] 100 VUs  0m39.0s/1m0s

running (0m40.0s), 100/100 VUs, 3900 complete and 0 interrupted iterations
default   [  67% ] 100 VUs  0m40.0s/1m0s

running (0m41.0s), 100/100 VUs, 4000 complete and 0 interrupted iterations
default   [  68% ] 100 VUs  0m41.0s/1m0s

running (0m42.0s), 100/100 VUs, 4100 complete and 0 interrupted iterations
default   [  70% ] 100 VUs  0m42.0s/1m0s

running (0m43.0s), 100/100 VUs, 4200 complete and 0 interrupted iterations
default   [  72% ] 100 VUs  0m43.0s/1m0s

running (0m44.0s), 100/100 VUs, 4300 complete and 0 interrupted iterations
default   [  73% ] 100 VUs  0m44.0s/1m0s

running (0m45.0s), 100/100 VUs, 4400 complete and 0 interrupted iterations
default   [  75% ] 100 VUs  0m45.0s/1m0s

running (0m46.0s), 100/100 VUs, 4500 complete and 0 interrupted iterations
default   [  77% ] 100 VUs  0m46.0s/1m0s

running (0m47.0s), 100/100 VUs, 4600 complete and 0 interrupted iterations
default   [  78% ] 100 VUs  0m47.0s/1m0s

running (0m48.0s), 100/100 VUs, 4700 complete and 0 interrupted iterations
default   [  80% ] 100 VUs  0m48.0s/1m0s

running (0m49.0s), 100/100 VUs, 4800 complete and 0 interrupted iterations
default   [  82% ] 100 VUs  0m49.0s/1m0s

running (0m50.0s), 100/100 VUs, 4900 complete and 0 interrupted iterations
default   [  83% ] 100 VUs  0m50.0s/1m0s

running (0m51.0s), 100/100 VUs, 5000 complete and 0 interrupted iterations
default   [  85% ] 100 VUs  0m51.0s/1m0s

running (0m52.0s), 100/100 VUs, 5100 complete and 0 interrupted iterations
default   [  87% ] 100 VUs  0m52.0s/1m0s

running (0m53.0s), 100/100 VUs, 5200 complete and 0 interrupted iterations
default   [  88% ] 100 VUs  0m53.0s/1m0s

running (0m54.0s), 100/100 VUs, 5300 complete and 0 interrupted iterations
default   [  90% ] 100 VUs  0m54.0s/1m0s

running (0m55.0s), 100/100 VUs, 5400 complete and 0 interrupted iterations
default   [  92% ] 100 VUs  0m55.0s/1m0s

running (0m56.0s), 100/100 VUs, 5500 complete and 0 interrupted iterations
default   [  93% ] 100 VUs  0m56.0s/1m0s

running (0m57.0s), 100/100 VUs, 5600 complete and 0 interrupted iterations
default   [  95% ] 100 VUs  0m57.0s/1m0s

running (0m58.0s), 100/100 VUs, 5700 complete and 0 interrupted iterations
default   [  97% ] 100 VUs  0m58.0s/1m0s

running (0m59.0s), 100/100 VUs, 5800 complete and 0 interrupted iterations
default   [  98% ] 100 VUs  0m59.0s/1m0s

running (1m00.0s), 100/100 VUs, 5900 complete and 0 interrupted iterations
default   [ 100% ] 100 VUs  1m00.0s/1m0s

running (1m00.7s), 000/100 VUs, 6000 complete and 0 interrupted iterations
default ✓ [ 100% ] 100 VUs  1m0s

     ✓ status is 200

     checks.........................: 100.00% ✓ 6000      ✗ 0    
     data_received..................: 5.0 MB  82 kB/s
     data_sent......................: 564 kB  9.3 kB/s
     http_req_blocked...............: avg=16.33µs  min=1.8µs    med=5.61µs  max=16.11ms p(90)=10.9µs  p(95)=13.1µs  
     http_req_connecting............: avg=4.67µs   min=0s       med=0s      max=1.41ms  p(90)=0s      p(95)=0s      
     http_req_duration..............: avg=3.52ms   min=513.24µs med=2.19ms  max=50.67ms p(90)=7.42ms  p(95)=12.11ms 
       { expected_response:true }...: avg=3.52ms   min=513.24µs med=2.19ms  max=50.67ms p(90)=7.42ms  p(95)=12.11ms 
     http_req_failed................: 0.00%   ✓ 0         ✗ 6000 
     http_req_receiving.............: avg=126.47µs min=18.32µs  med=84.71µs max=5.96ms  p(90)=187.9µs p(95)=256.93µs
     http_req_sending...............: avg=46.81µs  min=6.7µs    med=27.7µs  max=9.36ms  p(90)=63.15µs p(95)=74µs    
     http_req_tls_handshaking.......: avg=0s       min=0s       med=0s      max=0s      p(90)=0s      p(95)=0s      
     http_req_waiting...............: avg=3.34ms   min=469µs    med=2ms     max=50.49ms p(90)=6.99ms  p(95)=11.74ms 
     http_reqs......................: 6000    98.874959/s
     iteration_duration.............: avg=1s       min=1s       med=1s      max=1.11s   p(90)=1.01s   p(95)=1.02s   
     iterations.....................: 6000    98.874959/s
     vus............................: 100     min=100     max=100
     vus_max........................: 100     min=100     max=100

