
          /\      |‾‾| /‾‾/   /‾‾/   
     /\  /  \     |  |/  /   /  /    
    /  \/    \    |     (   /   ‾‾\  
   /          \   |  |\  \ |  (‾)  | 
  / __________ \  |__| \__\ \_____/ .io

  execution: local
     script: tunnels.js
     output: -

  scenarios: (100.00%) 1 scenario, 1000 max VUs, 1m30s max duration (incl. graceful stop):
           * default: 1000 looping VUs for 1m0s (gracefulStop: 30s)


running (0m00.8s), 1000/1000 VUs, 0 complete and 0 interrupted iterations
default   [   1% ] 1000 VUs  0m00.8s/1m0s

running (0m01.8s), 1000/1000 VUs, 0 complete and 0 interrupted iterations
default   [   3% ] 1000 VUs  0m01.8s/1m0s

running (0m02.8s), 1000/1000 VUs, 0 complete and 0 interrupted iterations
default   [   5% ] 1000 VUs  0m02.8s/1m0s

running (0m03.8s), 1000/1000 VUs, 0 complete and 0 interrupted iterations
default   [   6% ] 1000 VUs  0m03.8s/1m0s

running (0m04.8s), 1000/1000 VUs, 0 complete and 0 interrupted iterations
default   [   8% ] 1000 VUs  0m04.8s/1m0s

running (0m05.8s), 1000/1000 VUs, 0 complete and 0 interrupted iterations
default   [  10% ] 1000 VUs  0m05.8s/1m0s

running (0m06.8s), 1000/1000 VUs, 0 complete and 0 interrupted iterations
default   [  11% ] 1000 VUs  0m06.8s/1m0s

running (0m07.8s), 1000/1000 VUs, 0 complete and 0 interrupted iterations
default   [  13% ] 1000 VUs  0m07.8s/1m0s

running (0m08.8s), 1000/1000 VUs, 0 complete and 0 interrupted iterations
default   [  15% ] 1000 VUs  0m08.8s/1m0s

running (0m09.8s), 1000/1000 VUs, 0 complete and 0 interrupted iterations
default   [  16% ] 1000 VUs  0m09.8s/1m0s

running (0m10.8s), 1000/1000 VUs, 0 complete and 0 interrupted iterations
default   [  18% ] 1000 VUs  0m10.8s/1m0s

running (0m11.8s), 1000/1000 VUs, 1 complete and 0 interrupted iterations
default   [  20% ] 1000 VUs  0m11.8s/1m0s

running (0m12.8s), 1000/1000 VUs, 1 complete and 0 interrupted iterations
default   [  21% ] 1000 VUs  0m12.8s/1m0s

running (0m13.8s), 1000/1000 VUs, 4 complete and 0 interrupted iterations
default   [  23% ] 1000 VUs  0m13.8s/1m0s

running (0m14.8s), 1000/1000 VUs, 16 complete and 0 interrupted iterations
default   [  25% ] 1000 VUs  0m14.8s/1m0s

running (0m15.8s), 1000/1000 VUs, 125 complete and 0 interrupted iterations
default   [  26% ] 1000 VUs  0m15.8s/1m0s

running (0m16.8s), 1000/1000 VUs, 232 complete and 0 interrupted iterations
default   [  28% ] 1000 VUs  0m16.8s/1m0s

running (0m17.8s), 1000/1000 VUs, 504 complete and 0 interrupted iterations
default   [  30% ] 1000 VUs  0m17.8s/1m0s

running (0m18.8s), 1000/1000 VUs, 643 complete and 0 interrupted iterations
default   [  31% ] 1000 VUs  0m18.8s/1m0s

running (0m19.8s), 1000/1000 VUs, 1020 complete and 0 interrupted iterations
default   [  33% ] 1000 VUs  0m19.8s/1m0s

running (0m20.8s), 1000/1000 VUs, 1313 complete and 0 interrupted iterations
default   [  35% ] 1000 VUs  0m20.8s/1m0s

running (0m21.8s), 1000/1000 VUs, 1317 complete and 0 interrupted iterations
default   [  36% ] 1000 VUs  0m21.8s/1m0s

running (0m22.8s), 1000/1000 VUs, 1319 complete and 0 interrupted iterations
default   [  38% ] 1000 VUs  0m22.8s/1m0s

running (0m23.8s), 1000/1000 VUs, 1319 complete and 0 interrupted iterations
default   [  40% ] 1000 VUs  0m23.8s/1m0s

running (0m24.8s), 1000/1000 VUs, 1319 complete and 0 interrupted iterations
default   [  41% ] 1000 VUs  0m24.8s/1m0s

running (0m25.8s), 1000/1000 VUs, 1337 complete and 0 interrupted iterations
default   [  43% ] 1000 VUs  0m25.8s/1m0s

running (0m26.8s), 1000/1000 VUs, 1405 complete and 0 interrupted iterations
default   [  45% ] 1000 VUs  0m26.8s/1m0s

running (0m27.8s), 1000/1000 VUs, 1414 complete and 0 interrupted iterations
default   [  46% ] 1000 VUs  0m27.8s/1m0s

running (0m28.8s), 1000/1000 VUs, 1484 complete and 0 interrupted iterations
default   [  48% ] 1000 VUs  0m28.8s/1m0s

running (0m29.8s), 1000/1000 VUs, 1641 complete and 0 interrupted iterations
default   [  50% ] 1000 VUs  0m29.8s/1m0s

running (0m30.8s), 1000/1000 VUs, 1749 complete and 0 interrupted iterations
default   [  51% ] 1000 VUs  0m30.8s/1m0s

running (0m31.8s), 1000/1000 VUs, 1870 complete and 0 interrupted iterations
default   [  53% ] 1000 VUs  0m31.8s/1m0s

running (0m32.8s), 1000/1000 VUs, 1997 complete and 0 interrupted iterations
default   [  55% ] 1000 VUs  0m32.8s/1m0s

running (0m33.8s), 1000/1000 VUs, 2145 complete and 0 interrupted iterations
default   [  56% ] 1000 VUs  0m33.8s/1m0s

running (0m34.8s), 1000/1000 VUs, 2262 complete and 0 interrupted iterations
default   [  58% ] 1000 VUs  0m34.8s/1m0s

running (0m35.8s), 1000/1000 VUs, 2394 complete and 0 interrupted iterations
default   [  60% ] 1000 VUs  0m35.8s/1m0s

running (0m36.8s), 1000/1000 VUs, 2537 complete and 0 interrupted iterations
default   [  61% ] 1000 VUs  0m36.8s/1m0s

running (0m37.8s), 1000/1000 VUs, 2554 complete and 0 interrupted iterations
default   [  63% ] 1000 VUs  0m37.8s/1m0s

running (0m38.8s), 1000/1000 VUs, 2633 complete and 0 interrupted iterations
default   [  65% ] 1000 VUs  0m38.8s/1m0s

running (0m39.8s), 1000/1000 VUs, 2700 complete and 0 interrupted iterations
default   [  66% ] 1000 VUs  0m39.8s/1m0s

running (0m40.8s), 1000/1000 VUs, 2722 complete and 0 interrupted iterations
default   [  68% ] 1000 VUs  0m40.8s/1m0s

running (0m41.8s), 1000/1000 VUs, 2796 complete and 0 interrupted iterations
default   [  70% ] 1000 VUs  0m41.8s/1m0s

running (0m42.8s), 1000/1000 VUs, 2872 complete and 0 interrupted iterations
default   [  71% ] 1000 VUs  0m42.8s/1m0s

running (0m43.8s), 1000/1000 VUs, 2911 complete and 0 interrupted iterations
default   [  73% ] 1000 VUs  0m43.8s/1m0s

running (0m44.8s), 1000/1000 VUs, 3004 complete and 0 interrupted iterations
default   [  75% ] 1000 VUs  0m44.8s/1m0s

running (0m45.8s), 1000/1000 VUs, 3088 complete and 0 interrupted iterations
default   [  76% ] 1000 VUs  0m45.8s/1m0s

running (0m46.8s), 1000/1000 VUs, 3114 complete and 0 interrupted iterations
default   [  78% ] 1000 VUs  0m46.8s/1m0s

running (0m47.8s), 1000/1000 VUs, 3176 complete and 0 interrupted iterations
default   [  80% ] 1000 VUs  0m47.8s/1m0s

running (0m48.8s), 1000/1000 VUs, 3296 complete and 0 interrupted iterations
default   [  81% ] 1000 VUs  0m48.8s/1m0s

running (0m49.8s), 1000/1000 VUs, 3346 complete and 0 interrupted iterations
default   [  83% ] 1000 VUs  0m49.8s/1m0s

running (0m50.8s), 1000/1000 VUs, 3395 complete and 0 interrupted iterations
default   [  85% ] 1000 VUs  0m50.8s/1m0s

running (0m51.8s), 1000/1000 VUs, 3437 complete and 0 interrupted iterations
default   [  86% ] 1000 VUs  0m51.8s/1m0s

running (0m52.8s), 1000/1000 VUs, 3544 complete and 0 interrupted iterations
default   [  88% ] 1000 VUs  0m52.8s/1m0s

running (0m53.8s), 1000/1000 VUs, 3567 complete and 0 interrupted iterations
default   [  90% ] 1000 VUs  0m53.8s/1m0s

running (0m54.8s), 1000/1000 VUs, 3716 complete and 0 interrupted iterations
default   [  91% ] 1000 VUs  0m54.8s/1m0s

running (0m55.8s), 1000/1000 VUs, 3747 complete and 0 interrupted iterations
default   [  93% ] 1000 VUs  0m55.8s/1m0s

running (0m56.8s), 1000/1000 VUs, 3784 complete and 0 interrupted iterations
default   [  95% ] 1000 VUs  0m56.8s/1m0s

running (0m57.8s), 1000/1000 VUs, 3932 complete and 0 interrupted iterations
default   [  96% ] 1000 VUs  0m57.8s/1m0s

running (0m58.8s), 1000/1000 VUs, 4032 complete and 0 interrupted iterations
default   [  98% ] 1000 VUs  0m58.8s/1m0s

running (0m59.8s), 1000/1000 VUs, 4072 complete and 0 interrupted iterations
default   [ 100% ] 1000 VUs  0m59.8s/1m0s

running (1m00.8s), 0960/1000 VUs, 4119 complete and 0 interrupted iterations
default ↓ [ 100% ] 1000 VUs  1m0s

running (1m01.8s), 0822/1000 VUs, 4257 complete and 0 interrupted iterations
default ↓ [ 100% ] 1000 VUs  1m0s

running (1m02.8s), 0809/1000 VUs, 4270 complete and 0 interrupted iterations
default ↓ [ 100% ] 1000 VUs  1m0s

running (1m03.8s), 0671/1000 VUs, 4408 complete and 0 interrupted iterations
default ↓ [ 100% ] 1000 VUs  1m0s

running (1m04.8s), 0440/1000 VUs, 4639 complete and 0 interrupted iterations
default ↓ [ 100% ] 1000 VUs  1m0s

running (1m05.8s), 0325/1000 VUs, 4754 complete and 0 interrupted iterations
default ↓ [ 100% ] 1000 VUs  1m0s

running (1m06.8s), 0222/1000 VUs, 4857 complete and 0 interrupted iterations
default ↓ [ 100% ] 1000 VUs  1m0s

running (1m07.8s), 0174/1000 VUs, 4905 complete and 0 interrupted iterations
default ↓ [ 100% ] 1000 VUs  1m0s

running (1m08.8s), 0126/1000 VUs, 4953 complete and 0 interrupted iterations
default ↓ [ 100% ] 1000 VUs  1m0s

running (1m09.8s), 0066/1000 VUs, 5013 complete and 0 interrupted iterations
default ↓ [ 100% ] 1000 VUs  1m0s

running (1m10.8s), 0056/1000 VUs, 5023 complete and 0 interrupted iterations
default ↓ [ 100% ] 1000 VUs  1m0s

running (1m11.8s), 0036/1000 VUs, 5043 complete and 0 interrupted iterations
default ↓ [ 100% ] 1000 VUs  1m0s

running (1m12.8s), 0026/1000 VUs, 5053 complete and 0 interrupted iterations
default ↓ [ 100% ] 1000 VUs  1m0s

running (1m13.8s), 0026/1000 VUs, 5053 complete and 0 interrupted iterations
default ↓ [ 100% ] 1000 VUs  1m0s

running (1m14.8s), 0018/1000 VUs, 5061 complete and 0 interrupted iterations
default ↓ [ 100% ] 1000 VUs  1m0s

running (1m15.8s), 0009/1000 VUs, 5070 complete and 0 interrupted iterations
default ↓ [ 100% ] 1000 VUs  1m0s

running (1m16.8s), 0007/1000 VUs, 5072 complete and 0 interrupted iterations
default ↓ [ 100% ] 1000 VUs  1m0s

running (1m17.8s), 0007/1000 VUs, 5072 complete and 0 interrupted iterations
default ↓ [ 100% ] 1000 VUs  1m0s

running (1m18.8s), 0007/1000 VUs, 5072 complete and 0 interrupted iterations
default ↓ [ 100% ] 1000 VUs  1m0s

running (1m19.8s), 0005/1000 VUs, 5074 complete and 0 interrupted iterations
default ↓ [ 100% ] 1000 VUs  1m0s

running (1m20.8s), 0001/1000 VUs, 5078 complete and 0 interrupted iterations
default ↓ [ 100% ] 1000 VUs  1m0s

running (1m20.8s), 0000/1000 VUs, 5079 complete and 0 interrupted iterations
default ✓ [ 100% ] 1000 VUs  1m0s

     ✗ status is 200
      ↳  98% — ✓ 5021 / ✗ 58

     checks.........................: 98.85% ✓ 5021      ✗ 58    
     data_received..................: 29 MB  353 kB/s
     data_sent......................: 3.6 MB 44 kB/s
     http_req_blocked...............: avg=7.71s    min=0s       med=5.14s    max=58.2s   p(90)=14.56s   p(95)=25.51s  
     http_req_connecting............: avg=1.42s    min=0s       med=1.28s    max=19.02s  p(90)=2.64s    p(95)=4.24s   
     http_req_duration..............: avg=3.88s    min=0s       med=3.03s    max=45.97s  p(90)=7.33s    p(95)=9.78s   
       { expected_response:true }...: avg=3.89s    min=245.53ms med=3.06s    max=45.97s  p(90)=7.33s    p(95)=9.76s   
     http_req_failed................: 1.14%  ✓ 58        ✗ 5021  
     http_req_receiving.............: avg=55.2ms   min=0s       med=105.35µs max=9.31s   p(90)=3.77ms   p(95)=16.44ms 
     http_req_sending...............: avg=289.59µs min=0s       med=164.94µs max=41.29ms p(90)=401.19µs p(95)=470.46µs
     http_req_tls_handshaking.......: avg=4.94s    min=0s       med=1.68s    max=52.37s  p(90)=10.75s   p(95)=24.24s  
     http_req_waiting...............: avg=3.82s    min=0s       med=2.99s    max=45.97s  p(90)=7.16s    p(95)=9.69s   
     http_reqs......................: 5079   62.825265/s
     iteration_duration.............: avg=12.81s   min=1.55s    med=10.44s   max=1m1s    p(90)=20.24s   p(95)=32.16s  
     iterations.....................: 5079   62.825265/s
     vus............................: 1      min=1       max=1000
     vus_max........................: 1000   min=1000    max=1000

