
          /\      |‾‾| /‾‾/   /‾‾/   
     /\  /  \     |  |/  /   /  /    
    /  \/    \    |     (   /   ‾‾\  
   /          \   |  |\  \ |  (‾)  | 
  / __________ \  |__| \__\ \_____/ .io

  execution: local
     script: tunnels.js
     output: -

  scenarios: (100.00%) 1 scenario, 100 max VUs, 1m30s max duration (incl. graceful stop):
           * default: 100 looping VUs for 1m0s (gracefulStop: 30s)


running (0m00.9s), 100/100 VUs, 0 complete and 0 interrupted iterations
default   [   2% ] 100 VUs  0m00.9s/1m0s

running (0m01.9s), 100/100 VUs, 1 complete and 0 interrupted iterations
default   [   3% ] 100 VUs  0m01.9s/1m0s

running (0m02.9s), 100/100 VUs, 100 complete and 0 interrupted iterations
default   [   5% ] 100 VUs  0m02.9s/1m0s

running (0m03.9s), 100/100 VUs, 172 complete and 0 interrupted iterations
default   [   7% ] 100 VUs  0m03.9s/1m0s

running (0m04.9s), 100/100 VUs, 201 complete and 0 interrupted iterations
default   [   8% ] 100 VUs  0m04.9s/1m0s

running (0m05.9s), 100/100 VUs, 300 complete and 0 interrupted iterations
default   [  10% ] 100 VUs  0m05.9s/1m0s

running (0m06.9s), 100/100 VUs, 307 complete and 0 interrupted iterations
default   [  12% ] 100 VUs  0m06.9s/1m0s

running (0m07.9s), 100/100 VUs, 401 complete and 0 interrupted iterations
default   [  13% ] 100 VUs  0m07.9s/1m0s

running (0m08.9s), 100/100 VUs, 459 complete and 0 interrupted iterations
default   [  15% ] 100 VUs  0m08.9s/1m0s

running (0m09.9s), 100/100 VUs, 509 complete and 0 interrupted iterations
default   [  17% ] 100 VUs  0m09.9s/1m0s

running (0m10.9s), 100/100 VUs, 601 complete and 0 interrupted iterations
default   [  18% ] 100 VUs  0m10.9s/1m0s

running (0m11.9s), 100/100 VUs, 658 complete and 0 interrupted iterations
default   [  20% ] 100 VUs  0m11.9s/1m0s

running (0m12.9s), 100/100 VUs, 704 complete and 0 interrupted iterations
default   [  22% ] 100 VUs  0m12.9s/1m0s

running (0m13.9s), 100/100 VUs, 802 complete and 0 interrupted iterations
default   [  23% ] 100 VUs  0m13.9s/1m0s

running (0m14.9s), 100/100 VUs, 815 complete and 0 interrupted iterations
default   [  25% ] 100 VUs  0m14.9s/1m0s

running (0m15.9s), 100/100 VUs, 905 complete and 0 interrupted iterations
default   [  27% ] 100 VUs  0m15.9s/1m0s

running (0m16.9s), 100/100 VUs, 983 complete and 0 interrupted iterations
default   [  28% ] 100 VUs  0m16.9s/1m0s

running (0m17.9s), 100/100 VUs, 1018 complete and 0 interrupted iterations
default   [  30% ] 100 VUs  0m17.9s/1m0s

running (0m18.9s), 100/100 VUs, 1109 complete and 0 interrupted iterations
default   [  32% ] 100 VUs  0m18.9s/1m0s

running (0m19.9s), 100/100 VUs, 1164 complete and 0 interrupted iterations
default   [  33% ] 100 VUs  0m19.9s/1m0s

running (0m20.9s), 100/100 VUs, 1221 complete and 0 interrupted iterations
default   [  35% ] 100 VUs  0m20.9s/1m0s

running (0m21.9s), 100/100 VUs, 1312 complete and 0 interrupted iterations
default   [  37% ] 100 VUs  0m21.9s/1m0s

running (0m22.9s), 100/100 VUs, 1357 complete and 0 interrupted iterations
default   [  38% ] 100 VUs  0m22.9s/1m0s

running (0m23.9s), 100/100 VUs, 1424 complete and 0 interrupted iterations
default   [  40% ] 100 VUs  0m23.9s/1m0s

running (0m24.9s), 100/100 VUs, 1514 complete and 0 interrupted iterations
default   [  42% ] 100 VUs  0m24.9s/1m0s

running (0m25.9s), 100/100 VUs, 1532 complete and 0 interrupted iterations
default   [  43% ] 100 VUs  0m25.9s/1m0s

running (0m26.9s), 100/100 VUs, 1617 complete and 0 interrupted iterations
default   [  45% ] 100 VUs  0m26.9s/1m0s

running (0m27.9s), 100/100 VUs, 1631 complete and 0 interrupted iterations
default   [  47% ] 100 VUs  0m27.9s/1m0s

running (0m28.9s), 100/100 VUs, 1722 complete and 0 interrupted iterations
default   [  48% ] 100 VUs  0m28.9s/1m0s

running (0m29.9s), 100/100 VUs, 1740 complete and 0 interrupted iterations
default   [  50% ] 100 VUs  0m29.9s/1m0s

running (0m30.9s), 100/100 VUs, 1825 complete and 0 interrupted iterations
default   [  52% ] 100 VUs  0m30.9s/1m0s

running (0m31.9s), 100/100 VUs, 1889 complete and 0 interrupted iterations
default   [  53% ] 100 VUs  0m31.9s/1m0s

running (0m32.9s), 100/100 VUs, 1938 complete and 0 interrupted iterations
default   [  55% ] 100 VUs  0m32.9s/1m0s

running (0m33.9s), 100/100 VUs, 2028 complete and 0 interrupted iterations
default   [  57% ] 100 VUs  0m33.9s/1m0s

running (0m34.9s), 100/100 VUs, 2070 complete and 0 interrupted iterations
default   [  58% ] 100 VUs  0m34.9s/1m0s

running (0m35.9s), 100/100 VUs, 2142 complete and 0 interrupted iterations
default   [  60% ] 100 VUs  0m35.9s/1m0s

running (0m36.9s), 100/100 VUs, 2234 complete and 0 interrupted iterations
default   [  62% ] 100 VUs  0m36.9s/1m0s

running (0m37.9s), 100/100 VUs, 2272 complete and 0 interrupted iterations
default   [  63% ] 100 VUs  0m37.9s/1m0s

running (0m38.9s), 100/100 VUs, 2348 complete and 0 interrupted iterations
default   [  65% ] 100 VUs  0m38.9s/1m0s

running (0m39.9s), 100/100 VUs, 2380 complete and 0 interrupted iterations
default   [  67% ] 100 VUs  0m39.9s/1m0s

running (0m40.9s), 100/100 VUs, 2458 complete and 0 interrupted iterations
default   [  68% ] 100 VUs  0m40.9s/1m0s

running (0m41.9s), 100/100 VUs, 2550 complete and 0 interrupted iterations
default   [  70% ] 100 VUs  0m41.9s/1m0s

running (0m42.9s), 100/100 VUs, 2583 complete and 0 interrupted iterations
default   [  72% ] 100 VUs  0m42.9s/1m0s

running (0m43.9s), 100/100 VUs, 2666 complete and 0 interrupted iterations
default   [  73% ] 100 VUs  0m43.9s/1m0s

running (0m44.9s), 100/100 VUs, 2725 complete and 0 interrupted iterations
default   [  75% ] 100 VUs  0m44.9s/1m0s

running (0m45.9s), 100/100 VUs, 2792 complete and 0 interrupted iterations
default   [  77% ] 100 VUs  0m45.9s/1m0s

running (0m46.9s), 100/100 VUs, 2870 complete and 0 interrupted iterations
default   [  78% ] 100 VUs  0m46.9s/1m0s

running (0m47.9s), 100/100 VUs, 2930 complete and 0 interrupted iterations
default   [  80% ] 100 VUs  0m47.9s/1m0s

running (0m48.9s), 100/100 VUs, 3000 complete and 0 interrupted iterations
default   [  82% ] 100 VUs  0m48.9s/1m0s

running (0m49.9s), 100/100 VUs, 3029 complete and 0 interrupted iterations
default   [  83% ] 100 VUs  0m49.9s/1m0s

running (0m50.9s), 100/100 VUs, 3112 complete and 0 interrupted iterations
default   [  85% ] 100 VUs  0m50.9s/1m0s

running (0m51.9s), 100/100 VUs, 3182 complete and 0 interrupted iterations
default   [  87% ] 100 VUs  0m51.9s/1m0s

running (0m52.9s), 100/100 VUs, 3241 complete and 0 interrupted iterations
default   [  88% ] 100 VUs  0m52.9s/1m0s

running (0m53.9s), 100/100 VUs, 3300 complete and 0 interrupted iterations
default   [  90% ] 100 VUs  0m53.9s/1m0s

running (0m54.9s), 100/100 VUs, 3376 complete and 0 interrupted iterations
default   [  92% ] 100 VUs  0m54.9s/1m0s

running (0m55.9s), 100/100 VUs, 3424 complete and 0 interrupted iterations
default   [  93% ] 100 VUs  0m55.9s/1m0s

running (0m56.9s), 100/100 VUs, 3495 complete and 0 interrupted iterations
default   [  95% ] 100 VUs  0m56.9s/1m0s

running (0m57.9s), 100/100 VUs, 3551 complete and 0 interrupted iterations
default   [  97% ] 100 VUs  0m57.9s/1m0s

running (0m58.9s), 100/100 VUs, 3628 complete and 0 interrupted iterations
default   [  98% ] 100 VUs  0m58.9s/1m0s

running (0m59.9s), 100/100 VUs, 3695 complete and 0 interrupted iterations
default   [ 100% ] 100 VUs  0m59.9s/1m0s

running (1m00.9s), 029/100 VUs, 3768 complete and 0 interrupted iterations
default ↓ [ 100% ] 100 VUs  1m0s

running (1m01.4s), 000/100 VUs, 3797 complete and 0 interrupted iterations
default ✓ [ 100% ] 100 VUs  1m0s

     ✓ status is 200

     checks.........................: 100.00% ✓ 3797      ✗ 0    
     data_received..................: 19 MB   313 kB/s
     data_sent......................: 2.4 MB  39 kB/s
     http_req_blocked...............: avg=278.53ms min=263ns    med=261.87ms max=1.66s   p(90)=444.3ms  p(95)=486.99ms
     http_req_connecting............: avg=127.75ms min=0s       med=121.11ms max=1.23s   p(90)=225.32ms p(95)=256.9ms 
     http_req_duration..............: avg=314.23ms min=238.39ms med=263.09ms max=1.07s   p(90)=465.56ms p(95)=542.19ms
       { expected_response:true }...: avg=314.23ms min=238.39ms med=263.09ms max=1.07s   p(90)=465.56ms p(95)=542.19ms
     http_req_failed................: 0.00%   ✓ 0         ✗ 3797 
     http_req_receiving.............: avg=369.72µs min=23.07µs  med=82.5µs   max=39.57ms p(90)=296.52µs p(95)=1.02ms  
     http_req_sending...............: avg=311.44µs min=57.08µs  med=204.66µs max=30.24ms p(90)=421.34µs p(95)=530.25µs
     http_req_tls_handshaking.......: avg=146.55ms min=0s       med=136.22ms max=1.34s   p(90)=242.27ms p(95)=272.64ms
     http_req_waiting...............: avg=313.55ms min=238.13ms med=262.51ms max=1.07s   p(90)=464.97ms p(95)=541.82ms
     http_reqs......................: 3797    61.791492/s
     iteration_duration.............: avg=1.59s    min=1.23s    med=1.52s    max=2.93s   p(90)=1.89s    p(95)=2.01s   
     iterations.....................: 3797    61.791492/s
     vus............................: 29      min=29      max=100
     vus_max........................: 100     min=100     max=100

