
          /\      |‾‾| /‾‾/   /‾‾/   
     /\  /  \     |  |/  /   /  /    
    /  \/    \    |     (   /   ‾‾\  
   /          \   |  |\  \ |  (‾)  | 
  / __________ \  |__| \__\ \_____/ .io

  execution: local
     script: tunnels.js
     output: -

  scenarios: (100.00%) 1 scenario, 500 max VUs, 1m30s max duration (incl. graceful stop):
           * default: 500 looping VUs for 1m0s (gracefulStop: 30s)


running (0m00.9s), 500/500 VUs, 0 complete and 0 interrupted iterations
default   [   2% ] 500 VUs  0m00.9s/1m0s

running (0m01.9s), 500/500 VUs, 4 complete and 0 interrupted iterations
default   [   3% ] 500 VUs  0m01.9s/1m0s

running (0m02.9s), 500/500 VUs, 23 complete and 0 interrupted iterations
default   [   5% ] 500 VUs  0m02.9s/1m0s

running (0m03.9s), 500/500 VUs, 47 complete and 0 interrupted iterations
default   [   7% ] 500 VUs  0m03.9s/1m0s

running (0m04.9s), 500/500 VUs, 86 complete and 0 interrupted iterations
default   [   8% ] 500 VUs  0m04.9s/1m0s

running (0m05.9s), 500/500 VUs, 143 complete and 0 interrupted iterations
default   [  10% ] 500 VUs  0m05.9s/1m0s

running (0m06.9s), 500/500 VUs, 214 complete and 0 interrupted iterations
default   [  12% ] 500 VUs  0m06.9s/1m0s

running (0m07.9s), 500/500 VUs, 328 complete and 0 interrupted iterations
default   [  13% ] 500 VUs  0m07.9s/1m0s

running (0m08.9s), 500/500 VUs, 461 complete and 0 interrupted iterations
default   [  15% ] 500 VUs  0m08.9s/1m0s

running (0m09.9s), 500/500 VUs, 590 complete and 0 interrupted iterations
default   [  17% ] 500 VUs  0m09.9s/1m0s

running (0m10.9s), 500/500 VUs, 702 complete and 0 interrupted iterations
default   [  18% ] 500 VUs  0m10.9s/1m0s

running (0m11.9s), 500/500 VUs, 871 complete and 0 interrupted iterations
default   [  20% ] 500 VUs  0m11.9s/1m0s

running (0m12.9s), 500/500 VUs, 1031 complete and 0 interrupted iterations
default   [  22% ] 500 VUs  0m12.9s/1m0s

running (0m13.9s), 500/500 VUs, 1207 complete and 0 interrupted iterations
default   [  23% ] 500 VUs  0m13.9s/1m0s

running (0m14.9s), 500/500 VUs, 1392 complete and 0 interrupted iterations
default   [  25% ] 500 VUs  0m14.9s/1m0s

running (0m15.9s), 500/500 VUs, 1575 complete and 0 interrupted iterations
default   [  27% ] 500 VUs  0m15.9s/1m0s

running (0m16.9s), 500/500 VUs, 1817 complete and 0 interrupted iterations
default   [  28% ] 500 VUs  0m16.9s/1m0s

running (0m17.9s), 500/500 VUs, 2017 complete and 0 interrupted iterations
default   [  30% ] 500 VUs  0m17.9s/1m0s

running (0m18.9s), 500/500 VUs, 2236 complete and 0 interrupted iterations
default   [  32% ] 500 VUs  0m18.9s/1m0s

running (0m19.9s), 500/500 VUs, 2460 complete and 0 interrupted iterations
default   [  33% ] 500 VUs  0m19.9s/1m0s

running (0m20.9s), 500/500 VUs, 2661 complete and 0 interrupted iterations
default   [  35% ] 500 VUs  0m20.9s/1m0s

running (0m21.9s), 500/500 VUs, 2904 complete and 0 interrupted iterations
default   [  37% ] 500 VUs  0m21.9s/1m0s

running (0m22.9s), 500/500 VUs, 3113 complete and 0 interrupted iterations
default   [  38% ] 500 VUs  0m22.9s/1m0s

running (0m23.9s), 500/500 VUs, 3340 complete and 0 interrupted iterations
default   [  40% ] 500 VUs  0m23.9s/1m0s

running (0m24.9s), 500/500 VUs, 3545 complete and 0 interrupted iterations
default   [  42% ] 500 VUs  0m24.9s/1m0s

running (0m25.9s), 500/500 VUs, 3792 complete and 0 interrupted iterations
default   [  43% ] 500 VUs  0m25.9s/1m0s

running (0m26.9s), 500/500 VUs, 3960 complete and 0 interrupted iterations
default   [  45% ] 500 VUs  0m26.9s/1m0s

running (0m27.9s), 500/500 VUs, 4205 complete and 0 interrupted iterations
default   [  47% ] 500 VUs  0m27.9s/1m0s

running (0m28.9s), 500/500 VUs, 4408 complete and 0 interrupted iterations
default   [  48% ] 500 VUs  0m28.9s/1m0s

running (0m29.9s), 500/500 VUs, 4670 complete and 0 interrupted iterations
default   [  50% ] 500 VUs  0m29.9s/1m0s

running (0m30.9s), 500/500 VUs, 4893 complete and 0 interrupted iterations
default   [  52% ] 500 VUs  0m30.9s/1m0s

running (0m31.9s), 500/500 VUs, 5113 complete and 0 interrupted iterations
default   [  53% ] 500 VUs  0m31.9s/1m0s

running (0m32.9s), 500/500 VUs, 5342 complete and 0 interrupted iterations
default   [  55% ] 500 VUs  0m32.9s/1m0s

running (0m33.9s), 500/500 VUs, 5573 complete and 0 interrupted iterations
default   [  57% ] 500 VUs  0m33.9s/1m0s

running (0m34.9s), 500/500 VUs, 5802 complete and 0 interrupted iterations
default   [  58% ] 500 VUs  0m34.9s/1m0s

running (0m35.9s), 500/500 VUs, 6027 complete and 0 interrupted iterations
default   [  60% ] 500 VUs  0m35.9s/1m0s

running (0m36.9s), 500/500 VUs, 6260 complete and 0 interrupted iterations
default   [  62% ] 500 VUs  0m36.9s/1m0s

running (0m37.9s), 500/500 VUs, 6512 complete and 0 interrupted iterations
default   [  63% ] 500 VUs  0m37.9s/1m0s

running (0m38.9s), 500/500 VUs, 6771 complete and 0 interrupted iterations
default   [  65% ] 500 VUs  0m38.9s/1m0s

running (0m39.9s), 500/500 VUs, 6950 complete and 0 interrupted iterations
default   [  67% ] 500 VUs  0m39.9s/1m0s

running (0m40.9s), 500/500 VUs, 7114 complete and 0 interrupted iterations
default   [  68% ] 500 VUs  0m40.9s/1m0s

running (0m41.9s), 500/500 VUs, 7331 complete and 0 interrupted iterations
default   [  70% ] 500 VUs  0m41.9s/1m0s

running (0m42.9s), 500/500 VUs, 7502 complete and 0 interrupted iterations
default   [  72% ] 500 VUs  0m42.9s/1m0s

running (0m43.9s), 500/500 VUs, 7686 complete and 0 interrupted iterations
default   [  73% ] 500 VUs  0m43.9s/1m0s

running (0m44.9s), 500/500 VUs, 7887 complete and 0 interrupted iterations
default   [  75% ] 500 VUs  0m44.9s/1m0s

running (0m45.9s), 500/500 VUs, 8043 complete and 0 interrupted iterations
default   [  77% ] 500 VUs  0m45.9s/1m0s

running (0m46.9s), 500/500 VUs, 8043 complete and 0 interrupted iterations
default   [  78% ] 500 VUs  0m46.9s/1m0s

running (0m47.9s), 500/500 VUs, 8043 complete and 0 interrupted iterations
default   [  80% ] 500 VUs  0m47.9s/1m0s

running (0m48.9s), 500/500 VUs, 8043 complete and 0 interrupted iterations
default   [  82% ] 500 VUs  0m48.9s/1m0s

running (0m49.9s), 500/500 VUs, 8043 complete and 0 interrupted iterations
default   [  83% ] 500 VUs  0m49.9s/1m0s

running (0m50.9s), 500/500 VUs, 8080 complete and 0 interrupted iterations
default   [  85% ] 500 VUs  0m50.9s/1m0s

running (0m51.9s), 500/500 VUs, 8090 complete and 0 interrupted iterations
default   [  87% ] 500 VUs  0m51.9s/1m0s

running (0m52.9s), 500/500 VUs, 8094 complete and 0 interrupted iterations
default   [  88% ] 500 VUs  0m52.9s/1m0s

running (0m53.9s), 500/500 VUs, 8112 complete and 0 interrupted iterations
default   [  90% ] 500 VUs  0m53.9s/1m0s

running (0m54.9s), 500/500 VUs, 8125 complete and 0 interrupted iterations
default   [  92% ] 500 VUs  0m54.9s/1m0s

running (0m55.9s), 500/500 VUs, 8132 complete and 0 interrupted iterations
default   [  93% ] 500 VUs  0m55.9s/1m0s

running (0m56.9s), 500/500 VUs, 8142 complete and 0 interrupted iterations
default   [  95% ] 500 VUs  0m56.9s/1m0s

running (0m57.9s), 500/500 VUs, 8152 complete and 0 interrupted iterations
default   [  97% ] 500 VUs  0m57.9s/1m0s

running (0m58.9s), 500/500 VUs, 8195 complete and 0 interrupted iterations
default   [  98% ] 500 VUs  0m58.9s/1m0s

running (0m59.9s), 500/500 VUs, 8426 complete and 0 interrupted iterations
default   [ 100% ] 500 VUs  0m59.9s/1m0s

running (1m00.9s), 395/500 VUs, 8537 complete and 0 interrupted iterations
default ↓ [ 100% ] 500 VUs  1m0s

running (1m01.9s), 224/500 VUs, 8708 complete and 0 interrupted iterations
default ↓ [ 100% ] 500 VUs  1m0s

running (1m02.9s), 161/500 VUs, 8771 complete and 0 interrupted iterations
default ↓ [ 100% ] 500 VUs  1m0s

running (1m03.9s), 128/500 VUs, 8804 complete and 0 interrupted iterations
default ↓ [ 100% ] 500 VUs  1m0s

running (1m04.9s), 114/500 VUs, 8818 complete and 0 interrupted iterations
default ↓ [ 100% ] 500 VUs  1m0s

running (1m05.9s), 092/500 VUs, 8840 complete and 0 interrupted iterations
default ↓ [ 100% ] 500 VUs  1m0s

running (1m06.9s), 067/500 VUs, 8865 complete and 0 interrupted iterations
default ↓ [ 100% ] 500 VUs  1m0s

running (1m07.9s), 060/500 VUs, 8872 complete and 0 interrupted iterations
default ↓ [ 100% ] 500 VUs  1m0s

running (1m08.9s), 052/500 VUs, 8880 complete and 0 interrupted iterations
default ↓ [ 100% ] 500 VUs  1m0s

running (1m09.9s), 043/500 VUs, 8889 complete and 0 interrupted iterations
default ↓ [ 100% ] 500 VUs  1m0s

running (1m10.9s), 036/500 VUs, 8896 complete and 0 interrupted iterations
default ↓ [ 100% ] 500 VUs  1m0s

running (1m11.9s), 030/500 VUs, 8902 complete and 0 interrupted iterations
default ↓ [ 100% ] 500 VUs  1m0s

running (1m12.9s), 027/500 VUs, 8905 complete and 0 interrupted iterations
default ↓ [ 100% ] 500 VUs  1m0s

running (1m13.9s), 026/500 VUs, 8906 complete and 0 interrupted iterations
default ↓ [ 100% ] 500 VUs  1m0s

running (1m14.9s), 024/500 VUs, 8908 complete and 0 interrupted iterations
default ↓ [ 100% ] 500 VUs  1m0s

running (1m15.9s), 021/500 VUs, 8911 complete and 0 interrupted iterations
default ↓ [ 100% ] 500 VUs  1m0s

running (1m16.9s), 020/500 VUs, 8912 complete and 0 interrupted iterations
default ↓ [ 100% ] 500 VUs  1m0s

running (1m17.9s), 020/500 VUs, 8912 complete and 0 interrupted iterations
default ↓ [ 100% ] 500 VUs  1m0s

running (1m18.9s), 019/500 VUs, 8913 complete and 0 interrupted iterations
default ↓ [ 100% ] 500 VUs  1m0s

running (1m19.9s), 016/500 VUs, 8916 complete and 0 interrupted iterations
default ↓ [ 100% ] 500 VUs  1m0s

running (1m20.9s), 015/500 VUs, 8917 complete and 0 interrupted iterations
default ↓ [ 100% ] 500 VUs  1m0s

running (1m21.9s), 013/500 VUs, 8919 complete and 0 interrupted iterations
default ↓ [ 100% ] 500 VUs  1m0s

running (1m22.9s), 012/500 VUs, 8920 complete and 0 interrupted iterations
default ↓ [ 100% ] 500 VUs  1m0s

running (1m23.9s), 011/500 VUs, 8921 complete and 0 interrupted iterations
default ↓ [ 100% ] 500 VUs  1m0s

running (1m24.9s), 010/500 VUs, 8922 complete and 0 interrupted iterations
default ↓ [ 100% ] 500 VUs  1m0s

running (1m25.9s), 009/500 VUs, 8923 complete and 0 interrupted iterations
default ↓ [ 100% ] 500 VUs  1m0s

running (1m26.9s), 009/500 VUs, 8923 complete and 0 interrupted iterations
default ↓ [ 100% ] 500 VUs  1m0s

running (1m27.9s), 009/500 VUs, 8923 complete and 0 interrupted iterations
default ↓ [ 100% ] 500 VUs  1m0s

running (1m28.9s), 009/500 VUs, 8923 complete and 0 interrupted iterations
default ↓ [ 100% ] 500 VUs  1m0s

running (1m29.9s), 009/500 VUs, 8923 complete and 0 interrupted iterations
default ↓ [ 100% ] 500 VUs  1m0s

running (1m30.0s), 000/500 VUs, 8923 complete and 9 interrupted iterations
default ✓ [ 100% ] 500 VUs  1m0s

     ✗ status is 200
      ↳  99% — ✓ 8893 / ✗ 31

     checks.........................: 99.65% ✓ 8893      ✗ 31   
     data_received..................: 48 MB  537 kB/s
     data_sent......................: 6.0 MB 67 kB/s
     http_req_blocked...............: avg=1.14s    min=0s       med=416.18ms max=41.91s  p(90)=1.78s    p(95)=3.06s   
     http_req_connecting............: avg=523.39ms min=0s       med=124.64ms max=16.26s  p(90)=1.14s    p(95)=1.34s   
     http_req_duration..............: avg=1.36s    min=0s       med=496.34ms max=34.74s  p(90)=2.12s    p(95)=7.56s   
       { expected_response:true }...: avg=1.36s    min=239.46ms med=497.09ms max=34.74s  p(90)=2.08s    p(95)=7.44s   
     http_req_failed................: 0.34%  ✓ 31        ✗ 8893 
     http_req_receiving.............: avg=53.96ms  min=0s       med=61.69µs  max=18s     p(90)=2.51ms   p(95)=180.4ms 
     http_req_sending...............: avg=250.51µs min=0s       med=141.9µs  max=29.54ms p(90)=370.61µs p(95)=459.54µs
     http_req_tls_handshaking.......: avg=617.77ms min=0s       med=175.88ms max=37.05s  p(90)=967.55ms p(95)=1.59s   
     http_req_waiting...............: avg=1.31s    min=0s       med=460.22ms max=34.19s  p(90)=1.86s    p(95)=7.19s   
     http_reqs......................: 8924   99.153126/s
     iteration_duration.............: avg=3.52s    min=1.24s    med=2.13s    max=40.97s  p(90)=7.17s    p(95)=14.34s  
     iterations.....................: 8923   99.142015/s
     vus............................: 9      min=9       max=500
     vus_max........................: 500    min=500     max=500

