
          /\      |‾‾| /‾‾/   /‾‾/   
     /\  /  \     |  |/  /   /  /    
    /  \/    \    |     (   /   ‾‾\  
   /          \   |  |\  \ |  (‾)  | 
  / __________ \  |__| \__\ \_____/ .io

  execution: local
     script: tunnels.js
     output: -

  scenarios: (100.00%) 1 scenario, 10 max VUs, 1m30s max duration (incl. graceful stop):
           * thousand-vus: 10 looping VUs for 1m0s (gracefulStop: 30s)


running (0m01.0s), 10/10 VUs, 0 complete and 0 interrupted iterations
thousand-vus   [   2% ] 10 VUs  0m01.0s/1m0s

running (0m02.0s), 10/10 VUs, 0 complete and 0 interrupted iterations
thousand-vus   [   3% ] 10 VUs  0m02.0s/1m0s

running (0m03.0s), 10/10 VUs, 10 complete and 0 interrupted iterations
thousand-vus   [   5% ] 10 VUs  0m03.0s/1m0s

running (0m04.0s), 10/10 VUs, 20 complete and 0 interrupted iterations
thousand-vus   [   7% ] 10 VUs  0m04.0s/1m0s

running (0m05.0s), 10/10 VUs, 20 complete and 0 interrupted iterations
thousand-vus   [   8% ] 10 VUs  0m05.0s/1m0s

running (0m06.0s), 10/10 VUs, 30 complete and 0 interrupted iterations
thousand-vus   [  10% ] 10 VUs  0m06.0s/1m0s

running (0m07.0s), 10/10 VUs, 40 complete and 0 interrupted iterations
thousand-vus   [  12% ] 10 VUs  0m07.0s/1m0s

running (0m08.0s), 10/10 VUs, 42 complete and 0 interrupted iterations
thousand-vus   [  13% ] 10 VUs  0m08.0s/1m0s

running (0m09.0s), 10/10 VUs, 50 complete and 0 interrupted iterations
thousand-vus   [  15% ] 10 VUs  0m09.0s/1m0s

running (0m10.0s), 10/10 VUs, 60 complete and 0 interrupted iterations
thousand-vus   [  17% ] 10 VUs  0m10.0s/1m0s

running (0m11.0s), 10/10 VUs, 63 complete and 0 interrupted iterations
thousand-vus   [  18% ] 10 VUs  0m11.0s/1m0s

running (0m12.0s), 10/10 VUs, 70 complete and 0 interrupted iterations
thousand-vus   [  20% ] 10 VUs  0m12.0s/1m0s

running (0m13.0s), 10/10 VUs, 76 complete and 0 interrupted iterations
thousand-vus   [  22% ] 10 VUs  0m13.0s/1m0s

running (0m14.0s), 10/10 VUs, 82 complete and 0 interrupted iterations
thousand-vus   [  23% ] 10 VUs  0m14.0s/1m0s

running (0m15.0s), 10/10 VUs, 90 complete and 0 interrupted iterations
thousand-vus   [  25% ] 10 VUs  0m15.0s/1m0s

running (0m16.0s), 10/10 VUs, 98 complete and 0 interrupted iterations
thousand-vus   [  27% ] 10 VUs  0m16.0s/1m0s

running (0m17.0s), 10/10 VUs, 102 complete and 0 interrupted iterations
thousand-vus   [  28% ] 10 VUs  0m17.0s/1m0s

running (0m18.0s), 10/10 VUs, 110 complete and 0 interrupted iterations
thousand-vus   [  30% ] 10 VUs  0m18.0s/1m0s

running (0m19.0s), 10/10 VUs, 118 complete and 0 interrupted iterations
thousand-vus   [  32% ] 10 VUs  0m19.0s/1m0s

running (0m20.0s), 10/10 VUs, 122 complete and 0 interrupted iterations
thousand-vus   [  33% ] 10 VUs  0m20.0s/1m0s

running (0m21.0s), 10/10 VUs, 129 complete and 0 interrupted iterations
thousand-vus   [  35% ] 10 VUs  0m21.0s/1m0s

running (0m22.0s), 10/10 VUs, 132 complete and 0 interrupted iterations
thousand-vus   [  37% ] 10 VUs  0m22.0s/1m0s

running (0m23.0s), 10/10 VUs, 142 complete and 0 interrupted iterations
thousand-vus   [  38% ] 10 VUs  0m23.0s/1m0s

running (0m24.0s), 10/10 VUs, 150 complete and 0 interrupted iterations
thousand-vus   [  40% ] 10 VUs  0m24.0s/1m0s

running (0m25.0s), 10/10 VUs, 152 complete and 0 interrupted iterations
thousand-vus   [  42% ] 10 VUs  0m25.0s/1m0s

running (0m26.0s), 10/10 VUs, 162 complete and 0 interrupted iterations
thousand-vus   [  43% ] 10 VUs  0m26.0s/1m0s

running (0m27.0s), 10/10 VUs, 171 complete and 0 interrupted iterations
thousand-vus   [  45% ] 10 VUs  0m27.0s/1m0s

running (0m28.0s), 10/10 VUs, 176 complete and 0 interrupted iterations
thousand-vus   [  47% ] 10 VUs  0m28.0s/1m0s

running (0m29.0s), 10/10 VUs, 182 complete and 0 interrupted iterations
thousand-vus   [  48% ] 10 VUs  0m29.0s/1m0s

running (0m30.0s), 10/10 VUs, 191 complete and 0 interrupted iterations
thousand-vus   [  50% ] 10 VUs  0m30.0s/1m0s

running (0m31.0s), 10/10 VUs, 196 complete and 0 interrupted iterations
thousand-vus   [  52% ] 10 VUs  0m31.0s/1m0s

running (0m32.0s), 10/10 VUs, 202 complete and 0 interrupted iterations
thousand-vus   [  53% ] 10 VUs  0m32.0s/1m0s

running (0m33.0s), 10/10 VUs, 212 complete and 0 interrupted iterations
thousand-vus   [  55% ] 10 VUs  0m33.0s/1m0s

running (0m34.0s), 10/10 VUs, 219 complete and 0 interrupted iterations
thousand-vus   [  57% ] 10 VUs  0m34.0s/1m0s

running (0m35.0s), 10/10 VUs, 222 complete and 0 interrupted iterations
thousand-vus   [  58% ] 10 VUs  0m35.0s/1m0s

running (0m36.0s), 10/10 VUs, 232 complete and 0 interrupted iterations
thousand-vus   [  60% ] 10 VUs  0m36.0s/1m0s

running (0m37.0s), 10/10 VUs, 239 complete and 0 interrupted iterations
thousand-vus   [  62% ] 10 VUs  0m37.0s/1m0s

running (0m38.0s), 10/10 VUs, 242 complete and 0 interrupted iterations
thousand-vus   [  63% ] 10 VUs  0m38.0s/1m0s

running (0m39.0s), 10/10 VUs, 252 complete and 0 interrupted iterations
thousand-vus   [  65% ] 10 VUs  0m39.0s/1m0s

running (0m40.0s), 10/10 VUs, 259 complete and 0 interrupted iterations
thousand-vus   [  67% ] 10 VUs  0m40.0s/1m0s

running (0m41.0s), 10/10 VUs, 266 complete and 0 interrupted iterations
thousand-vus   [  68% ] 10 VUs  0m41.0s/1m0s

running (0m42.0s), 10/10 VUs, 272 complete and 0 interrupted iterations
thousand-vus   [  70% ] 10 VUs  0m42.0s/1m0s

running (0m43.0s), 10/10 VUs, 281 complete and 0 interrupted iterations
thousand-vus   [  72% ] 10 VUs  0m43.0s/1m0s

running (0m44.0s), 10/10 VUs, 286 complete and 0 interrupted iterations
thousand-vus   [  73% ] 10 VUs  0m44.0s/1m0s

running (0m45.0s), 10/10 VUs, 292 complete and 0 interrupted iterations
thousand-vus   [  75% ] 10 VUs  0m45.0s/1m0s

running (0m46.0s), 10/10 VUs, 302 complete and 0 interrupted iterations
thousand-vus   [  77% ] 10 VUs  0m46.0s/1m0s

running (0m47.0s), 10/10 VUs, 306 complete and 0 interrupted iterations
thousand-vus   [  78% ] 10 VUs  0m47.0s/1m0s

running (0m48.0s), 10/10 VUs, 313 complete and 0 interrupted iterations
thousand-vus   [  80% ] 10 VUs  0m48.0s/1m0s

running (0m49.0s), 10/10 VUs, 322 complete and 0 interrupted iterations
thousand-vus   [  82% ] 10 VUs  0m49.0s/1m0s

running (0m50.0s), 10/10 VUs, 326 complete and 0 interrupted iterations
thousand-vus   [  83% ] 10 VUs  0m50.0s/1m0s

running (0m51.0s), 10/10 VUs, 332 complete and 0 interrupted iterations
thousand-vus   [  85% ] 10 VUs  0m51.0s/1m0s

running (0m52.0s), 10/10 VUs, 337 complete and 0 interrupted iterations
thousand-vus   [  87% ] 10 VUs  0m52.0s/1m0s

running (0m53.0s), 10/10 VUs, 345 complete and 0 interrupted iterations
thousand-vus   [  88% ] 10 VUs  0m53.0s/1m0s

running (0m54.0s), 10/10 VUs, 347 complete and 0 interrupted iterations
thousand-vus   [  90% ] 10 VUs  0m54.0s/1m0s

running (0m55.0s), 10/10 VUs, 356 complete and 0 interrupted iterations
thousand-vus   [  92% ] 10 VUs  0m55.0s/1m0s

running (0m56.0s), 10/10 VUs, 364 complete and 0 interrupted iterations
thousand-vus   [  93% ] 10 VUs  0m56.0s/1m0s

running (0m57.0s), 10/10 VUs, 370 complete and 0 interrupted iterations
thousand-vus   [  95% ] 10 VUs  0m57.0s/1m0s

running (0m58.0s), 10/10 VUs, 376 complete and 0 interrupted iterations
thousand-vus   [  97% ] 10 VUs  0m58.0s/1m0s

running (0m59.0s), 10/10 VUs, 385 complete and 0 interrupted iterations
thousand-vus   [  98% ] 10 VUs  0m59.0s/1m0s

running (1m00.0s), 10/10 VUs, 390 complete and 0 interrupted iterations
thousand-vus   [ 100% ] 10 VUs  1m00.0s/1m0s

running (1m01.0s), 03/10 VUs, 397 complete and 0 interrupted iterations
thousand-vus ↓ [ 100% ] 10 VUs  1m0s

running (1m02.0s), 02/10 VUs, 398 complete and 0 interrupted iterations
thousand-vus ↓ [ 100% ] 10 VUs  1m0s

running (1m02.2s), 00/10 VUs, 400 complete and 0 interrupted iterations
thousand-vus ✓ [ 100% ] 10 VUs  1m0s

     ✓ status is 200

     checks.........................: 100.00% ✓ 400     ✗ 0   
     data_received..................: 170 kB  2.7 kB/s
     data_sent......................: 49 kB   780 B/s
     http_req_blocked...............: avg=11.62ms  min=245ns    med=763ns    max=466.64ms p(90)=1.61µs   p(95)=1.84µs  
     http_req_connecting............: avg=4.65ms   min=0s       med=0s       max=186.43ms p(90)=0s       p(95)=0s      
     http_req_duration..............: avg=507.01ms min=339.49ms med=453.76ms max=1.33s    p(90)=669.7ms  p(95)=862.64ms
       { expected_response:true }...: avg=507.01ms min=339.49ms med=453.76ms max=1.33s    p(90)=669.7ms  p(95)=862.64ms
     http_req_failed................: 0.00%   ✓ 0       ✗ 400 
     http_req_receiving.............: avg=92.37µs  min=31.36µs  med=81.75µs  max=711.86µs p(90)=148.98µs p(95)=163.61µs
     http_req_sending...............: avg=161.28µs min=42.9µs   med=146.31µs max=517.87µs p(90)=263.12µs p(95)=281.23µs
     http_req_tls_handshaking.......: avg=5.55ms   min=0s       med=0s       max=223.69ms p(90)=0s       p(95)=0s      
     http_req_waiting...............: avg=506.76ms min=339.26ms med=453.51ms max=1.33s    p(90)=669.4ms  p(95)=862.35ms
     http_reqs......................: 400     6.43276/s
     iteration_duration.............: avg=1.51s    min=1.34s    med=1.45s    max=2.47s    p(90)=1.67s    p(95)=2.01s   
     iterations.....................: 400     6.43276/s
     vus............................: 2       min=2     max=10
     vus_max........................: 10      min=10    max=10

