
          /\      |‾‾| /‾‾/   /‾‾/   
     /\  /  \     |  |/  /   /  /    
    /  \/    \    |     (   /   ‾‾\  
   /          \   |  |\  \ |  (‾)  | 
  / __________ \  |__| \__\ \_____/ .io

  execution: local
     script: tunnels.js
     output: -

  scenarios: (100.00%) 1 scenario, 1000 max VUs, 1m30s max duration (incl. graceful stop):
           * thousand-vus: 1000 looping VUs for 1m0s (gracefulStop: 30s)


running (0m00.8s), 1000/1000 VUs, 0 complete and 0 interrupted iterations
thousand-vus   [   1% ] 1000 VUs  0m00.8s/1m0s

running (0m01.8s), 1000/1000 VUs, 0 complete and 0 interrupted iterations
thousand-vus   [   3% ] 1000 VUs  0m01.8s/1m0s

running (0m02.8s), 1000/1000 VUs, 0 complete and 0 interrupted iterations
thousand-vus   [   5% ] 1000 VUs  0m02.8s/1m0s

running (0m03.8s), 1000/1000 VUs, 2 complete and 0 interrupted iterations
thousand-vus   [   6% ] 1000 VUs  0m03.8s/1m0s

running (0m04.8s), 1000/1000 VUs, 62 complete and 0 interrupted iterations
thousand-vus   [   8% ] 1000 VUs  0m04.8s/1m0s

running (0m05.8s), 1000/1000 VUs, 260 complete and 0 interrupted iterations
thousand-vus   [  10% ] 1000 VUs  0m05.8s/1m0s

running (0m06.8s), 1000/1000 VUs, 313 complete and 0 interrupted iterations
thousand-vus   [  11% ] 1000 VUs  0m06.8s/1m0s

running (0m07.8s), 1000/1000 VUs, 394 complete and 0 interrupted iterations
thousand-vus   [  13% ] 1000 VUs  0m07.8s/1m0s

running (0m08.8s), 1000/1000 VUs, 550 complete and 0 interrupted iterations
thousand-vus   [  15% ] 1000 VUs  0m08.8s/1m0s

running (0m09.8s), 1000/1000 VUs, 788 complete and 0 interrupted iterations
thousand-vus   [  16% ] 1000 VUs  0m09.8s/1m0s

running (0m10.8s), 1000/1000 VUs, 1018 complete and 0 interrupted iterations
thousand-vus   [  18% ] 1000 VUs  0m10.8s/1m0s

running (0m11.8s), 1000/1000 VUs, 1259 complete and 0 interrupted iterations
thousand-vus   [  20% ] 1000 VUs  0m11.8s/1m0s

running (0m12.8s), 1000/1000 VUs, 1499 complete and 0 interrupted iterations
thousand-vus   [  21% ] 1000 VUs  0m12.8s/1m0s

running (0m13.8s), 1000/1000 VUs, 1693 complete and 0 interrupted iterations
thousand-vus   [  23% ] 1000 VUs  0m13.8s/1m0s

running (0m14.8s), 1000/1000 VUs, 1935 complete and 0 interrupted iterations
thousand-vus   [  25% ] 1000 VUs  0m14.8s/1m0s

running (0m15.8s), 1000/1000 VUs, 2157 complete and 0 interrupted iterations
thousand-vus   [  26% ] 1000 VUs  0m15.8s/1m0s

running (0m16.8s), 1000/1000 VUs, 2354 complete and 0 interrupted iterations
thousand-vus   [  28% ] 1000 VUs  0m16.8s/1m0s

running (0m17.8s), 1000/1000 VUs, 2580 complete and 0 interrupted iterations
thousand-vus   [  30% ] 1000 VUs  0m17.8s/1m0s

running (0m18.8s), 1000/1000 VUs, 2768 complete and 0 interrupted iterations
thousand-vus   [  31% ] 1000 VUs  0m18.8s/1m0s

running (0m19.8s), 1000/1000 VUs, 2997 complete and 0 interrupted iterations
thousand-vus   [  33% ] 1000 VUs  0m19.8s/1m0s

running (0m20.8s), 1000/1000 VUs, 3198 complete and 0 interrupted iterations
thousand-vus   [  35% ] 1000 VUs  0m20.8s/1m0s

running (0m21.8s), 1000/1000 VUs, 3423 complete and 0 interrupted iterations
thousand-vus   [  36% ] 1000 VUs  0m21.8s/1m0s

running (0m22.8s), 1000/1000 VUs, 3618 complete and 0 interrupted iterations
thousand-vus   [  38% ] 1000 VUs  0m22.8s/1m0s

running (0m23.8s), 1000/1000 VUs, 3863 complete and 0 interrupted iterations
thousand-vus   [  40% ] 1000 VUs  0m23.8s/1m0s

running (0m24.8s), 1000/1000 VUs, 4043 complete and 0 interrupted iterations
thousand-vus   [  41% ] 1000 VUs  0m24.8s/1m0s

running (0m25.8s), 1000/1000 VUs, 4272 complete and 0 interrupted iterations
thousand-vus   [  43% ] 1000 VUs  0m25.8s/1m0s

running (0m26.8s), 1000/1000 VUs, 4466 complete and 0 interrupted iterations
thousand-vus   [  45% ] 1000 VUs  0m26.8s/1m0s

running (0m27.8s), 1000/1000 VUs, 4675 complete and 0 interrupted iterations
thousand-vus   [  46% ] 1000 VUs  0m27.8s/1m0s

running (0m28.8s), 1000/1000 VUs, 4925 complete and 0 interrupted iterations
thousand-vus   [  48% ] 1000 VUs  0m28.8s/1m0s

running (0m29.8s), 1000/1000 VUs, 5082 complete and 0 interrupted iterations
thousand-vus   [  50% ] 1000 VUs  0m29.8s/1m0s

running (0m30.8s), 1000/1000 VUs, 5329 complete and 0 interrupted iterations
thousand-vus   [  51% ] 1000 VUs  0m30.8s/1m0s

running (0m31.8s), 1000/1000 VUs, 5548 complete and 0 interrupted iterations
thousand-vus   [  53% ] 1000 VUs  0m31.8s/1m0s

running (0m32.8s), 1000/1000 VUs, 5765 complete and 0 interrupted iterations
thousand-vus   [  55% ] 1000 VUs  0m32.8s/1m0s

running (0m33.8s), 1000/1000 VUs, 5990 complete and 0 interrupted iterations
thousand-vus   [  56% ] 1000 VUs  0m33.8s/1m0s

running (0m34.8s), 1000/1000 VUs, 6204 complete and 0 interrupted iterations
thousand-vus   [  58% ] 1000 VUs  0m34.8s/1m0s

running (0m35.8s), 1000/1000 VUs, 6362 complete and 0 interrupted iterations
thousand-vus   [  60% ] 1000 VUs  0m35.8s/1m0s

running (0m36.8s), 1000/1000 VUs, 6619 complete and 0 interrupted iterations
thousand-vus   [  61% ] 1000 VUs  0m36.8s/1m0s

running (0m37.8s), 1000/1000 VUs, 6827 complete and 0 interrupted iterations
thousand-vus   [  63% ] 1000 VUs  0m37.8s/1m0s

running (0m38.8s), 1000/1000 VUs, 7053 complete and 0 interrupted iterations
thousand-vus   [  65% ] 1000 VUs  0m38.8s/1m0s

running (0m39.8s), 1000/1000 VUs, 7262 complete and 0 interrupted iterations
thousand-vus   [  66% ] 1000 VUs  0m39.8s/1m0s

running (0m40.8s), 1000/1000 VUs, 7459 complete and 0 interrupted iterations
thousand-vus   [  68% ] 1000 VUs  0m40.8s/1m0s

running (0m41.8s), 1000/1000 VUs, 7620 complete and 0 interrupted iterations
thousand-vus   [  70% ] 1000 VUs  0m41.8s/1m0s

running (0m42.8s), 1000/1000 VUs, 7851 complete and 0 interrupted iterations
thousand-vus   [  71% ] 1000 VUs  0m42.8s/1m0s

running (0m43.8s), 1000/1000 VUs, 8050 complete and 0 interrupted iterations
thousand-vus   [  73% ] 1000 VUs  0m43.8s/1m0s

running (0m44.8s), 1000/1000 VUs, 8212 complete and 0 interrupted iterations
thousand-vus   [  75% ] 1000 VUs  0m44.8s/1m0s

running (0m45.8s), 1000/1000 VUs, 8372 complete and 0 interrupted iterations
thousand-vus   [  76% ] 1000 VUs  0m45.8s/1m0s

running (0m46.8s), 1000/1000 VUs, 8569 complete and 0 interrupted iterations
thousand-vus   [  78% ] 1000 VUs  0m46.8s/1m0s

running (0m47.8s), 1000/1000 VUs, 8746 complete and 0 interrupted iterations
thousand-vus   [  80% ] 1000 VUs  0m47.8s/1m0s

running (0m48.8s), 1000/1000 VUs, 8928 complete and 0 interrupted iterations
thousand-vus   [  81% ] 1000 VUs  0m48.8s/1m0s

running (0m49.8s), 1000/1000 VUs, 9104 complete and 0 interrupted iterations
thousand-vus   [  83% ] 1000 VUs  0m49.8s/1m0s

running (0m50.8s), 1000/1000 VUs, 9313 complete and 0 interrupted iterations
thousand-vus   [  85% ] 1000 VUs  0m50.8s/1m0s

running (0m51.8s), 1000/1000 VUs, 9548 complete and 0 interrupted iterations
thousand-vus   [  86% ] 1000 VUs  0m51.8s/1m0s

running (0m52.8s), 1000/1000 VUs, 9710 complete and 0 interrupted iterations
thousand-vus   [  88% ] 1000 VUs  0m52.8s/1m0s

running (0m53.8s), 1000/1000 VUs, 9934 complete and 0 interrupted iterations
thousand-vus   [  90% ] 1000 VUs  0m53.8s/1m0s

running (0m54.8s), 1000/1000 VUs, 10106 complete and 0 interrupted iterations
thousand-vus   [  91% ] 1000 VUs  0m54.8s/1m0s

running (0m55.8s), 1000/1000 VUs, 10332 complete and 0 interrupted iterations
thousand-vus   [  93% ] 1000 VUs  0m55.8s/1m0s

running (0m56.8s), 1000/1000 VUs, 10540 complete and 0 interrupted iterations
thousand-vus   [  95% ] 1000 VUs  0m56.8s/1m0s

running (0m57.8s), 1000/1000 VUs, 10691 complete and 0 interrupted iterations
thousand-vus   [  96% ] 1000 VUs  0m57.8s/1m0s

running (0m58.8s), 1000/1000 VUs, 10856 complete and 0 interrupted iterations
thousand-vus   [  98% ] 1000 VUs  0m58.8s/1m0s

running (0m59.8s), 1000/1000 VUs, 11065 complete and 0 interrupted iterations
thousand-vus   [ 100% ] 1000 VUs  0m59.8s/1m0s

running (1m00.8s), 0814/1000 VUs, 11282 complete and 0 interrupted iterations
thousand-vus ↓ [ 100% ] 1000 VUs  1m0s

running (1m01.8s), 0613/1000 VUs, 11483 complete and 0 interrupted iterations
thousand-vus ↓ [ 100% ] 1000 VUs  1m0s

running (1m02.8s), 0486/1000 VUs, 11610 complete and 0 interrupted iterations
thousand-vus ↓ [ 100% ] 1000 VUs  1m0s

running (1m03.8s), 0339/1000 VUs, 11757 complete and 0 interrupted iterations
thousand-vus ↓ [ 100% ] 1000 VUs  1m0s

running (1m04.8s), 0259/1000 VUs, 11837 complete and 0 interrupted iterations
thousand-vus ↓ [ 100% ] 1000 VUs  1m0s

running (1m05.8s), 0178/1000 VUs, 11918 complete and 0 interrupted iterations
thousand-vus ↓ [ 100% ] 1000 VUs  1m0s

running (1m06.8s), 0088/1000 VUs, 12008 complete and 0 interrupted iterations
thousand-vus ↓ [ 100% ] 1000 VUs  1m0s

running (1m07.8s), 0047/1000 VUs, 12049 complete and 0 interrupted iterations
thousand-vus ↓ [ 100% ] 1000 VUs  1m0s

running (1m08.8s), 0022/1000 VUs, 12074 complete and 0 interrupted iterations
thousand-vus ↓ [ 100% ] 1000 VUs  1m0s

running (1m09.8s), 0005/1000 VUs, 12091 complete and 0 interrupted iterations
thousand-vus ↓ [ 100% ] 1000 VUs  1m0s

running (1m10.8s), 0001/1000 VUs, 12095 complete and 0 interrupted iterations
thousand-vus ↓ [ 100% ] 1000 VUs  1m0s

running (1m11.8s), 0000/1000 VUs, 12096 complete and 0 interrupted iterations
thousand-vus ✓ [ 100% ] 1000 VUs  1m0s

     ✗ status is 200
      ↳  99% — ✓ 12091 / ✗ 5

     checks.........................: 99.95% ✓ 12091      ✗ 5     
     data_received..................: 8.5 MB 118 kB/s
     data_sent......................: 1.9 MB 26 kB/s
     http_req_blocked...............: avg=125.26ms min=176ns    med=652ns    max=6.98s    p(90)=1.69µs   p(95)=1.05s   
     http_req_connecting............: avg=12.24ms  min=0s       med=0s       max=176.41ms p(90)=0s       p(95)=143.92ms
     http_req_duration..............: avg=4.08s    min=153.18ms med=3.1s     max=25.43s   p(90)=8.88s    p(95)=11.43s  
       { expected_response:true }...: avg=4.08s    min=330.75ms med=3.1s     max=25.43s   p(90)=8.88s    p(95)=11.43s  
     http_req_failed................: 0.04%  ✓ 5          ✗ 12091 
     http_req_receiving.............: avg=111.14µs min=18.52µs  med=77.16µs  max=60.02ms  p(90)=150.77µs p(95)=208.62µs
     http_req_sending...............: avg=142.63µs min=30.94µs  med=115.05µs max=5.08ms   p(90)=240.35µs p(95)=275.4µs 
     http_req_tls_handshaking.......: avg=112.34ms min=0s       med=0s       max=6.82s    p(90)=0s       p(95)=916.58ms
     http_req_waiting...............: avg=4.07s    min=153.08ms med=3.1s     max=25.43s   p(90)=8.88s    p(95)=11.43s  
     http_reqs......................: 12096  168.494952/s
     iteration_duration.............: avg=5.22s    min=1.15s    med=4.14s    max=26.43s   p(90)=10.41s   p(95)=12.75s  
     iterations.....................: 12096  168.494952/s
     vus............................: 1      min=1        max=1000
     vus_max........................: 1000   min=1000     max=1000

