
          /\      |‾‾| /‾‾/   /‾‾/   
     /\  /  \     |  |/  /   /  /    
    /  \/    \    |     (   /   ‾‾\  
   /          \   |  |\  \ |  (‾)  | 
  / __________ \  |__| \__\ \_____/ .io

  execution: local
     script: tunnels.js
     output: -

  scenarios: (100.00%) 1 scenario, 600 max VUs, 1m30s max duration (incl. graceful stop):
           * default: 600 looping VUs for 1m0s (gracefulStop: 30s)


running (0m00.9s), 600/600 VUs, 0 complete and 0 interrupted iterations
default   [   1% ] 600 VUs  0m00.9s/1m0s

running (0m01.9s), 600/600 VUs, 0 complete and 0 interrupted iterations
default   [   3% ] 600 VUs  0m01.9s/1m0s

running (0m02.9s), 600/600 VUs, 13 complete and 0 interrupted iterations
default   [   5% ] 600 VUs  0m02.9s/1m0s

running (0m03.9s), 600/600 VUs, 65 complete and 0 interrupted iterations
default   [   6% ] 600 VUs  0m03.9s/1m0s

running (0m04.9s), 600/600 VUs, 148 complete and 0 interrupted iterations
default   [   8% ] 600 VUs  0m04.9s/1m0s

running (0m05.9s), 600/600 VUs, 317 complete and 0 interrupted iterations
default   [  10% ] 600 VUs  0m05.9s/1m0s

running (0m06.9s), 600/600 VUs, 640 complete and 0 interrupted iterations
default   [  11% ] 600 VUs  0m06.9s/1m0s

running (0m07.9s), 600/600 VUs, 1053 complete and 0 interrupted iterations
default   [  13% ] 600 VUs  0m07.9s/1m0s

running (0m08.9s), 600/600 VUs, 1352 complete and 0 interrupted iterations
default   [  15% ] 600 VUs  0m08.9s/1m0s

running (0m09.9s), 600/600 VUs, 1740 complete and 0 interrupted iterations
default   [  16% ] 600 VUs  0m09.9s/1m0s

running (0m10.9s), 600/600 VUs, 1988 complete and 0 interrupted iterations
default   [  18% ] 600 VUs  0m10.9s/1m0s

running (0m11.9s), 600/600 VUs, 2215 complete and 0 interrupted iterations
default   [  20% ] 600 VUs  0m11.9s/1m0s

running (0m12.9s), 600/600 VUs, 2556 complete and 0 interrupted iterations
default   [  21% ] 600 VUs  0m12.9s/1m0s

running (0m13.9s), 600/600 VUs, 2861 complete and 0 interrupted iterations
default   [  23% ] 600 VUs  0m13.9s/1m0s

running (0m14.9s), 600/600 VUs, 3273 complete and 0 interrupted iterations
default   [  25% ] 600 VUs  0m14.9s/1m0s

running (0m15.9s), 600/600 VUs, 3526 complete and 0 interrupted iterations
default   [  26% ] 600 VUs  0m15.9s/1m0s

running (0m16.9s), 600/600 VUs, 3659 complete and 0 interrupted iterations
default   [  28% ] 600 VUs  0m16.9s/1m0s

running (0m17.9s), 600/600 VUs, 4031 complete and 0 interrupted iterations
default   [  30% ] 600 VUs  0m17.9s/1m0s

running (0m18.9s), 600/600 VUs, 4374 complete and 0 interrupted iterations
default   [  31% ] 600 VUs  0m18.9s/1m0s

running (0m19.9s), 600/600 VUs, 4852 complete and 0 interrupted iterations
default   [  33% ] 600 VUs  0m19.9s/1m0s

running (0m20.9s), 600/600 VUs, 5126 complete and 0 interrupted iterations
default   [  35% ] 600 VUs  0m20.9s/1m0s

running (0m21.9s), 600/600 VUs, 5559 complete and 0 interrupted iterations
default   [  36% ] 600 VUs  0m21.9s/1m0s

running (0m22.9s), 600/600 VUs, 5833 complete and 0 interrupted iterations
default   [  38% ] 600 VUs  0m22.9s/1m0s

running (0m23.9s), 600/600 VUs, 6284 complete and 0 interrupted iterations
default   [  40% ] 600 VUs  0m23.9s/1m0s

running (0m24.9s), 600/600 VUs, 6588 complete and 0 interrupted iterations
default   [  41% ] 600 VUs  0m24.9s/1m0s

running (0m25.9s), 600/600 VUs, 7010 complete and 0 interrupted iterations
default   [  43% ] 600 VUs  0m25.9s/1m0s

running (0m26.9s), 600/600 VUs, 7377 complete and 0 interrupted iterations
default   [  45% ] 600 VUs  0m26.9s/1m0s

running (0m27.9s), 600/600 VUs, 7762 complete and 0 interrupted iterations
default   [  46% ] 600 VUs  0m27.9s/1m0s

running (0m28.9s), 600/600 VUs, 8158 complete and 0 interrupted iterations
default   [  48% ] 600 VUs  0m28.9s/1m0s

running (0m29.9s), 600/600 VUs, 8515 complete and 0 interrupted iterations
default   [  50% ] 600 VUs  0m29.9s/1m0s

running (0m30.9s), 600/600 VUs, 8944 complete and 0 interrupted iterations
default   [  51% ] 600 VUs  0m30.9s/1m0s

running (0m31.9s), 600/600 VUs, 9271 complete and 0 interrupted iterations
default   [  53% ] 600 VUs  0m31.9s/1m0s

running (0m32.9s), 600/600 VUs, 9647 complete and 0 interrupted iterations
default   [  55% ] 600 VUs  0m32.9s/1m0s

running (0m33.9s), 600/600 VUs, 10005 complete and 0 interrupted iterations
default   [  56% ] 600 VUs  0m33.9s/1m0s

running (0m34.9s), 600/600 VUs, 10408 complete and 0 interrupted iterations
default   [  58% ] 600 VUs  0m34.9s/1m0s

running (0m35.9s), 600/600 VUs, 10773 complete and 0 interrupted iterations
default   [  60% ] 600 VUs  0m35.9s/1m0s

running (0m36.9s), 600/600 VUs, 11166 complete and 0 interrupted iterations
default   [  61% ] 600 VUs  0m36.9s/1m0s

running (0m37.9s), 600/600 VUs, 11503 complete and 0 interrupted iterations
default   [  63% ] 600 VUs  0m37.9s/1m0s

running (0m38.9s), 600/600 VUs, 11893 complete and 0 interrupted iterations
default   [  65% ] 600 VUs  0m38.9s/1m0s

running (0m39.9s), 600/600 VUs, 12259 complete and 0 interrupted iterations
default   [  66% ] 600 VUs  0m39.9s/1m0s

running (0m40.9s), 600/600 VUs, 12663 complete and 0 interrupted iterations
default   [  68% ] 600 VUs  0m40.9s/1m0s

running (0m41.9s), 600/600 VUs, 13064 complete and 0 interrupted iterations
default   [  70% ] 600 VUs  0m41.9s/1m0s

running (0m42.9s), 600/600 VUs, 13368 complete and 0 interrupted iterations
default   [  71% ] 600 VUs  0m42.9s/1m0s

running (0m43.9s), 600/600 VUs, 13832 complete and 0 interrupted iterations
default   [  73% ] 600 VUs  0m43.9s/1m0s

running (0m44.9s), 600/600 VUs, 14156 complete and 0 interrupted iterations
default   [  75% ] 600 VUs  0m44.9s/1m0s

running (0m45.9s), 600/600 VUs, 14543 complete and 0 interrupted iterations
default   [  76% ] 600 VUs  0m45.9s/1m0s

running (0m46.9s), 600/600 VUs, 14894 complete and 0 interrupted iterations
default   [  78% ] 600 VUs  0m46.9s/1m0s

running (0m47.9s), 600/600 VUs, 15183 complete and 0 interrupted iterations
default   [  80% ] 600 VUs  0m47.9s/1m0s

running (0m48.9s), 600/600 VUs, 15517 complete and 0 interrupted iterations
default   [  81% ] 600 VUs  0m48.9s/1m0s

running (0m49.9s), 600/600 VUs, 15834 complete and 0 interrupted iterations
default   [  83% ] 600 VUs  0m49.9s/1m0s

running (0m50.9s), 600/600 VUs, 16162 complete and 0 interrupted iterations
default   [  85% ] 600 VUs  0m50.9s/1m0s

running (0m51.9s), 600/600 VUs, 16509 complete and 0 interrupted iterations
default   [  86% ] 600 VUs  0m51.9s/1m0s

running (0m52.9s), 600/600 VUs, 16906 complete and 0 interrupted iterations
default   [  88% ] 600 VUs  0m52.9s/1m0s

running (0m53.9s), 600/600 VUs, 17158 complete and 0 interrupted iterations
default   [  90% ] 600 VUs  0m53.9s/1m0s

running (0m54.9s), 600/600 VUs, 17434 complete and 0 interrupted iterations
default   [  91% ] 600 VUs  0m54.9s/1m0s

running (0m55.9s), 600/600 VUs, 17850 complete and 0 interrupted iterations
default   [  93% ] 600 VUs  0m55.9s/1m0s

running (0m56.9s), 600/600 VUs, 18215 complete and 0 interrupted iterations
default   [  95% ] 600 VUs  0m56.9s/1m0s

running (0m57.9s), 600/600 VUs, 18542 complete and 0 interrupted iterations
default   [  96% ] 600 VUs  0m57.9s/1m0s

running (0m58.9s), 600/600 VUs, 18976 complete and 0 interrupted iterations
default   [  98% ] 600 VUs  0m58.9s/1m0s

running (0m59.9s), 600/600 VUs, 19356 complete and 0 interrupted iterations
default   [ 100% ] 600 VUs  0m59.9s/1m0s

running (1m00.9s), 164/600 VUs, 19811 complete and 0 interrupted iterations
default ↓ [ 100% ] 600 VUs  1m0s

running (1m01.5s), 000/600 VUs, 19975 complete and 0 interrupted iterations
default ✓ [ 100% ] 600 VUs  1m0s

     ✓ status is 200

     checks.........................: 100.00% ✓ 19975      ✗ 0    
     data_received..................: 94 MB   1.5 MB/s
     data_sent......................: 9.3 MB  151 kB/s
     http_req_blocked...............: avg=297.53ms min=163ns    med=312.79ms max=2.63s    p(90)=517.52ms p(95)=601.35ms
     http_req_connecting............: avg=138.85ms min=0s       med=142.94ms max=2.47s    p(90)=238.2ms  p(95)=286.79ms
     http_req_duration..............: avg=503.47ms min=248.31ms med=334.39ms max=6.05s    p(90)=636.34ms p(95)=874.65ms
       { expected_response:true }...: avg=503.47ms min=248.31ms med=334.39ms max=6.05s    p(90)=636.34ms p(95)=874.65ms
     http_req_failed................: 0.00%   ✓ 0          ✗ 19975
     http_req_receiving.............: avg=843.69µs min=16.1µs   med=63.2µs   max=955.66ms p(90)=1.42ms   p(95)=3.72ms  
     http_req_sending...............: avg=186.77µs min=21.09µs  med=98.18µs  max=37.35ms  p(90)=261.44µs p(95)=337.46µs
     http_req_tls_handshaking.......: avg=158.02ms min=0s       med=158.58ms max=1.8s     p(90)=276.25ms p(95)=337.45ms
     http_req_waiting...............: avg=502.44ms min=248.19ms med=333.5ms  max=6.05s    p(90)=635.32ms p(95)=874.16ms
     http_reqs......................: 19975   324.585479/s
     iteration_duration.............: avg=1.82s    min=1.24s    med=1.65s    max=7.64s    p(90)=2.15s    p(95)=2.48s   
     iterations.....................: 19975   324.585479/s
     vus............................: 164     min=164      max=600
     vus_max........................: 600     min=600      max=600

