
          /\      |‾‾| /‾‾/   /‾‾/   
     /\  /  \     |  |/  /   /  /    
    /  \/    \    |     (   /   ‾‾\  
   /          \   |  |\  \ |  (‾)  | 
  / __________ \  |__| \__\ \_____/ .io

  execution: local
     script: tunnels.js
     output: -

  scenarios: (100.00%) 1 scenario, 300 max VUs, 1m30s max duration (incl. graceful stop):
           * default: 300 looping VUs for 1m0s (gracefulStop: 30s)


running (0m01.0s), 300/300 VUs, 0 complete and 0 interrupted iterations
default   [   2% ] 300 VUs  0m01.0s/1m0s

running (0m02.0s), 300/300 VUs, 0 complete and 0 interrupted iterations
default   [   3% ] 300 VUs  0m02.0s/1m0s

running (0m03.0s), 300/300 VUs, 14 complete and 0 interrupted iterations
default   [   5% ] 300 VUs  0m03.0s/1m0s

running (0m04.0s), 300/300 VUs, 195 complete and 0 interrupted iterations
default   [   7% ] 300 VUs  0m04.0s/1m0s

running (0m05.0s), 300/300 VUs, 379 complete and 0 interrupted iterations
default   [   8% ] 300 VUs  0m05.0s/1m0s

running (0m06.0s), 300/300 VUs, 519 complete and 0 interrupted iterations
default   [  10% ] 300 VUs  0m06.0s/1m0s

running (0m07.0s), 300/300 VUs, 711 complete and 0 interrupted iterations
default   [  12% ] 300 VUs  0m07.0s/1m0s

running (0m08.0s), 300/300 VUs, 903 complete and 0 interrupted iterations
default   [  13% ] 300 VUs  0m08.0s/1m0s

running (0m09.0s), 300/300 VUs, 1043 complete and 0 interrupted iterations
default   [  15% ] 300 VUs  0m09.0s/1m0s

running (0m10.0s), 300/300 VUs, 1291 complete and 0 interrupted iterations
default   [  17% ] 300 VUs  0m10.0s/1m0s

running (0m11.0s), 300/300 VUs, 1428 complete and 0 interrupted iterations
default   [  18% ] 300 VUs  0m11.0s/1m0s

running (0m12.0s), 300/300 VUs, 1619 complete and 0 interrupted iterations
default   [  20% ] 300 VUs  0m12.0s/1m0s

running (0m13.0s), 300/300 VUs, 1850 complete and 0 interrupted iterations
default   [  22% ] 300 VUs  0m13.0s/1m0s

running (0m14.0s), 300/300 VUs, 1974 complete and 0 interrupted iterations
default   [  23% ] 300 VUs  0m14.0s/1m0s

running (0m15.0s), 300/300 VUs, 2216 complete and 0 interrupted iterations
default   [  25% ] 300 VUs  0m15.0s/1m0s

running (0m16.0s), 300/300 VUs, 2336 complete and 0 interrupted iterations
default   [  27% ] 300 VUs  0m16.0s/1m0s

running (0m17.0s), 300/300 VUs, 2550 complete and 0 interrupted iterations
default   [  28% ] 300 VUs  0m17.0s/1m0s

running (0m18.0s), 300/300 VUs, 2730 complete and 0 interrupted iterations
default   [  30% ] 300 VUs  0m18.0s/1m0s

running (0m19.0s), 300/300 VUs, 2917 complete and 0 interrupted iterations
default   [  32% ] 300 VUs  0m19.0s/1m0s

running (0m20.0s), 300/300 VUs, 3141 complete and 0 interrupted iterations
default   [  33% ] 300 VUs  0m20.0s/1m0s

running (0m21.0s), 300/300 VUs, 3310 complete and 0 interrupted iterations
default   [  35% ] 300 VUs  0m21.0s/1m0s

running (0m22.0s), 300/300 VUs, 3493 complete and 0 interrupted iterations
default   [  37% ] 300 VUs  0m22.0s/1m0s

running (0m23.0s), 300/300 VUs, 3697 complete and 0 interrupted iterations
default   [  38% ] 300 VUs  0m23.0s/1m0s

running (0m24.0s), 300/300 VUs, 3884 complete and 0 interrupted iterations
default   [  40% ] 300 VUs  0m24.0s/1m0s

running (0m25.0s), 300/300 VUs, 4081 complete and 0 interrupted iterations
default   [  42% ] 300 VUs  0m25.0s/1m0s

running (0m26.0s), 300/300 VUs, 4272 complete and 0 interrupted iterations
default   [  43% ] 300 VUs  0m26.0s/1m0s

running (0m27.0s), 300/300 VUs, 4463 complete and 0 interrupted iterations
default   [  45% ] 300 VUs  0m27.0s/1m0s

running (0m28.0s), 300/300 VUs, 4669 complete and 0 interrupted iterations
default   [  47% ] 300 VUs  0m28.0s/1m0s

running (0m29.0s), 300/300 VUs, 4836 complete and 0 interrupted iterations
default   [  48% ] 300 VUs  0m29.0s/1m0s

running (0m30.0s), 300/300 VUs, 5046 complete and 0 interrupted iterations
default   [  50% ] 300 VUs  0m30.0s/1m0s

running (0m31.0s), 300/300 VUs, 5258 complete and 0 interrupted iterations
default   [  52% ] 300 VUs  0m31.0s/1m0s

running (0m32.0s), 300/300 VUs, 5418 complete and 0 interrupted iterations
default   [  53% ] 300 VUs  0m32.0s/1m0s

running (0m33.0s), 300/300 VUs, 5645 complete and 0 interrupted iterations
default   [  55% ] 300 VUs  0m33.0s/1m0s

running (0m34.0s), 300/300 VUs, 5749 complete and 0 interrupted iterations
default   [  57% ] 300 VUs  0m34.0s/1m0s

running (0m35.0s), 300/300 VUs, 5982 complete and 0 interrupted iterations
default   [  58% ] 300 VUs  0m35.0s/1m0s

running (0m36.0s), 300/300 VUs, 6184 complete and 0 interrupted iterations
default   [  60% ] 300 VUs  0m36.0s/1m0s

running (0m37.0s), 300/300 VUs, 6312 complete and 0 interrupted iterations
default   [  62% ] 300 VUs  0m37.0s/1m0s

running (0m38.0s), 300/300 VUs, 6577 complete and 0 interrupted iterations
default   [  63% ] 300 VUs  0m38.0s/1m0s

running (0m39.0s), 300/300 VUs, 6701 complete and 0 interrupted iterations
default   [  65% ] 300 VUs  0m39.0s/1m0s

running (0m40.0s), 300/300 VUs, 6894 complete and 0 interrupted iterations
default   [  67% ] 300 VUs  0m40.0s/1m0s

running (0m41.0s), 300/300 VUs, 7010 complete and 0 interrupted iterations
default   [  68% ] 300 VUs  0m41.0s/1m0s

running (0m42.0s), 300/300 VUs, 7175 complete and 0 interrupted iterations
default   [  70% ] 300 VUs  0m42.0s/1m0s

running (0m43.0s), 300/300 VUs, 7375 complete and 0 interrupted iterations
default   [  72% ] 300 VUs  0m43.0s/1m0s

running (0m44.0s), 300/300 VUs, 7584 complete and 0 interrupted iterations
default   [  73% ] 300 VUs  0m44.0s/1m0s

running (0m45.0s), 300/300 VUs, 7706 complete and 0 interrupted iterations
default   [  75% ] 300 VUs  0m45.0s/1m0s

running (0m46.0s), 300/300 VUs, 7963 complete and 0 interrupted iterations
default   [  77% ] 300 VUs  0m46.0s/1m0s

running (0m47.0s), 300/300 VUs, 8132 complete and 0 interrupted iterations
default   [  78% ] 300 VUs  0m47.0s/1m0s

running (0m48.0s), 300/300 VUs, 8309 complete and 0 interrupted iterations
default   [  80% ] 300 VUs  0m48.0s/1m0s

running (0m49.0s), 300/300 VUs, 8561 complete and 0 interrupted iterations
default   [  82% ] 300 VUs  0m49.0s/1m0s

running (0m50.0s), 300/300 VUs, 8696 complete and 0 interrupted iterations
default   [  83% ] 300 VUs  0m50.0s/1m0s

running (0m51.0s), 300/300 VUs, 8909 complete and 0 interrupted iterations
default   [  85% ] 300 VUs  0m51.0s/1m0s

running (0m52.0s), 300/300 VUs, 9128 complete and 0 interrupted iterations
default   [  87% ] 300 VUs  0m52.0s/1m0s

running (0m53.0s), 300/300 VUs, 9289 complete and 0 interrupted iterations
default   [  88% ] 300 VUs  0m53.0s/1m0s

running (0m54.0s), 300/300 VUs, 9506 complete and 0 interrupted iterations
default   [  90% ] 300 VUs  0m54.0s/1m0s

running (0m55.0s), 300/300 VUs, 9678 complete and 0 interrupted iterations
default   [  92% ] 300 VUs  0m55.0s/1m0s

running (0m56.0s), 300/300 VUs, 9861 complete and 0 interrupted iterations
default   [  93% ] 300 VUs  0m56.0s/1m0s

running (0m57.0s), 300/300 VUs, 10107 complete and 0 interrupted iterations
default   [  95% ] 300 VUs  0m57.0s/1m0s

running (0m58.0s), 300/300 VUs, 10254 complete and 0 interrupted iterations
default   [  97% ] 300 VUs  0m58.0s/1m0s

running (0m59.0s), 300/300 VUs, 10464 complete and 0 interrupted iterations
default   [  98% ] 300 VUs  0m59.0s/1m0s

running (1m00.0s), 300/300 VUs, 10682 complete and 0 interrupted iterations
default   [ 100% ] 300 VUs  1m00.0s/1m0s

running (1m01.0s), 157/300 VUs, 10849 complete and 0 interrupted iterations
default ↓ [ 100% ] 300 VUs  1m0s

running (1m01.5s), 000/300 VUs, 11006 complete and 0 interrupted iterations
default ✓ [ 100% ] 300 VUs  1m0s

     ✓ status is 200

     checks.........................: 100.00% ✓ 11006     ✗ 0    
     data_received..................: 62 MB   1.0 MB/s
     data_sent......................: 6.3 MB  102 kB/s
     http_req_blocked...............: avg=319.48ms min=250ns    med=283.42ms max=2.57s    p(90)=385.31ms p(95)=522.98ms
     http_req_connecting............: avg=138.24ms min=0s       med=127.01ms max=430.57ms p(90)=169.89ms p(95)=221.03ms
     http_req_duration..............: avg=328.5ms  min=241.9ms  med=273.78ms max=2.39s    p(90)=371.46ms p(95)=517.03ms
       { expected_response:true }...: avg=328.5ms  min=241.9ms  med=273.78ms max=2.39s    p(90)=371.46ms p(95)=517.03ms
     http_req_failed................: 0.00%   ✓ 0         ✗ 11006
     http_req_receiving.............: avg=469.15µs min=20.48µs  med=65.19µs  max=48.27ms  p(90)=602.52µs p(95)=1.76ms  
     http_req_sending...............: avg=228.05µs min=37.75µs  med=122.58µs max=88.98ms  p(90)=311.83µs p(95)=396.53µs
     http_req_tls_handshaking.......: avg=165.61ms min=0s       med=140.77ms max=2.3s     p(90)=191.91ms p(95)=248.5ms 
     http_req_waiting...............: avg=327.8ms  min=241.74ms med=273.25ms max=2.39s    p(90)=369.5ms  p(95)=515.5ms 
     http_reqs......................: 11006   178.83114/s
     iteration_duration.............: avg=1.66s    min=1.24s    med=1.57s    max=4.46s    p(90)=1.8s     p(95)=1.97s   
     iterations.....................: 11006   178.83114/s
     vus............................: 157     min=157     max=300
     vus_max........................: 300     min=300     max=300

