
          /\      |‾‾| /‾‾/   /‾‾/   
     /\  /  \     |  |/  /   /  /    
    /  \/    \    |     (   /   ‾‾\  
   /          \   |  |\  \ |  (‾)  | 
  / __________ \  |__| \__\ \_____/ .io

  execution: local
     script: tunnels.js
     output: -

  scenarios: (100.00%) 1 scenario, 100 max VUs, 1m30s max duration (incl. graceful stop):
           * default: 100 looping VUs for 1m0s (gracefulStop: 30s)


running (0m01.0s), 100/100 VUs, 0 complete and 0 interrupted iterations
default   [   2% ] 100 VUs  0m01.0s/1m0s

running (0m02.0s), 100/100 VUs, 7 complete and 0 interrupted iterations
default   [   3% ] 100 VUs  0m02.0s/1m0s

running (0m03.0s), 100/100 VUs, 30 complete and 0 interrupted iterations
default   [   5% ] 100 VUs  0m03.0s/1m0s

running (0m04.0s), 100/100 VUs, 52 complete and 0 interrupted iterations
default   [   7% ] 100 VUs  0m04.0s/1m0s

running (0m05.0s), 100/100 VUs, 69 complete and 0 interrupted iterations
default   [   8% ] 100 VUs  0m05.0s/1m0s

running (0m06.0s), 100/100 VUs, 98 complete and 0 interrupted iterations
default   [  10% ] 100 VUs  0m06.0s/1m0s

running (0m07.0s), 100/100 VUs, 118 complete and 0 interrupted iterations
default   [  12% ] 100 VUs  0m07.0s/1m0s

running (0m08.0s), 100/100 VUs, 144 complete and 0 interrupted iterations
default   [  13% ] 100 VUs  0m08.0s/1m0s

running (0m09.0s), 100/100 VUs, 165 complete and 0 interrupted iterations
default   [  15% ] 100 VUs  0m09.0s/1m0s

running (0m10.0s), 100/100 VUs, 188 complete and 0 interrupted iterations
default   [  17% ] 100 VUs  0m10.0s/1m0s

running (0m11.0s), 100/100 VUs, 217 complete and 0 interrupted iterations
default   [  18% ] 100 VUs  0m11.0s/1m0s

running (0m12.0s), 100/100 VUs, 236 complete and 0 interrupted iterations
default   [  20% ] 100 VUs  0m12.0s/1m0s

running (0m13.0s), 100/100 VUs, 255 complete and 0 interrupted iterations
default   [  22% ] 100 VUs  0m13.0s/1m0s

running (0m14.0s), 100/100 VUs, 272 complete and 0 interrupted iterations
default   [  23% ] 100 VUs  0m14.0s/1m0s

running (0m15.0s), 100/100 VUs, 295 complete and 0 interrupted iterations
default   [  25% ] 100 VUs  0m15.0s/1m0s

running (0m16.0s), 100/100 VUs, 315 complete and 0 interrupted iterations
default   [  27% ] 100 VUs  0m16.0s/1m0s

running (0m17.0s), 100/100 VUs, 343 complete and 0 interrupted iterations
default   [  28% ] 100 VUs  0m17.0s/1m0s

running (0m18.0s), 100/100 VUs, 366 complete and 0 interrupted iterations
default   [  30% ] 100 VUs  0m18.0s/1m0s

running (0m19.0s), 100/100 VUs, 388 complete and 0 interrupted iterations
default   [  32% ] 100 VUs  0m19.0s/1m0s

running (0m20.0s), 100/100 VUs, 411 complete and 0 interrupted iterations
default   [  33% ] 100 VUs  0m20.0s/1m0s

running (0m21.0s), 100/100 VUs, 432 complete and 0 interrupted iterations
default   [  35% ] 100 VUs  0m21.0s/1m0s

running (0m22.0s), 100/100 VUs, 454 complete and 0 interrupted iterations
default   [  37% ] 100 VUs  0m22.0s/1m0s

running (0m23.0s), 100/100 VUs, 478 complete and 0 interrupted iterations
default   [  38% ] 100 VUs  0m23.0s/1m0s

running (0m24.0s), 100/100 VUs, 493 complete and 0 interrupted iterations
default   [  40% ] 100 VUs  0m24.0s/1m0s

running (0m25.0s), 100/100 VUs, 511 complete and 0 interrupted iterations
default   [  42% ] 100 VUs  0m25.0s/1m0s

running (0m26.0s), 100/100 VUs, 531 complete and 0 interrupted iterations
default   [  43% ] 100 VUs  0m26.0s/1m0s

running (0m27.0s), 100/100 VUs, 562 complete and 0 interrupted iterations
default   [  45% ] 100 VUs  0m27.0s/1m0s

running (0m28.0s), 100/100 VUs, 583 complete and 0 interrupted iterations
default   [  47% ] 100 VUs  0m28.0s/1m0s

running (0m29.0s), 100/100 VUs, 598 complete and 0 interrupted iterations
default   [  48% ] 100 VUs  0m29.0s/1m0s

running (0m30.0s), 100/100 VUs, 617 complete and 0 interrupted iterations
default   [  50% ] 100 VUs  0m30.0s/1m0s

running (0m31.0s), 100/100 VUs, 646 complete and 0 interrupted iterations
default   [  52% ] 100 VUs  0m31.0s/1m0s

running (0m32.0s), 100/100 VUs, 667 complete and 0 interrupted iterations
default   [  53% ] 100 VUs  0m32.0s/1m0s

running (0m33.0s), 100/100 VUs, 688 complete and 0 interrupted iterations
default   [  55% ] 100 VUs  0m33.0s/1m0s

running (0m34.0s), 100/100 VUs, 706 complete and 0 interrupted iterations
default   [  57% ] 100 VUs  0m34.0s/1m0s

running (0m35.0s), 100/100 VUs, 726 complete and 0 interrupted iterations
default   [  58% ] 100 VUs  0m35.0s/1m0s

running (0m36.0s), 100/100 VUs, 751 complete and 0 interrupted iterations
default   [  60% ] 100 VUs  0m36.0s/1m0s

running (0m37.0s), 100/100 VUs, 765 complete and 0 interrupted iterations
default   [  62% ] 100 VUs  0m37.0s/1m0s

running (0m38.0s), 100/100 VUs, 786 complete and 0 interrupted iterations
default   [  63% ] 100 VUs  0m38.0s/1m0s

running (0m39.0s), 100/100 VUs, 807 complete and 0 interrupted iterations
default   [  65% ] 100 VUs  0m39.0s/1m0s

running (0m40.0s), 100/100 VUs, 826 complete and 0 interrupted iterations
default   [  67% ] 100 VUs  0m40.0s/1m0s

running (0m41.0s), 100/100 VUs, 851 complete and 0 interrupted iterations
default   [  68% ] 100 VUs  0m41.0s/1m0s

running (0m42.0s), 100/100 VUs, 869 complete and 0 interrupted iterations
default   [  70% ] 100 VUs  0m42.0s/1m0s

running (0m43.0s), 100/100 VUs, 889 complete and 0 interrupted iterations
default   [  72% ] 100 VUs  0m43.0s/1m0s

running (0m44.0s), 100/100 VUs, 917 complete and 0 interrupted iterations
default   [  73% ] 100 VUs  0m44.0s/1m0s

running (0m45.0s), 100/100 VUs, 934 complete and 0 interrupted iterations
default   [  75% ] 100 VUs  0m45.0s/1m0s

running (0m46.0s), 100/100 VUs, 948 complete and 0 interrupted iterations
default   [  77% ] 100 VUs  0m46.0s/1m0s

running (0m47.0s), 100/100 VUs, 968 complete and 0 interrupted iterations
default   [  78% ] 100 VUs  0m47.0s/1m0s

running (0m48.0s), 100/100 VUs, 989 complete and 0 interrupted iterations
default   [  80% ] 100 VUs  0m48.0s/1m0s

running (0m49.0s), 100/100 VUs, 1020 complete and 0 interrupted iterations
default   [  82% ] 100 VUs  0m49.0s/1m0s

running (0m50.0s), 100/100 VUs, 1039 complete and 0 interrupted iterations
default   [  83% ] 100 VUs  0m50.0s/1m0s

running (0m51.0s), 100/100 VUs, 1057 complete and 0 interrupted iterations
default   [  85% ] 100 VUs  0m51.0s/1m0s

running (0m52.0s), 100/100 VUs, 1080 complete and 0 interrupted iterations
default   [  87% ] 100 VUs  0m52.0s/1m0s

running (0m53.0s), 100/100 VUs, 1109 complete and 0 interrupted iterations
default   [  88% ] 100 VUs  0m53.0s/1m0s

running (0m54.0s), 100/100 VUs, 1127 complete and 0 interrupted iterations
default   [  90% ] 100 VUs  0m54.0s/1m0s

running (0m55.0s), 100/100 VUs, 1141 complete and 0 interrupted iterations
default   [  92% ] 100 VUs  0m55.0s/1m0s

running (0m56.0s), 100/100 VUs, 1165 complete and 0 interrupted iterations
default   [  93% ] 100 VUs  0m56.0s/1m0s

running (0m57.0s), 100/100 VUs, 1180 complete and 0 interrupted iterations
default   [  95% ] 100 VUs  0m57.0s/1m0s

running (0m58.0s), 100/100 VUs, 1200 complete and 0 interrupted iterations
default   [  97% ] 100 VUs  0m58.0s/1m0s

running (0m59.0s), 100/100 VUs, 1220 complete and 0 interrupted iterations
default   [  98% ] 100 VUs  0m59.0s/1m0s

running (1m00.0s), 100/100 VUs, 1246 complete and 0 interrupted iterations
default   [ 100% ] 100 VUs  1m00.0s/1m0s

running (1m01.0s), 088/100 VUs, 1260 complete and 0 interrupted iterations
default ↓ [ 100% ] 100 VUs  1m0s

running (1m02.0s), 067/100 VUs, 1281 complete and 0 interrupted iterations
default ↓ [ 100% ] 100 VUs  1m0s

running (1m03.0s), 047/100 VUs, 1301 complete and 0 interrupted iterations
default ↓ [ 100% ] 100 VUs  1m0s

running (1m04.0s), 036/100 VUs, 1312 complete and 0 interrupted iterations
default ↓ [ 100% ] 100 VUs  1m0s

running (1m05.0s), 029/100 VUs, 1319 complete and 0 interrupted iterations
default ↓ [ 100% ] 100 VUs  1m0s

running (1m06.0s), 025/100 VUs, 1323 complete and 0 interrupted iterations
default ↓ [ 100% ] 100 VUs  1m0s

running (1m07.0s), 023/100 VUs, 1325 complete and 0 interrupted iterations
default ↓ [ 100% ] 100 VUs  1m0s

running (1m08.0s), 018/100 VUs, 1330 complete and 0 interrupted iterations
default ↓ [ 100% ] 100 VUs  1m0s

running (1m09.0s), 013/100 VUs, 1335 complete and 0 interrupted iterations
default ↓ [ 100% ] 100 VUs  1m0s

running (1m10.0s), 011/100 VUs, 1337 complete and 0 interrupted iterations
default ↓ [ 100% ] 100 VUs  1m0s

running (1m11.0s), 010/100 VUs, 1338 complete and 0 interrupted iterations
default ↓ [ 100% ] 100 VUs  1m0s

running (1m12.0s), 009/100 VUs, 1339 complete and 0 interrupted iterations
default ↓ [ 100% ] 100 VUs  1m0s

running (1m13.0s), 006/100 VUs, 1342 complete and 0 interrupted iterations
default ↓ [ 100% ] 100 VUs  1m0s

running (1m14.0s), 005/100 VUs, 1343 complete and 0 interrupted iterations
default ↓ [ 100% ] 100 VUs  1m0s

running (1m15.0s), 004/100 VUs, 1344 complete and 0 interrupted iterations
default ↓ [ 100% ] 100 VUs  1m0s

running (1m16.0s), 004/100 VUs, 1344 complete and 0 interrupted iterations
default ↓ [ 100% ] 100 VUs  1m0s

running (1m17.0s), 004/100 VUs, 1344 complete and 0 interrupted iterations
default ↓ [ 100% ] 100 VUs  1m0s

running (1m18.0s), 004/100 VUs, 1344 complete and 0 interrupted iterations
default ↓ [ 100% ] 100 VUs  1m0s

running (1m19.0s), 004/100 VUs, 1344 complete and 0 interrupted iterations
default ↓ [ 100% ] 100 VUs  1m0s

running (1m20.0s), 004/100 VUs, 1344 complete and 0 interrupted iterations
default ↓ [ 100% ] 100 VUs  1m0s

running (1m21.0s), 003/100 VUs, 1345 complete and 0 interrupted iterations
default ↓ [ 100% ] 100 VUs  1m0s

running (1m22.0s), 003/100 VUs, 1345 complete and 0 interrupted iterations
default ↓ [ 100% ] 100 VUs  1m0s

running (1m23.0s), 003/100 VUs, 1345 complete and 0 interrupted iterations
default ↓ [ 100% ] 100 VUs  1m0s

running (1m24.0s), 003/100 VUs, 1345 complete and 0 interrupted iterations
default ↓ [ 100% ] 100 VUs  1m0s

running (1m25.0s), 003/100 VUs, 1345 complete and 0 interrupted iterations
default ↓ [ 100% ] 100 VUs  1m0s

running (1m26.0s), 003/100 VUs, 1345 complete and 0 interrupted iterations
default ↓ [ 100% ] 100 VUs  1m0s

running (1m27.0s), 003/100 VUs, 1345 complete and 0 interrupted iterations
default ↓ [ 100% ] 100 VUs  1m0s

running (1m28.0s), 003/100 VUs, 1345 complete and 0 interrupted iterations
default ↓ [ 100% ] 100 VUs  1m0s

running (1m29.0s), 003/100 VUs, 1345 complete and 0 interrupted iterations
default ↓ [ 100% ] 100 VUs  1m0s

running (1m30.0s), 003/100 VUs, 1345 complete and 0 interrupted iterations
default ↓ [ 100% ] 100 VUs  1m0s

running (1m30.0s), 000/100 VUs, 1345 complete and 3 interrupted iterations
default ✓ [ 100% ] 100 VUs  1m0s

     ✗ status is 200
      ↳  83% — ✓ 1124 / ✗ 221

     checks.........................: 83.56% ✓ 1124      ✗ 221  
     data_received..................: 7.5 MB 83 kB/s
     data_sent......................: 767 kB 8.5 kB/s
     http_req_blocked...............: avg=1.97s    min=253ns    med=1.34s    max=27.93s p(90)=3.99s    p(95)=5.84s   
     http_req_connecting............: avg=844.61ms min=0s       med=195.82ms max=23.66s p(90)=2.19s    p(95)=3.17s   
     http_req_duration..............: avg=1.73s    min=131.73ms med=1s       max=48.39s p(90)=3.22s    p(95)=5.23s   
       { expected_response:true }...: avg=1.61s    min=263.27ms med=1.02s    max=24.11s p(90)=3.12s    p(95)=4.63s   
     http_req_failed................: 16.43% ✓ 221       ✗ 1124 
     http_req_receiving.............: avg=167.87ms min=23.62µs  med=121.45µs max=19.82s p(90)=504.04ms p(95)=816.97ms
     http_req_sending...............: avg=235.46µs min=51.91µs  med=187.34µs max=4.23ms p(90)=366.03µs p(95)=402.5µs 
     http_req_tls_handshaking.......: avg=1.12s    min=0s       med=675.1ms  max=27.8s  p(90)=2.4s     p(95)=3.47s   
     http_req_waiting...............: avg=1.56s    min=131.41ms med=899.22ms max=47.48s p(90)=3.01s    p(95)=4.83s   
     http_reqs......................: 1345   14.943979/s
     iteration_duration.............: avg=4.7s     min=1.13s    med=3.77s    max=50.06s p(90)=8.1s     p(95)=10.44s  
     iterations.....................: 1345   14.943979/s
     vus............................: 3      min=3       max=100
     vus_max........................: 100    min=100     max=100

