
          /\      |‾‾| /‾‾/   /‾‾/   
     /\  /  \     |  |/  /   /  /    
    /  \/    \    |     (   /   ‾‾\  
   /          \   |  |\  \ |  (‾)  | 
  / __________ \  |__| \__\ \_____/ .io

  execution: local
     script: tunnels.js
     output: -

  scenarios: (100.00%) 1 scenario, 200 max VUs, 1m30s max duration (incl. graceful stop):
           * default: 200 looping VUs for 1m0s (gracefulStop: 30s)


running (0m01.0s), 200/200 VUs, 0 complete and 0 interrupted iterations
default   [   2% ] 200 VUs  0m01.0s/1m0s

running (0m02.0s), 200/200 VUs, 43 complete and 0 interrupted iterations
default   [   3% ] 200 VUs  0m02.0s/1m0s

running (0m03.0s), 200/200 VUs, 200 complete and 0 interrupted iterations
default   [   5% ] 200 VUs  0m03.0s/1m0s

running (0m04.0s), 200/200 VUs, 400 complete and 0 interrupted iterations
default   [   7% ] 200 VUs  0m04.0s/1m0s

running (0m05.0s), 200/200 VUs, 424 complete and 0 interrupted iterations
default   [   8% ] 200 VUs  0m05.0s/1m0s

running (0m06.0s), 200/200 VUs, 600 complete and 0 interrupted iterations
default   [  10% ] 200 VUs  0m06.0s/1m0s

running (0m07.0s), 200/200 VUs, 771 complete and 0 interrupted iterations
default   [  12% ] 200 VUs  0m07.0s/1m0s

running (0m08.0s), 200/200 VUs, 816 complete and 0 interrupted iterations
default   [  13% ] 200 VUs  0m08.0s/1m0s

running (0m09.0s), 200/200 VUs, 1000 complete and 0 interrupted iterations
default   [  15% ] 200 VUs  0m09.0s/1m0s

running (0m10.0s), 200/200 VUs, 1039 complete and 0 interrupted iterations
default   [  17% ] 200 VUs  0m10.0s/1m0s

running (0m11.0s), 200/200 VUs, 1211 complete and 0 interrupted iterations
default   [  18% ] 200 VUs  0m11.0s/1m0s

running (0m12.0s), 200/200 VUs, 1397 complete and 0 interrupted iterations
default   [  20% ] 200 VUs  0m12.0s/1m0s

running (0m13.0s), 200/200 VUs, 1439 complete and 0 interrupted iterations
default   [  22% ] 200 VUs  0m13.0s/1m0s

running (0m14.0s), 200/200 VUs, 1611 complete and 0 interrupted iterations
default   [  23% ] 200 VUs  0m14.0s/1m0s

running (0m15.0s), 200/200 VUs, 1728 complete and 0 interrupted iterations
default   [  25% ] 200 VUs  0m15.0s/1m0s

running (0m16.0s), 200/200 VUs, 1839 complete and 0 interrupted iterations
default   [  27% ] 200 VUs  0m16.0s/1m0s

running (0m17.0s), 200/200 VUs, 2010 complete and 0 interrupted iterations
default   [  28% ] 200 VUs  0m17.0s/1m0s

running (0m18.0s), 200/200 VUs, 2089 complete and 0 interrupted iterations
default   [  30% ] 200 VUs  0m18.0s/1m0s

running (0m19.0s), 200/200 VUs, 2231 complete and 0 interrupted iterations
default   [  32% ] 200 VUs  0m19.0s/1m0s

running (0m20.0s), 200/200 VUs, 2310 complete and 0 interrupted iterations
default   [  33% ] 200 VUs  0m20.0s/1m0s

running (0m21.0s), 200/200 VUs, 2439 complete and 0 interrupted iterations
default   [  35% ] 200 VUs  0m21.0s/1m0s

running (0m22.0s), 200/200 VUs, 2512 complete and 0 interrupted iterations
default   [  37% ] 200 VUs  0m22.0s/1m0s

running (0m23.0s), 200/200 VUs, 2646 complete and 0 interrupted iterations
default   [  38% ] 200 VUs  0m23.0s/1m0s

running (0m24.0s), 200/200 VUs, 2759 complete and 0 interrupted iterations
default   [  40% ] 200 VUs  0m24.0s/1m0s

running (0m25.0s), 200/200 VUs, 2846 complete and 0 interrupted iterations
default   [  42% ] 200 VUs  0m25.0s/1m0s

running (0m26.0s), 200/200 VUs, 2976 complete and 0 interrupted iterations
default   [  43% ] 200 VUs  0m26.0s/1m0s

running (0m27.0s), 200/200 VUs, 3046 complete and 0 interrupted iterations
default   [  45% ] 200 VUs  0m27.0s/1m0s

running (0m28.0s), 200/200 VUs, 3186 complete and 0 interrupted iterations
default   [  47% ] 200 VUs  0m28.0s/1m0s

running (0m29.0s), 200/200 VUs, 3273 complete and 0 interrupted iterations
default   [  48% ] 200 VUs  0m29.0s/1m0s

running (0m30.0s), 200/200 VUs, 3390 complete and 0 interrupted iterations
default   [  50% ] 200 VUs  0m30.0s/1m0s

running (0m31.0s), 200/200 VUs, 3470 complete and 0 interrupted iterations
default   [  52% ] 200 VUs  0m31.0s/1m0s

running (0m32.0s), 200/200 VUs, 3637 complete and 0 interrupted iterations
default   [  53% ] 200 VUs  0m32.0s/1m0s

running (0m33.0s), 200/200 VUs, 3704 complete and 0 interrupted iterations
default   [  55% ] 200 VUs  0m33.0s/1m0s

running (0m34.0s), 200/200 VUs, 3847 complete and 0 interrupted iterations
default   [  57% ] 200 VUs  0m34.0s/1m0s

running (0m35.0s), 200/200 VUs, 3977 complete and 0 interrupted iterations
default   [  58% ] 200 VUs  0m35.0s/1m0s

running (0m36.0s), 200/200 VUs, 4072 complete and 0 interrupted iterations
default   [  60% ] 200 VUs  0m36.0s/1m0s

running (0m37.0s), 200/200 VUs, 4248 complete and 0 interrupted iterations
default   [  62% ] 200 VUs  0m37.0s/1m0s

running (0m38.0s), 200/200 VUs, 4364 complete and 0 interrupted iterations
default   [  63% ] 200 VUs  0m38.0s/1m0s

running (0m39.0s), 200/200 VUs, 4472 complete and 0 interrupted iterations
default   [  65% ] 200 VUs  0m39.0s/1m0s

running (0m40.0s), 200/200 VUs, 4641 complete and 0 interrupted iterations
default   [  67% ] 200 VUs  0m40.0s/1m0s

running (0m41.0s), 200/200 VUs, 4747 complete and 0 interrupted iterations
default   [  68% ] 200 VUs  0m41.0s/1m0s

running (0m42.0s), 200/200 VUs, 4865 complete and 0 interrupted iterations
default   [  70% ] 200 VUs  0m42.0s/1m0s

running (0m43.0s), 200/200 VUs, 5041 complete and 0 interrupted iterations
default   [  72% ] 200 VUs  0m43.0s/1m0s

running (0m44.0s), 200/200 VUs, 5143 complete and 0 interrupted iterations
default   [  73% ] 200 VUs  0m44.0s/1m0s

running (0m45.0s), 200/200 VUs, 5267 complete and 0 interrupted iterations
default   [  75% ] 200 VUs  0m45.0s/1m0s

running (0m46.0s), 200/200 VUs, 5434 complete and 0 interrupted iterations
default   [  77% ] 200 VUs  0m46.0s/1m0s

running (0m47.0s), 200/200 VUs, 5535 complete and 0 interrupted iterations
default   [  78% ] 200 VUs  0m47.0s/1m0s

running (0m48.0s), 200/200 VUs, 5667 complete and 0 interrupted iterations
default   [  80% ] 200 VUs  0m48.0s/1m0s

running (0m49.0s), 200/200 VUs, 5810 complete and 0 interrupted iterations
default   [  82% ] 200 VUs  0m49.0s/1m0s

running (0m50.0s), 200/200 VUs, 5902 complete and 0 interrupted iterations
default   [  83% ] 200 VUs  0m50.0s/1m0s

running (0m51.0s), 200/200 VUs, 6044 complete and 0 interrupted iterations
default   [  85% ] 200 VUs  0m51.0s/1m0s

running (0m52.0s), 200/200 VUs, 6138 complete and 0 interrupted iterations
default   [  87% ] 200 VUs  0m52.0s/1m0s

running (0m53.0s), 200/200 VUs, 6276 complete and 0 interrupted iterations
default   [  88% ] 200 VUs  0m53.0s/1m0s

running (0m54.0s), 200/200 VUs, 6355 complete and 0 interrupted iterations
default   [  90% ] 200 VUs  0m54.0s/1m0s

running (0m55.0s), 200/200 VUs, 6505 complete and 0 interrupted iterations
default   [  92% ] 200 VUs  0m55.0s/1m0s

running (0m56.0s), 200/200 VUs, 6664 complete and 0 interrupted iterations
default   [  93% ] 200 VUs  0m56.0s/1m0s

running (0m57.0s), 200/200 VUs, 6755 complete and 0 interrupted iterations
default   [  95% ] 200 VUs  0m57.0s/1m0s

running (0m58.0s), 200/200 VUs, 6907 complete and 0 interrupted iterations
default   [  97% ] 200 VUs  0m58.0s/1m0s

running (0m59.0s), 200/200 VUs, 7012 complete and 0 interrupted iterations
default   [  98% ] 200 VUs  0m59.0s/1m0s

running (1m00.0s), 200/200 VUs, 7155 complete and 0 interrupted iterations
default   [ 100% ] 200 VUs  1m00.0s/1m0s

running (1m01.0s), 049/200 VUs, 7307 complete and 0 interrupted iterations
default ↓ [ 100% ] 200 VUs  1m0s

running (1m01.4s), 000/200 VUs, 7356 complete and 0 interrupted iterations
default ✓ [ 100% ] 200 VUs  1m0s

     ✓ status is 200

     checks.........................: 100.00% ✓ 7356       ✗ 0    
     data_received..................: 41 MB   674 kB/s
     data_sent......................: 4.2 MB  69 kB/s
     http_req_blocked...............: avg=323.39ms min=231ns    med=280.54ms max=1.26s    p(90)=479.7ms  p(95)=530.58ms
     http_req_connecting............: avg=148.38ms min=0s       med=127.26ms max=1.12s    p(90)=229.32ms p(95)=252.27ms
     http_req_duration..............: avg=320.45ms min=246.3ms  med=273.83ms max=756.44ms p(90)=466.24ms p(95)=509.54ms
       { expected_response:true }...: avg=320.45ms min=246.3ms  med=273.83ms max=756.44ms p(90)=466.24ms p(95)=509.54ms
     http_req_failed................: 0.00%   ✓ 0          ✗ 7356 
     http_req_receiving.............: avg=476.83µs min=18.17µs  med=66.87µs  max=33.97ms  p(90)=666.79µs p(95)=1.74ms  
     http_req_sending...............: avg=232.75µs min=38.67µs  med=125.84µs max=31.02ms  p(90)=336.02µs p(95)=443.02µs
     http_req_tls_handshaking.......: avg=165.07ms min=0s       med=142.77ms max=642.44ms p(90)=254.58ms p(95)=275.55ms
     http_req_waiting...............: avg=319.74ms min=246.11ms med=273.28ms max=756.09ms p(90)=464.41ms p(95)=508.19ms
     http_reqs......................: 7356    119.891355/s
     iteration_duration.............: avg=1.64s    min=1.24s    med=1.56s    max=2.51s    p(90)=1.92s    p(95)=2s      
     iterations.....................: 7356    119.891355/s
     vus............................: 49      min=49       max=200
     vus_max........................: 200     min=200      max=200

