
          /\      |‾‾| /‾‾/   /‾‾/   
     /\  /  \     |  |/  /   /  /    
    /  \/    \    |     (   /   ‾‾\  
   /          \   |  |\  \ |  (‾)  | 
  / __________ \  |__| \__\ \_____/ .io

  execution: local
     script: tunnels.js
     output: -

  scenarios: (100.00%) 1 scenario, 400 max VUs, 1m30s max duration (incl. graceful stop):
           * default: 400 looping VUs for 1m0s (gracefulStop: 30s)


running (0m00.9s), 400/400 VUs, 0 complete and 0 interrupted iterations
default   [   2% ] 400 VUs  0m00.9s/1m0s

running (0m01.9s), 400/400 VUs, 0 complete and 0 interrupted iterations
default   [   3% ] 400 VUs  0m01.9s/1m0s

running (0m02.9s), 400/400 VUs, 0 complete and 0 interrupted iterations
default   [   5% ] 400 VUs  0m02.9s/1m0s

running (0m03.9s), 400/400 VUs, 53 complete and 0 interrupted iterations
default   [   7% ] 400 VUs  0m03.9s/1m0s

running (0m04.9s), 400/400 VUs, 395 complete and 0 interrupted iterations
default   [   8% ] 400 VUs  0m04.9s/1m0s

running (0m05.9s), 400/400 VUs, 453 complete and 0 interrupted iterations
default   [  10% ] 400 VUs  0m05.9s/1m0s

running (0m06.9s), 400/400 VUs, 598 complete and 0 interrupted iterations
default   [  12% ] 400 VUs  0m06.9s/1m0s

running (0m07.9s), 400/400 VUs, 819 complete and 0 interrupted iterations
default   [  13% ] 400 VUs  0m07.9s/1m0s

running (0m08.9s), 400/400 VUs, 987 complete and 0 interrupted iterations
default   [  15% ] 400 VUs  0m08.9s/1m0s

running (0m09.9s), 400/400 VUs, 1201 complete and 0 interrupted iterations
default   [  17% ] 400 VUs  0m09.9s/1m0s

running (0m10.9s), 400/400 VUs, 1370 complete and 0 interrupted iterations
default   [  18% ] 400 VUs  0m10.9s/1m0s

running (0m11.9s), 400/400 VUs, 1597 complete and 0 interrupted iterations
default   [  20% ] 400 VUs  0m11.9s/1m0s

running (0m12.9s), 400/400 VUs, 1729 complete and 0 interrupted iterations
default   [  22% ] 400 VUs  0m12.9s/1m0s

running (0m13.9s), 400/400 VUs, 2036 complete and 0 interrupted iterations
default   [  23% ] 400 VUs  0m13.9s/1m0s

running (0m14.9s), 400/400 VUs, 2191 complete and 0 interrupted iterations
default   [  25% ] 400 VUs  0m14.9s/1m0s

running (0m15.9s), 400/400 VUs, 2497 complete and 0 interrupted iterations
default   [  27% ] 400 VUs  0m15.9s/1m0s

running (0m16.9s), 400/400 VUs, 2694 complete and 0 interrupted iterations
default   [  28% ] 400 VUs  0m16.9s/1m0s

running (0m17.9s), 400/400 VUs, 2972 complete and 0 interrupted iterations
default   [  30% ] 400 VUs  0m17.9s/1m0s

running (0m19.0s), 400/400 VUs, 3224 complete and 0 interrupted iterations
default   [  32% ] 400 VUs  0m19.0s/1m0s

running (0m19.9s), 400/400 VUs, 3413 complete and 0 interrupted iterations
default   [  33% ] 400 VUs  0m19.9s/1m0s

running (0m20.9s), 400/400 VUs, 3629 complete and 0 interrupted iterations
default   [  35% ] 400 VUs  0m20.9s/1m0s

running (0m21.9s), 400/400 VUs, 3775 complete and 0 interrupted iterations
default   [  37% ] 400 VUs  0m21.9s/1m0s

running (0m22.9s), 400/400 VUs, 4048 complete and 0 interrupted iterations
default   [  38% ] 400 VUs  0m22.9s/1m0s

running (0m23.9s), 400/400 VUs, 4323 complete and 0 interrupted iterations
default   [  40% ] 400 VUs  0m23.9s/1m0s

running (0m24.9s), 400/400 VUs, 4565 complete and 0 interrupted iterations
default   [  42% ] 400 VUs  0m24.9s/1m0s

running (0m25.9s), 400/400 VUs, 4811 complete and 0 interrupted iterations
default   [  43% ] 400 VUs  0m25.9s/1m0s

running (0m26.9s), 400/400 VUs, 5045 complete and 0 interrupted iterations
default   [  45% ] 400 VUs  0m26.9s/1m0s

running (0m27.9s), 400/400 VUs, 5329 complete and 0 interrupted iterations
default   [  47% ] 400 VUs  0m27.9s/1m0s

running (0m28.9s), 400/400 VUs, 5539 complete and 0 interrupted iterations
default   [  48% ] 400 VUs  0m28.9s/1m0s

running (0m29.9s), 400/400 VUs, 5784 complete and 0 interrupted iterations
default   [  50% ] 400 VUs  0m29.9s/1m0s

running (0m30.9s), 400/400 VUs, 6036 complete and 0 interrupted iterations
default   [  52% ] 400 VUs  0m30.9s/1m0s

running (0m31.9s), 400/400 VUs, 6273 complete and 0 interrupted iterations
default   [  53% ] 400 VUs  0m31.9s/1m0s

running (0m32.9s), 400/400 VUs, 6550 complete and 0 interrupted iterations
default   [  55% ] 400 VUs  0m32.9s/1m0s

running (0m33.9s), 400/400 VUs, 6797 complete and 0 interrupted iterations
default   [  57% ] 400 VUs  0m33.9s/1m0s

running (0m34.9s), 400/400 VUs, 7055 complete and 0 interrupted iterations
default   [  58% ] 400 VUs  0m34.9s/1m0s

running (0m35.9s), 400/400 VUs, 7262 complete and 0 interrupted iterations
default   [  60% ] 400 VUs  0m35.9s/1m0s

running (0m36.9s), 400/400 VUs, 7523 complete and 0 interrupted iterations
default   [  62% ] 400 VUs  0m36.9s/1m0s

running (0m37.9s), 400/400 VUs, 7777 complete and 0 interrupted iterations
default   [  63% ] 400 VUs  0m37.9s/1m0s

running (0m38.9s), 400/400 VUs, 8024 complete and 0 interrupted iterations
default   [  65% ] 400 VUs  0m38.9s/1m0s

running (0m39.9s), 400/400 VUs, 8269 complete and 0 interrupted iterations
default   [  67% ] 400 VUs  0m39.9s/1m0s

running (0m40.9s), 400/400 VUs, 8547 complete and 0 interrupted iterations
default   [  68% ] 400 VUs  0m40.9s/1m0s

running (0m41.9s), 400/400 VUs, 8783 complete and 0 interrupted iterations
default   [  70% ] 400 VUs  0m41.9s/1m0s

running (0m42.9s), 400/400 VUs, 8989 complete and 0 interrupted iterations
default   [  72% ] 400 VUs  0m42.9s/1m0s

running (0m43.9s), 400/400 VUs, 9115 complete and 0 interrupted iterations
default   [  73% ] 400 VUs  0m43.9s/1m0s

running (0m44.9s), 400/400 VUs, 9412 complete and 0 interrupted iterations
default   [  75% ] 400 VUs  0m44.9s/1m0s

running (0m45.9s), 400/400 VUs, 9536 complete and 0 interrupted iterations
default   [  77% ] 400 VUs  0m45.9s/1m0s

running (0m46.9s), 400/400 VUs, 9833 complete and 0 interrupted iterations
default   [  78% ] 400 VUs  0m46.9s/1m0s

running (0m47.9s), 400/400 VUs, 10058 complete and 0 interrupted iterations
default   [  80% ] 400 VUs  0m47.9s/1m0s

running (0m48.9s), 400/400 VUs, 10314 complete and 0 interrupted iterations
default   [  82% ] 400 VUs  0m48.9s/1m0s

running (0m49.9s), 400/400 VUs, 10591 complete and 0 interrupted iterations
default   [  83% ] 400 VUs  0m49.9s/1m0s

running (0m50.9s), 400/400 VUs, 10785 complete and 0 interrupted iterations
default   [  85% ] 400 VUs  0m50.9s/1m0s

running (0m51.9s), 400/400 VUs, 11057 complete and 0 interrupted iterations
default   [  87% ] 400 VUs  0m51.9s/1m0s

running (0m52.9s), 400/400 VUs, 11297 complete and 0 interrupted iterations
default   [  88% ] 400 VUs  0m52.9s/1m0s

running (0m53.9s), 400/400 VUs, 11543 complete and 0 interrupted iterations
default   [  90% ] 400 VUs  0m53.9s/1m0s

running (0m54.9s), 400/400 VUs, 11795 complete and 0 interrupted iterations
default   [  92% ] 400 VUs  0m54.9s/1m0s

running (0m55.9s), 400/400 VUs, 12048 complete and 0 interrupted iterations
default   [  93% ] 400 VUs  0m55.9s/1m0s

running (0m56.9s), 400/400 VUs, 12305 complete and 0 interrupted iterations
default   [  95% ] 400 VUs  0m56.9s/1m0s

running (0m57.9s), 400/400 VUs, 12570 complete and 0 interrupted iterations
default   [  97% ] 400 VUs  0m57.9s/1m0s

running (0m58.9s), 400/400 VUs, 12789 complete and 0 interrupted iterations
default   [  98% ] 400 VUs  0m58.9s/1m0s

running (0m59.9s), 400/400 VUs, 13070 complete and 0 interrupted iterations
default   [ 100% ] 400 VUs  0m59.9s/1m0s

running (1m00.9s), 183/400 VUs, 13304 complete and 0 interrupted iterations
default ↓ [ 100% ] 400 VUs  1m0s

running (1m01.6s), 000/400 VUs, 13487 complete and 0 interrupted iterations
default ✓ [ 100% ] 400 VUs  1m0s

     ✓ status is 200

     checks.........................: 100.00% ✓ 13487      ✗ 0    
     data_received..................: 76 MB   1.2 MB/s
     data_sent......................: 7.7 MB  125 kB/s
     http_req_blocked...............: avg=393.35ms min=284ns    med=308.23ms max=3.33s    p(90)=600.47ms p(95)=759.97ms
     http_req_connecting............: avg=177.88ms min=0s       med=141.6ms  max=1.7s     p(90)=270.68ms p(95)=377.46ms
     http_req_duration..............: avg=393.52ms min=243.76ms med=313.24ms max=4.5s     p(90)=596.92ms p(95)=793.91ms
       { expected_response:true }...: avg=393.52ms min=243.76ms med=313.24ms max=4.5s     p(90)=596.92ms p(95)=793.91ms
     http_req_failed................: 0.00%   ✓ 0          ✗ 13487
     http_req_receiving.............: avg=961.34µs min=20.02µs  med=72.89µs  max=133.72ms p(90)=1.62ms   p(95)=4.75ms  
     http_req_sending...............: avg=261.16µs min=37.3µs   med=124.86µs max=133.55ms p(90)=323.95µs p(95)=443.07µs
     http_req_tls_handshaking.......: avg=191.27ms min=0s       med=159.59ms max=3.2s     p(90)=286.66ms p(95)=371.54ms
     http_req_waiting...............: avg=392.3ms  min=243.37ms med=312.06ms max=4.5s     p(90)=594.69ms p(95)=792.27ms
     http_reqs......................: 13487   219.081384/s
     iteration_duration.............: avg=1.8s     min=1.24s    med=1.63s    max=7.02s    p(90)=2.17s    p(95)=2.47s   
     iterations.....................: 13487   219.081384/s
     vus............................: 183     min=183      max=400
     vus_max........................: 400     min=400      max=400

