
          /\      |‾‾| /‾‾/   /‾‾/   
     /\  /  \     |  |/  /   /  /    
    /  \/    \    |     (   /   ‾‾\  
   /          \   |  |\  \ |  (‾)  | 
  / __________ \  |__| \__\ \_____/ .io

  execution: local
     script: tunnels.js
     output: -

  scenarios: (100.00%) 1 scenario, 100 max VUs, 1m30s max duration (incl. graceful stop):
           * default: 100 looping VUs for 1m0s (gracefulStop: 30s)


running (0m01.0s), 100/100 VUs, 12 complete and 0 interrupted iterations
default   [   2% ] 100 VUs  0m01.0s/1m0s

running (0m02.0s), 100/100 VUs, 159 complete and 0 interrupted iterations
default   [   3% ] 100 VUs  0m02.0s/1m0s

running (0m03.0s), 100/100 VUs, 346 complete and 0 interrupted iterations
default   [   5% ] 100 VUs  0m03.0s/1m0s

running (0m04.0s), 100/100 VUs, 524 complete and 0 interrupted iterations
default   [   7% ] 100 VUs  0m04.0s/1m0s

running (0m05.0s), 100/100 VUs, 679 complete and 0 interrupted iterations
default   [   8% ] 100 VUs  0m05.0s/1m0s

running (0m06.0s), 100/100 VUs, 835 complete and 0 interrupted iterations
default   [  10% ] 100 VUs  0m06.0s/1m0s

running (0m07.0s), 100/100 VUs, 948 complete and 0 interrupted iterations
default   [  12% ] 100 VUs  0m07.0s/1m0s

running (0m08.0s), 100/100 VUs, 1076 complete and 0 interrupted iterations
default   [  13% ] 100 VUs  0m08.0s/1m0s

running (0m09.0s), 100/100 VUs, 1223 complete and 0 interrupted iterations
default   [  15% ] 100 VUs  0m09.0s/1m0s

running (0m10.0s), 100/100 VUs, 1405 complete and 0 interrupted iterations
default   [  17% ] 100 VUs  0m10.0s/1m0s

running (0m11.0s), 100/100 VUs, 1600 complete and 0 interrupted iterations
default   [  18% ] 100 VUs  0m11.0s/1m0s

running (0m12.0s), 100/100 VUs, 1761 complete and 0 interrupted iterations
default   [  20% ] 100 VUs  0m12.0s/1m0s

running (0m13.0s), 100/100 VUs, 1941 complete and 0 interrupted iterations
default   [  22% ] 100 VUs  0m13.0s/1m0s

running (0m14.0s), 100/100 VUs, 2116 complete and 0 interrupted iterations
default   [  23% ] 100 VUs  0m14.0s/1m0s

running (0m15.0s), 100/100 VUs, 2298 complete and 0 interrupted iterations
default   [  25% ] 100 VUs  0m15.0s/1m0s

running (0m16.0s), 100/100 VUs, 2481 complete and 0 interrupted iterations
default   [  27% ] 100 VUs  0m16.0s/1m0s

running (0m17.0s), 100/100 VUs, 2665 complete and 0 interrupted iterations
default   [  28% ] 100 VUs  0m17.0s/1m0s

running (0m18.0s), 100/100 VUs, 2843 complete and 0 interrupted iterations
default   [  30% ] 100 VUs  0m18.0s/1m0s

running (0m19.0s), 100/100 VUs, 3032 complete and 0 interrupted iterations
default   [  32% ] 100 VUs  0m19.0s/1m0s

running (0m20.0s), 100/100 VUs, 3215 complete and 0 interrupted iterations
default   [  33% ] 100 VUs  0m20.0s/1m0s

running (0m21.0s), 100/100 VUs, 3401 complete and 0 interrupted iterations
default   [  35% ] 100 VUs  0m21.0s/1m0s

running (0m22.0s), 100/100 VUs, 3588 complete and 0 interrupted iterations
default   [  37% ] 100 VUs  0m22.0s/1m0s

running (0m23.0s), 100/100 VUs, 3777 complete and 0 interrupted iterations
default   [  38% ] 100 VUs  0m23.0s/1m0s

running (0m24.0s), 100/100 VUs, 3970 complete and 0 interrupted iterations
default   [  40% ] 100 VUs  0m24.0s/1m0s

running (0m25.0s), 100/100 VUs, 4162 complete and 0 interrupted iterations
default   [  42% ] 100 VUs  0m25.0s/1m0s

running (0m26.0s), 100/100 VUs, 4353 complete and 0 interrupted iterations
default   [  43% ] 100 VUs  0m26.0s/1m0s

running (0m27.0s), 100/100 VUs, 4548 complete and 0 interrupted iterations
default   [  45% ] 100 VUs  0m27.0s/1m0s

running (0m28.0s), 100/100 VUs, 4662 complete and 0 interrupted iterations
default   [  47% ] 100 VUs  0m28.0s/1m0s

running (0m29.0s), 100/100 VUs, 4786 complete and 0 interrupted iterations
default   [  48% ] 100 VUs  0m29.0s/1m0s

running (0m30.0s), 100/100 VUs, 4908 complete and 0 interrupted iterations
default   [  50% ] 100 VUs  0m30.0s/1m0s

running (0m31.0s), 100/100 VUs, 5014 complete and 0 interrupted iterations
default   [  52% ] 100 VUs  0m31.0s/1m0s

running (0m32.0s), 100/100 VUs, 5125 complete and 0 interrupted iterations
default   [  53% ] 100 VUs  0m32.0s/1m0s

running (0m33.0s), 100/100 VUs, 5291 complete and 0 interrupted iterations
default   [  55% ] 100 VUs  0m33.0s/1m0s

running (0m34.0s), 100/100 VUs, 5464 complete and 0 interrupted iterations
default   [  57% ] 100 VUs  0m34.0s/1m0s

running (0m35.0s), 100/100 VUs, 5635 complete and 0 interrupted iterations
default   [  58% ] 100 VUs  0m35.0s/1m0s

running (0m36.0s), 100/100 VUs, 5789 complete and 0 interrupted iterations
default   [  60% ] 100 VUs  0m36.0s/1m0s

running (0m37.0s), 100/100 VUs, 5988 complete and 0 interrupted iterations
default   [  62% ] 100 VUs  0m37.0s/1m0s

running (0m38.0s), 100/100 VUs, 6110 complete and 0 interrupted iterations
default   [  63% ] 100 VUs  0m38.0s/1m0s

running (0m39.0s), 100/100 VUs, 6296 complete and 0 interrupted iterations
default   [  65% ] 100 VUs  0m39.0s/1m0s

running (0m40.0s), 100/100 VUs, 6494 complete and 0 interrupted iterations
default   [  67% ] 100 VUs  0m40.0s/1m0s

running (0m41.0s), 100/100 VUs, 6661 complete and 0 interrupted iterations
default   [  68% ] 100 VUs  0m41.0s/1m0s

running (0m42.0s), 100/100 VUs, 6862 complete and 0 interrupted iterations
default   [  70% ] 100 VUs  0m42.0s/1m0s

running (0m43.0s), 100/100 VUs, 7056 complete and 0 interrupted iterations
default   [  72% ] 100 VUs  0m43.0s/1m0s

running (0m44.0s), 100/100 VUs, 7161 complete and 0 interrupted iterations
default   [  73% ] 100 VUs  0m44.0s/1m0s

running (0m45.0s), 100/100 VUs, 7278 complete and 0 interrupted iterations
default   [  75% ] 100 VUs  0m45.0s/1m0s

running (0m46.0s), 100/100 VUs, 7477 complete and 0 interrupted iterations
default   [  77% ] 100 VUs  0m46.0s/1m0s

running (0m47.0s), 100/100 VUs, 7660 complete and 0 interrupted iterations
default   [  78% ] 100 VUs  0m47.0s/1m0s

running (0m48.0s), 100/100 VUs, 7856 complete and 0 interrupted iterations
default   [  80% ] 100 VUs  0m48.0s/1m0s

running (0m49.0s), 100/100 VUs, 8057 complete and 0 interrupted iterations
default   [  82% ] 100 VUs  0m49.0s/1m0s

running (0m50.0s), 100/100 VUs, 8256 complete and 0 interrupted iterations
default   [  83% ] 100 VUs  0m50.0s/1m0s

running (0m51.0s), 100/100 VUs, 8457 complete and 0 interrupted iterations
default   [  85% ] 100 VUs  0m51.0s/1m0s

running (0m52.0s), 100/100 VUs, 8653 complete and 0 interrupted iterations
default   [  87% ] 100 VUs  0m52.0s/1m0s

running (0m53.0s), 100/100 VUs, 8856 complete and 0 interrupted iterations
default   [  88% ] 100 VUs  0m53.0s/1m0s

running (0m54.0s), 100/100 VUs, 9065 complete and 0 interrupted iterations
default   [  90% ] 100 VUs  0m54.0s/1m0s

running (0m55.0s), 100/100 VUs, 9273 complete and 0 interrupted iterations
default   [  92% ] 100 VUs  0m55.0s/1m0s

running (0m56.0s), 100/100 VUs, 9469 complete and 0 interrupted iterations
default   [  93% ] 100 VUs  0m56.0s/1m0s

running (0m57.0s), 100/100 VUs, 9665 complete and 0 interrupted iterations
default   [  95% ] 100 VUs  0m57.0s/1m0s

running (0m58.0s), 100/100 VUs, 9869 complete and 0 interrupted iterations
default   [  97% ] 100 VUs  0m58.0s/1m0s

running (0m59.0s), 100/100 VUs, 10062 complete and 0 interrupted iterations
default   [  98% ] 100 VUs  0m59.0s/1m0s

running (1m00.0s), 100/100 VUs, 10275 complete and 0 interrupted iterations
default   [ 100% ] 100 VUs  1m00.0s/1m0s

running (1m00.5s), 000/100 VUs, 10376 complete and 0 interrupted iterations
default ✓ [ 100% ] 100 VUs  1m0s

     ✓ status is 200

     checks.........................: 100.00% ✓ 10376      ✗ 0    
     data_received..................: 56 MB   929 kB/s
     data_sent......................: 5.7 MB  94 kB/s
     http_req_blocked...............: avg=281.82ms min=224ns    med=268.67ms max=1.5s     p(90)=367.58ms p(95)=462.85ms
     http_req_connecting............: avg=130.45ms min=0s       med=125.86ms max=1.13s    p(90)=167.11ms p(95)=221.51ms
     http_req_duration..............: avg=294.48ms min=242.13ms med=262.86ms max=1.51s    p(90)=378.4ms  p(95)=466.42ms
       { expected_response:true }...: avg=294.48ms min=242.13ms med=262.86ms max=1.51s    p(90)=378.4ms  p(95)=466.42ms
     http_req_failed................: 0.00%   ✓ 0          ✗ 10376
     http_req_receiving.............: avg=614.47µs min=20.01µs  med=76.53µs  max=65.09ms  p(90)=1.02ms   p(95)=2.76ms  
     http_req_sending...............: avg=245.69µs min=32.57µs  med=134.47µs max=25.69ms  p(90)=347.71µs p(95)=466.78µs
     http_req_tls_handshaking.......: avg=141.6ms  min=0s       med=135.77ms max=637.55ms p(90)=190.82ms p(95)=241.8ms 
     http_req_waiting...............: avg=293.62ms min=241.02ms med=262.31ms max=1.51s    p(90)=376.89ms p(95)=464.17ms
     http_reqs......................: 10376   171.504476/s
     iteration_duration.............: avg=580.54ms min=244.24ms med=539.52ms max=1.9s     p(90)=805.58ms p(95)=869.96ms
     iterations.....................: 10376   171.504476/s
     vus............................: 100     min=100      max=100
     vus_max........................: 100     min=100      max=100

