
          /\      |‾‾| /‾‾/   /‾‾/   
     /\  /  \     |  |/  /   /  /    
    /  \/    \    |     (   /   ‾‾\  
   /          \   |  |\  \ |  (‾)  | 
  / __________ \  |__| \__\ \_____/ .io

  execution: local
     script: tunnels.js
     output: -

  scenarios: (100.00%) 1 scenario, 500 max VUs, 1m30s max duration (incl. graceful stop):
           * default: 500 looping VUs for 1m0s (gracefulStop: 30s)


running (0m00.9s), 500/500 VUs, 0 complete and 0 interrupted iterations
default   [   2% ] 500 VUs  0m00.9s/1m0s

running (0m01.9s), 500/500 VUs, 0 complete and 0 interrupted iterations
default   [   3% ] 500 VUs  0m01.9s/1m0s

running (0m02.9s), 500/500 VUs, 300 complete and 0 interrupted iterations
default   [   5% ] 500 VUs  0m02.9s/1m0s

running (0m03.9s), 500/500 VUs, 513 complete and 0 interrupted iterations
default   [   7% ] 500 VUs  0m03.9s/1m0s

running (0m04.9s), 500/500 VUs, 781 complete and 0 interrupted iterations
default   [   8% ] 500 VUs  0m04.9s/1m0s

running (0m05.9s), 500/500 VUs, 1070 complete and 0 interrupted iterations
default   [  10% ] 500 VUs  0m05.9s/1m0s

running (0m06.9s), 500/500 VUs, 1418 complete and 0 interrupted iterations
default   [  12% ] 500 VUs  0m06.9s/1m0s

running (0m07.9s), 500/500 VUs, 1619 complete and 0 interrupted iterations
default   [  13% ] 500 VUs  0m07.9s/1m0s

running (0m08.9s), 500/500 VUs, 1961 complete and 0 interrupted iterations
default   [  15% ] 500 VUs  0m08.9s/1m0s

running (0m09.9s), 500/500 VUs, 2179 complete and 0 interrupted iterations
default   [  17% ] 500 VUs  0m09.9s/1m0s

running (0m10.9s), 500/500 VUs, 2409 complete and 0 interrupted iterations
default   [  18% ] 500 VUs  0m10.9s/1m0s

running (0m11.9s), 500/500 VUs, 2699 complete and 0 interrupted iterations
default   [  20% ] 500 VUs  0m11.9s/1m0s

running (0m12.9s), 500/500 VUs, 2903 complete and 0 interrupted iterations
default   [  22% ] 500 VUs  0m12.9s/1m0s

running (0m13.9s), 500/500 VUs, 3209 complete and 0 interrupted iterations
default   [  23% ] 500 VUs  0m13.9s/1m0s

running (0m14.9s), 500/500 VUs, 3460 complete and 0 interrupted iterations
default   [  25% ] 500 VUs  0m14.9s/1m0s

running (0m15.9s), 500/500 VUs, 3726 complete and 0 interrupted iterations
default   [  27% ] 500 VUs  0m15.9s/1m0s

running (0m16.9s), 500/500 VUs, 3978 complete and 0 interrupted iterations
default   [  28% ] 500 VUs  0m16.9s/1m0s

running (0m17.9s), 500/500 VUs, 4217 complete and 0 interrupted iterations
default   [  30% ] 500 VUs  0m17.9s/1m0s

running (0m18.9s), 500/500 VUs, 4518 complete and 0 interrupted iterations
default   [  32% ] 500 VUs  0m18.9s/1m0s

running (0m19.9s), 500/500 VUs, 4715 complete and 0 interrupted iterations
default   [  33% ] 500 VUs  0m19.9s/1m0s

running (0m20.9s), 500/500 VUs, 4994 complete and 0 interrupted iterations
default   [  35% ] 500 VUs  0m20.9s/1m0s

running (0m21.9s), 500/500 VUs, 5285 complete and 0 interrupted iterations
default   [  37% ] 500 VUs  0m21.9s/1m0s

running (0m22.9s), 500/500 VUs, 5636 complete and 0 interrupted iterations
default   [  38% ] 500 VUs  0m22.9s/1m0s

running (0m23.9s), 500/500 VUs, 5930 complete and 0 interrupted iterations
default   [  40% ] 500 VUs  0m23.9s/1m0s

running (0m24.9s), 500/500 VUs, 6286 complete and 0 interrupted iterations
default   [  42% ] 500 VUs  0m24.9s/1m0s

running (0m25.9s), 500/500 VUs, 6541 complete and 0 interrupted iterations
default   [  43% ] 500 VUs  0m25.9s/1m0s

running (0m26.9s), 500/500 VUs, 6883 complete and 0 interrupted iterations
default   [  45% ] 500 VUs  0m26.9s/1m0s

running (0m27.9s), 500/500 VUs, 7184 complete and 0 interrupted iterations
default   [  47% ] 500 VUs  0m27.9s/1m0s

running (0m28.9s), 500/500 VUs, 7443 complete and 0 interrupted iterations
default   [  48% ] 500 VUs  0m28.9s/1m0s

running (0m29.9s), 500/500 VUs, 7786 complete and 0 interrupted iterations
default   [  50% ] 500 VUs  0m29.9s/1m0s

running (0m30.9s), 500/500 VUs, 8055 complete and 0 interrupted iterations
default   [  52% ] 500 VUs  0m30.9s/1m0s

running (0m31.9s), 500/500 VUs, 8402 complete and 0 interrupted iterations
default   [  53% ] 500 VUs  0m31.9s/1m0s

running (0m32.9s), 500/500 VUs, 8695 complete and 0 interrupted iterations
default   [  55% ] 500 VUs  0m32.9s/1m0s

running (0m33.9s), 500/500 VUs, 9044 complete and 0 interrupted iterations
default   [  57% ] 500 VUs  0m33.9s/1m0s

running (0m34.9s), 500/500 VUs, 9354 complete and 0 interrupted iterations
default   [  58% ] 500 VUs  0m34.9s/1m0s

running (0m35.9s), 500/500 VUs, 9604 complete and 0 interrupted iterations
default   [  60% ] 500 VUs  0m35.9s/1m0s

running (0m36.9s), 500/500 VUs, 9980 complete and 0 interrupted iterations
default   [  62% ] 500 VUs  0m36.9s/1m0s

running (0m37.9s), 500/500 VUs, 10214 complete and 0 interrupted iterations
default   [  63% ] 500 VUs  0m37.9s/1m0s

running (0m38.9s), 500/500 VUs, 10583 complete and 0 interrupted iterations
default   [  65% ] 500 VUs  0m38.9s/1m0s

running (0m39.9s), 500/500 VUs, 10754 complete and 0 interrupted iterations
default   [  67% ] 500 VUs  0m39.9s/1m0s

running (0m40.9s), 500/500 VUs, 10913 complete and 0 interrupted iterations
default   [  68% ] 500 VUs  0m40.9s/1m0s

running (0m41.9s), 500/500 VUs, 11206 complete and 0 interrupted iterations
default   [  70% ] 500 VUs  0m41.9s/1m0s

running (0m42.9s), 500/500 VUs, 11532 complete and 0 interrupted iterations
default   [  72% ] 500 VUs  0m42.9s/1m0s

running (0m43.9s), 500/500 VUs, 11831 complete and 0 interrupted iterations
default   [  73% ] 500 VUs  0m43.9s/1m0s

running (0m44.9s), 500/500 VUs, 12148 complete and 0 interrupted iterations
default   [  75% ] 500 VUs  0m44.9s/1m0s

running (0m45.9s), 500/500 VUs, 12479 complete and 0 interrupted iterations
default   [  77% ] 500 VUs  0m45.9s/1m0s

running (0m46.9s), 500/500 VUs, 12791 complete and 0 interrupted iterations
default   [  78% ] 500 VUs  0m46.9s/1m0s

running (0m47.9s), 500/500 VUs, 13105 complete and 0 interrupted iterations
default   [  80% ] 500 VUs  0m47.9s/1m0s

running (0m48.9s), 500/500 VUs, 13399 complete and 0 interrupted iterations
default   [  82% ] 500 VUs  0m48.9s/1m0s

running (0m49.9s), 500/500 VUs, 13724 complete and 0 interrupted iterations
default   [  83% ] 500 VUs  0m49.9s/1m0s

running (0m50.9s), 500/500 VUs, 14047 complete and 0 interrupted iterations
default   [  85% ] 500 VUs  0m50.9s/1m0s

running (0m51.9s), 500/500 VUs, 14358 complete and 0 interrupted iterations
default   [  87% ] 500 VUs  0m51.9s/1m0s

running (0m52.9s), 500/500 VUs, 14699 complete and 0 interrupted iterations
default   [  88% ] 500 VUs  0m52.9s/1m0s

running (0m53.9s), 500/500 VUs, 14994 complete and 0 interrupted iterations
default   [  90% ] 500 VUs  0m53.9s/1m0s

running (0m54.9s), 500/500 VUs, 15303 complete and 0 interrupted iterations
default   [  92% ] 500 VUs  0m54.9s/1m0s

running (0m55.9s), 500/500 VUs, 15620 complete and 0 interrupted iterations
default   [  93% ] 500 VUs  0m55.9s/1m0s

running (0m56.9s), 500/500 VUs, 15924 complete and 0 interrupted iterations
default   [  95% ] 500 VUs  0m56.9s/1m0s

running (0m57.9s), 500/500 VUs, 16252 complete and 0 interrupted iterations
default   [  97% ] 500 VUs  0m57.9s/1m0s

running (0m58.9s), 500/500 VUs, 16501 complete and 0 interrupted iterations
default   [  98% ] 500 VUs  0m58.9s/1m0s

running (0m59.9s), 500/500 VUs, 16849 complete and 0 interrupted iterations
default   [ 100% ] 500 VUs  0m59.9s/1m0s

running (1m00.9s), 196/500 VUs, 17155 complete and 0 interrupted iterations
default ↓ [ 100% ] 500 VUs  1m0s

running (1m01.9s), 010/500 VUs, 17341 complete and 0 interrupted iterations
default ↓ [ 100% ] 500 VUs  1m0s

running (1m02.9s), 006/500 VUs, 17345 complete and 0 interrupted iterations
default ↓ [ 100% ] 500 VUs  1m0s

running (1m03.9s), 006/500 VUs, 17345 complete and 0 interrupted iterations
default ↓ [ 100% ] 500 VUs  1m0s

running (1m04.9s), 006/500 VUs, 17345 complete and 0 interrupted iterations
default ↓ [ 100% ] 500 VUs  1m0s

running (1m05.9s), 003/500 VUs, 17348 complete and 0 interrupted iterations
default ↓ [ 100% ] 500 VUs  1m0s

running (1m06.9s), 003/500 VUs, 17348 complete and 0 interrupted iterations
default ↓ [ 100% ] 500 VUs  1m0s

running (1m07.9s), 003/500 VUs, 17348 complete and 0 interrupted iterations
default ↓ [ 100% ] 500 VUs  1m0s

running (1m08.9s), 003/500 VUs, 17348 complete and 0 interrupted iterations
default ↓ [ 100% ] 500 VUs  1m0s

running (1m09.9s), 003/500 VUs, 17348 complete and 0 interrupted iterations
default ↓ [ 100% ] 500 VUs  1m0s

running (1m10.9s), 003/500 VUs, 17348 complete and 0 interrupted iterations
default ↓ [ 100% ] 500 VUs  1m0s

running (1m11.9s), 003/500 VUs, 17348 complete and 0 interrupted iterations
default ↓ [ 100% ] 500 VUs  1m0s

running (1m12.9s), 001/500 VUs, 17350 complete and 0 interrupted iterations
default ↓ [ 100% ] 500 VUs  1m0s

running (1m13.9s), 001/500 VUs, 17350 complete and 0 interrupted iterations
default ↓ [ 100% ] 500 VUs  1m0s

running (1m14.9s), 001/500 VUs, 17350 complete and 0 interrupted iterations
default ↓ [ 100% ] 500 VUs  1m0s

running (1m15.1s), 000/500 VUs, 17351 complete and 0 interrupted iterations
default ✓ [ 100% ] 500 VUs  1m0s

     ✓ status is 200

     checks.........................: 100.00% ✓ 17351      ✗ 0    
     data_received..................: 97 MB   1.3 MB/s
     data_sent......................: 9.9 MB  132 kB/s
     http_req_blocked...............: avg=358.89ms min=211ns    med=310.4ms  max=5.66s    p(90)=518.38ms p(95)=601.64ms
     http_req_connecting............: avg=160.05ms min=0s       med=142.93ms max=1.42s    p(90)=220.74ms p(95)=268.26ms
     http_req_duration..............: avg=384.27ms min=247.95ms med=306.41ms max=14.95s   p(90)=558.76ms p(95)=740.68ms
       { expected_response:true }...: avg=384.27ms min=247.95ms med=306.41ms max=14.95s   p(90)=558.76ms p(95)=740.68ms
     http_req_failed................: 0.00%   ✓ 0          ✗ 17351
     http_req_receiving.............: avg=718.27µs min=18.89µs  med=57.58µs  max=715.25ms p(90)=1.06ms   p(95)=2.81ms  
     http_req_sending...............: avg=200.53µs min=30.94µs  med=105.29µs max=54.16ms  p(90)=272.49µs p(95)=355.19µs
     http_req_tls_handshaking.......: avg=183.19ms min=0s       med=157.47ms max=1.55s    p(90)=267.43ms p(95)=327.75ms
     http_req_waiting...............: avg=383.36ms min=247.72ms med=305.62ms max=14.95s   p(90)=556ms    p(95)=739.65ms
     http_reqs......................: 17351   231.189948/s
     iteration_duration.............: avg=1.75s    min=1.25s    med=1.62s    max=16.22s   p(90)=2.06s    p(95)=2.38s   
     iterations.....................: 17351   231.189948/s
     vus............................: 1       min=1        max=500
     vus_max........................: 500     min=500      max=500

