
          /\      |‾‾| /‾‾/   /‾‾/   
     /\  /  \     |  |/  /   /  /    
    /  \/    \    |     (   /   ‾‾\  
   /          \   |  |\  \ |  (‾)  | 
  / __________ \  |__| \__\ \_____/ .io

  execution: local
     script: tunnels.js
     output: -

  scenarios: (100.00%) 1 scenario, 400 max VUs, 1m30s max duration (incl. graceful stop):
           * default: 400 looping VUs for 1m0s (gracefulStop: 30s)


running (0m00.9s), 400/400 VUs, 0 complete and 0 interrupted iterations
default   [   2% ] 400 VUs  0m00.9s/1m0s

running (0m01.9s), 400/400 VUs, 1 complete and 0 interrupted iterations
default   [   3% ] 400 VUs  0m01.9s/1m0s

running (0m02.9s), 400/400 VUs, 400 complete and 0 interrupted iterations
default   [   5% ] 400 VUs  0m02.9s/1m0s

running (0m03.9s), 400/400 VUs, 455 complete and 0 interrupted iterations
default   [   7% ] 400 VUs  0m03.9s/1m0s

running (0m04.9s), 400/400 VUs, 800 complete and 0 interrupted iterations
default   [   8% ] 400 VUs  0m04.9s/1m0s

running (0m05.9s), 400/400 VUs, 925 complete and 0 interrupted iterations
default   [  10% ] 400 VUs  0m05.9s/1m0s

running (0m06.9s), 400/400 VUs, 1228 complete and 0 interrupted iterations
default   [  12% ] 400 VUs  0m06.9s/1m0s

running (0m07.9s), 400/400 VUs, 1540 complete and 0 interrupted iterations
default   [  13% ] 400 VUs  0m07.9s/1m0s

running (0m08.9s), 400/400 VUs, 1715 complete and 0 interrupted iterations
default   [  15% ] 400 VUs  0m08.9s/1m0s

running (0m09.9s), 400/400 VUs, 2017 complete and 0 interrupted iterations
default   [  17% ] 400 VUs  0m09.9s/1m0s

running (0m10.9s), 400/400 VUs, 2235 complete and 0 interrupted iterations
default   [  18% ] 400 VUs  0m10.9s/1m0s

running (0m11.9s), 400/400 VUs, 2489 complete and 0 interrupted iterations
default   [  20% ] 400 VUs  0m11.9s/1m0s

running (0m12.9s), 400/400 VUs, 2767 complete and 0 interrupted iterations
default   [  22% ] 400 VUs  0m12.9s/1m0s

running (0m13.9s), 400/400 VUs, 2961 complete and 0 interrupted iterations
default   [  23% ] 400 VUs  0m13.9s/1m0s

running (0m14.9s), 400/400 VUs, 3275 complete and 0 interrupted iterations
default   [  25% ] 400 VUs  0m14.9s/1m0s

running (0m15.9s), 400/400 VUs, 3485 complete and 0 interrupted iterations
default   [  27% ] 400 VUs  0m15.9s/1m0s

running (0m16.9s), 400/400 VUs, 3756 complete and 0 interrupted iterations
default   [  28% ] 400 VUs  0m16.9s/1m0s

running (0m17.9s), 400/400 VUs, 4052 complete and 0 interrupted iterations
default   [  30% ] 400 VUs  0m17.9s/1m0s

running (0m18.9s), 400/400 VUs, 4207 complete and 0 interrupted iterations
default   [  32% ] 400 VUs  0m18.9s/1m0s

running (0m19.9s), 400/400 VUs, 4546 complete and 0 interrupted iterations
default   [  33% ] 400 VUs  0m19.9s/1m0s

running (0m20.9s), 400/400 VUs, 4610 complete and 0 interrupted iterations
default   [  35% ] 400 VUs  0m20.9s/1m0s

running (0m21.9s), 400/400 VUs, 4964 complete and 0 interrupted iterations
default   [  37% ] 400 VUs  0m21.9s/1m0s

running (0m22.9s), 400/400 VUs, 5076 complete and 0 interrupted iterations
default   [  38% ] 400 VUs  0m22.9s/1m0s

running (0m23.9s), 400/400 VUs, 5401 complete and 0 interrupted iterations
default   [  40% ] 400 VUs  0m23.9s/1m0s

running (0m24.9s), 400/400 VUs, 5573 complete and 0 interrupted iterations
default   [  42% ] 400 VUs  0m24.9s/1m0s

running (0m25.9s), 400/400 VUs, 5873 complete and 0 interrupted iterations
default   [  43% ] 400 VUs  0m25.9s/1m0s

running (0m26.9s), 400/400 VUs, 6172 complete and 0 interrupted iterations
default   [  45% ] 400 VUs  0m26.9s/1m0s

running (0m27.9s), 400/400 VUs, 6311 complete and 0 interrupted iterations
default   [  47% ] 400 VUs  0m27.9s/1m0s

running (0m28.9s), 400/400 VUs, 6654 complete and 0 interrupted iterations
default   [  48% ] 400 VUs  0m28.9s/1m0s

running (0m29.9s), 400/400 VUs, 6849 complete and 0 interrupted iterations
default   [  50% ] 400 VUs  0m29.9s/1m0s

running (0m30.9s), 400/400 VUs, 7106 complete and 0 interrupted iterations
default   [  52% ] 400 VUs  0m30.9s/1m0s

running (0m31.9s), 400/400 VUs, 7438 complete and 0 interrupted iterations
default   [  53% ] 400 VUs  0m31.9s/1m0s

running (0m32.9s), 400/400 VUs, 7610 complete and 0 interrupted iterations
default   [  55% ] 400 VUs  0m32.9s/1m0s

running (0m33.9s), 400/400 VUs, 7904 complete and 0 interrupted iterations
default   [  57% ] 400 VUs  0m33.9s/1m0s

running (0m34.9s), 400/400 VUs, 8135 complete and 0 interrupted iterations
default   [  58% ] 400 VUs  0m34.9s/1m0s

running (0m35.9s), 400/400 VUs, 8399 complete and 0 interrupted iterations
default   [  60% ] 400 VUs  0m35.9s/1m0s

running (0m36.9s), 400/400 VUs, 8662 complete and 0 interrupted iterations
default   [  62% ] 400 VUs  0m36.9s/1m0s

running (0m37.9s), 400/400 VUs, 8898 complete and 0 interrupted iterations
default   [  63% ] 400 VUs  0m37.9s/1m0s

running (0m38.9s), 400/400 VUs, 9166 complete and 0 interrupted iterations
default   [  65% ] 400 VUs  0m38.9s/1m0s

running (0m39.9s), 400/400 VUs, 9395 complete and 0 interrupted iterations
default   [  67% ] 400 VUs  0m39.9s/1m0s

running (0m40.9s), 400/400 VUs, 9657 complete and 0 interrupted iterations
default   [  68% ] 400 VUs  0m40.9s/1m0s

running (0m41.9s), 400/400 VUs, 9915 complete and 0 interrupted iterations
default   [  70% ] 400 VUs  0m41.9s/1m0s

running (0m42.9s), 400/400 VUs, 10178 complete and 0 interrupted iterations
default   [  72% ] 400 VUs  0m42.9s/1m0s

running (0m43.9s), 400/400 VUs, 10438 complete and 0 interrupted iterations
default   [  73% ] 400 VUs  0m43.9s/1m0s

running (0m44.9s), 400/400 VUs, 10704 complete and 0 interrupted iterations
default   [  75% ] 400 VUs  0m44.9s/1m0s

running (0m45.9s), 400/400 VUs, 10922 complete and 0 interrupted iterations
default   [  77% ] 400 VUs  0m45.9s/1m0s

running (0m46.9s), 400/400 VUs, 11191 complete and 0 interrupted iterations
default   [  78% ] 400 VUs  0m46.9s/1m0s

running (0m47.9s), 400/400 VUs, 11428 complete and 0 interrupted iterations
default   [  80% ] 400 VUs  0m47.9s/1m0s

running (0m48.9s), 400/400 VUs, 11663 complete and 0 interrupted iterations
default   [  82% ] 400 VUs  0m48.9s/1m0s

running (0m49.9s), 400/400 VUs, 11956 complete and 0 interrupted iterations
default   [  83% ] 400 VUs  0m49.9s/1m0s

running (0m50.9s), 400/400 VUs, 12161 complete and 0 interrupted iterations
default   [  85% ] 400 VUs  0m50.9s/1m0s

running (0m51.9s), 400/400 VUs, 12458 complete and 0 interrupted iterations
default   [  87% ] 400 VUs  0m51.9s/1m0s

running (0m52.9s), 400/400 VUs, 12697 complete and 0 interrupted iterations
default   [  88% ] 400 VUs  0m52.9s/1m0s

running (0m53.9s), 400/400 VUs, 12889 complete and 0 interrupted iterations
default   [  90% ] 400 VUs  0m53.9s/1m0s

running (0m54.9s), 400/400 VUs, 13148 complete and 0 interrupted iterations
default   [  92% ] 400 VUs  0m54.9s/1m0s

running (0m55.9s), 400/400 VUs, 13386 complete and 0 interrupted iterations
default   [  93% ] 400 VUs  0m55.9s/1m0s

running (0m56.9s), 400/400 VUs, 13621 complete and 0 interrupted iterations
default   [  95% ] 400 VUs  0m56.9s/1m0s

running (0m57.9s), 400/400 VUs, 13841 complete and 0 interrupted iterations
default   [  97% ] 400 VUs  0m57.9s/1m0s

running (0m58.9s), 400/400 VUs, 13990 complete and 0 interrupted iterations
default   [  98% ] 400 VUs  0m58.9s/1m0s

running (0m59.9s), 400/400 VUs, 14227 complete and 0 interrupted iterations
default   [ 100% ] 400 VUs  0m59.9s/1m0s

running (1m00.9s), 177/400 VUs, 14450 complete and 0 interrupted iterations
default ↓ [ 100% ] 400 VUs  1m0s

running (1m01.4s), 000/400 VUs, 14627 complete and 0 interrupted iterations
default ✓ [ 100% ] 400 VUs  1m0s

     ✓ status is 200

     checks.........................: 100.00% ✓ 14627      ✗ 0    
     data_received..................: 82 MB   1.3 MB/s
     data_sent......................: 8.3 MB  136 kB/s
     http_req_blocked...............: avg=315.24ms min=206ns    med=291.7ms  max=945.19ms p(90)=423.49ms p(95)=508.66ms
     http_req_connecting............: avg=145.98ms min=0s       med=133.95ms max=438.44ms p(90)=181.68ms p(95)=235.26ms
     http_req_duration..............: avg=337.98ms min=247.04ms med=290.56ms max=1.73s    p(90)=452.71ms p(95)=587.6ms 
       { expected_response:true }...: avg=337.98ms min=247.04ms med=290.56ms max=1.73s    p(90)=452.71ms p(95)=587.6ms 
     http_req_failed................: 0.00%   ✓ 0          ✗ 14627
     http_req_receiving.............: avg=528.84µs min=19.71µs  med=56.7µs   max=50.17ms  p(90)=674.45µs p(95)=1.93ms  
     http_req_sending...............: avg=192.3µs  min=29.97µs  med=106.75µs max=32.28ms  p(90)=278.37µs p(95)=346.47µs
     http_req_tls_handshaking.......: avg=164.83ms min=0s       med=148.37ms max=816.95ms p(90)=229.66ms p(95)=278.39ms
     http_req_waiting...............: avg=337.26ms min=246.86ms med=289.96ms max=1.73s    p(90)=451.27ms p(95)=586.83ms
     http_reqs......................: 14627   238.110462/s
     iteration_duration.............: avg=1.66s    min=1.24s    med=1.59s    max=3.22s    p(90)=1.88s    p(95)=2.08s   
     iterations.....................: 14627   238.110462/s
     vus............................: 177     min=177      max=400
     vus_max........................: 400     min=400      max=400

