
          /\      |‾‾| /‾‾/   /‾‾/   
     /\  /  \     |  |/  /   /  /    
    /  \/    \    |     (   /   ‾‾\  
   /          \   |  |\  \ |  (‾)  | 
  / __________ \  |__| \__\ \_____/ .io

  execution: local
     script: tunnels.js
     output: -

  scenarios: (100.00%) 1 scenario, 100 max VUs, 10m30s max duration (incl. graceful stop):
           * default: 100 looping VUs for 10m0s (gracefulStop: 30s)


running (00m01.0s), 100/100 VUs, 0 complete and 0 interrupted iterations
default   [   0% ] 100 VUs  00m01.0s/10m0s

running (00m02.0s), 100/100 VUs, 16 complete and 0 interrupted iterations
default   [   0% ] 100 VUs  00m02.0s/10m0s

running (00m03.0s), 100/100 VUs, 100 complete and 0 interrupted iterations
default   [   0% ] 100 VUs  00m03.0s/10m0s

running (00m04.0s), 100/100 VUs, 141 complete and 0 interrupted iterations
default   [   1% ] 100 VUs  00m04.0s/10m0s

running (00m05.0s), 100/100 VUs, 206 complete and 0 interrupted iterations
default   [   1% ] 100 VUs  00m05.0s/10m0s

running (00m06.0s), 100/100 VUs, 242 complete and 0 interrupted iterations
default   [   1% ] 100 VUs  00m06.0s/10m0s

running (00m07.0s), 100/100 VUs, 307 complete and 0 interrupted iterations
default   [   1% ] 100 VUs  00m07.0s/10m0s

running (00m08.0s), 100/100 VUs, 357 complete and 0 interrupted iterations
default   [   1% ] 100 VUs  00m08.0s/10m0s

running (00m09.0s), 100/100 VUs, 407 complete and 0 interrupted iterations
default   [   1% ] 100 VUs  00m09.0s/10m0s

running (00m10.0s), 100/100 VUs, 471 complete and 0 interrupted iterations
default   [   2% ] 100 VUs  00m10.0s/10m0s

running (00m11.0s), 100/100 VUs, 516 complete and 0 interrupted iterations
default   [   2% ] 100 VUs  00m11.0s/10m0s

running (00m12.0s), 100/100 VUs, 600 complete and 0 interrupted iterations
default   [   2% ] 100 VUs  00m12.0s/10m0s

running (00m13.0s), 100/100 VUs, 629 complete and 0 interrupted iterations
default   [   2% ] 100 VUs  00m13.0s/10m0s

running (00m14.0s), 100/100 VUs, 705 complete and 0 interrupted iterations
default   [   2% ] 100 VUs  00m14.0s/10m0s

running (00m15.0s), 100/100 VUs, 743 complete and 0 interrupted iterations
default   [   2% ] 100 VUs  00m15.0s/10m0s

running (00m16.0s), 100/100 VUs, 807 complete and 0 interrupted iterations
default   [   3% ] 100 VUs  00m16.0s/10m0s

running (00m17.0s), 100/100 VUs, 840 complete and 0 interrupted iterations
default   [   3% ] 100 VUs  00m17.0s/10m0s

running (00m18.0s), 100/100 VUs, 926 complete and 0 interrupted iterations
default   [   3% ] 100 VUs  00m18.0s/10m0s

running (00m19.0s), 100/100 VUs, 1004 complete and 0 interrupted iterations
default   [   3% ] 100 VUs  00m19.0s/10m0s

running (00m20.0s), 100/100 VUs, 1040 complete and 0 interrupted iterations
default   [   3% ] 100 VUs  00m20.0s/10m0s

running (00m21.0s), 100/100 VUs, 1103 complete and 0 interrupted iterations
default   [   3% ] 100 VUs  00m21.0s/10m0s

running (00m22.0s), 100/100 VUs, 1137 complete and 0 interrupted iterations
default   [   4% ] 100 VUs  00m22.0s/10m0s

running (00m23.0s), 100/100 VUs, 1200 complete and 0 interrupted iterations
default   [   4% ] 100 VUs  00m23.0s/10m0s

running (00m24.0s), 100/100 VUs, 1271 complete and 0 interrupted iterations
default   [   4% ] 100 VUs  00m24.0s/10m0s

running (00m25.0s), 100/100 VUs, 1315 complete and 0 interrupted iterations
default   [   4% ] 100 VUs  00m25.0s/10m0s

running (00m26.0s), 100/100 VUs, 1376 complete and 0 interrupted iterations
default   [   4% ] 100 VUs  00m26.0s/10m0s

running (00m27.0s), 100/100 VUs, 1429 complete and 0 interrupted iterations
default   [   4% ] 100 VUs  00m27.0s/10m0s

running (00m28.0s), 100/100 VUs, 1488 complete and 0 interrupted iterations
default   [   5% ] 100 VUs  00m28.0s/10m0s

running (00m29.0s), 100/100 VUs, 1541 complete and 0 interrupted iterations
default   [   5% ] 100 VUs  00m29.0s/10m0s

running (00m30.0s), 100/100 VUs, 1608 complete and 0 interrupted iterations
default   [   5% ] 100 VUs  00m30.0s/10m0s

running (00m31.0s), 100/100 VUs, 1670 complete and 0 interrupted iterations
default   [   5% ] 100 VUs  00m31.0s/10m0s

running (00m32.0s), 100/100 VUs, 1729 complete and 0 interrupted iterations
default   [   5% ] 100 VUs  00m32.0s/10m0s

running (00m33.0s), 100/100 VUs, 1791 complete and 0 interrupted iterations
default   [   5% ] 100 VUs  00m33.0s/10m0s

running (00m34.0s), 100/100 VUs, 1850 complete and 0 interrupted iterations
default   [   6% ] 100 VUs  00m34.0s/10m0s

running (00m35.0s), 100/100 VUs, 1915 complete and 0 interrupted iterations
default   [   6% ] 100 VUs  00m35.0s/10m0s

running (00m36.0s), 100/100 VUs, 1990 complete and 0 interrupted iterations
default   [   6% ] 100 VUs  00m36.0s/10m0s

running (00m37.0s), 100/100 VUs, 2037 complete and 0 interrupted iterations
default   [   6% ] 100 VUs  00m37.0s/10m0s

running (00m38.0s), 100/100 VUs, 2115 complete and 0 interrupted iterations
default   [   6% ] 100 VUs  00m38.0s/10m0s

running (00m39.0s), 100/100 VUs, 2188 complete and 0 interrupted iterations
default   [   6% ] 100 VUs  00m39.0s/10m0s

running (00m40.0s), 100/100 VUs, 2225 complete and 0 interrupted iterations
default   [   7% ] 100 VUs  00m40.0s/10m0s

running (00m41.0s), 100/100 VUs, 2275 complete and 0 interrupted iterations
default   [   7% ] 100 VUs  00m41.0s/10m0s

running (00m42.0s), 100/100 VUs, 2337 complete and 0 interrupted iterations
default   [   7% ] 100 VUs  00m42.0s/10m0s

running (00m43.0s), 100/100 VUs, 2424 complete and 0 interrupted iterations
default   [   7% ] 100 VUs  00m43.0s/10m0s

running (00m44.0s), 100/100 VUs, 2475 complete and 0 interrupted iterations
default   [   7% ] 100 VUs  00m44.0s/10m0s

running (00m45.0s), 100/100 VUs, 2537 complete and 0 interrupted iterations
default   [   7% ] 100 VUs  00m45.0s/10m0s

running (00m46.0s), 100/100 VUs, 2617 complete and 0 interrupted iterations
default   [   8% ] 100 VUs  00m46.0s/10m0s

running (00m47.0s), 100/100 VUs, 2644 complete and 0 interrupted iterations
default   [   8% ] 100 VUs  00m47.0s/10m0s

running (00m48.0s), 100/100 VUs, 2726 complete and 0 interrupted iterations
default   [   8% ] 100 VUs  00m48.0s/10m0s

running (00m49.0s), 100/100 VUs, 2760 complete and 0 interrupted iterations
default   [   8% ] 100 VUs  00m49.0s/10m0s

running (00m50.0s), 100/100 VUs, 2837 complete and 0 interrupted iterations
default   [   8% ] 100 VUs  00m50.0s/10m0s

running (00m51.0s), 100/100 VUs, 2869 complete and 0 interrupted iterations
default   [   8% ] 100 VUs  00m51.0s/10m0s

running (00m52.0s), 100/100 VUs, 2943 complete and 0 interrupted iterations
default   [   9% ] 100 VUs  00m52.0s/10m0s

running (00m53.0s), 100/100 VUs, 2972 complete and 0 interrupted iterations
default   [   9% ] 100 VUs  00m53.0s/10m0s

running (00m54.0s), 100/100 VUs, 3044 complete and 0 interrupted iterations
default   [   9% ] 100 VUs  00m54.0s/10m0s

running (00m55.0s), 100/100 VUs, 3107 complete and 0 interrupted iterations
default   [   9% ] 100 VUs  00m55.0s/10m0s

running (00m56.0s), 100/100 VUs, 3146 complete and 0 interrupted iterations
default   [   9% ] 100 VUs  00m56.0s/10m0s

running (00m57.0s), 100/100 VUs, 3227 complete and 0 interrupted iterations
default   [   9% ] 100 VUs  00m57.0s/10m0s

running (00m58.0s), 100/100 VUs, 3255 complete and 0 interrupted iterations
default   [  10% ] 100 VUs  00m58.0s/10m0s

running (00m59.0s), 100/100 VUs, 3319 complete and 0 interrupted iterations
default   [  10% ] 100 VUs  00m59.0s/10m0s

running (01m00.0s), 100/100 VUs, 3371 complete and 0 interrupted iterations
default   [  10% ] 100 VUs  01m00.0s/10m0s

running (01m01.0s), 100/100 VUs, 3447 complete and 0 interrupted iterations
default   [  10% ] 100 VUs  01m01.0s/10m0s

running (01m02.0s), 100/100 VUs, 3519 complete and 0 interrupted iterations
default   [  10% ] 100 VUs  01m02.0s/10m0s

running (01m03.0s), 100/100 VUs, 3571 complete and 0 interrupted iterations
default   [  10% ] 100 VUs  01m03.0s/10m0s

running (01m04.0s), 100/100 VUs, 3647 complete and 0 interrupted iterations
default   [  11% ] 100 VUs  01m04.0s/10m0s

running (01m05.0s), 100/100 VUs, 3720 complete and 0 interrupted iterations
default   [  11% ] 100 VUs  01m05.0s/10m0s

running (01m06.0s), 100/100 VUs, 3771 complete and 0 interrupted iterations
default   [  11% ] 100 VUs  01m06.0s/10m0s

running (01m07.0s), 100/100 VUs, 3840 complete and 0 interrupted iterations
default   [  11% ] 100 VUs  01m07.0s/10m0s

running (01m08.0s), 100/100 VUs, 3873 complete and 0 interrupted iterations
default   [  11% ] 100 VUs  01m08.0s/10m0s

running (01m09.0s), 100/100 VUs, 3961 complete and 0 interrupted iterations
default   [  11% ] 100 VUs  01m09.0s/10m0s

running (01m10.0s), 100/100 VUs, 4031 complete and 0 interrupted iterations
default   [  12% ] 100 VUs  01m10.0s/10m0s

running (01m11.0s), 100/100 VUs, 4073 complete and 0 interrupted iterations
default   [  12% ] 100 VUs  01m11.0s/10m0s

running (01m12.0s), 100/100 VUs, 4152 complete and 0 interrupted iterations
default   [  12% ] 100 VUs  01m12.0s/10m0s

running (01m13.0s), 100/100 VUs, 4187 complete and 0 interrupted iterations
default   [  12% ] 100 VUs  01m13.0s/10m0s

running (01m14.0s), 100/100 VUs, 4266 complete and 0 interrupted iterations
default   [  12% ] 100 VUs  01m14.0s/10m0s

running (01m15.0s), 100/100 VUs, 4295 complete and 0 interrupted iterations
default   [  12% ] 100 VUs  01m15.0s/10m0s

running (01m16.0s), 100/100 VUs, 4372 complete and 0 interrupted iterations
default   [  13% ] 100 VUs  01m16.0s/10m0s

running (01m17.0s), 100/100 VUs, 4447 complete and 0 interrupted iterations
default   [  13% ] 100 VUs  01m17.0s/10m0s

running (01m18.0s), 100/100 VUs, 4495 complete and 0 interrupted iterations
default   [  13% ] 100 VUs  01m18.0s/10m0s

running (01m19.0s), 100/100 VUs, 4572 complete and 0 interrupted iterations
default   [  13% ] 100 VUs  01m19.0s/10m0s

running (01m20.0s), 100/100 VUs, 4638 complete and 0 interrupted iterations
default   [  13% ] 100 VUs  01m20.0s/10m0s

running (01m21.0s), 100/100 VUs, 4675 complete and 0 interrupted iterations
default   [  13% ] 100 VUs  01m21.0s/10m0s

running (01m22.0s), 100/100 VUs, 4771 complete and 0 interrupted iterations
default   [  14% ] 100 VUs  01m22.0s/10m0s

running (01m23.0s), 100/100 VUs, 4837 complete and 0 interrupted iterations
default   [  14% ] 100 VUs  01m23.0s/10m0s

running (01m24.0s), 100/100 VUs, 4874 complete and 0 interrupted iterations
default   [  14% ] 100 VUs  01m24.0s/10m0s

running (01m25.0s), 100/100 VUs, 4930 complete and 0 interrupted iterations
default   [  14% ] 100 VUs  01m25.0s/10m0s

running (01m26.0s), 100/100 VUs, 4972 complete and 0 interrupted iterations
default   [  14% ] 100 VUs  01m26.0s/10m0s

running (01m27.0s), 100/100 VUs, 5034 complete and 0 interrupted iterations
default   [  14% ] 100 VUs  01m27.0s/10m0s

running (01m28.0s), 100/100 VUs, 5074 complete and 0 interrupted iterations
default   [  15% ] 100 VUs  01m28.0s/10m0s

running (01m29.0s), 100/100 VUs, 5163 complete and 0 interrupted iterations
default   [  15% ] 100 VUs  01m29.0s/10m0s

running (01m30.0s), 100/100 VUs, 5183 complete and 0 interrupted iterations
default   [  15% ] 100 VUs  01m30.0s/10m0s

running (01m31.0s), 100/100 VUs, 5273 complete and 0 interrupted iterations
default   [  15% ] 100 VUs  01m31.0s/10m0s

running (01m32.0s), 100/100 VUs, 5303 complete and 0 interrupted iterations
default   [  15% ] 100 VUs  01m32.0s/10m0s

running (01m33.0s), 100/100 VUs, 5374 complete and 0 interrupted iterations
default   [  15% ] 100 VUs  01m33.0s/10m0s

running (01m34.0s), 100/100 VUs, 5469 complete and 0 interrupted iterations
default   [  16% ] 100 VUs  01m34.0s/10m0s

running (01m35.0s), 100/100 VUs, 5502 complete and 0 interrupted iterations
default   [  16% ] 100 VUs  01m35.0s/10m0s

running (01m36.0s), 100/100 VUs, 5576 complete and 0 interrupted iterations
default   [  16% ] 100 VUs  01m36.0s/10m0s

running (01m37.0s), 100/100 VUs, 5667 complete and 0 interrupted iterations
default   [  16% ] 100 VUs  01m37.0s/10m0s

running (01m38.0s), 100/100 VUs, 5701 complete and 0 interrupted iterations
default   [  16% ] 100 VUs  01m38.0s/10m0s

running (01m39.0s), 100/100 VUs, 5776 complete and 0 interrupted iterations
default   [  16% ] 100 VUs  01m39.0s/10m0s

running (01m40.0s), 100/100 VUs, 5862 complete and 0 interrupted iterations
default   [  17% ] 100 VUs  01m40.0s/10m0s

running (01m41.0s), 100/100 VUs, 5889 complete and 0 interrupted iterations
default   [  17% ] 100 VUs  01m41.0s/10m0s

running (01m42.0s), 100/100 VUs, 5980 complete and 0 interrupted iterations
default   [  17% ] 100 VUs  01m42.0s/10m0s

running (01m43.0s), 100/100 VUs, 6045 complete and 0 interrupted iterations
default   [  17% ] 100 VUs  01m43.0s/10m0s

running (01m44.0s), 100/100 VUs, 6090 complete and 0 interrupted iterations
default   [  17% ] 100 VUs  01m44.0s/10m0s

running (01m45.0s), 100/100 VUs, 6179 complete and 0 interrupted iterations
default   [  17% ] 100 VUs  01m45.0s/10m0s

running (01m46.0s), 100/100 VUs, 6242 complete and 0 interrupted iterations
default   [  18% ] 100 VUs  01m46.0s/10m0s

running (01m47.0s), 100/100 VUs, 6292 complete and 0 interrupted iterations
default   [  18% ] 100 VUs  01m47.0s/10m0s

running (01m48.0s), 100/100 VUs, 6380 complete and 0 interrupted iterations
default   [  18% ] 100 VUs  01m48.0s/10m0s

running (01m49.0s), 100/100 VUs, 6433 complete and 0 interrupted iterations
default   [  18% ] 100 VUs  01m49.0s/10m0s

running (01m50.0s), 100/100 VUs, 6493 complete and 0 interrupted iterations
default   [  18% ] 100 VUs  01m50.0s/10m0s

running (01m51.0s), 100/100 VUs, 6577 complete and 0 interrupted iterations
default   [  18% ] 100 VUs  01m51.0s/10m0s

running (01m52.0s), 100/100 VUs, 6609 complete and 0 interrupted iterations
default   [  19% ] 100 VUs  01m52.0s/10m0s

running (01m53.0s), 100/100 VUs, 6672 complete and 0 interrupted iterations
default   [  19% ] 100 VUs  01m53.0s/10m0s

running (01m54.0s), 100/100 VUs, 6739 complete and 0 interrupted iterations
default   [  19% ] 100 VUs  01m54.0s/10m0s

running (01m55.0s), 100/100 VUs, 6807 complete and 0 interrupted iterations
default   [  19% ] 100 VUs  01m55.0s/10m0s

running (01m56.0s), 100/100 VUs, 6872 complete and 0 interrupted iterations
default   [  19% ] 100 VUs  01m56.0s/10m0s

running (01m57.0s), 100/100 VUs, 6939 complete and 0 interrupted iterations
default   [  19% ] 100 VUs  01m57.0s/10m0s

running (01m58.0s), 100/100 VUs, 6984 complete and 0 interrupted iterations
default   [  20% ] 100 VUs  01m58.0s/10m0s

running (01m59.0s), 100/100 VUs, 7038 complete and 0 interrupted iterations
default   [  20% ] 100 VUs  01m59.0s/10m0s

running (02m00.0s), 100/100 VUs, 7095 complete and 0 interrupted iterations
default   [  20% ] 100 VUs  02m00.0s/10m0s

running (02m01.0s), 100/100 VUs, 7138 complete and 0 interrupted iterations
default   [  20% ] 100 VUs  02m01.0s/10m0s

running (02m02.0s), 100/100 VUs, 7212 complete and 0 interrupted iterations
default   [  20% ] 100 VUs  02m02.0s/10m0s

running (02m03.0s), 100/100 VUs, 7288 complete and 0 interrupted iterations
default   [  20% ] 100 VUs  02m03.0s/10m0s

running (02m04.0s), 100/100 VUs, 7338 complete and 0 interrupted iterations
default   [  21% ] 100 VUs  02m04.0s/10m0s

running (02m05.0s), 100/100 VUs, 7412 complete and 0 interrupted iterations
default   [  21% ] 100 VUs  02m05.0s/10m0s

running (02m06.0s), 100/100 VUs, 7490 complete and 0 interrupted iterations
default   [  21% ] 100 VUs  02m06.0s/10m0s

running (02m07.0s), 100/100 VUs, 7540 complete and 0 interrupted iterations
default   [  21% ] 100 VUs  02m07.0s/10m0s

running (02m08.0s), 100/100 VUs, 7614 complete and 0 interrupted iterations
default   [  21% ] 100 VUs  02m08.0s/10m0s

running (02m09.0s), 100/100 VUs, 7682 complete and 0 interrupted iterations
default   [  21% ] 100 VUs  02m09.0s/10m0s

running (02m10.0s), 100/100 VUs, 7739 complete and 0 interrupted iterations
default   [  22% ] 100 VUs  02m10.0s/10m0s

running (02m11.0s), 100/100 VUs, 7814 complete and 0 interrupted iterations
default   [  22% ] 100 VUs  02m11.0s/10m0s

running (02m12.0s), 100/100 VUs, 7878 complete and 0 interrupted iterations
default   [  22% ] 100 VUs  02m12.0s/10m0s

running (02m13.0s), 100/100 VUs, 7942 complete and 0 interrupted iterations
default   [  22% ] 100 VUs  02m13.0s/10m0s

running (02m14.0s), 100/100 VUs, 8014 complete and 0 interrupted iterations
default   [  22% ] 100 VUs  02m14.0s/10m0s

running (02m15.0s), 100/100 VUs, 8065 complete and 0 interrupted iterations
default   [  22% ] 100 VUs  02m15.0s/10m0s

running (02m16.0s), 100/100 VUs, 8125 complete and 0 interrupted iterations
default   [  23% ] 100 VUs  02m16.0s/10m0s

running (02m17.0s), 100/100 VUs, 8170 complete and 0 interrupted iterations
default   [  23% ] 100 VUs  02m17.0s/10m0s

running (02m18.0s), 100/100 VUs, 8231 complete and 0 interrupted iterations
default   [  23% ] 100 VUs  02m18.0s/10m0s

running (02m19.0s), 100/100 VUs, 8273 complete and 0 interrupted iterations
default   [  23% ] 100 VUs  02m19.0s/10m0s

running (02m20.0s), 100/100 VUs, 8343 complete and 0 interrupted iterations
default   [  23% ] 100 VUs  02m20.0s/10m0s

running (02m21.0s), 100/100 VUs, 8373 complete and 0 interrupted iterations
default   [  23% ] 100 VUs  02m21.0s/10m0s

running (02m22.0s), 100/100 VUs, 8457 complete and 0 interrupted iterations
default   [  24% ] 100 VUs  02m22.0s/10m0s

running (02m23.0s), 100/100 VUs, 8517 complete and 0 interrupted iterations
default   [  24% ] 100 VUs  02m23.0s/10m0s

running (02m24.0s), 100/100 VUs, 8569 complete and 0 interrupted iterations
default   [  24% ] 100 VUs  02m24.0s/10m0s

running (02m25.0s), 100/100 VUs, 8606 complete and 0 interrupted iterations
default   [  24% ] 100 VUs  02m25.0s/10m0s

running (02m26.0s), 100/100 VUs, 8671 complete and 0 interrupted iterations
default   [  24% ] 100 VUs  02m26.0s/10m0s

running (02m27.0s), 100/100 VUs, 8761 complete and 0 interrupted iterations
default   [  24% ] 100 VUs  02m27.0s/10m0s

running (02m28.0s), 100/100 VUs, 8808 complete and 0 interrupted iterations
default   [  25% ] 100 VUs  02m28.0s/10m0s

running (02m29.0s), 100/100 VUs, 8871 complete and 0 interrupted iterations
default   [  25% ] 100 VUs  02m29.0s/10m0s

running (02m30.0s), 100/100 VUs, 8961 complete and 0 interrupted iterations
default   [  25% ] 100 VUs  02m30.0s/10m0s

running (02m31.0s), 100/100 VUs, 9008 complete and 0 interrupted iterations
default   [  25% ] 100 VUs  02m31.0s/10m0s

running (02m32.0s), 100/100 VUs, 9073 complete and 0 interrupted iterations
default   [  25% ] 100 VUs  02m32.0s/10m0s

running (02m33.0s), 100/100 VUs, 9135 complete and 0 interrupted iterations
default   [  25% ] 100 VUs  02m33.0s/10m0s

running (02m34.0s), 100/100 VUs, 9174 complete and 0 interrupted iterations
default   [  26% ] 100 VUs  02m34.0s/10m0s

running (02m35.0s), 100/100 VUs, 9272 complete and 0 interrupted iterations
default   [  26% ] 100 VUs  02m35.0s/10m0s

running (02m36.0s), 100/100 VUs, 9321 complete and 0 interrupted iterations
default   [  26% ] 100 VUs  02m36.0s/10m0s

running (02m37.0s), 100/100 VUs, 9376 complete and 0 interrupted iterations
default   [  26% ] 100 VUs  02m37.0s/10m0s

running (02m38.0s), 100/100 VUs, 9464 complete and 0 interrupted iterations
default   [  26% ] 100 VUs  02m38.0s/10m0s

running (02m39.0s), 100/100 VUs, 9510 complete and 0 interrupted iterations
default   [  26% ] 100 VUs  02m39.0s/10m0s

running (02m40.0s), 100/100 VUs, 9575 complete and 0 interrupted iterations
default   [  27% ] 100 VUs  02m40.0s/10m0s

running (02m41.0s), 100/100 VUs, 9633 complete and 0 interrupted iterations
default   [  27% ] 100 VUs  02m41.0s/10m0s

running (02m42.0s), 100/100 VUs, 9691 complete and 0 interrupted iterations
default   [  27% ] 100 VUs  02m42.0s/10m0s

running (02m43.0s), 100/100 VUs, 9775 complete and 0 interrupted iterations
default   [  27% ] 100 VUs  02m43.0s/10m0s

running (02m44.0s), 100/100 VUs, 9833 complete and 0 interrupted iterations
default   [  27% ] 100 VUs  02m44.0s/10m0s

running (02m45.0s), 100/100 VUs, 9878 complete and 0 interrupted iterations
default   [  27% ] 100 VUs  02m45.0s/10m0s

running (02m46.0s), 100/100 VUs, 9945 complete and 0 interrupted iterations
default   [  28% ] 100 VUs  02m46.0s/10m0s

running (02m47.0s), 100/100 VUs, 9981 complete and 0 interrupted iterations
default   [  28% ] 100 VUs  02m47.0s/10m0s

running (02m48.0s), 100/100 VUs, 10060 complete and 0 interrupted iterations
default   [  28% ] 100 VUs  02m48.0s/10m0s

running (02m49.0s), 100/100 VUs, 10078 complete and 0 interrupted iterations
default   [  28% ] 100 VUs  02m49.0s/10m0s

running (02m50.0s), 100/100 VUs, 10148 complete and 0 interrupted iterations
default   [  28% ] 100 VUs  02m50.0s/10m0s

running (02m51.0s), 100/100 VUs, 10186 complete and 0 interrupted iterations
default   [  28% ] 100 VUs  02m51.0s/10m0s

running (02m52.0s), 100/100 VUs, 10263 complete and 0 interrupted iterations
default   [  29% ] 100 VUs  02m52.0s/10m0s

running (02m53.0s), 100/100 VUs, 10274 complete and 0 interrupted iterations
default   [  29% ] 100 VUs  02m53.0s/10m0s

running (02m54.0s), 100/100 VUs, 10359 complete and 0 interrupted iterations
default   [  29% ] 100 VUs  02m54.0s/10m0s

running (02m55.0s), 100/100 VUs, 10427 complete and 0 interrupted iterations
default   [  29% ] 100 VUs  02m55.0s/10m0s

running (02m56.0s), 100/100 VUs, 10470 complete and 0 interrupted iterations
default   [  29% ] 100 VUs  02m56.0s/10m0s

running (02m57.0s), 100/100 VUs, 10559 complete and 0 interrupted iterations
default   [  29% ] 100 VUs  02m57.0s/10m0s

running (02m58.0s), 100/100 VUs, 10624 complete and 0 interrupted iterations
default   [  30% ] 100 VUs  02m58.0s/10m0s

running (02m59.0s), 100/100 VUs, 10670 complete and 0 interrupted iterations
default   [  30% ] 100 VUs  02m59.0s/10m0s

running (03m00.0s), 100/100 VUs, 10761 complete and 0 interrupted iterations
default   [  30% ] 100 VUs  03m00.0s/10m0s

running (03m01.0s), 100/100 VUs, 10808 complete and 0 interrupted iterations
default   [  30% ] 100 VUs  03m01.0s/10m0s

running (03m02.0s), 100/100 VUs, 10866 complete and 0 interrupted iterations
default   [  30% ] 100 VUs  03m02.0s/10m0s

running (03m03.0s), 100/100 VUs, 10960 complete and 0 interrupted iterations
default   [  30% ] 100 VUs  03m03.0s/10m0s

running (03m04.0s), 100/100 VUs, 10997 complete and 0 interrupted iterations
default   [  31% ] 100 VUs  03m04.0s/10m0s

running (03m05.0s), 100/100 VUs, 11066 complete and 0 interrupted iterations
default   [  31% ] 100 VUs  03m05.0s/10m0s

running (03m06.0s), 100/100 VUs, 11160 complete and 0 interrupted iterations
default   [  31% ] 100 VUs  03m06.0s/10m0s

running (03m07.0s), 100/100 VUs, 11192 complete and 0 interrupted iterations
default   [  31% ] 100 VUs  03m07.0s/10m0s

running (03m08.0s), 100/100 VUs, 11265 complete and 0 interrupted iterations
default   [  31% ] 100 VUs  03m08.0s/10m0s

running (03m09.0s), 100/100 VUs, 11341 complete and 0 interrupted iterations
default   [  31% ] 100 VUs  03m09.0s/10m0s

running (03m10.0s), 100/100 VUs, 11374 complete and 0 interrupted iterations
default   [  32% ] 100 VUs  03m10.0s/10m0s

running (03m11.0s), 100/100 VUs, 11461 complete and 0 interrupted iterations
default   [  32% ] 100 VUs  03m11.0s/10m0s

running (03m12.0s), 100/100 VUs, 11486 complete and 0 interrupted iterations
default   [  32% ] 100 VUs  03m12.0s/10m0s

running (03m13.0s), 100/100 VUs, 11568 complete and 0 interrupted iterations
default   [  32% ] 100 VUs  03m13.0s/10m0s

running (03m14.0s), 100/100 VUs, 11661 complete and 0 interrupted iterations
default   [  32% ] 100 VUs  03m14.0s/10m0s

running (03m15.0s), 100/100 VUs, 11680 complete and 0 interrupted iterations
default   [  32% ] 100 VUs  03m15.0s/10m0s

running (03m16.0s), 100/100 VUs, 11753 complete and 0 interrupted iterations
default   [  33% ] 100 VUs  03m16.0s/10m0s

running (03m17.0s), 100/100 VUs, 11804 complete and 0 interrupted iterations
default   [  33% ] 100 VUs  03m17.0s/10m0s

running (03m18.0s), 100/100 VUs, 11876 complete and 0 interrupted iterations
default   [  33% ] 100 VUs  03m18.0s/10m0s

running (03m19.0s), 100/100 VUs, 11955 complete and 0 interrupted iterations
default   [  33% ] 100 VUs  03m19.0s/10m0s

running (03m20.0s), 100/100 VUs, 12002 complete and 0 interrupted iterations
default   [  33% ] 100 VUs  03m20.0s/10m0s

running (03m21.0s), 100/100 VUs, 12063 complete and 0 interrupted iterations
default   [  33% ] 100 VUs  03m21.0s/10m0s

running (03m22.0s), 100/100 VUs, 12128 complete and 0 interrupted iterations
default   [  34% ] 100 VUs  03m22.0s/10m0s

running (03m23.0s), 100/100 VUs, 12179 complete and 0 interrupted iterations
default   [  34% ] 100 VUs  03m23.0s/10m0s

running (03m24.0s), 100/100 VUs, 12259 complete and 0 interrupted iterations
default   [  34% ] 100 VUs  03m24.0s/10m0s

running (03m25.0s), 100/100 VUs, 12318 complete and 0 interrupted iterations
default   [  34% ] 100 VUs  03m25.0s/10m0s

running (03m26.0s), 100/100 VUs, 12366 complete and 0 interrupted iterations
default   [  34% ] 100 VUs  03m26.0s/10m0s

running (03m27.0s), 100/100 VUs, 12430 complete and 0 interrupted iterations
default   [  34% ] 100 VUs  03m27.0s/10m0s

running (03m28.0s), 100/100 VUs, 12476 complete and 0 interrupted iterations
default   [  35% ] 100 VUs  03m28.0s/10m0s

running (03m29.0s), 100/100 VUs, 12555 complete and 0 interrupted iterations
default   [  35% ] 100 VUs  03m29.0s/10m0s

running (03m30.0s), 100/100 VUs, 12580 complete and 0 interrupted iterations
default   [  35% ] 100 VUs  03m30.0s/10m0s

running (03m31.0s), 100/100 VUs, 12663 complete and 0 interrupted iterations
default   [  35% ] 100 VUs  03m31.0s/10m0s

running (03m32.0s), 100/100 VUs, 12689 complete and 0 interrupted iterations
default   [  35% ] 100 VUs  03m32.0s/10m0s

running (03m33.0s), 100/100 VUs, 12762 complete and 0 interrupted iterations
default   [  35% ] 100 VUs  03m33.0s/10m0s

running (03m34.0s), 100/100 VUs, 12806 complete and 0 interrupted iterations
default   [  36% ] 100 VUs  03m34.0s/10m0s

running (03m35.0s), 100/100 VUs, 12882 complete and 0 interrupted iterations
default   [  36% ] 100 VUs  03m35.0s/10m0s

running (03m36.0s), 100/100 VUs, 12962 complete and 0 interrupted iterations
default   [  36% ] 100 VUs  03m36.0s/10m0s

running (03m37.0s), 100/100 VUs, 13006 complete and 0 interrupted iterations
default   [  36% ] 100 VUs  03m37.0s/10m0s

running (03m38.0s), 100/100 VUs, 13082 complete and 0 interrupted iterations
default   [  36% ] 100 VUs  03m38.0s/10m0s

running (03m39.0s), 100/100 VUs, 13164 complete and 0 interrupted iterations
default   [  36% ] 100 VUs  03m39.0s/10m0s

running (03m40.0s), 100/100 VUs, 13208 complete and 0 interrupted iterations
default   [  37% ] 100 VUs  03m40.0s/10m0s

running (03m41.0s), 100/100 VUs, 13271 complete and 0 interrupted iterations
default   [  37% ] 100 VUs  03m41.0s/10m0s

running (03m42.0s), 100/100 VUs, 13309 complete and 0 interrupted iterations
default   [  37% ] 100 VUs  03m42.0s/10m0s

running (03m43.0s), 100/100 VUs, 13393 complete and 0 interrupted iterations
default   [  37% ] 100 VUs  03m43.0s/10m0s

running (03m44.0s), 100/100 VUs, 13471 complete and 0 interrupted iterations
default   [  37% ] 100 VUs  03m44.0s/10m0s

running (03m45.0s), 100/100 VUs, 13512 complete and 0 interrupted iterations
default   [  37% ] 100 VUs  03m45.0s/10m0s

running (03m46.0s), 100/100 VUs, 13593 complete and 0 interrupted iterations
default   [  38% ] 100 VUs  03m46.0s/10m0s

running (03m47.0s), 100/100 VUs, 13671 complete and 0 interrupted iterations
default   [  38% ] 100 VUs  03m47.0s/10m0s

running (03m48.0s), 100/100 VUs, 13704 complete and 0 interrupted iterations
default   [  38% ] 100 VUs  03m48.0s/10m0s

running (03m49.0s), 100/100 VUs, 13777 complete and 0 interrupted iterations
default   [  38% ] 100 VUs  03m49.0s/10m0s

running (03m50.0s), 100/100 VUs, 13811 complete and 0 interrupted iterations
default   [  38% ] 100 VUs  03m50.0s/10m0s

running (03m51.0s), 100/100 VUs, 13869 complete and 0 interrupted iterations
default   [  38% ] 100 VUs  03m51.0s/10m0s

running (03m52.0s), 100/100 VUs, 13929 complete and 0 interrupted iterations
default   [  39% ] 100 VUs  03m52.0s/10m0s

running (03m53.0s), 100/100 VUs, 14002 complete and 0 interrupted iterations
default   [  39% ] 100 VUs  03m53.0s/10m0s

running (03m54.0s), 100/100 VUs, 14069 complete and 0 interrupted iterations
default   [  39% ] 100 VUs  03m54.0s/10m0s

running (03m55.0s), 100/100 VUs, 14129 complete and 0 interrupted iterations
default   [  39% ] 100 VUs  03m55.0s/10m0s

running (03m56.0s), 100/100 VUs, 14204 complete and 0 interrupted iterations
default   [  39% ] 100 VUs  03m56.0s/10m0s

running (03m57.0s), 100/100 VUs, 14246 complete and 0 interrupted iterations
default   [  39% ] 100 VUs  03m57.0s/10m0s

running (03m58.0s), 100/100 VUs, 14310 complete and 0 interrupted iterations
default   [  40% ] 100 VUs  03m58.0s/10m0s

running (03m59.0s), 100/100 VUs, 14346 complete and 0 interrupted iterations
default   [  40% ] 100 VUs  03m59.0s/10m0s

running (04m00.0s), 100/100 VUs, 14415 complete and 0 interrupted iterations
default   [  40% ] 100 VUs  04m00.0s/10m0s

running (04m01.0s), 100/100 VUs, 14459 complete and 0 interrupted iterations
default   [  40% ] 100 VUs  04m01.0s/10m0s

running (04m02.0s), 100/100 VUs, 14528 complete and 0 interrupted iterations
default   [  40% ] 100 VUs  04m02.0s/10m0s

running (04m03.0s), 100/100 VUs, 14595 complete and 0 interrupted iterations
default   [  40% ] 100 VUs  04m03.0s/10m0s

running (04m04.0s), 100/100 VUs, 14647 complete and 0 interrupted iterations
default   [  41% ] 100 VUs  04m04.0s/10m0s

running (04m05.0s), 100/100 VUs, 14715 complete and 0 interrupted iterations
default   [  41% ] 100 VUs  04m05.0s/10m0s

running (04m06.0s), 100/100 VUs, 14747 complete and 0 interrupted iterations
default   [  41% ] 100 VUs  04m06.0s/10m0s

running (04m07.0s), 100/100 VUs, 14829 complete and 0 interrupted iterations
default   [  41% ] 100 VUs  04m07.0s/10m0s

running (04m08.0s), 100/100 VUs, 14869 complete and 0 interrupted iterations
default   [  41% ] 100 VUs  04m08.0s/10m0s

running (04m09.0s), 100/100 VUs, 14946 complete and 0 interrupted iterations
default   [  41% ] 100 VUs  04m09.0s/10m0s

running (04m10.0s), 100/100 VUs, 15009 complete and 0 interrupted iterations
default   [  42% ] 100 VUs  04m10.0s/10m0s

running (04m11.0s), 100/100 VUs, 15052 complete and 0 interrupted iterations
default   [  42% ] 100 VUs  04m11.0s/10m0s

running (04m12.0s), 100/100 VUs, 15128 complete and 0 interrupted iterations
default   [  42% ] 100 VUs  04m12.0s/10m0s

running (04m13.0s), 100/100 VUs, 15174 complete and 0 interrupted iterations
default   [  42% ] 100 VUs  04m13.0s/10m0s

running (04m14.0s), 100/100 VUs, 15252 complete and 0 interrupted iterations
default   [  42% ] 100 VUs  04m14.0s/10m0s

running (04m15.0s), 100/100 VUs, 15330 complete and 0 interrupted iterations
default   [  42% ] 100 VUs  04m15.0s/10m0s

running (04m16.0s), 100/100 VUs, 15376 complete and 0 interrupted iterations
default   [  43% ] 100 VUs  04m16.0s/10m0s

running (04m17.0s), 100/100 VUs, 15452 complete and 0 interrupted iterations
default   [  43% ] 100 VUs  04m17.0s/10m0s

running (04m18.0s), 100/100 VUs, 15523 complete and 0 interrupted iterations
default   [  43% ] 100 VUs  04m18.0s/10m0s

running (04m19.0s), 100/100 VUs, 15576 complete and 0 interrupted iterations
default   [  43% ] 100 VUs  04m19.0s/10m0s

running (04m20.0s), 100/100 VUs, 15654 complete and 0 interrupted iterations
default   [  43% ] 100 VUs  04m20.0s/10m0s

running (04m21.0s), 100/100 VUs, 15711 complete and 0 interrupted iterations
default   [  43% ] 100 VUs  04m21.0s/10m0s

running (04m22.0s), 100/100 VUs, 15761 complete and 0 interrupted iterations
default   [  44% ] 100 VUs  04m22.0s/10m0s

running (04m23.0s), 100/100 VUs, 15831 complete and 0 interrupted iterations
default   [  44% ] 100 VUs  04m23.0s/10m0s

running (04m24.0s), 100/100 VUs, 15880 complete and 0 interrupted iterations
default   [  44% ] 100 VUs  04m24.0s/10m0s

running (04m25.0s), 100/100 VUs, 15963 complete and 0 interrupted iterations
default   [  44% ] 100 VUs  04m25.0s/10m0s

running (04m26.0s), 100/100 VUs, 16012 complete and 0 interrupted iterations
default   [  44% ] 100 VUs  04m26.0s/10m0s

running (04m27.0s), 100/100 VUs, 16075 complete and 0 interrupted iterations
default   [  44% ] 100 VUs  04m27.0s/10m0s

running (04m28.0s), 100/100 VUs, 16145 complete and 0 interrupted iterations
default   [  45% ] 100 VUs  04m28.0s/10m0s

running (04m29.0s), 100/100 VUs, 16187 complete and 0 interrupted iterations
default   [  45% ] 100 VUs  04m29.0s/10m0s

running (04m30.0s), 100/100 VUs, 16275 complete and 0 interrupted iterations
default   [  45% ] 100 VUs  04m30.0s/10m0s

running (04m31.0s), 100/100 VUs, 16345 complete and 0 interrupted iterations
default   [  45% ] 100 VUs  04m31.0s/10m0s

running (04m32.0s), 100/100 VUs, 16387 complete and 0 interrupted iterations
default   [  45% ] 100 VUs  04m32.0s/10m0s

running (04m33.0s), 100/100 VUs, 16475 complete and 0 interrupted iterations
default   [  45% ] 100 VUs  04m33.0s/10m0s

running (04m34.0s), 100/100 VUs, 16541 complete and 0 interrupted iterations
default   [  46% ] 100 VUs  04m34.0s/10m0s

running (04m35.0s), 100/100 VUs, 16587 complete and 0 interrupted iterations
default   [  46% ] 100 VUs  04m35.0s/10m0s

running (04m36.0s), 100/100 VUs, 16674 complete and 0 interrupted iterations
default   [  46% ] 100 VUs  04m36.0s/10m0s

running (04m37.0s), 100/100 VUs, 16741 complete and 0 interrupted iterations
default   [  46% ] 100 VUs  04m37.0s/10m0s

running (04m38.0s), 100/100 VUs, 16791 complete and 0 interrupted iterations
default   [  46% ] 100 VUs  04m38.0s/10m0s

running (04m39.0s), 100/100 VUs, 16869 complete and 0 interrupted iterations
default   [  46% ] 100 VUs  04m39.0s/10m0s

running (04m40.0s), 100/100 VUs, 16941 complete and 0 interrupted iterations
default   [  47% ] 100 VUs  04m40.0s/10m0s

running (04m41.0s), 100/100 VUs, 16988 complete and 0 interrupted iterations
default   [  47% ] 100 VUs  04m41.0s/10m0s

running (04m42.0s), 100/100 VUs, 17068 complete and 0 interrupted iterations
default   [  47% ] 100 VUs  04m42.0s/10m0s

running (04m43.0s), 100/100 VUs, 17140 complete and 0 interrupted iterations
default   [  47% ] 100 VUs  04m43.0s/10m0s

running (04m44.0s), 100/100 VUs, 17191 complete and 0 interrupted iterations
default   [  47% ] 100 VUs  04m44.0s/10m0s

running (04m45.0s), 100/100 VUs, 17269 complete and 0 interrupted iterations
default   [  47% ] 100 VUs  04m45.0s/10m0s

running (04m46.0s), 100/100 VUs, 17326 complete and 0 interrupted iterations
default   [  48% ] 100 VUs  04m46.0s/10m0s

running (04m47.0s), 100/100 VUs, 17382 complete and 0 interrupted iterations
default   [  48% ] 100 VUs  04m47.0s/10m0s

running (04m48.0s), 100/100 VUs, 17448 complete and 0 interrupted iterations
default   [  48% ] 100 VUs  04m48.0s/10m0s

running (04m49.0s), 100/100 VUs, 17500 complete and 0 interrupted iterations
default   [  48% ] 100 VUs  04m49.0s/10m0s

running (04m50.0s), 100/100 VUs, 17582 complete and 0 interrupted iterations
default   [  48% ] 100 VUs  04m50.0s/10m0s

running (04m51.0s), 100/100 VUs, 17611 complete and 0 interrupted iterations
default   [  48% ] 100 VUs  04m51.0s/10m0s

running (04m52.0s), 100/100 VUs, 17648 complete and 0 interrupted iterations
default   [  49% ] 100 VUs  04m52.0s/10m0s

running (04m53.0s), 100/100 VUs, 17683 complete and 0 interrupted iterations
default   [  49% ] 100 VUs  04m53.0s/10m0s

running (04m54.0s), 100/100 VUs, 17708 complete and 0 interrupted iterations
default   [  49% ] 100 VUs  04m54.0s/10m0s

running (04m55.0s), 100/100 VUs, 17748 complete and 0 interrupted iterations
default   [  49% ] 100 VUs  04m55.0s/10m0s

running (04m56.0s), 100/100 VUs, 17788 complete and 0 interrupted iterations
default   [  49% ] 100 VUs  04m56.0s/10m0s

running (04m57.0s), 100/100 VUs, 17835 complete and 0 interrupted iterations
default   [  49% ] 100 VUs  04m57.0s/10m0s

running (04m58.0s), 100/100 VUs, 17897 complete and 0 interrupted iterations
default   [  50% ] 100 VUs  04m58.0s/10m0s

running (04m59.0s), 100/100 VUs, 17939 complete and 0 interrupted iterations
default   [  50% ] 100 VUs  04m59.0s/10m0s

running (05m00.0s), 100/100 VUs, 18010 complete and 0 interrupted iterations
default   [  50% ] 100 VUs  05m00.0s/10m0s

running (05m01.0s), 100/100 VUs, 18088 complete and 0 interrupted iterations
default   [  50% ] 100 VUs  05m01.0s/10m0s

running (05m02.0s), 100/100 VUs, 18105 complete and 0 interrupted iterations
default   [  50% ] 100 VUs  05m02.0s/10m0s

running (05m03.0s), 100/100 VUs, 18196 complete and 0 interrupted iterations
default   [  50% ] 100 VUs  05m03.0s/10m0s

running (05m04.0s), 100/100 VUs, 18256 complete and 0 interrupted iterations
default   [  51% ] 100 VUs  05m04.0s/10m0s

running (05m05.0s), 100/100 VUs, 18306 complete and 0 interrupted iterations
default   [  51% ] 100 VUs  05m05.0s/10m0s

running (05m06.0s), 100/100 VUs, 18397 complete and 0 interrupted iterations
default   [  51% ] 100 VUs  05m06.0s/10m0s

running (05m07.0s), 100/100 VUs, 18446 complete and 0 interrupted iterations
default   [  51% ] 100 VUs  05m07.0s/10m0s

running (05m08.0s), 100/100 VUs, 18506 complete and 0 interrupted iterations
default   [  51% ] 100 VUs  05m08.0s/10m0s

running (05m09.0s), 100/100 VUs, 18599 complete and 0 interrupted iterations
default   [  51% ] 100 VUs  05m09.0s/10m0s

running (05m10.0s), 100/100 VUs, 18633 complete and 0 interrupted iterations
default   [  52% ] 100 VUs  05m10.0s/10m0s

running (05m11.0s), 100/100 VUs, 18700 complete and 0 interrupted iterations
default   [  52% ] 100 VUs  05m11.0s/10m0s

running (05m12.0s), 100/100 VUs, 18761 complete and 0 interrupted iterations
default   [  52% ] 100 VUs  05m12.0s/10m0s

running (05m13.0s), 100/100 VUs, 18817 complete and 0 interrupted iterations
default   [  52% ] 100 VUs  05m13.0s/10m0s

running (05m14.0s), 100/100 VUs, 18861 complete and 0 interrupted iterations
default   [  52% ] 100 VUs  05m14.0s/10m0s

running (05m15.0s), 100/100 VUs, 18922 complete and 0 interrupted iterations
default   [  52% ] 100 VUs  05m15.0s/10m0s

running (05m16.0s), 100/100 VUs, 18987 complete and 0 interrupted iterations
default   [  53% ] 100 VUs  05m16.0s/10m0s

running (05m17.0s), 100/100 VUs, 19033 complete and 0 interrupted iterations
default   [  53% ] 100 VUs  05m17.0s/10m0s

running (05m18.0s), 100/100 VUs, 19093 complete and 0 interrupted iterations
default   [  53% ] 100 VUs  05m18.0s/10m0s

running (05m19.0s), 100/100 VUs, 19135 complete and 0 interrupted iterations
default   [  53% ] 100 VUs  05m19.0s/10m0s

running (05m20.0s), 100/100 VUs, 19206 complete and 0 interrupted iterations
default   [  53% ] 100 VUs  05m20.0s/10m0s

running (05m21.0s), 100/100 VUs, 19236 complete and 0 interrupted iterations
default   [  53% ] 100 VUs  05m21.0s/10m0s

running (05m22.0s), 100/100 VUs, 19323 complete and 0 interrupted iterations
default   [  54% ] 100 VUs  05m22.0s/10m0s

running (05m23.0s), 100/100 VUs, 19365 complete and 0 interrupted iterations
default   [  54% ] 100 VUs  05m23.0s/10m0s

running (05m24.0s), 100/100 VUs, 19436 complete and 0 interrupted iterations
default   [  54% ] 100 VUs  05m24.0s/10m0s

running (05m25.0s), 100/100 VUs, 19463 complete and 0 interrupted iterations
default   [  54% ] 100 VUs  05m25.0s/10m0s

running (05m26.0s), 100/100 VUs, 19538 complete and 0 interrupted iterations
default   [  54% ] 100 VUs  05m26.0s/10m0s

running (05m27.0s), 100/100 VUs, 19634 complete and 0 interrupted iterations
default   [  54% ] 100 VUs  05m27.0s/10m0s

running (05m28.0s), 100/100 VUs, 19663 complete and 0 interrupted iterations
default   [  55% ] 100 VUs  05m28.0s/10m0s

running (05m29.0s), 100/100 VUs, 19739 complete and 0 interrupted iterations
default   [  55% ] 100 VUs  05m29.0s/10m0s

running (05m30.0s), 100/100 VUs, 19828 complete and 0 interrupted iterations
default   [  55% ] 100 VUs  05m30.0s/10m0s

running (05m31.0s), 100/100 VUs, 19864 complete and 0 interrupted iterations
default   [  55% ] 100 VUs  05m31.0s/10m0s

running (05m32.0s), 100/100 VUs, 19941 complete and 0 interrupted iterations
default   [  55% ] 100 VUs  05m32.0s/10m0s

running (05m33.0s), 100/100 VUs, 20019 complete and 0 interrupted iterations
default   [  55% ] 100 VUs  05m33.0s/10m0s

running (05m34.0s), 100/100 VUs, 20063 complete and 0 interrupted iterations
default   [  56% ] 100 VUs  05m34.0s/10m0s

running (05m35.0s), 100/100 VUs, 20140 complete and 0 interrupted iterations
default   [  56% ] 100 VUs  05m35.0s/10m0s

running (05m36.0s), 100/100 VUs, 20144 complete and 0 interrupted iterations
default   [  56% ] 100 VUs  05m36.0s/10m0s

running (05m37.0s), 100/100 VUs, 20238 complete and 0 interrupted iterations
default   [  56% ] 100 VUs  05m37.0s/10m0s

running (05m38.0s), 100/100 VUs, 20251 complete and 0 interrupted iterations
default   [  56% ] 100 VUs  05m38.0s/10m0s

running (05m39.0s), 100/100 VUs, 20289 complete and 0 interrupted iterations
default   [  56% ] 100 VUs  05m39.0s/10m0s

running (05m40.0s), 100/100 VUs, 20344 complete and 0 interrupted iterations
default   [  57% ] 100 VUs  05m40.0s/10m0s

running (05m41.0s), 100/100 VUs, 20385 complete and 0 interrupted iterations
default   [  57% ] 100 VUs  05m41.0s/10m0s

running (05m42.0s), 100/100 VUs, 20442 complete and 0 interrupted iterations
default   [  57% ] 100 VUs  05m42.0s/10m0s

running (05m43.0s), 100/100 VUs, 20463 complete and 0 interrupted iterations
default   [  57% ] 100 VUs  05m43.0s/10m0s

running (05m44.0s), 100/100 VUs, 20543 complete and 0 interrupted iterations
default   [  57% ] 100 VUs  05m44.0s/10m0s

running (05m45.0s), 100/100 VUs, 20560 complete and 0 interrupted iterations
default   [  57% ] 100 VUs  05m45.0s/10m0s

running (05m46.0s), 100/100 VUs, 20629 complete and 0 interrupted iterations
default   [  58% ] 100 VUs  05m46.0s/10m0s

running (05m47.0s), 100/100 VUs, 20669 complete and 0 interrupted iterations
default   [  58% ] 100 VUs  05m47.0s/10m0s

running (05m48.0s), 100/100 VUs, 20722 complete and 0 interrupted iterations
default   [  58% ] 100 VUs  05m48.0s/10m0s

running (05m49.0s), 100/100 VUs, 20769 complete and 0 interrupted iterations
default   [  58% ] 100 VUs  05m49.0s/10m0s

running (05m50.0s), 100/100 VUs, 20816 complete and 0 interrupted iterations
default   [  58% ] 100 VUs  05m50.0s/10m0s

running (05m51.0s), 100/100 VUs, 20860 complete and 0 interrupted iterations
default   [  58% ] 100 VUs  05m51.0s/10m0s

running (05m52.0s), 100/100 VUs, 20936 complete and 0 interrupted iterations
default   [  59% ] 100 VUs  05m52.0s/10m0s

running (05m53.0s), 100/100 VUs, 20970 complete and 0 interrupted iterations
default   [  59% ] 100 VUs  05m53.0s/10m0s

running (05m54.0s), 100/100 VUs, 21050 complete and 0 interrupted iterations
default   [  59% ] 100 VUs  05m54.0s/10m0s

running (05m55.0s), 100/100 VUs, 21083 complete and 0 interrupted iterations
default   [  59% ] 100 VUs  05m55.0s/10m0s

running (05m56.0s), 100/100 VUs, 21166 complete and 0 interrupted iterations
default   [  59% ] 100 VUs  05m56.0s/10m0s

running (05m57.0s), 100/100 VUs, 21247 complete and 0 interrupted iterations
default   [  59% ] 100 VUs  05m57.0s/10m0s

running (05m58.0s), 100/100 VUs, 21277 complete and 0 interrupted iterations
default   [  60% ] 100 VUs  05m58.0s/10m0s

running (05m59.0s), 100/100 VUs, 21351 complete and 0 interrupted iterations
default   [  60% ] 100 VUs  05m59.0s/10m0s

running (06m00.0s), 100/100 VUs, 21383 complete and 0 interrupted iterations
default   [  60% ] 100 VUs  06m00.0s/10m0s

running (06m01.0s), 100/100 VUs, 21460 complete and 0 interrupted iterations
default   [  60% ] 100 VUs  06m01.0s/10m0s

running (06m02.0s), 100/100 VUs, 21493 complete and 0 interrupted iterations
default   [  60% ] 100 VUs  06m02.0s/10m0s

running (06m03.0s), 100/100 VUs, 21578 complete and 0 interrupted iterations
default   [  60% ] 100 VUs  06m03.0s/10m0s

running (06m04.0s), 100/100 VUs, 21652 complete and 0 interrupted iterations
default   [  61% ] 100 VUs  06m04.0s/10m0s

running (06m05.0s), 100/100 VUs, 21694 complete and 0 interrupted iterations
default   [  61% ] 100 VUs  06m05.0s/10m0s

running (06m06.0s), 100/100 VUs, 21780 complete and 0 interrupted iterations
default   [  61% ] 100 VUs  06m06.0s/10m0s

running (06m07.0s), 100/100 VUs, 21851 complete and 0 interrupted iterations
default   [  61% ] 100 VUs  06m07.0s/10m0s

running (06m08.0s), 100/100 VUs, 21894 complete and 0 interrupted iterations
default   [  61% ] 100 VUs  06m08.0s/10m0s

running (06m09.0s), 100/100 VUs, 21973 complete and 0 interrupted iterations
default   [  61% ] 100 VUs  06m09.0s/10m0s

running (06m10.0s), 100/100 VUs, 22000 complete and 0 interrupted iterations
default   [  62% ] 100 VUs  06m10.0s/10m0s

running (06m11.0s), 100/100 VUs, 22085 complete and 0 interrupted iterations
default   [  62% ] 100 VUs  06m11.0s/10m0s

running (06m12.0s), 100/100 VUs, 22145 complete and 0 interrupted iterations
default   [  62% ] 100 VUs  06m12.0s/10m0s

running (06m13.0s), 100/100 VUs, 22200 complete and 0 interrupted iterations
default   [  62% ] 100 VUs  06m13.0s/10m0s

running (06m14.0s), 100/100 VUs, 22277 complete and 0 interrupted iterations
default   [  62% ] 100 VUs  06m14.0s/10m0s

running (06m15.0s), 100/100 VUs, 22302 complete and 0 interrupted iterations
default   [  62% ] 100 VUs  06m15.0s/10m0s

running (06m16.0s), 100/100 VUs, 22384 complete and 0 interrupted iterations
default   [  63% ] 100 VUs  06m16.0s/10m0s

running (06m17.0s), 100/100 VUs, 22400 complete and 0 interrupted iterations
default   [  63% ] 100 VUs  06m17.0s/10m0s

running (06m18.0s), 100/100 VUs, 22485 complete and 0 interrupted iterations
default   [  63% ] 100 VUs  06m18.0s/10m0s

running (06m19.0s), 100/100 VUs, 22513 complete and 0 interrupted iterations
default   [  63% ] 100 VUs  06m19.0s/10m0s

running (06m20.0s), 100/100 VUs, 22585 complete and 0 interrupted iterations
default   [  63% ] 100 VUs  06m20.0s/10m0s

running (06m21.0s), 100/100 VUs, 22602 complete and 0 interrupted iterations
default   [  63% ] 100 VUs  06m21.0s/10m0s

running (06m22.0s), 100/100 VUs, 22696 complete and 0 interrupted iterations
default   [  64% ] 100 VUs  06m22.0s/10m0s

running (06m23.0s), 100/100 VUs, 22714 complete and 0 interrupted iterations
default   [  64% ] 100 VUs  06m23.0s/10m0s

running (06m24.0s), 100/100 VUs, 22801 complete and 0 interrupted iterations
default   [  64% ] 100 VUs  06m24.0s/10m0s

running (06m25.0s), 100/100 VUs, 22877 complete and 0 interrupted iterations
default   [  64% ] 100 VUs  06m25.0s/10m0s

running (06m26.0s), 100/100 VUs, 22914 complete and 0 interrupted iterations
default   [  64% ] 100 VUs  06m26.0s/10m0s

running (06m27.0s), 100/100 VUs, 23002 complete and 0 interrupted iterations
default   [  64% ] 100 VUs  06m27.0s/10m0s

running (06m28.0s), 100/100 VUs, 23078 complete and 0 interrupted iterations
default   [  65% ] 100 VUs  06m28.0s/10m0s

running (06m29.0s), 100/100 VUs, 23115 complete and 0 interrupted iterations
default   [  65% ] 100 VUs  06m29.0s/10m0s

running (06m30.0s), 100/100 VUs, 23202 complete and 0 interrupted iterations
default   [  65% ] 100 VUs  06m30.0s/10m0s

running (06m31.0s), 100/100 VUs, 23217 complete and 0 interrupted iterations
default   [  65% ] 100 VUs  06m31.0s/10m0s

running (06m32.0s), 100/100 VUs, 23299 complete and 0 interrupted iterations
default   [  65% ] 100 VUs  06m32.0s/10m0s

running (06m33.0s), 100/100 VUs, 23317 complete and 0 interrupted iterations
default   [  65% ] 100 VUs  06m33.0s/10m0s

running (06m34.0s), 100/100 VUs, 23407 complete and 0 interrupted iterations
default   [  66% ] 100 VUs  06m34.0s/10m0s

running (06m35.0s), 100/100 VUs, 23491 complete and 0 interrupted iterations
default   [  66% ] 100 VUs  06m35.0s/10m0s

running (06m36.0s), 100/100 VUs, 23519 complete and 0 interrupted iterations
default   [  66% ] 100 VUs  06m36.0s/10m0s

running (06m37.0s), 100/100 VUs, 23608 complete and 0 interrupted iterations
default   [  66% ] 100 VUs  06m37.0s/10m0s

running (06m38.0s), 100/100 VUs, 23676 complete and 0 interrupted iterations
default   [  66% ] 100 VUs  06m38.0s/10m0s

running (06m39.0s), 100/100 VUs, 23720 complete and 0 interrupted iterations
default   [  66% ] 100 VUs  06m39.0s/10m0s

running (06m40.0s), 100/100 VUs, 23806 complete and 0 interrupted iterations
default   [  67% ] 100 VUs  06m40.0s/10m0s

running (06m41.0s), 100/100 VUs, 23868 complete and 0 interrupted iterations
default   [  67% ] 100 VUs  06m41.0s/10m0s

running (06m42.0s), 100/100 VUs, 23913 complete and 0 interrupted iterations
default   [  67% ] 100 VUs  06m42.0s/10m0s

running (06m43.0s), 100/100 VUs, 24005 complete and 0 interrupted iterations
default   [  67% ] 100 VUs  06m43.0s/10m0s

running (06m44.0s), 100/100 VUs, 24049 complete and 0 interrupted iterations
default   [  67% ] 100 VUs  06m44.0s/10m0s

running (06m45.0s), 100/100 VUs, 24116 complete and 0 interrupted iterations
default   [  67% ] 100 VUs  06m45.0s/10m0s

running (06m46.0s), 100/100 VUs, 24206 complete and 0 interrupted iterations
default   [  68% ] 100 VUs  06m46.0s/10m0s

running (06m47.0s), 100/100 VUs, 24248 complete and 0 interrupted iterations
default   [  68% ] 100 VUs  06m47.0s/10m0s

running (06m48.0s), 100/100 VUs, 24316 complete and 0 interrupted iterations
default   [  68% ] 100 VUs  06m48.0s/10m0s

running (06m49.0s), 100/100 VUs, 24406 complete and 0 interrupted iterations
default   [  68% ] 100 VUs  06m49.0s/10m0s

running (06m50.0s), 100/100 VUs, 24448 complete and 0 interrupted iterations
default   [  68% ] 100 VUs  06m50.0s/10m0s

running (06m51.0s), 100/100 VUs, 24511 complete and 0 interrupted iterations
default   [  68% ] 100 VUs  06m51.0s/10m0s

running (06m52.0s), 100/100 VUs, 24606 complete and 0 interrupted iterations
default   [  69% ] 100 VUs  06m52.0s/10m0s

running (06m53.0s), 100/100 VUs, 24629 complete and 0 interrupted iterations
default   [  69% ] 100 VUs  06m53.0s/10m0s

running (06m54.0s), 100/100 VUs, 24712 complete and 0 interrupted iterations
default   [  69% ] 100 VUs  06m54.0s/10m0s

running (06m55.0s), 100/100 VUs, 24742 complete and 0 interrupted iterations
default   [  69% ] 100 VUs  06m55.0s/10m0s

running (06m56.0s), 100/100 VUs, 24815 complete and 0 interrupted iterations
default   [  69% ] 100 VUs  06m56.0s/10m0s

running (06m57.0s), 100/100 VUs, 24910 complete and 0 interrupted iterations
default   [  69% ] 100 VUs  06m57.0s/10m0s

running (06m58.0s), 100/100 VUs, 24933 complete and 0 interrupted iterations
default   [  70% ] 100 VUs  06m58.0s/10m0s

running (06m59.0s), 100/100 VUs, 25016 complete and 0 interrupted iterations
default   [  70% ] 100 VUs  06m59.0s/10m0s

running (07m00.0s), 100/100 VUs, 25073 complete and 0 interrupted iterations
default   [  70% ] 100 VUs  07m00.0s/10m0s

running (07m01.0s), 100/100 VUs, 25117 complete and 0 interrupted iterations
default   [  70% ] 100 VUs  07m01.0s/10m0s

running (07m02.0s), 100/100 VUs, 25188 complete and 0 interrupted iterations
default   [  70% ] 100 VUs  07m02.0s/10m0s

running (07m03.0s), 100/100 VUs, 25220 complete and 0 interrupted iterations
default   [  70% ] 100 VUs  07m03.0s/10m0s

running (07m04.0s), 100/100 VUs, 25302 complete and 0 interrupted iterations
default   [  71% ] 100 VUs  07m04.0s/10m0s

running (07m05.0s), 100/100 VUs, 25333 complete and 0 interrupted iterations
default   [  71% ] 100 VUs  07m05.0s/10m0s

running (07m06.0s), 100/100 VUs, 25411 complete and 0 interrupted iterations
default   [  71% ] 100 VUs  07m06.0s/10m0s

running (07m07.0s), 100/100 VUs, 25433 complete and 0 interrupted iterations
default   [  71% ] 100 VUs  07m07.0s/10m0s

running (07m08.0s), 100/100 VUs, 25518 complete and 0 interrupted iterations
default   [  71% ] 100 VUs  07m08.0s/10m0s

running (07m09.0s), 100/100 VUs, 25587 complete and 0 interrupted iterations
default   [  71% ] 100 VUs  07m09.0s/10m0s

running (07m10.0s), 100/100 VUs, 25634 complete and 0 interrupted iterations
default   [  72% ] 100 VUs  07m10.0s/10m0s

running (07m11.0s), 100/100 VUs, 25718 complete and 0 interrupted iterations
default   [  72% ] 100 VUs  07m11.0s/10m0s

running (07m12.0s), 100/100 VUs, 25778 complete and 0 interrupted iterations
default   [  72% ] 100 VUs  07m12.0s/10m0s

running (07m13.0s), 100/100 VUs, 25836 complete and 0 interrupted iterations
default   [  72% ] 100 VUs  07m13.0s/10m0s

running (07m14.0s), 100/100 VUs, 25920 complete and 0 interrupted iterations
default   [  72% ] 100 VUs  07m14.0s/10m0s

running (07m15.0s), 100/100 VUs, 25973 complete and 0 interrupted iterations
default   [  72% ] 100 VUs  07m15.0s/10m0s

running (07m16.0s), 100/100 VUs, 26035 complete and 0 interrupted iterations
default   [  73% ] 100 VUs  07m16.0s/10m0s

running (07m17.0s), 100/100 VUs, 26120 complete and 0 interrupted iterations
default   [  73% ] 100 VUs  07m17.0s/10m0s

running (07m18.0s), 100/100 VUs, 26173 complete and 0 interrupted iterations
default   [  73% ] 100 VUs  07m18.0s/10m0s

running (07m19.0s), 100/100 VUs, 26237 complete and 0 interrupted iterations
default   [  73% ] 100 VUs  07m19.0s/10m0s

running (07m20.0s), 100/100 VUs, 26322 complete and 0 interrupted iterations
default   [  73% ] 100 VUs  07m20.0s/10m0s

running (07m21.0s), 100/100 VUs, 26349 complete and 0 interrupted iterations
default   [  73% ] 100 VUs  07m21.0s/10m0s

running (07m22.0s), 100/100 VUs, 26426 complete and 0 interrupted iterations
default   [  74% ] 100 VUs  07m22.0s/10m0s

running (07m23.0s), 100/100 VUs, 26450 complete and 0 interrupted iterations
default   [  74% ] 100 VUs  07m23.0s/10m0s

running (07m24.0s), 100/100 VUs, 26530 complete and 0 interrupted iterations
default   [  74% ] 100 VUs  07m24.0s/10m0s

running (07m25.0s), 100/100 VUs, 26585 complete and 0 interrupted iterations
default   [  74% ] 100 VUs  07m25.0s/10m0s

running (07m26.0s), 100/100 VUs, 26649 complete and 0 interrupted iterations
default   [  74% ] 100 VUs  07m26.0s/10m0s

running (07m27.0s), 100/100 VUs, 26710 complete and 0 interrupted iterations
default   [  74% ] 100 VUs  07m27.0s/10m0s

running (07m28.0s), 100/100 VUs, 26751 complete and 0 interrupted iterations
default   [  75% ] 100 VUs  07m28.0s/10m0s

running (07m29.0s), 100/100 VUs, 26836 complete and 0 interrupted iterations
default   [  75% ] 100 VUs  07m29.0s/10m0s

running (07m30.0s), 100/100 VUs, 26890 complete and 0 interrupted iterations
default   [  75% ] 100 VUs  07m30.0s/10m0s

running (07m31.0s), 100/100 VUs, 26953 complete and 0 interrupted iterations
default   [  75% ] 100 VUs  07m31.0s/10m0s

running (07m32.0s), 100/100 VUs, 27035 complete and 0 interrupted iterations
default   [  75% ] 100 VUs  07m32.0s/10m0s

running (07m33.0s), 100/100 VUs, 27082 complete and 0 interrupted iterations
default   [  75% ] 100 VUs  07m33.0s/10m0s

running (07m34.0s), 100/100 VUs, 27153 complete and 0 interrupted iterations
default   [  76% ] 100 VUs  07m34.0s/10m0s

running (07m35.0s), 100/100 VUs, 27230 complete and 0 interrupted iterations
default   [  76% ] 100 VUs  07m35.0s/10m0s

running (07m36.0s), 100/100 VUs, 27268 complete and 0 interrupted iterations
default   [  76% ] 100 VUs  07m36.0s/10m0s

running (07m37.0s), 100/100 VUs, 27335 complete and 0 interrupted iterations
default   [  76% ] 100 VUs  07m37.0s/10m0s

running (07m38.0s), 100/100 VUs, 27380 complete and 0 interrupted iterations
default   [  76% ] 100 VUs  07m38.0s/10m0s

running (07m39.0s), 100/100 VUs, 27437 complete and 0 interrupted iterations
default   [  76% ] 100 VUs  07m39.0s/10m0s

running (07m40.0s), 100/100 VUs, 27480 complete and 0 interrupted iterations
default   [  77% ] 100 VUs  07m40.0s/10m0s

running (07m41.0s), 100/100 VUs, 27535 complete and 0 interrupted iterations
default   [  77% ] 100 VUs  07m41.0s/10m0s

running (07m42.0s), 100/100 VUs, 27582 complete and 0 interrupted iterations
default   [  77% ] 100 VUs  07m42.0s/10m0s

running (07m43.0s), 100/100 VUs, 27640 complete and 0 interrupted iterations
default   [  77% ] 100 VUs  07m43.0s/10m0s

running (07m44.0s), 100/100 VUs, 27725 complete and 0 interrupted iterations
default   [  77% ] 100 VUs  07m44.0s/10m0s

running (07m45.0s), 100/100 VUs, 27782 complete and 0 interrupted iterations
default   [  77% ] 100 VUs  07m45.0s/10m0s

running (07m46.0s), 100/100 VUs, 27842 complete and 0 interrupted iterations
default   [  78% ] 100 VUs  07m46.0s/10m0s

running (07m47.0s), 100/100 VUs, 27928 complete and 0 interrupted iterations
default   [  78% ] 100 VUs  07m47.0s/10m0s

running (07m48.0s), 100/100 VUs, 27982 complete and 0 interrupted iterations
default   [  78% ] 100 VUs  07m48.0s/10m0s

running (07m49.0s), 100/100 VUs, 28042 complete and 0 interrupted iterations
default   [  78% ] 100 VUs  07m49.0s/10m0s

running (07m50.0s), 100/100 VUs, 28127 complete and 0 interrupted iterations
default   [  78% ] 100 VUs  07m50.0s/10m0s

running (07m51.0s), 100/100 VUs, 28172 complete and 0 interrupted iterations
default   [  78% ] 100 VUs  07m51.0s/10m0s

running (07m52.0s), 100/100 VUs, 28239 complete and 0 interrupted iterations
default   [  79% ] 100 VUs  07m52.0s/10m0s

running (07m53.0s), 100/100 VUs, 28286 complete and 0 interrupted iterations
default   [  79% ] 100 VUs  07m53.0s/10m0s

running (07m54.0s), 100/100 VUs, 28352 complete and 0 interrupted iterations
default   [  79% ] 100 VUs  07m54.0s/10m0s

running (07m55.0s), 100/100 VUs, 28392 complete and 0 interrupted iterations
default   [  79% ] 100 VUs  07m55.0s/10m0s

running (07m56.0s), 100/100 VUs, 28454 complete and 0 interrupted iterations
default   [  79% ] 100 VUs  07m56.0s/10m0s

running (07m57.0s), 100/100 VUs, 28543 complete and 0 interrupted iterations
default   [  79% ] 100 VUs  07m57.0s/10m0s

running (07m58.0s), 100/100 VUs, 28587 complete and 0 interrupted iterations
default   [  80% ] 100 VUs  07m58.0s/10m0s

running (07m59.0s), 100/100 VUs, 28656 complete and 0 interrupted iterations
default   [  80% ] 100 VUs  07m59.0s/10m0s

running (08m00.0s), 100/100 VUs, 28745 complete and 0 interrupted iterations
default   [  80% ] 100 VUs  08m00.0s/10m0s

running (08m01.0s), 100/100 VUs, 28788 complete and 0 interrupted iterations
default   [  80% ] 100 VUs  08m01.0s/10m0s

running (08m02.0s), 100/100 VUs, 28857 complete and 0 interrupted iterations
default   [  80% ] 100 VUs  08m02.0s/10m0s

running (08m03.0s), 100/100 VUs, 28943 complete and 0 interrupted iterations
default   [  80% ] 100 VUs  08m03.0s/10m0s

running (08m04.0s), 100/100 VUs, 28988 complete and 0 interrupted iterations
default   [  81% ] 100 VUs  08m04.0s/10m0s

running (08m05.0s), 100/100 VUs, 29060 complete and 0 interrupted iterations
default   [  81% ] 100 VUs  08m05.0s/10m0s

running (08m06.0s), 100/100 VUs, 29132 complete and 0 interrupted iterations
default   [  81% ] 100 VUs  08m06.0s/10m0s

running (08m07.0s), 100/100 VUs, 29188 complete and 0 interrupted iterations
default   [  81% ] 100 VUs  08m07.0s/10m0s

running (08m08.0s), 100/100 VUs, 29260 complete and 0 interrupted iterations
default   [  81% ] 100 VUs  08m08.0s/10m0s

running (08m09.0s), 100/100 VUs, 29332 complete and 0 interrupted iterations
default   [  81% ] 100 VUs  08m09.0s/10m0s

running (08m10.0s), 100/100 VUs, 29390 complete and 0 interrupted iterations
default   [  82% ] 100 VUs  08m10.0s/10m0s

running (08m11.0s), 100/100 VUs, 29458 complete and 0 interrupted iterations
default   [  82% ] 100 VUs  08m11.0s/10m0s

running (08m12.0s), 100/100 VUs, 29497 complete and 0 interrupted iterations
default   [  82% ] 100 VUs  08m12.0s/10m0s

running (08m13.0s), 100/100 VUs, 29558 complete and 0 interrupted iterations
default   [  82% ] 100 VUs  08m13.0s/10m0s

running (08m14.0s), 100/100 VUs, 29649 complete and 0 interrupted iterations
default   [  82% ] 100 VUs  08m14.0s/10m0s

running (08m15.0s), 100/100 VUs, 29697 complete and 0 interrupted iterations
default   [  82% ] 100 VUs  08m15.0s/10m0s

running (08m16.0s), 100/100 VUs, 29758 complete and 0 interrupted iterations
default   [  83% ] 100 VUs  08m16.0s/10m0s

running (08m17.0s), 100/100 VUs, 29830 complete and 0 interrupted iterations
default   [  83% ] 100 VUs  08m17.0s/10m0s

running (08m18.0s), 100/100 VUs, 29872 complete and 0 interrupted iterations
default   [  83% ] 100 VUs  08m18.0s/10m0s

running (08m19.0s), 100/100 VUs, 29940 complete and 0 interrupted iterations
default   [  83% ] 100 VUs  08m19.0s/10m0s

running (08m20.0s), 100/100 VUs, 29986 complete and 0 interrupted iterations
default   [  83% ] 100 VUs  08m20.0s/10m0s

running (08m21.0s), 100/100 VUs, 30040 complete and 0 interrupted iterations
default   [  83% ] 100 VUs  08m21.0s/10m0s

running (08m22.0s), 100/100 VUs, 30087 complete and 0 interrupted iterations
default   [  84% ] 100 VUs  08m22.0s/10m0s

running (08m23.0s), 100/100 VUs, 30140 complete and 0 interrupted iterations
default   [  84% ] 100 VUs  08m23.0s/10m0s

running (08m24.0s), 100/100 VUs, 30191 complete and 0 interrupted iterations
default   [  84% ] 100 VUs  08m24.0s/10m0s

running (08m25.0s), 100/100 VUs, 30257 complete and 0 interrupted iterations
default   [  84% ] 100 VUs  08m25.0s/10m0s

running (08m26.0s), 100/100 VUs, 30326 complete and 0 interrupted iterations
default   [  84% ] 100 VUs  08m26.0s/10m0s

running (08m27.0s), 100/100 VUs, 30391 complete and 0 interrupted iterations
default   [  84% ] 100 VUs  08m27.0s/10m0s

running (08m28.0s), 100/100 VUs, 30457 complete and 0 interrupted iterations
default   [  85% ] 100 VUs  08m28.0s/10m0s

running (08m29.0s), 100/100 VUs, 30527 complete and 0 interrupted iterations
default   [  85% ] 100 VUs  08m29.0s/10m0s

running (08m30.0s), 100/100 VUs, 30593 complete and 0 interrupted iterations
default   [  85% ] 100 VUs  08m30.0s/10m0s

running (08m31.0s), 100/100 VUs, 30659 complete and 0 interrupted iterations
default   [  85% ] 100 VUs  08m31.0s/10m0s

running (08m32.0s), 100/100 VUs, 30715 complete and 0 interrupted iterations
default   [  85% ] 100 VUs  08m32.0s/10m0s

running (08m33.0s), 100/100 VUs, 30753 complete and 0 interrupted iterations
default   [  85% ] 100 VUs  08m33.0s/10m0s

running (08m34.0s), 100/100 VUs, 30827 complete and 0 interrupted iterations
default   [  86% ] 100 VUs  08m34.0s/10m0s

running (08m35.0s), 100/100 VUs, 30870 complete and 0 interrupted iterations
default   [  86% ] 100 VUs  08m35.0s/10m0s

running (08m36.0s), 100/100 VUs, 30943 complete and 0 interrupted iterations
default   [  86% ] 100 VUs  08m36.0s/10m0s

running (08m37.0s), 100/100 VUs, 31009 complete and 0 interrupted iterations
default   [  86% ] 100 VUs  08m37.0s/10m0s

running (08m38.0s), 100/100 VUs, 31070 complete and 0 interrupted iterations
default   [  86% ] 100 VUs  08m38.0s/10m0s

running (08m39.0s), 100/100 VUs, 31143 complete and 0 interrupted iterations
default   [  86% ] 100 VUs  08m39.0s/10m0s

running (08m40.0s), 100/100 VUs, 31210 complete and 0 interrupted iterations
default   [  87% ] 100 VUs  08m40.0s/10m0s

running (08m41.0s), 100/100 VUs, 31261 complete and 0 interrupted iterations
default   [  87% ] 100 VUs  08m41.0s/10m0s

running (08m42.0s), 100/100 VUs, 31343 complete and 0 interrupted iterations
default   [  87% ] 100 VUs  08m42.0s/10m0s

running (08m43.0s), 100/100 VUs, 31393 complete and 0 interrupted iterations
default   [  87% ] 100 VUs  08m43.0s/10m0s

running (08m44.0s), 100/100 VUs, 31447 complete and 0 interrupted iterations
default   [  87% ] 100 VUs  08m44.0s/10m0s

running (08m45.0s), 100/100 VUs, 31511 complete and 0 interrupted iterations
default   [  87% ] 100 VUs  08m45.0s/10m0s

running (08m46.0s), 100/100 VUs, 31569 complete and 0 interrupted iterations
default   [  88% ] 100 VUs  08m46.0s/10m0s

running (08m47.0s), 100/100 VUs, 31647 complete and 0 interrupted iterations
default   [  88% ] 100 VUs  08m47.0s/10m0s

running (08m48.0s), 100/100 VUs, 31712 complete and 0 interrupted iterations
default   [  88% ] 100 VUs  08m48.0s/10m0s

running (08m49.0s), 100/100 VUs, 31771 complete and 0 interrupted iterations
default   [  88% ] 100 VUs  08m49.0s/10m0s

running (08m50.0s), 100/100 VUs, 31824 complete and 0 interrupted iterations
default   [  88% ] 100 VUs  08m50.0s/10m0s

running (08m51.0s), 100/100 VUs, 31872 complete and 0 interrupted iterations
default   [  88% ] 100 VUs  08m51.0s/10m0s

running (08m52.0s), 100/100 VUs, 31929 complete and 0 interrupted iterations
default   [  89% ] 100 VUs  08m52.0s/10m0s

running (08m53.0s), 100/100 VUs, 31966 complete and 0 interrupted iterations
default   [  89% ] 100 VUs  08m53.0s/10m0s

running (08m54.0s), 100/100 VUs, 32041 complete and 0 interrupted iterations
default   [  89% ] 100 VUs  08m54.0s/10m0s

running (08m55.0s), 100/100 VUs, 32086 complete and 0 interrupted iterations
default   [  89% ] 100 VUs  08m55.0s/10m0s

running (08m56.0s), 100/100 VUs, 32137 complete and 0 interrupted iterations
default   [  89% ] 100 VUs  08m56.0s/10m0s

running (08m57.0s), 100/100 VUs, 32195 complete and 0 interrupted iterations
default   [  89% ] 100 VUs  08m57.0s/10m0s

running (08m58.0s), 100/100 VUs, 32252 complete and 0 interrupted iterations
default   [  90% ] 100 VUs  08m58.0s/10m0s

running (08m59.0s), 100/100 VUs, 32321 complete and 0 interrupted iterations
default   [  90% ] 100 VUs  08m59.0s/10m0s

running (09m00.0s), 100/100 VUs, 32380 complete and 0 interrupted iterations
default   [  90% ] 100 VUs  09m00.0s/10m0s

running (09m01.0s), 100/100 VUs, 32453 complete and 0 interrupted iterations
default   [  90% ] 100 VUs  09m01.0s/10m0s

running (09m02.0s), 100/100 VUs, 32520 complete and 0 interrupted iterations
default   [  90% ] 100 VUs  09m02.0s/10m0s

running (09m03.0s), 100/100 VUs, 32579 complete and 0 interrupted iterations
default   [  90% ] 100 VUs  09m03.0s/10m0s

running (09m04.0s), 100/100 VUs, 32638 complete and 0 interrupted iterations
default   [  91% ] 100 VUs  09m04.0s/10m0s

running (09m05.0s), 100/100 VUs, 32685 complete and 0 interrupted iterations
default   [  91% ] 100 VUs  09m05.0s/10m0s

running (09m06.0s), 100/100 VUs, 32767 complete and 0 interrupted iterations
default   [  91% ] 100 VUs  09m06.0s/10m0s

running (09m07.0s), 100/100 VUs, 32818 complete and 0 interrupted iterations
default   [  91% ] 100 VUs  09m07.0s/10m0s

running (09m08.0s), 100/100 VUs, 32869 complete and 0 interrupted iterations
default   [  91% ] 100 VUs  09m08.0s/10m0s

running (09m09.0s), 100/100 VUs, 32938 complete and 0 interrupted iterations
default   [  91% ] 100 VUs  09m09.0s/10m0s

running (09m10.0s), 100/100 VUs, 33005 complete and 0 interrupted iterations
default   [  92% ] 100 VUs  09m10.0s/10m0s

running (09m11.0s), 100/100 VUs, 33069 complete and 0 interrupted iterations
default   [  92% ] 100 VUs  09m11.0s/10m0s

running (09m12.0s), 100/100 VUs, 33133 complete and 0 interrupted iterations
default   [  92% ] 100 VUs  09m12.0s/10m0s

running (09m13.0s), 100/100 VUs, 33207 complete and 0 interrupted iterations
default   [  92% ] 100 VUs  09m13.0s/10m0s

running (09m14.0s), 100/100 VUs, 33269 complete and 0 interrupted iterations
default   [  92% ] 100 VUs  09m14.0s/10m0s

running (09m15.0s), 100/100 VUs, 33333 complete and 0 interrupted iterations
default   [  92% ] 100 VUs  09m15.0s/10m0s

running (09m16.0s), 100/100 VUs, 33407 complete and 0 interrupted iterations
default   [  93% ] 100 VUs  09m16.0s/10m0s

running (09m17.0s), 100/100 VUs, 33471 complete and 0 interrupted iterations
default   [  93% ] 100 VUs  09m17.0s/10m0s

running (09m18.0s), 100/100 VUs, 33531 complete and 0 interrupted iterations
default   [  93% ] 100 VUs  09m18.0s/10m0s

running (09m19.0s), 100/100 VUs, 33607 complete and 0 interrupted iterations
default   [  93% ] 100 VUs  09m19.0s/10m0s

running (09m20.0s), 100/100 VUs, 33671 complete and 0 interrupted iterations
default   [  93% ] 100 VUs  09m20.0s/10m0s

running (09m21.0s), 100/100 VUs, 33729 complete and 0 interrupted iterations
default   [  93% ] 100 VUs  09m21.0s/10m0s

running (09m22.0s), 100/100 VUs, 33805 complete and 0 interrupted iterations
default   [  94% ] 100 VUs  09m22.0s/10m0s

running (09m23.0s), 100/100 VUs, 33847 complete and 0 interrupted iterations
default   [  94% ] 100 VUs  09m23.0s/10m0s

running (09m24.0s), 100/100 VUs, 33893 complete and 0 interrupted iterations
default   [  94% ] 100 VUs  09m24.0s/10m0s

running (09m25.0s), 100/100 VUs, 33968 complete and 0 interrupted iterations
default   [  94% ] 100 VUs  09m25.0s/10m0s

running (09m26.0s), 100/100 VUs, 34029 complete and 0 interrupted iterations
default   [  94% ] 100 VUs  09m26.0s/10m0s

running (09m27.0s), 100/100 VUs, 34095 complete and 0 interrupted iterations
default   [  94% ] 100 VUs  09m27.0s/10m0s

running (09m28.0s), 100/100 VUs, 34151 complete and 0 interrupted iterations
default   [  95% ] 100 VUs  09m28.0s/10m0s

running (09m29.0s), 100/100 VUs, 34196 complete and 0 interrupted iterations
default   [  95% ] 100 VUs  09m29.0s/10m0s

running (09m30.0s), 100/100 VUs, 34264 complete and 0 interrupted iterations
default   [  95% ] 100 VUs  09m30.0s/10m0s

running (09m31.0s), 100/100 VUs, 34331 complete and 0 interrupted iterations
default   [  95% ] 100 VUs  09m31.0s/10m0s

running (09m32.0s), 100/100 VUs, 34364 complete and 0 interrupted iterations
default   [  95% ] 100 VUs  09m32.0s/10m0s

running (09m33.0s), 100/100 VUs, 34431 complete and 0 interrupted iterations
default   [  95% ] 100 VUs  09m33.0s/10m0s

running (09m34.0s), 100/100 VUs, 34472 complete and 0 interrupted iterations
default   [  96% ] 100 VUs  09m34.0s/10m0s

running (09m35.0s), 100/100 VUs, 34562 complete and 0 interrupted iterations
default   [  96% ] 100 VUs  09m35.0s/10m0s

running (09m36.0s), 100/100 VUs, 34631 complete and 0 interrupted iterations
default   [  96% ] 100 VUs  09m36.0s/10m0s

running (09m37.0s), 100/100 VUs, 34672 complete and 0 interrupted iterations
default   [  96% ] 100 VUs  09m37.0s/10m0s

running (09m38.0s), 100/100 VUs, 34763 complete and 0 interrupted iterations
default   [  96% ] 100 VUs  09m38.0s/10m0s

running (09m39.0s), 100/100 VUs, 34821 complete and 0 interrupted iterations
default   [  96% ] 100 VUs  09m39.0s/10m0s

running (09m40.0s), 100/100 VUs, 34873 complete and 0 interrupted iterations
default   [  97% ] 100 VUs  09m40.0s/10m0s

running (09m41.0s), 100/100 VUs, 34950 complete and 0 interrupted iterations
default   [  97% ] 100 VUs  09m41.0s/10m0s

running (09m42.0s), 100/100 VUs, 35021 complete and 0 interrupted iterations
default   [  97% ] 100 VUs  09m42.0s/10m0s

running (09m43.0s), 100/100 VUs, 35074 complete and 0 interrupted iterations
default   [  97% ] 100 VUs  09m43.0s/10m0s

running (09m44.0s), 100/100 VUs, 35154 complete and 0 interrupted iterations
default   [  97% ] 100 VUs  09m44.0s/10m0s

running (09m45.0s), 100/100 VUs, 35218 complete and 0 interrupted iterations
default   [  97% ] 100 VUs  09m45.0s/10m0s

running (09m46.0s), 100/100 VUs, 35274 complete and 0 interrupted iterations
default   [  98% ] 100 VUs  09m46.0s/10m0s

running (09m47.0s), 100/100 VUs, 35354 complete and 0 interrupted iterations
default   [  98% ] 100 VUs  09m47.0s/10m0s

running (09m48.0s), 100/100 VUs, 35393 complete and 0 interrupted iterations
default   [  98% ] 100 VUs  09m48.0s/10m0s

running (09m49.0s), 100/100 VUs, 35453 complete and 0 interrupted iterations
default   [  98% ] 100 VUs  09m49.0s/10m0s

running (09m50.0s), 100/100 VUs, 35526 complete and 0 interrupted iterations
default   [  98% ] 100 VUs  09m50.0s/10m0s

running (09m51.0s), 100/100 VUs, 35576 complete and 0 interrupted iterations
default   [  98% ] 100 VUs  09m51.0s/10m0s

running (09m52.0s), 100/100 VUs, 35656 complete and 0 interrupted iterations
default   [  99% ] 100 VUs  09m52.0s/10m0s

running (09m53.0s), 100/100 VUs, 35700 complete and 0 interrupted iterations
default   [  99% ] 100 VUs  09m53.0s/10m0s

running (09m54.0s), 100/100 VUs, 35775 complete and 0 interrupted iterations
default   [  99% ] 100 VUs  09m54.0s/10m0s

running (09m55.0s), 100/100 VUs, 35856 complete and 0 interrupted iterations
default   [  99% ] 100 VUs  09m55.0s/10m0s

running (09m56.0s), 100/100 VUs, 35894 complete and 0 interrupted iterations
default   [  99% ] 100 VUs  09m56.0s/10m0s

running (09m57.0s), 100/100 VUs, 35972 complete and 0 interrupted iterations
default   [  99% ] 100 VUs  09m57.0s/10m0s

running (09m58.0s), 100/100 VUs, 35999 complete and 0 interrupted iterations
default   [ 100% ] 100 VUs  09m58.0s/10m0s

running (09m59.0s), 100/100 VUs, 36078 complete and 0 interrupted iterations
default   [ 100% ] 100 VUs  09m59.0s/10m0s

running (10m00.0s), 100/100 VUs, 36157 complete and 0 interrupted iterations
default   [ 100% ] 100 VUs  10m00.0s/10m0s

running (10m01.0s), 077/100 VUs, 36180 complete and 0 interrupted iterations
default ↓ [ 100% ] 100 VUs  10m0s

running (10m02.0s), 005/100 VUs, 36252 complete and 0 interrupted iterations
default ↓ [ 100% ] 100 VUs  10m0s

running (10m02.5s), 000/100 VUs, 36257 complete and 0 interrupted iterations
default ✓ [ 100% ] 100 VUs  10m0s

     ✓ status is 200

     checks.........................: 100.00% ✓ 36257    ✗ 0    
     data_received..................: 204 MB  339 kB/s
     data_sent......................: 21 MB   35 kB/s
     http_req_blocked...............: avg=332.58ms min=218ns    med=273.22ms max=5.8s    p(90)=496.86ms p(95)=570.05ms
     http_req_connecting............: avg=154.92ms min=0s       med=123.87ms max=1.58s   p(90)=245.15ms p(95)=278.18ms
     http_req_duration..............: avg=324.06ms min=237.27ms med=261.77ms max=2.49s   p(90)=476.73ms p(95)=516.35ms
       { expected_response:true }...: avg=324.06ms min=237.27ms med=261.77ms max=2.49s   p(90)=476.73ms p(95)=516.35ms
     http_req_failed................: 0.00%   ✓ 0        ✗ 36257
     http_req_receiving.............: avg=410.61µs min=18.53µs  med=88.29µs  max=1.41s   p(90)=279.88µs p(95)=874.66µs
     http_req_sending...............: avg=226.98µs min=36.66µs  med=159.57µs max=18.64ms p(90)=331.71µs p(95)=392.46µs
     http_req_tls_handshaking.......: avg=166.72ms min=0s       med=137.44ms max=3.01s   p(90)=255.94ms p(95)=275.95ms
     http_req_waiting...............: avg=323.42ms min=236.89ms med=261.34ms max=2.44s   p(90)=475.98ms p(95)=515.48ms
     http_reqs......................: 36257   60.17989/s
     iteration_duration.............: avg=1.65s    min=1.23s    med=1.54s    max=7.26s   p(90)=1.93s    p(95)=2.03s   
     iterations.....................: 36257   60.17989/s
     vus............................: 5       min=5      max=100
     vus_max........................: 100     min=100    max=100

