
          /\      |‾‾| /‾‾/   /‾‾/   
     /\  /  \     |  |/  /   /  /    
    /  \/    \    |     (   /   ‾‾\  
   /          \   |  |\  \ |  (‾)  | 
  / __________ \  |__| \__\ \_____/ .io

  execution: local
     script: tunnels.js
     output: -

  scenarios: (100.00%) 1 scenario, 600 max VUs, 1m30s max duration (incl. graceful stop):
           * default: 600 looping VUs for 1m0s (gracefulStop: 30s)


running (0m00.9s), 600/600 VUs, 0 complete and 0 interrupted iterations
default   [   1% ] 600 VUs  0m00.9s/1m0s

running (0m01.9s), 600/600 VUs, 0 complete and 0 interrupted iterations
default   [   3% ] 600 VUs  0m01.9s/1m0s

running (0m02.9s), 600/600 VUs, 37 complete and 0 interrupted iterations
default   [   5% ] 600 VUs  0m02.9s/1m0s

running (0m03.9s), 600/600 VUs, 600 complete and 0 interrupted iterations
default   [   6% ] 600 VUs  0m03.9s/1m0s

running (0m04.9s), 600/600 VUs, 729 complete and 0 interrupted iterations
default   [   8% ] 600 VUs  0m04.9s/1m0s

running (0m05.9s), 600/600 VUs, 872 complete and 0 interrupted iterations
default   [  10% ] 600 VUs  0m05.9s/1m0s

running (0m06.9s), 600/600 VUs, 1253 complete and 0 interrupted iterations
default   [  11% ] 600 VUs  0m06.9s/1m0s

running (0m07.9s), 600/600 VUs, 1467 complete and 0 interrupted iterations
default   [  13% ] 600 VUs  0m07.9s/1m0s

running (0m08.9s), 600/600 VUs, 1978 complete and 0 interrupted iterations
default   [  15% ] 600 VUs  0m08.9s/1m0s

running (0m09.9s), 600/600 VUs, 2205 complete and 0 interrupted iterations
default   [  16% ] 600 VUs  0m09.9s/1m0s

running (0m10.9s), 600/600 VUs, 2397 complete and 0 interrupted iterations
default   [  18% ] 600 VUs  0m10.9s/1m0s

running (0m11.9s), 600/600 VUs, 2912 complete and 0 interrupted iterations
default   [  20% ] 600 VUs  0m11.9s/1m0s

running (0m12.9s), 600/600 VUs, 3239 complete and 0 interrupted iterations
default   [  21% ] 600 VUs  0m12.9s/1m0s

running (0m13.9s), 600/600 VUs, 3609 complete and 0 interrupted iterations
default   [  23% ] 600 VUs  0m13.9s/1m0s

running (0m14.9s), 600/600 VUs, 3961 complete and 0 interrupted iterations
default   [  25% ] 600 VUs  0m14.9s/1m0s

running (0m15.9s), 600/600 VUs, 4441 complete and 0 interrupted iterations
default   [  26% ] 600 VUs  0m15.9s/1m0s

running (0m16.9s), 600/600 VUs, 4674 complete and 0 interrupted iterations
default   [  28% ] 600 VUs  0m16.9s/1m0s

running (0m17.9s), 600/600 VUs, 5175 complete and 0 interrupted iterations
default   [  30% ] 600 VUs  0m17.9s/1m0s

running (0m18.9s), 600/600 VUs, 5453 complete and 0 interrupted iterations
default   [  31% ] 600 VUs  0m18.9s/1m0s

running (0m19.9s), 600/600 VUs, 5941 complete and 0 interrupted iterations
default   [  33% ] 600 VUs  0m19.9s/1m0s

running (0m20.9s), 600/600 VUs, 6245 complete and 0 interrupted iterations
default   [  35% ] 600 VUs  0m20.9s/1m0s

running (0m21.9s), 600/600 VUs, 6710 complete and 0 interrupted iterations
default   [  37% ] 600 VUs  0m21.9s/1m0s

running (0m22.9s), 600/600 VUs, 7134 complete and 0 interrupted iterations
default   [  38% ] 600 VUs  0m22.9s/1m0s

running (0m23.9s), 600/600 VUs, 7554 complete and 0 interrupted iterations
default   [  40% ] 600 VUs  0m23.9s/1m0s

running (0m24.9s), 600/600 VUs, 7871 complete and 0 interrupted iterations
default   [  41% ] 600 VUs  0m24.9s/1m0s

running (0m25.9s), 600/600 VUs, 8329 complete and 0 interrupted iterations
default   [  43% ] 600 VUs  0m25.9s/1m0s

running (0m26.9s), 600/600 VUs, 8887 complete and 0 interrupted iterations
default   [  45% ] 600 VUs  0m26.9s/1m0s

running (0m27.9s), 600/600 VUs, 9304 complete and 0 interrupted iterations
default   [  47% ] 600 VUs  0m27.9s/1m0s

running (0m28.9s), 600/600 VUs, 9725 complete and 0 interrupted iterations
default   [  48% ] 600 VUs  0m28.9s/1m0s

running (0m29.9s), 600/600 VUs, 10217 complete and 0 interrupted iterations
default   [  50% ] 600 VUs  0m29.9s/1m0s

running (0m30.9s), 600/600 VUs, 10724 complete and 0 interrupted iterations
default   [  51% ] 600 VUs  0m30.9s/1m0s

running (0m31.9s), 600/600 VUs, 11198 complete and 0 interrupted iterations
default   [  53% ] 600 VUs  0m31.9s/1m0s

running (0m32.9s), 600/600 VUs, 11615 complete and 0 interrupted iterations
default   [  55% ] 600 VUs  0m32.9s/1m0s

running (0m33.9s), 600/600 VUs, 12122 complete and 0 interrupted iterations
default   [  56% ] 600 VUs  0m33.9s/1m0s

running (0m34.9s), 600/600 VUs, 12559 complete and 0 interrupted iterations
default   [  58% ] 600 VUs  0m34.9s/1m0s

running (0m35.9s), 600/600 VUs, 13043 complete and 0 interrupted iterations
default   [  60% ] 600 VUs  0m35.9s/1m0s

running (0m36.9s), 600/600 VUs, 13355 complete and 0 interrupted iterations
default   [  61% ] 600 VUs  0m36.9s/1m0s

running (0m37.9s), 600/600 VUs, 13815 complete and 0 interrupted iterations
default   [  63% ] 600 VUs  0m37.9s/1m0s

running (0m38.9s), 600/600 VUs, 14215 complete and 0 interrupted iterations
default   [  65% ] 600 VUs  0m38.9s/1m0s

running (0m39.9s), 600/600 VUs, 14602 complete and 0 interrupted iterations
default   [  66% ] 600 VUs  0m39.9s/1m0s

running (0m40.9s), 600/600 VUs, 15155 complete and 0 interrupted iterations
default   [  68% ] 600 VUs  0m40.9s/1m0s

running (0m41.9s), 600/600 VUs, 15648 complete and 0 interrupted iterations
default   [  70% ] 600 VUs  0m41.9s/1m0s

running (0m42.9s), 600/600 VUs, 16140 complete and 0 interrupted iterations
default   [  71% ] 600 VUs  0m42.9s/1m0s

running (0m43.9s), 600/600 VUs, 16523 complete and 0 interrupted iterations
default   [  73% ] 600 VUs  0m43.9s/1m0s

running (0m44.9s), 600/600 VUs, 16998 complete and 0 interrupted iterations
default   [  75% ] 600 VUs  0m44.9s/1m0s

running (0m45.9s), 600/600 VUs, 17528 complete and 0 interrupted iterations
default   [  76% ] 600 VUs  0m45.9s/1m0s

running (0m46.9s), 600/600 VUs, 17989 complete and 0 interrupted iterations
default   [  78% ] 600 VUs  0m46.9s/1m0s

running (0m47.9s), 600/600 VUs, 18447 complete and 0 interrupted iterations
default   [  80% ] 600 VUs  0m47.9s/1m0s

running (0m48.9s), 600/600 VUs, 18809 complete and 0 interrupted iterations
default   [  81% ] 600 VUs  0m48.9s/1m0s

running (0m49.9s), 600/600 VUs, 19356 complete and 0 interrupted iterations
default   [  83% ] 600 VUs  0m49.9s/1m0s

running (0m50.9s), 600/600 VUs, 19914 complete and 0 interrupted iterations
default   [  85% ] 600 VUs  0m50.9s/1m0s

running (0m51.9s), 600/600 VUs, 20312 complete and 0 interrupted iterations
default   [  86% ] 600 VUs  0m51.9s/1m0s

running (0m52.9s), 600/600 VUs, 20725 complete and 0 interrupted iterations
default   [  88% ] 600 VUs  0m52.9s/1m0s

running (0m53.9s), 600/600 VUs, 21195 complete and 0 interrupted iterations
default   [  90% ] 600 VUs  0m53.9s/1m0s

running (0m54.9s), 600/600 VUs, 21756 complete and 0 interrupted iterations
default   [  91% ] 600 VUs  0m54.9s/1m0s

running (0m55.9s), 600/600 VUs, 22152 complete and 0 interrupted iterations
default   [  93% ] 600 VUs  0m55.9s/1m0s

running (0m56.9s), 600/600 VUs, 22488 complete and 0 interrupted iterations
default   [  95% ] 600 VUs  0m56.9s/1m0s

running (0m57.9s), 600/600 VUs, 22866 complete and 0 interrupted iterations
default   [  96% ] 600 VUs  0m57.9s/1m0s

running (0m58.9s), 600/600 VUs, 23332 complete and 0 interrupted iterations
default   [  98% ] 600 VUs  0m58.9s/1m0s

running (0m59.9s), 600/600 VUs, 23827 complete and 0 interrupted iterations
default   [ 100% ] 600 VUs  0m59.9s/1m0s

running (1m00.9s), 285/600 VUs, 24205 complete and 0 interrupted iterations
default ↓ [ 100% ] 600 VUs  1m0s

running (1m01.5s), 000/600 VUs, 24490 complete and 0 interrupted iterations
default ✓ [ 100% ] 600 VUs  1m0s

     ✓ status is 200

     checks.........................: 100.00% ✓ 24490      ✗ 0    
     data_received..................: 39 MB   632 kB/s
     data_sent......................: 2.9 MB  48 kB/s
     http_req_blocked...............: avg=72.1ms   min=162ns    med=418ns    max=3.54s    p(90)=362.29ms p(95)=495.1ms 
     http_req_connecting............: avg=29.05ms  min=0s       med=0s       max=2.46s    p(90)=143.08ms p(95)=189.53ms
     http_req_duration..............: avg=386.8ms  min=246.09ms med=282.56ms max=2.35s    p(90)=582.7ms  p(95)=742.81ms
       { expected_response:true }...: avg=386.8ms  min=246.09ms med=282.56ms max=2.35s    p(90)=582.7ms  p(95)=742.81ms
     http_req_failed................: 0.00%   ✓ 0          ✗ 24490
     http_req_receiving.............: avg=684.31µs min=16.74µs  med=56.8µs   max=674.41ms p(90)=951.21µs p(95)=2.4ms   
     http_req_sending...............: avg=127.01µs min=21.87µs  med=56.08µs  max=49.11ms  p(90)=148.62µs p(95)=233µs   
     http_req_tls_handshaking.......: avg=42.97ms  min=0s       med=0s       max=3.22s    p(90)=184.48ms p(95)=283.67ms
     http_req_waiting...............: avg=385.98ms min=245.99ms med=282.25ms max=2.35s    p(90)=580.32ms p(95)=737.55ms
     http_reqs......................: 24490   398.451986/s
     iteration_duration.............: avg=1.48s    min=1.24s    med=1.31s    max=4.94s    p(90)=1.87s    p(95)=2.26s   
     iterations.....................: 24490   398.451986/s
     vus............................: 285     min=285      max=600
     vus_max........................: 600     min=600      max=600

