
          /\      |‾‾| /‾‾/   /‾‾/   
     /\  /  \     |  |/  /   /  /    
    /  \/    \    |     (   /   ‾‾\  
   /          \   |  |\  \ |  (‾)  | 
  / __________ \  |__| \__\ \_____/ .io

  execution: local
     script: tunnels.js
     output: -

  scenarios: (100.00%) 1 scenario, 1000 max VUs, 1m30s max duration (incl. graceful stop):
           * default: 1000 looping VUs for 1m0s (gracefulStop: 30s)


running (0m00.8s), 1000/1000 VUs, 0 complete and 0 interrupted iterations
default   [   1% ] 1000 VUs  0m00.8s/1m0s

running (0m01.8s), 1000/1000 VUs, 0 complete and 0 interrupted iterations
default   [   3% ] 1000 VUs  0m01.8s/1m0s

running (0m02.8s), 1000/1000 VUs, 0 complete and 0 interrupted iterations
default   [   5% ] 1000 VUs  0m02.8s/1m0s

running (0m03.8s), 1000/1000 VUs, 0 complete and 0 interrupted iterations
default   [   6% ] 1000 VUs  0m03.8s/1m0s

running (0m04.8s), 1000/1000 VUs, 13 complete and 0 interrupted iterations
default   [   8% ] 1000 VUs  0m04.8s/1m0s

running (0m05.8s), 1000/1000 VUs, 92 complete and 0 interrupted iterations
default   [  10% ] 1000 VUs  0m05.8s/1m0s

running (0m06.8s), 1000/1000 VUs, 206 complete and 0 interrupted iterations
default   [  11% ] 1000 VUs  0m06.8s/1m0s

running (0m07.8s), 1000/1000 VUs, 453 complete and 0 interrupted iterations
default   [  13% ] 1000 VUs  0m07.8s/1m0s

running (0m08.8s), 1000/1000 VUs, 774 complete and 0 interrupted iterations
default   [  15% ] 1000 VUs  0m08.8s/1m0s

running (0m09.8s), 1000/1000 VUs, 1071 complete and 0 interrupted iterations
default   [  16% ] 1000 VUs  0m09.8s/1m0s

running (0m10.8s), 1000/1000 VUs, 1350 complete and 0 interrupted iterations
default   [  18% ] 1000 VUs  0m10.8s/1m0s

running (0m11.8s), 1000/1000 VUs, 1704 complete and 0 interrupted iterations
default   [  20% ] 1000 VUs  0m11.8s/1m0s

running (0m12.8s), 1000/1000 VUs, 2360 complete and 0 interrupted iterations
default   [  21% ] 1000 VUs  0m12.8s/1m0s

running (0m13.8s), 1000/1000 VUs, 2981 complete and 0 interrupted iterations
default   [  23% ] 1000 VUs  0m13.8s/1m0s

running (0m14.8s), 1000/1000 VUs, 3287 complete and 0 interrupted iterations
default   [  25% ] 1000 VUs  0m14.8s/1m0s

running (0m15.8s), 1000/1000 VUs, 3791 complete and 0 interrupted iterations
default   [  26% ] 1000 VUs  0m15.8s/1m0s

running (0m16.8s), 1000/1000 VUs, 4451 complete and 0 interrupted iterations
default   [  28% ] 1000 VUs  0m16.8s/1m0s

running (0m17.8s), 1000/1000 VUs, 5028 complete and 0 interrupted iterations
default   [  30% ] 1000 VUs  0m17.8s/1m0s

running (0m18.8s), 1000/1000 VUs, 5846 complete and 0 interrupted iterations
default   [  31% ] 1000 VUs  0m18.8s/1m0s

running (0m19.8s), 1000/1000 VUs, 6121 complete and 0 interrupted iterations
default   [  33% ] 1000 VUs  0m19.8s/1m0s

running (0m20.8s), 1000/1000 VUs, 6962 complete and 0 interrupted iterations
default   [  35% ] 1000 VUs  0m20.8s/1m0s

running (0m21.8s), 1000/1000 VUs, 7630 complete and 0 interrupted iterations
default   [  36% ] 1000 VUs  0m21.8s/1m0s

running (0m22.8s), 1000/1000 VUs, 8215 complete and 0 interrupted iterations
default   [  38% ] 1000 VUs  0m22.8s/1m0s

running (0m23.8s), 1000/1000 VUs, 8955 complete and 0 interrupted iterations
default   [  40% ] 1000 VUs  0m23.8s/1m0s

running (0m24.8s), 1000/1000 VUs, 9520 complete and 0 interrupted iterations
default   [  41% ] 1000 VUs  0m24.8s/1m0s

running (0m25.8s), 1000/1000 VUs, 10248 complete and 0 interrupted iterations
default   [  43% ] 1000 VUs  0m25.8s/1m0s

running (0m26.8s), 1000/1000 VUs, 10954 complete and 0 interrupted iterations
default   [  45% ] 1000 VUs  0m26.8s/1m0s

running (0m27.8s), 1000/1000 VUs, 11680 complete and 0 interrupted iterations
default   [  46% ] 1000 VUs  0m27.8s/1m0s

running (0m28.8s), 1000/1000 VUs, 12232 complete and 0 interrupted iterations
default   [  48% ] 1000 VUs  0m28.8s/1m0s

running (0m29.8s), 1000/1000 VUs, 13035 complete and 0 interrupted iterations
default   [  50% ] 1000 VUs  0m29.8s/1m0s

running (0m30.8s), 1000/1000 VUs, 13654 complete and 0 interrupted iterations
default   [  51% ] 1000 VUs  0m30.8s/1m0s

running (0m31.8s), 1000/1000 VUs, 14270 complete and 0 interrupted iterations
default   [  53% ] 1000 VUs  0m31.8s/1m0s

running (0m32.8s), 1000/1000 VUs, 15022 complete and 0 interrupted iterations
default   [  55% ] 1000 VUs  0m32.8s/1m0s

running (0m33.8s), 1000/1000 VUs, 15506 complete and 0 interrupted iterations
default   [  56% ] 1000 VUs  0m33.8s/1m0s

running (0m34.8s), 1000/1000 VUs, 16249 complete and 0 interrupted iterations
default   [  58% ] 1000 VUs  0m34.8s/1m0s

running (0m35.8s), 1000/1000 VUs, 16911 complete and 0 interrupted iterations
default   [  60% ] 1000 VUs  0m35.8s/1m0s

running (0m36.8s), 1000/1000 VUs, 17511 complete and 0 interrupted iterations
default   [  61% ] 1000 VUs  0m36.8s/1m0s

running (0m37.8s), 1000/1000 VUs, 18306 complete and 0 interrupted iterations
default   [  63% ] 1000 VUs  0m37.8s/1m0s

running (0m38.8s), 1000/1000 VUs, 18954 complete and 0 interrupted iterations
default   [  65% ] 1000 VUs  0m38.8s/1m0s

running (0m39.8s), 1000/1000 VUs, 19409 complete and 0 interrupted iterations
default   [  66% ] 1000 VUs  0m39.8s/1m0s

running (0m40.8s), 1000/1000 VUs, 19962 complete and 0 interrupted iterations
default   [  68% ] 1000 VUs  0m40.8s/1m0s

running (0m41.8s), 1000/1000 VUs, 20457 complete and 0 interrupted iterations
default   [  70% ] 1000 VUs  0m41.8s/1m0s

running (0m42.8s), 1000/1000 VUs, 20970 complete and 0 interrupted iterations
default   [  71% ] 1000 VUs  0m42.8s/1m0s

running (0m43.8s), 1000/1000 VUs, 21369 complete and 0 interrupted iterations
default   [  73% ] 1000 VUs  0m43.8s/1m0s

running (0m44.8s), 1000/1000 VUs, 22093 complete and 0 interrupted iterations
default   [  75% ] 1000 VUs  0m44.8s/1m0s

running (0m45.8s), 1000/1000 VUs, 22551 complete and 0 interrupted iterations
default   [  76% ] 1000 VUs  0m45.8s/1m0s

running (0m46.8s), 1000/1000 VUs, 23170 complete and 0 interrupted iterations
default   [  78% ] 1000 VUs  0m46.8s/1m0s

running (0m47.8s), 1000/1000 VUs, 23794 complete and 0 interrupted iterations
default   [  80% ] 1000 VUs  0m47.8s/1m0s

running (0m48.8s), 1000/1000 VUs, 24520 complete and 0 interrupted iterations
default   [  81% ] 1000 VUs  0m48.8s/1m0s

running (0m49.8s), 1000/1000 VUs, 25197 complete and 0 interrupted iterations
default   [  83% ] 1000 VUs  0m49.8s/1m0s

running (0m50.8s), 1000/1000 VUs, 25756 complete and 0 interrupted iterations
default   [  85% ] 1000 VUs  0m50.8s/1m0s

running (0m51.8s), 1000/1000 VUs, 26429 complete and 0 interrupted iterations
default   [  86% ] 1000 VUs  0m51.8s/1m0s

running (0m52.8s), 1000/1000 VUs, 27156 complete and 0 interrupted iterations
default   [  88% ] 1000 VUs  0m52.8s/1m0s

running (0m53.8s), 1000/1000 VUs, 27837 complete and 0 interrupted iterations
default   [  90% ] 1000 VUs  0m53.8s/1m0s

running (0m54.8s), 1000/1000 VUs, 28514 complete and 0 interrupted iterations
default   [  91% ] 1000 VUs  0m54.8s/1m0s

running (0m55.8s), 1000/1000 VUs, 29113 complete and 0 interrupted iterations
default   [  93% ] 1000 VUs  0m55.8s/1m0s

running (0m56.8s), 1000/1000 VUs, 29784 complete and 0 interrupted iterations
default   [  95% ] 1000 VUs  0m56.8s/1m0s

running (0m57.8s), 1000/1000 VUs, 30111 complete and 0 interrupted iterations
default   [  96% ] 1000 VUs  0m57.8s/1m0s

running (0m58.8s), 1000/1000 VUs, 30550 complete and 0 interrupted iterations
default   [  98% ] 1000 VUs  0m58.8s/1m0s

running (0m59.8s), 1000/1000 VUs, 31128 complete and 0 interrupted iterations
default   [ 100% ] 1000 VUs  0m59.8s/1m0s

running (1m00.8s), 0578/1000 VUs, 31597 complete and 0 interrupted iterations
default ↓ [ 100% ] 1000 VUs  1m0s

running (1m01.7s), 0000/1000 VUs, 32175 complete and 0 interrupted iterations
default ✓ [ 100% ] 1000 VUs  1m0s

     ✓ status is 200

     checks.........................: 100.00% ✓ 32175      ✗ 0     
     data_received..................: 40 MB   653 kB/s
     data_sent......................: 2.6 MB  43 kB/s
     http_req_blocked...............: avg=58.46ms  min=139ns    med=381ns    max=2.5s     p(90)=1.49µs   p(95)=478.04ms
     http_req_connecting............: avg=19.18ms  min=0s       med=0s       max=528.37ms p(90)=0s       p(95)=179.49ms
     http_req_duration..............: avg=719.15ms min=237.77ms med=445.49ms max=12.91s   p(90)=972.52ms p(95)=1.3s    
       { expected_response:true }...: avg=719.15ms min=237.77ms med=445.49ms max=12.91s   p(90)=972.52ms p(95)=1.3s    
     http_req_failed................: 0.00%   ✓ 0          ✗ 32175 
     http_req_receiving.............: avg=1.25ms   min=15.88µs  med=70.01µs  max=1.91s    p(90)=1.69ms   p(95)=4.71ms  
     http_req_sending...............: avg=112.53µs min=19µs     med=51.93µs  max=84.53ms  p(90)=139.16µs p(95)=202.32µs
     http_req_tls_handshaking.......: avg=39.21ms  min=0s       med=0s       max=2.01s    p(90)=0s       p(95)=267.72ms
     http_req_waiting...............: avg=717.78ms min=237.13ms med=443.84ms max=12.9s    p(90)=969.74ms p(95)=1.29s   
     http_reqs......................: 32175   521.120822/s
     iteration_duration.............: avg=1.89s    min=1.24s    med=1.57s    max=15.61s   p(90)=2.2s     p(95)=2.63s   
     iterations.....................: 32175   521.120822/s
     vus............................: 578     min=578      max=1000
     vus_max........................: 1000    min=1000     max=1000

