
          /\      |‾‾| /‾‾/   /‾‾/   
     /\  /  \     |  |/  /   /  /    
    /  \/    \    |     (   /   ‾‾\  
   /          \   |  |\  \ |  (‾)  | 
  / __________ \  |__| \__\ \_____/ .io

  execution: local
     script: tunnels.js
     output: -

  scenarios: (100.00%) 1 scenario, 600 max VUs, 1m30s max duration (incl. graceful stop):
           * default: 600 looping VUs for 1m0s (gracefulStop: 30s)


running (0m00.9s), 600/600 VUs, 0 complete and 0 interrupted iterations
default   [   1% ] 600 VUs  0m00.9s/1m0s

running (0m01.9s), 600/600 VUs, 0 complete and 0 interrupted iterations
default   [   3% ] 600 VUs  0m01.9s/1m0s

running (0m02.9s), 600/600 VUs, 397 complete and 0 interrupted iterations
default   [   5% ] 600 VUs  0m02.9s/1m0s

running (0m03.9s), 600/600 VUs, 611 complete and 0 interrupted iterations
default   [   6% ] 600 VUs  0m03.9s/1m0s

running (0m04.9s), 600/600 VUs, 786 complete and 0 interrupted iterations
default   [   8% ] 600 VUs  0m04.9s/1m0s

running (0m05.9s), 600/600 VUs, 1298 complete and 0 interrupted iterations
default   [  10% ] 600 VUs  0m05.9s/1m0s

running (0m06.9s), 600/600 VUs, 1529 complete and 0 interrupted iterations
default   [  11% ] 600 VUs  0m06.9s/1m0s

running (0m07.9s), 600/600 VUs, 1975 complete and 0 interrupted iterations
default   [  13% ] 600 VUs  0m07.9s/1m0s

running (0m08.9s), 600/600 VUs, 2191 complete and 0 interrupted iterations
default   [  15% ] 600 VUs  0m08.9s/1m0s

running (0m09.9s), 600/600 VUs, 2615 complete and 0 interrupted iterations
default   [  16% ] 600 VUs  0m09.9s/1m0s

running (0m10.9s), 600/600 VUs, 2919 complete and 0 interrupted iterations
default   [  18% ] 600 VUs  0m10.9s/1m0s

running (0m11.9s), 600/600 VUs, 3222 complete and 0 interrupted iterations
default   [  20% ] 600 VUs  0m11.9s/1m0s

running (0m12.9s), 600/600 VUs, 3572 complete and 0 interrupted iterations
default   [  21% ] 600 VUs  0m12.9s/1m0s

running (0m13.9s), 600/600 VUs, 3885 complete and 0 interrupted iterations
default   [  23% ] 600 VUs  0m13.9s/1m0s

running (0m14.9s), 600/600 VUs, 4304 complete and 0 interrupted iterations
default   [  25% ] 600 VUs  0m14.9s/1m0s

running (0m15.9s), 600/600 VUs, 4606 complete and 0 interrupted iterations
default   [  26% ] 600 VUs  0m15.9s/1m0s

running (0m16.9s), 600/600 VUs, 4994 complete and 0 interrupted iterations
default   [  28% ] 600 VUs  0m16.9s/1m0s

running (0m17.9s), 600/600 VUs, 5344 complete and 0 interrupted iterations
default   [  30% ] 600 VUs  0m17.9s/1m0s

running (0m18.9s), 600/600 VUs, 5673 complete and 0 interrupted iterations
default   [  31% ] 600 VUs  0m18.9s/1m0s

running (0m19.9s), 600/600 VUs, 6015 complete and 0 interrupted iterations
default   [  33% ] 600 VUs  0m19.9s/1m0s

running (0m20.9s), 600/600 VUs, 6336 complete and 0 interrupted iterations
default   [  35% ] 600 VUs  0m20.9s/1m0s

running (0m21.9s), 600/600 VUs, 6616 complete and 0 interrupted iterations
default   [  36% ] 600 VUs  0m21.9s/1m0s

running (0m22.9s), 600/600 VUs, 7041 complete and 0 interrupted iterations
default   [  38% ] 600 VUs  0m22.9s/1m0s

running (0m23.9s), 600/600 VUs, 7210 complete and 0 interrupted iterations
default   [  40% ] 600 VUs  0m23.9s/1m0s

running (0m24.9s), 600/600 VUs, 7438 complete and 0 interrupted iterations
default   [  41% ] 600 VUs  0m24.9s/1m0s

running (0m25.9s), 600/600 VUs, 7692 complete and 0 interrupted iterations
default   [  43% ] 600 VUs  0m25.9s/1m0s

running (0m26.9s), 600/600 VUs, 8112 complete and 0 interrupted iterations
default   [  45% ] 600 VUs  0m26.9s/1m0s

running (0m27.9s), 600/600 VUs, 8353 complete and 0 interrupted iterations
default   [  46% ] 600 VUs  0m27.9s/1m0s

running (0m28.9s), 600/600 VUs, 8565 complete and 0 interrupted iterations
default   [  48% ] 600 VUs  0m28.9s/1m0s

running (0m29.9s), 600/600 VUs, 8939 complete and 0 interrupted iterations
default   [  50% ] 600 VUs  0m29.9s/1m0s

running (0m30.9s), 600/600 VUs, 9165 complete and 0 interrupted iterations
default   [  51% ] 600 VUs  0m30.9s/1m0s

running (0m31.9s), 600/600 VUs, 9440 complete and 0 interrupted iterations
default   [  53% ] 600 VUs  0m31.9s/1m0s

running (0m32.9s), 600/600 VUs, 9727 complete and 0 interrupted iterations
default   [  55% ] 600 VUs  0m32.9s/1m0s

running (0m33.9s), 600/600 VUs, 9886 complete and 0 interrupted iterations
default   [  56% ] 600 VUs  0m33.9s/1m0s

running (0m34.9s), 600/600 VUs, 10214 complete and 0 interrupted iterations
default   [  58% ] 600 VUs  0m34.9s/1m0s

running (0m35.9s), 600/600 VUs, 10429 complete and 0 interrupted iterations
default   [  60% ] 600 VUs  0m35.9s/1m0s

running (0m36.9s), 600/600 VUs, 10710 complete and 0 interrupted iterations
default   [  61% ] 600 VUs  0m36.9s/1m0s

running (0m37.9s), 600/600 VUs, 11005 complete and 0 interrupted iterations
default   [  63% ] 600 VUs  0m37.9s/1m0s

running (0m38.9s), 600/600 VUs, 11295 complete and 0 interrupted iterations
default   [  65% ] 600 VUs  0m38.9s/1m0s

running (0m39.9s), 600/600 VUs, 11510 complete and 0 interrupted iterations
default   [  66% ] 600 VUs  0m39.9s/1m0s

running (0m40.9s), 600/600 VUs, 11966 complete and 0 interrupted iterations
default   [  68% ] 600 VUs  0m40.9s/1m0s

running (0m41.9s), 600/600 VUs, 12237 complete and 0 interrupted iterations
default   [  70% ] 600 VUs  0m41.9s/1m0s

running (0m42.9s), 600/600 VUs, 12673 complete and 0 interrupted iterations
default   [  71% ] 600 VUs  0m42.9s/1m0s

running (0m43.9s), 600/600 VUs, 12968 complete and 0 interrupted iterations
default   [  73% ] 600 VUs  0m43.9s/1m0s

running (0m44.9s), 600/600 VUs, 13351 complete and 0 interrupted iterations
default   [  75% ] 600 VUs  0m44.9s/1m0s

running (0m45.9s), 600/600 VUs, 13638 complete and 0 interrupted iterations
default   [  76% ] 600 VUs  0m45.9s/1m0s

running (0m46.9s), 600/600 VUs, 13976 complete and 0 interrupted iterations
default   [  78% ] 600 VUs  0m46.9s/1m0s

running (0m47.9s), 600/600 VUs, 14317 complete and 0 interrupted iterations
default   [  80% ] 600 VUs  0m47.9s/1m0s

running (0m48.9s), 600/600 VUs, 14729 complete and 0 interrupted iterations
default   [  81% ] 600 VUs  0m48.9s/1m0s

running (0m49.9s), 600/600 VUs, 15014 complete and 0 interrupted iterations
default   [  83% ] 600 VUs  0m49.9s/1m0s

running (0m50.9s), 600/600 VUs, 15425 complete and 0 interrupted iterations
default   [  85% ] 600 VUs  0m50.9s/1m0s

running (0m51.9s), 600/600 VUs, 15673 complete and 0 interrupted iterations
default   [  86% ] 600 VUs  0m51.9s/1m0s

running (0m52.9s), 600/600 VUs, 16078 complete and 0 interrupted iterations
default   [  88% ] 600 VUs  0m52.9s/1m0s

running (0m53.9s), 600/600 VUs, 16365 complete and 0 interrupted iterations
default   [  90% ] 600 VUs  0m53.9s/1m0s

running (0m54.9s), 600/600 VUs, 16731 complete and 0 interrupted iterations
default   [  91% ] 600 VUs  0m54.9s/1m0s

running (0m55.9s), 600/600 VUs, 16985 complete and 0 interrupted iterations
default   [  93% ] 600 VUs  0m55.9s/1m0s

running (0m56.9s), 600/600 VUs, 17415 complete and 0 interrupted iterations
default   [  95% ] 600 VUs  0m56.9s/1m0s

running (0m57.9s), 600/600 VUs, 17680 complete and 0 interrupted iterations
default   [  96% ] 600 VUs  0m57.9s/1m0s

running (0m58.9s), 600/600 VUs, 18083 complete and 0 interrupted iterations
default   [  98% ] 600 VUs  0m58.9s/1m0s

running (0m59.9s), 600/600 VUs, 18267 complete and 0 interrupted iterations
default   [ 100% ] 600 VUs  0m59.9s/1m0s

running (1m00.9s), 371/600 VUs, 18504 complete and 0 interrupted iterations
default ↓ [ 100% ] 600 VUs  1m0s

running (1m01.9s), 031/600 VUs, 18844 complete and 0 interrupted iterations
default ↓ [ 100% ] 600 VUs  1m0s

running (1m02.9s), 018/600 VUs, 18857 complete and 0 interrupted iterations
default ↓ [ 100% ] 600 VUs  1m0s

running (1m03.9s), 011/600 VUs, 18864 complete and 0 interrupted iterations
default ↓ [ 100% ] 600 VUs  1m0s

running (1m04.9s), 009/600 VUs, 18866 complete and 0 interrupted iterations
default ↓ [ 100% ] 600 VUs  1m0s

running (1m05.9s), 007/600 VUs, 18868 complete and 0 interrupted iterations
default ↓ [ 100% ] 600 VUs  1m0s

running (1m06.9s), 007/600 VUs, 18868 complete and 0 interrupted iterations
default ↓ [ 100% ] 600 VUs  1m0s

running (1m07.9s), 005/600 VUs, 18870 complete and 0 interrupted iterations
default ↓ [ 100% ] 600 VUs  1m0s

running (1m08.9s), 004/600 VUs, 18871 complete and 0 interrupted iterations
default ↓ [ 100% ] 600 VUs  1m0s

running (1m09.9s), 004/600 VUs, 18871 complete and 0 interrupted iterations
default ↓ [ 100% ] 600 VUs  1m0s

running (1m10.9s), 004/600 VUs, 18871 complete and 0 interrupted iterations
default ↓ [ 100% ] 600 VUs  1m0s

running (1m11.9s), 001/600 VUs, 18874 complete and 0 interrupted iterations
default ↓ [ 100% ] 600 VUs  1m0s

running (1m12.1s), 000/600 VUs, 18875 complete and 0 interrupted iterations
default ✓ [ 100% ] 600 VUs  1m0s

     ✗ status is 200
      ↳  99% — ✓ 18874 / ✗ 1

     checks.........................: 99.99% ✓ 18874      ✗ 1    
     data_received..................: 106 MB 1.5 MB/s
     data_sent......................: 11 MB  150 kB/s
     http_req_blocked...............: avg=432.5ms  min=269ns    med=383.1ms  max=5.5s    p(90)=649.63ms p(95)=725.47ms
     http_req_connecting............: avg=197.69ms min=0s       med=172.92ms max=3.23s   p(90)=297.42ms p(95)=340.37ms
     http_req_duration..............: avg=494.2ms  min=247.65ms med=402.66ms max=16.2s   p(90)=737.24ms p(95)=981.17ms
       { expected_response:true }...: avg=493.68ms min=247.65ms med=402.64ms max=16.2s   p(90)=737.17ms p(95)=980.25ms
     http_req_failed................: 0.00%  ✓ 1          ✗ 18874
     http_req_receiving.............: avg=847.9µs  min=18.04µs  med=57.9µs   max=1.21s   p(90)=1.13ms   p(95)=2.63ms  
     http_req_sending...............: avg=179.08µs min=27.49µs  med=105.18µs max=28.06ms p(90)=241.59µs p(95)=311.86µs
     http_req_tls_handshaking.......: avg=224.66ms min=0s       med=195.07ms max=3.63s   p(90)=354.47ms p(95)=410.34ms
     http_req_waiting...............: avg=493.17ms min=247.46ms med=401.88ms max=16.2s   p(90)=734.86ms p(95)=977.05ms
     http_reqs......................: 18875  261.969968/s
     iteration_duration.............: avg=1.94s    min=1.25s    med=1.8s     max=17.66s  p(90)=2.38s    p(95)=2.66s   
     iterations.....................: 18875  261.969968/s
     vus............................: 1      min=1        max=600
     vus_max........................: 600    min=600      max=600

