
          /\      |‾‾| /‾‾/   /‾‾/   
     /\  /  \     |  |/  /   /  /    
    /  \/    \    |     (   /   ‾‾\  
   /          \   |  |\  \ |  (‾)  | 
  / __________ \  |__| \__\ \_____/ .io

  execution: local
     script: tunnels.js
     output: -

  scenarios: (100.00%) 1 scenario, 10 max VUs, 1m30s max duration (incl. graceful stop):
           * default: 10 looping VUs for 1m0s (gracefulStop: 30s)


running (0m01.0s), 10/10 VUs, 4 complete and 0 interrupted iterations
default   [   2% ] 10 VUs  0m01.0s/1m0s

running (0m02.0s), 10/10 VUs, 20 complete and 0 interrupted iterations
default   [   3% ] 10 VUs  0m02.0s/1m0s

running (0m03.0s), 10/10 VUs, 34 complete and 0 interrupted iterations
default   [   5% ] 10 VUs  0m03.0s/1m0s

running (0m04.0s), 10/10 VUs, 50 complete and 0 interrupted iterations
default   [   7% ] 10 VUs  0m04.0s/1m0s

running (0m05.0s), 10/10 VUs, 60 complete and 0 interrupted iterations
default   [   8% ] 10 VUs  0m05.0s/1m0s

running (0m06.0s), 10/10 VUs, 70 complete and 0 interrupted iterations
default   [  10% ] 10 VUs  0m06.0s/1m0s

running (0m07.0s), 10/10 VUs, 84 complete and 0 interrupted iterations
default   [  12% ] 10 VUs  0m07.0s/1m0s

running (0m08.0s), 10/10 VUs, 94 complete and 0 interrupted iterations
default   [  13% ] 10 VUs  0m08.0s/1m0s

running (0m09.0s), 10/10 VUs, 110 complete and 0 interrupted iterations
default   [  15% ] 10 VUs  0m09.0s/1m0s

running (0m10.0s), 10/10 VUs, 120 complete and 0 interrupted iterations
default   [  17% ] 10 VUs  0m10.0s/1m0s

running (0m11.0s), 10/10 VUs, 140 complete and 0 interrupted iterations
default   [  18% ] 10 VUs  0m11.0s/1m0s

running (0m12.0s), 10/10 VUs, 160 complete and 0 interrupted iterations
default   [  20% ] 10 VUs  0m12.0s/1m0s

running (0m13.0s), 10/10 VUs, 180 complete and 0 interrupted iterations
default   [  22% ] 10 VUs  0m13.0s/1m0s

running (0m14.0s), 10/10 VUs, 194 complete and 0 interrupted iterations
default   [  23% ] 10 VUs  0m14.0s/1m0s

running (0m15.0s), 10/10 VUs, 214 complete and 0 interrupted iterations
default   [  25% ] 10 VUs  0m15.0s/1m0s

running (0m16.0s), 10/10 VUs, 232 complete and 0 interrupted iterations
default   [  27% ] 10 VUs  0m16.0s/1m0s

running (0m17.0s), 10/10 VUs, 250 complete and 0 interrupted iterations
default   [  28% ] 10 VUs  0m17.0s/1m0s

running (0m18.0s), 10/10 VUs, 267 complete and 0 interrupted iterations
default   [  30% ] 10 VUs  0m18.0s/1m0s

running (0m19.0s), 10/10 VUs, 287 complete and 0 interrupted iterations
default   [  32% ] 10 VUs  0m19.0s/1m0s

running (0m20.0s), 10/10 VUs, 305 complete and 0 interrupted iterations
default   [  33% ] 10 VUs  0m20.0s/1m0s

running (0m21.0s), 10/10 VUs, 323 complete and 0 interrupted iterations
default   [  35% ] 10 VUs  0m21.0s/1m0s

running (0m22.0s), 10/10 VUs, 341 complete and 0 interrupted iterations
default   [  37% ] 10 VUs  0m22.0s/1m0s

running (0m23.0s), 10/10 VUs, 360 complete and 0 interrupted iterations
default   [  38% ] 10 VUs  0m23.0s/1m0s

running (0m24.0s), 10/10 VUs, 380 complete and 0 interrupted iterations
default   [  40% ] 10 VUs  0m24.0s/1m0s

running (0m25.0s), 10/10 VUs, 400 complete and 0 interrupted iterations
default   [  42% ] 10 VUs  0m25.0s/1m0s

running (0m26.0s), 10/10 VUs, 419 complete and 0 interrupted iterations
default   [  43% ] 10 VUs  0m26.0s/1m0s

running (0m27.0s), 10/10 VUs, 437 complete and 0 interrupted iterations
default   [  45% ] 10 VUs  0m27.0s/1m0s

running (0m28.0s), 10/10 VUs, 454 complete and 0 interrupted iterations
default   [  47% ] 10 VUs  0m28.0s/1m0s

running (0m29.0s), 10/10 VUs, 470 complete and 0 interrupted iterations
default   [  48% ] 10 VUs  0m29.0s/1m0s

running (0m30.0s), 10/10 VUs, 489 complete and 0 interrupted iterations
default   [  50% ] 10 VUs  0m30.0s/1m0s

running (0m31.0s), 10/10 VUs, 509 complete and 0 interrupted iterations
default   [  52% ] 10 VUs  0m31.0s/1m0s

running (0m32.0s), 10/10 VUs, 528 complete and 0 interrupted iterations
default   [  53% ] 10 VUs  0m32.0s/1m0s

running (0m33.0s), 10/10 VUs, 548 complete and 0 interrupted iterations
default   [  55% ] 10 VUs  0m33.0s/1m0s

running (0m34.0s), 10/10 VUs, 567 complete and 0 interrupted iterations
default   [  57% ] 10 VUs  0m34.0s/1m0s

running (0m35.0s), 10/10 VUs, 586 complete and 0 interrupted iterations
default   [  58% ] 10 VUs  0m35.0s/1m0s

running (0m36.0s), 10/10 VUs, 606 complete and 0 interrupted iterations
default   [  60% ] 10 VUs  0m36.0s/1m0s

running (0m37.0s), 10/10 VUs, 625 complete and 0 interrupted iterations
default   [  62% ] 10 VUs  0m37.0s/1m0s

running (0m38.0s), 10/10 VUs, 645 complete and 0 interrupted iterations
default   [  63% ] 10 VUs  0m38.0s/1m0s

running (0m39.0s), 10/10 VUs, 664 complete and 0 interrupted iterations
default   [  65% ] 10 VUs  0m39.0s/1m0s

running (0m40.0s), 10/10 VUs, 676 complete and 0 interrupted iterations
default   [  67% ] 10 VUs  0m40.0s/1m0s

running (0m41.0s), 10/10 VUs, 694 complete and 0 interrupted iterations
default   [  68% ] 10 VUs  0m41.0s/1m0s

running (0m42.0s), 10/10 VUs, 714 complete and 0 interrupted iterations
default   [  70% ] 10 VUs  0m42.0s/1m0s

running (0m43.0s), 10/10 VUs, 733 complete and 0 interrupted iterations
default   [  72% ] 10 VUs  0m43.0s/1m0s

running (0m44.0s), 10/10 VUs, 751 complete and 0 interrupted iterations
default   [  73% ] 10 VUs  0m44.0s/1m0s

running (0m45.0s), 10/10 VUs, 769 complete and 0 interrupted iterations
default   [  75% ] 10 VUs  0m45.0s/1m0s

running (0m46.0s), 10/10 VUs, 781 complete and 0 interrupted iterations
default   [  77% ] 10 VUs  0m46.0s/1m0s

running (0m47.0s), 10/10 VUs, 800 complete and 0 interrupted iterations
default   [  78% ] 10 VUs  0m47.0s/1m0s

running (0m48.0s), 10/10 VUs, 818 complete and 0 interrupted iterations
default   [  80% ] 10 VUs  0m48.0s/1m0s

running (0m49.0s), 10/10 VUs, 837 complete and 0 interrupted iterations
default   [  82% ] 10 VUs  0m49.0s/1m0s

running (0m50.0s), 10/10 VUs, 856 complete and 0 interrupted iterations
default   [  83% ] 10 VUs  0m50.0s/1m0s

running (0m51.0s), 10/10 VUs, 876 complete and 0 interrupted iterations
default   [  85% ] 10 VUs  0m51.0s/1m0s

running (0m52.0s), 10/10 VUs, 895 complete and 0 interrupted iterations
default   [  87% ] 10 VUs  0m52.0s/1m0s

running (0m53.0s), 10/10 VUs, 914 complete and 0 interrupted iterations
default   [  88% ] 10 VUs  0m53.0s/1m0s

running (0m54.0s), 10/10 VUs, 933 complete and 0 interrupted iterations
default   [  90% ] 10 VUs  0m54.0s/1m0s

running (0m55.0s), 10/10 VUs, 951 complete and 0 interrupted iterations
default   [  92% ] 10 VUs  0m55.0s/1m0s

running (0m56.0s), 10/10 VUs, 970 complete and 0 interrupted iterations
default   [  93% ] 10 VUs  0m56.0s/1m0s

running (0m57.0s), 10/10 VUs, 990 complete and 0 interrupted iterations
default   [  95% ] 10 VUs  0m57.0s/1m0s

running (0m58.0s), 10/10 VUs, 1009 complete and 0 interrupted iterations
default   [  97% ] 10 VUs  0m58.0s/1m0s

running (0m59.0s), 10/10 VUs, 1028 complete and 0 interrupted iterations
default   [  98% ] 10 VUs  0m59.0s/1m0s

running (1m00.0s), 10/10 VUs, 1046 complete and 0 interrupted iterations
default   [ 100% ] 10 VUs  1m00.0s/1m0s

running (1m00.5s), 00/10 VUs, 1056 complete and 0 interrupted iterations
default ✓ [ 100% ] 10 VUs  1m0s

     ✓ status is 200

     checks.........................: 100.00% ✓ 1056      ✗ 0   
     data_received..................: 6.0 MB  99 kB/s
     data_sent......................: 611 kB  10 kB/s
     http_req_blocked...............: avg=298.51ms min=243.85ms med=295.35ms max=572.33ms p(90)=403.6ms  p(95)=419.32ms
     http_req_connecting............: avg=134.83ms min=119.26ms med=121.3ms  max=320.56ms p(90)=195.02ms p(95)=203.89ms
     http_req_duration..............: avg=270.76ms min=242.09ms med=248.26ms max=526.84ms p(90)=389.5ms  p(95)=406.44ms
       { expected_response:true }...: avg=270.76ms min=242.09ms med=248.26ms max=526.84ms p(90)=389.5ms  p(95)=406.44ms
     http_req_failed................: 0.00%   ✓ 0         ✗ 1056
     http_req_receiving.............: avg=122.45µs min=24.33µs  med=95.73µs  max=9.1ms    p(90)=175.32µs p(95)=206.44µs
     http_req_sending...............: avg=227.42µs min=60.04µs  med=202.38µs max=4.07ms   p(90)=356.4µs  p(95)=389.34µs
     http_req_tls_handshaking.......: avg=140.42ms min=123.55ms med=128.95ms max=346.08ms p(90)=196.35ms p(95)=209.97ms
     http_req_waiting...............: avg=270.41ms min=241.78ms med=247.93ms max=526.66ms p(90)=389.06ms p(95)=406.28ms
     http_reqs......................: 1056    17.451029/s
     iteration_duration.............: avg=570.26ms min=487.76ms med=544.42ms max=1.01s    p(90)=753.48ms p(95)=820.6ms 
     iterations.....................: 1056    17.451029/s
     vus............................: 10      min=10      max=10
     vus_max........................: 10      min=10      max=10

