
          /\      |‾‾| /‾‾/   /‾‾/   
     /\  /  \     |  |/  /   /  /    
    /  \/    \    |     (   /   ‾‾\  
   /          \   |  |\  \ |  (‾)  | 
  / __________ \  |__| \__\ \_____/ .io

  execution: local
     script: tunnels.js
     output: -

  scenarios: (100.00%) 1 scenario, 1000 max VUs, 1m30s max duration (incl. graceful stop):
           * default: 1000 looping VUs for 1m0s (gracefulStop: 30s)


running (0m00.7s), 1000/1000 VUs, 0 complete and 0 interrupted iterations
default   [   1% ] 1000 VUs  0m00.7s/1m0s

running (0m01.7s), 1000/1000 VUs, 0 complete and 0 interrupted iterations
default   [   3% ] 1000 VUs  0m01.7s/1m0s

running (0m02.7s), 1000/1000 VUs, 0 complete and 0 interrupted iterations
default   [   5% ] 1000 VUs  0m02.7s/1m0s

running (0m03.7s), 1000/1000 VUs, 179 complete and 0 interrupted iterations
default   [   6% ] 1000 VUs  0m03.7s/1m0s

running (0m04.7s), 1000/1000 VUs, 1006 complete and 0 interrupted iterations
default   [   8% ] 1000 VUs  0m04.7s/1m0s

running (0m05.7s), 1000/1000 VUs, 1160 complete and 0 interrupted iterations
default   [  10% ] 1000 VUs  0m05.7s/1m0s

running (0m06.7s), 1000/1000 VUs, 1406 complete and 0 interrupted iterations
default   [  11% ] 1000 VUs  0m06.7s/1m0s

running (0m07.7s), 1000/1000 VUs, 1871 complete and 0 interrupted iterations
default   [  13% ] 1000 VUs  0m07.7s/1m0s

running (0m08.7s), 1000/1000 VUs, 2493 complete and 0 interrupted iterations
default   [  15% ] 1000 VUs  0m08.7s/1m0s

running (0m09.7s), 1000/1000 VUs, 2742 complete and 0 interrupted iterations
default   [  16% ] 1000 VUs  0m09.7s/1m0s

running (0m10.7s), 1000/1000 VUs, 3099 complete and 0 interrupted iterations
default   [  18% ] 1000 VUs  0m10.7s/1m0s

running (0m11.7s), 1000/1000 VUs, 3604 complete and 0 interrupted iterations
default   [  20% ] 1000 VUs  0m11.7s/1m0s

running (0m12.7s), 1000/1000 VUs, 3900 complete and 0 interrupted iterations
default   [  21% ] 1000 VUs  0m12.7s/1m0s

running (0m13.7s), 1000/1000 VUs, 4074 complete and 0 interrupted iterations
default   [  23% ] 1000 VUs  0m13.7s/1m0s

running (0m14.7s), 1000/1000 VUs, 4386 complete and 0 interrupted iterations
default   [  25% ] 1000 VUs  0m14.7s/1m0s

running (0m15.7s), 1000/1000 VUs, 4720 complete and 0 interrupted iterations
default   [  26% ] 1000 VUs  0m15.7s/1m0s

running (0m16.7s), 1000/1000 VUs, 5060 complete and 0 interrupted iterations
default   [  28% ] 1000 VUs  0m16.7s/1m0s

running (0m17.7s), 1000/1000 VUs, 5450 complete and 0 interrupted iterations
default   [  30% ] 1000 VUs  0m17.7s/1m0s

running (0m18.7s), 1000/1000 VUs, 6012 complete and 0 interrupted iterations
default   [  31% ] 1000 VUs  0m18.7s/1m0s

running (0m19.7s), 1000/1000 VUs, 6392 complete and 0 interrupted iterations
default   [  33% ] 1000 VUs  0m19.7s/1m0s

running (0m20.7s), 1000/1000 VUs, 6667 complete and 0 interrupted iterations
default   [  35% ] 1000 VUs  0m20.7s/1m0s

running (0m21.7s), 1000/1000 VUs, 7335 complete and 0 interrupted iterations
default   [  36% ] 1000 VUs  0m21.7s/1m0s

running (0m22.7s), 1000/1000 VUs, 7765 complete and 0 interrupted iterations
default   [  38% ] 1000 VUs  0m22.7s/1m0s

running (0m23.7s), 1000/1000 VUs, 7883 complete and 0 interrupted iterations
default   [  40% ] 1000 VUs  0m23.7s/1m0s

running (0m24.7s), 1000/1000 VUs, 8527 complete and 0 interrupted iterations
default   [  41% ] 1000 VUs  0m24.7s/1m0s

running (0m25.7s), 1000/1000 VUs, 9144 complete and 0 interrupted iterations
default   [  43% ] 1000 VUs  0m25.7s/1m0s

running (0m26.7s), 1000/1000 VUs, 9730 complete and 0 interrupted iterations
default   [  45% ] 1000 VUs  0m26.7s/1m0s

running (0m27.7s), 1000/1000 VUs, 10424 complete and 0 interrupted iterations
default   [  46% ] 1000 VUs  0m27.7s/1m0s

running (0m28.7s), 1000/1000 VUs, 10987 complete and 0 interrupted iterations
default   [  48% ] 1000 VUs  0m28.7s/1m0s

running (0m29.7s), 1000/1000 VUs, 11804 complete and 0 interrupted iterations
default   [  50% ] 1000 VUs  0m29.7s/1m0s

running (0m30.7s), 1000/1000 VUs, 12381 complete and 0 interrupted iterations
default   [  51% ] 1000 VUs  0m30.7s/1m0s

running (0m31.7s), 1000/1000 VUs, 13058 complete and 0 interrupted iterations
default   [  53% ] 1000 VUs  0m31.7s/1m0s

running (0m32.7s), 1000/1000 VUs, 13700 complete and 0 interrupted iterations
default   [  55% ] 1000 VUs  0m32.7s/1m0s

running (0m33.7s), 1000/1000 VUs, 14477 complete and 0 interrupted iterations
default   [  56% ] 1000 VUs  0m33.7s/1m0s

running (0m34.7s), 1000/1000 VUs, 15179 complete and 0 interrupted iterations
default   [  58% ] 1000 VUs  0m34.7s/1m0s

running (0m35.7s), 1000/1000 VUs, 15947 complete and 0 interrupted iterations
default   [  60% ] 1000 VUs  0m35.7s/1m0s

running (0m36.7s), 1000/1000 VUs, 16636 complete and 0 interrupted iterations
default   [  61% ] 1000 VUs  0m36.7s/1m0s

running (0m37.7s), 1000/1000 VUs, 17418 complete and 0 interrupted iterations
default   [  63% ] 1000 VUs  0m37.7s/1m0s

running (0m38.7s), 1000/1000 VUs, 18112 complete and 0 interrupted iterations
default   [  65% ] 1000 VUs  0m38.7s/1m0s

running (0m39.7s), 1000/1000 VUs, 18775 complete and 0 interrupted iterations
default   [  66% ] 1000 VUs  0m39.7s/1m0s

running (0m40.7s), 1000/1000 VUs, 19514 complete and 0 interrupted iterations
default   [  68% ] 1000 VUs  0m40.7s/1m0s

running (0m41.7s), 1000/1000 VUs, 20154 complete and 0 interrupted iterations
default   [  70% ] 1000 VUs  0m41.7s/1m0s

running (0m42.7s), 1000/1000 VUs, 20818 complete and 0 interrupted iterations
default   [  71% ] 1000 VUs  0m42.7s/1m0s

running (0m43.7s), 1000/1000 VUs, 21270 complete and 0 interrupted iterations
default   [  73% ] 1000 VUs  0m43.7s/1m0s

running (0m44.7s), 1000/1000 VUs, 21866 complete and 0 interrupted iterations
default   [  75% ] 1000 VUs  0m44.7s/1m0s

running (0m45.7s), 1000/1000 VUs, 22371 complete and 0 interrupted iterations
default   [  76% ] 1000 VUs  0m45.7s/1m0s

running (0m46.7s), 1000/1000 VUs, 22835 complete and 0 interrupted iterations
default   [  78% ] 1000 VUs  0m46.7s/1m0s

running (0m47.7s), 1000/1000 VUs, 23428 complete and 0 interrupted iterations
default   [  80% ] 1000 VUs  0m47.7s/1m0s

running (0m48.7s), 1000/1000 VUs, 23927 complete and 0 interrupted iterations
default   [  81% ] 1000 VUs  0m48.7s/1m0s

running (0m49.7s), 1000/1000 VUs, 24356 complete and 0 interrupted iterations
default   [  83% ] 1000 VUs  0m49.7s/1m0s

running (0m50.7s), 1000/1000 VUs, 24992 complete and 0 interrupted iterations
default   [  85% ] 1000 VUs  0m50.7s/1m0s

running (0m51.8s), 1000/1000 VUs, 25423 complete and 0 interrupted iterations
default   [  86% ] 1000 VUs  0m51.7s/1m0s

running (0m52.7s), 1000/1000 VUs, 26111 complete and 0 interrupted iterations
default   [  88% ] 1000 VUs  0m52.7s/1m0s

running (0m53.7s), 1000/1000 VUs, 26336 complete and 0 interrupted iterations
default   [  90% ] 1000 VUs  0m53.7s/1m0s

running (0m54.7s), 1000/1000 VUs, 27034 complete and 0 interrupted iterations
default   [  91% ] 1000 VUs  0m54.7s/1m0s

running (0m55.7s), 1000/1000 VUs, 27414 complete and 0 interrupted iterations
default   [  93% ] 1000 VUs  0m55.7s/1m0s

running (0m56.7s), 1000/1000 VUs, 28054 complete and 0 interrupted iterations
default   [  95% ] 1000 VUs  0m56.7s/1m0s

running (0m57.7s), 1000/1000 VUs, 28633 complete and 0 interrupted iterations
default   [  96% ] 1000 VUs  0m57.7s/1m0s

running (0m58.7s), 1000/1000 VUs, 29053 complete and 0 interrupted iterations
default   [  98% ] 1000 VUs  0m58.7s/1m0s

running (0m59.7s), 1000/1000 VUs, 29571 complete and 0 interrupted iterations
default   [ 100% ] 1000 VUs  0m59.7s/1m0s

running (1m00.7s), 0485/1000 VUs, 30192 complete and 0 interrupted iterations
default ↓ [ 100% ] 1000 VUs  1m0s

running (1m01.7s), 0000/1000 VUs, 30677 complete and 0 interrupted iterations
default ✓ [ 100% ] 1000 VUs  1m0s

     ✓ status is 200

     checks.........................: 100.00% ✓ 30677      ✗ 0     
     data_received..................: 56 MB   911 kB/s
     data_sent......................: 4.5 MB  73 kB/s
     http_req_blocked...............: avg=150.86ms min=155ns    med=380ns    max=4.63s   p(90)=722.45ms p(95)=919.23ms
     http_req_connecting............: avg=65.05ms  min=0s       med=0s       max=1.75s   p(90)=311.63ms p(95)=425.11ms
     http_req_duration..............: avg=670.02ms min=236.02ms med=510.45ms max=3.99s   p(90)=1.31s    p(95)=1.73s   
       { expected_response:true }...: avg=670.02ms min=236.02ms med=510.45ms max=3.99s   p(90)=1.31s    p(95)=1.73s   
     http_req_failed................: 0.00%   ✓ 0          ✗ 30677 
     http_req_receiving.............: avg=1.75ms   min=16.48µs  med=56.67µs  max=1.31s   p(90)=807.26µs p(95)=1.97ms  
     http_req_sending...............: avg=82.07µs  min=20.78µs  med=54.14µs  max=36.66ms p(90)=115.95µs p(95)=153.66µs
     http_req_tls_handshaking.......: avg=85.74ms  min=0s       med=0s       max=4.12s   p(90)=394.95ms p(95)=512.32ms
     http_req_waiting...............: avg=668.18ms min=235.92ms med=509.93ms max=3.99s   p(90)=1.31s    p(95)=1.72s   
     http_reqs......................: 30677   496.938222/s
     iteration_duration.............: avg=1.98s    min=1.24s    med=1.77s    max=6.89s   p(90)=2.96s    p(95)=3.53s   
     iterations.....................: 30677   496.938222/s
     vus............................: 485     min=485      max=1000
     vus_max........................: 1000    min=1000     max=1000

