
          /\      |‾‾| /‾‾/   /‾‾/   
     /\  /  \     |  |/  /   /  /    
    /  \/    \    |     (   /   ‾‾\  
   /          \   |  |\  \ |  (‾)  | 
  / __________ \  |__| \__\ \_____/ .io

  execution: local
     script: tunnels.js
     output: -

  scenarios: (100.00%) 1 scenario, 300 max VUs, 1m30s max duration (incl. graceful stop):
           * default: 300 looping VUs for 1m0s (gracefulStop: 30s)


running (0m00.9s), 300/300 VUs, 0 complete and 0 interrupted iterations
default   [   2% ] 300 VUs  0m00.9s/1m0s

running (0m01.9s), 300/300 VUs, 1 complete and 0 interrupted iterations
default   [   3% ] 300 VUs  0m01.9s/1m0s

running (0m02.9s), 300/300 VUs, 300 complete and 0 interrupted iterations
default   [   5% ] 300 VUs  0m02.9s/1m0s

running (0m03.9s), 300/300 VUs, 351 complete and 0 interrupted iterations
default   [   7% ] 300 VUs  0m03.9s/1m0s

running (0m04.9s), 300/300 VUs, 601 complete and 0 interrupted iterations
default   [   8% ] 300 VUs  0m04.9s/1m0s

running (0m05.9s), 300/300 VUs, 778 complete and 0 interrupted iterations
default   [  10% ] 300 VUs  0m05.9s/1m0s

running (0m06.9s), 300/300 VUs, 942 complete and 0 interrupted iterations
default   [  12% ] 300 VUs  0m06.9s/1m0s

running (0m07.9s), 300/300 VUs, 1200 complete and 0 interrupted iterations
default   [  13% ] 300 VUs  0m07.9s/1m0s

running (0m08.9s), 300/300 VUs, 1340 complete and 0 interrupted iterations
default   [  15% ] 300 VUs  0m08.9s/1m0s

running (0m09.9s), 300/300 VUs, 1521 complete and 0 interrupted iterations
default   [  17% ] 300 VUs  0m09.9s/1m0s

running (0m10.9s), 300/300 VUs, 1717 complete and 0 interrupted iterations
default   [  18% ] 300 VUs  0m10.9s/1m0s

running (0m11.9s), 300/300 VUs, 1882 complete and 0 interrupted iterations
default   [  20% ] 300 VUs  0m11.9s/1m0s

running (0m12.9s), 300/300 VUs, 2025 complete and 0 interrupted iterations
default   [  22% ] 300 VUs  0m12.9s/1m0s

running (0m13.9s), 300/300 VUs, 2177 complete and 0 interrupted iterations
default   [  23% ] 300 VUs  0m13.9s/1m0s

running (0m14.9s), 300/300 VUs, 2306 complete and 0 interrupted iterations
default   [  25% ] 300 VUs  0m14.9s/1m0s

running (0m15.9s), 300/300 VUs, 2483 complete and 0 interrupted iterations
default   [  27% ] 300 VUs  0m15.9s/1m0s

running (0m16.9s), 300/300 VUs, 2590 complete and 0 interrupted iterations
default   [  28% ] 300 VUs  0m16.9s/1m0s

running (0m17.9s), 300/300 VUs, 2779 complete and 0 interrupted iterations
default   [  30% ] 300 VUs  0m17.9s/1m0s

running (0m18.9s), 300/300 VUs, 2836 complete and 0 interrupted iterations
default   [  32% ] 300 VUs  0m18.9s/1m0s

running (0m19.9s), 300/300 VUs, 3056 complete and 0 interrupted iterations
default   [  33% ] 300 VUs  0m19.9s/1m0s

running (0m20.9s), 300/300 VUs, 3131 complete and 0 interrupted iterations
default   [  35% ] 300 VUs  0m20.9s/1m0s

running (0m21.9s), 300/300 VUs, 3401 complete and 0 interrupted iterations
default   [  37% ] 300 VUs  0m21.9s/1m0s

running (0m22.9s), 300/300 VUs, 3514 complete and 0 interrupted iterations
default   [  38% ] 300 VUs  0m22.9s/1m0s

running (0m23.9s), 300/300 VUs, 3721 complete and 0 interrupted iterations
default   [  40% ] 300 VUs  0m23.9s/1m0s

running (0m24.9s), 300/300 VUs, 3848 complete and 0 interrupted iterations
default   [  42% ] 300 VUs  0m24.9s/1m0s

running (0m25.9s), 300/300 VUs, 4016 complete and 0 interrupted iterations
default   [  43% ] 300 VUs  0m25.9s/1m0s

running (0m26.9s), 300/300 VUs, 4224 complete and 0 interrupted iterations
default   [  45% ] 300 VUs  0m26.9s/1m0s

running (0m27.9s), 300/300 VUs, 4333 complete and 0 interrupted iterations
default   [  47% ] 300 VUs  0m27.9s/1m0s

running (0m28.9s), 300/300 VUs, 4485 complete and 0 interrupted iterations
default   [  48% ] 300 VUs  0m28.9s/1m0s

running (0m29.9s), 300/300 VUs, 4671 complete and 0 interrupted iterations
default   [  50% ] 300 VUs  0m29.9s/1m0s

running (0m30.9s), 300/300 VUs, 4884 complete and 0 interrupted iterations
default   [  52% ] 300 VUs  0m30.9s/1m0s

running (0m31.9s), 300/300 VUs, 5057 complete and 0 interrupted iterations
default   [  53% ] 300 VUs  0m31.9s/1m0s

running (0m32.9s), 300/300 VUs, 5246 complete and 0 interrupted iterations
default   [  55% ] 300 VUs  0m32.9s/1m0s

running (0m33.9s), 300/300 VUs, 5387 complete and 0 interrupted iterations
default   [  57% ] 300 VUs  0m33.9s/1m0s

running (0m34.9s), 300/300 VUs, 5492 complete and 0 interrupted iterations
default   [  58% ] 300 VUs  0m34.9s/1m0s

running (0m35.9s), 300/300 VUs, 5734 complete and 0 interrupted iterations
default   [  60% ] 300 VUs  0m35.9s/1m0s

running (0m36.9s), 300/300 VUs, 5899 complete and 0 interrupted iterations
default   [  62% ] 300 VUs  0m36.9s/1m0s

running (0m37.9s), 300/300 VUs, 6092 complete and 0 interrupted iterations
default   [  63% ] 300 VUs  0m37.9s/1m0s

running (0m38.9s), 300/300 VUs, 6325 complete and 0 interrupted iterations
default   [  65% ] 300 VUs  0m38.9s/1m0s

running (0m39.9s), 300/300 VUs, 6492 complete and 0 interrupted iterations
default   [  67% ] 300 VUs  0m39.9s/1m0s

running (0m40.9s), 300/300 VUs, 6685 complete and 0 interrupted iterations
default   [  68% ] 300 VUs  0m40.9s/1m0s

running (0m41.9s), 300/300 VUs, 6799 complete and 0 interrupted iterations
default   [  70% ] 300 VUs  0m41.9s/1m0s

running (0m42.9s), 300/300 VUs, 6992 complete and 0 interrupted iterations
default   [  72% ] 300 VUs  0m42.9s/1m0s

running (0m43.9s), 300/300 VUs, 7099 complete and 0 interrupted iterations
default   [  73% ] 300 VUs  0m43.9s/1m0s

running (0m44.9s), 300/300 VUs, 7295 complete and 0 interrupted iterations
default   [  75% ] 300 VUs  0m44.9s/1m0s

running (0m45.9s), 300/300 VUs, 7420 complete and 0 interrupted iterations
default   [  77% ] 300 VUs  0m45.9s/1m0s

running (0m46.9s), 300/300 VUs, 7612 complete and 0 interrupted iterations
default   [  78% ] 300 VUs  0m46.9s/1m0s

running (0m47.9s), 300/300 VUs, 7724 complete and 0 interrupted iterations
default   [  80% ] 300 VUs  0m47.9s/1m0s

running (0m48.9s), 300/300 VUs, 7828 complete and 0 interrupted iterations
default   [  82% ] 300 VUs  0m48.9s/1m0s

running (0m49.9s), 300/300 VUs, 8074 complete and 0 interrupted iterations
default   [  83% ] 300 VUs  0m49.9s/1m0s

running (0m50.9s), 300/300 VUs, 8236 complete and 0 interrupted iterations
default   [  85% ] 300 VUs  0m50.9s/1m0s

running (0m51.9s), 300/300 VUs, 8420 complete and 0 interrupted iterations
default   [  87% ] 300 VUs  0m51.9s/1m0s

running (0m52.9s), 300/300 VUs, 8629 complete and 0 interrupted iterations
default   [  88% ] 300 VUs  0m52.9s/1m0s

running (0m53.9s), 300/300 VUs, 8830 complete and 0 interrupted iterations
default   [  90% ] 300 VUs  0m53.9s/1m0s

running (0m54.9s), 300/300 VUs, 8993 complete and 0 interrupted iterations
default   [  92% ] 300 VUs  0m54.9s/1m0s

running (0m56.0s), 300/300 VUs, 9195 complete and 0 interrupted iterations
default   [  93% ] 300 VUs  0m56.0s/1m0s

running (0m56.9s), 300/300 VUs, 9318 complete and 0 interrupted iterations
default   [  95% ] 300 VUs  0m56.9s/1m0s

running (0m57.9s), 300/300 VUs, 9448 complete and 0 interrupted iterations
default   [  97% ] 300 VUs  0m57.9s/1m0s

running (0m58.9s), 300/300 VUs, 9628 complete and 0 interrupted iterations
default   [  98% ] 300 VUs  0m58.9s/1m0s

running (0m59.9s), 300/300 VUs, 9723 complete and 0 interrupted iterations
default   [ 100% ] 300 VUs  0m59.9s/1m0s

running (1m00.9s), 068/300 VUs, 9976 complete and 0 interrupted iterations
default ↓ [ 100% ] 300 VUs  1m0s

running (1m01.5s), 000/300 VUs, 10044 complete and 0 interrupted iterations
default ✓ [ 100% ] 300 VUs  1m0s

     ✓ status is 200

     checks.........................: 100.00% ✓ 10044      ✗ 0    
     data_received..................: 56 MB   917 kB/s
     data_sent......................: 5.7 MB  93 kB/s
     http_req_blocked...............: avg=389.9ms  min=270ns    med=322.9ms  max=2.33s    p(90)=611.45ms p(95)=657.41ms
     http_req_connecting............: avg=178.63ms min=0s       med=139.41ms max=1.25s    p(90)=284.86ms p(95)=338.82ms
     http_req_duration..............: avg=406.69ms min=244.09ms med=345.66ms max=2.06s    p(90)=601.6ms  p(95)=746.86ms
       { expected_response:true }...: avg=406.69ms min=244.09ms med=345.66ms max=2.06s    p(90)=601.6ms  p(95)=746.86ms
     http_req_failed................: 0.00%   ✓ 0          ✗ 10044
     http_req_receiving.............: avg=697.61µs min=19.5µs   med=80.51µs  max=132.35ms p(90)=1.37ms   p(95)=3.25ms  
     http_req_sending...............: avg=251.73µs min=40.41µs  med=134.93µs max=40.71ms  p(90)=336.92µs p(95)=471.01µs
     http_req_tls_handshaking.......: avg=195.87ms min=0s       med=162.68ms max=1.92s    p(90)=292.33ms p(95)=325.81ms
     http_req_waiting...............: avg=405.74ms min=243.42ms med=344.97ms max=2.06s    p(90)=600.26ms p(95)=744.91ms
     http_reqs......................: 10044   163.230412/s
     iteration_duration.............: avg=1.8s     min=1.24s    med=1.7s     max=4.07s    p(90)=2.2s     p(95)=2.37s   
     iterations.....................: 10044   163.230412/s
     vus............................: 68      min=68       max=300
     vus_max........................: 300     min=300      max=300

