
          /\      |‾‾| /‾‾/   /‾‾/   
     /\  /  \     |  |/  /   /  /    
    /  \/    \    |     (   /   ‾‾\  
   /          \   |  |\  \ |  (‾)  | 
  / __________ \  |__| \__\ \_____/ .io

  execution: local
     script: tunnels.js
     output: -

  scenarios: (100.00%) 1 scenario, 1000 max VUs, 1m30s max duration (incl. graceful stop):
           * default: 1000 looping VUs for 1m0s (gracefulStop: 30s)


running (0m00.7s), 1000/1000 VUs, 0 complete and 0 interrupted iterations
default   [   1% ] 1000 VUs  0m00.7s/1m0s

running (0m01.7s), 1000/1000 VUs, 0 complete and 0 interrupted iterations
default   [   3% ] 1000 VUs  0m01.7s/1m0s

running (0m02.7s), 1000/1000 VUs, 0 complete and 0 interrupted iterations
default   [   5% ] 1000 VUs  0m02.7s/1m0s

running (0m03.7s), 1000/1000 VUs, 61 complete and 0 interrupted iterations
default   [   6% ] 1000 VUs  0m03.7s/1m0s

running (0m04.7s), 1000/1000 VUs, 462 complete and 0 interrupted iterations
default   [   8% ] 1000 VUs  0m04.7s/1m0s

running (0m05.7s), 1000/1000 VUs, 1029 complete and 0 interrupted iterations
default   [  10% ] 1000 VUs  0m05.7s/1m0s

running (0m06.7s), 1000/1000 VUs, 1395 complete and 0 interrupted iterations
default   [  11% ] 1000 VUs  0m06.7s/1m0s

running (0m07.7s), 1000/1000 VUs, 1672 complete and 0 interrupted iterations
default   [  13% ] 1000 VUs  0m07.7s/1m0s

running (0m08.7s), 1000/1000 VUs, 1995 complete and 0 interrupted iterations
default   [  15% ] 1000 VUs  0m08.7s/1m0s

running (0m09.7s), 1000/1000 VUs, 2475 complete and 0 interrupted iterations
default   [  16% ] 1000 VUs  0m09.7s/1m0s

running (0m10.7s), 1000/1000 VUs, 2768 complete and 0 interrupted iterations
default   [  18% ] 1000 VUs  0m10.7s/1m0s

running (0m11.7s), 1000/1000 VUs, 3271 complete and 0 interrupted iterations
default   [  20% ] 1000 VUs  0m11.7s/1m0s

running (0m12.7s), 1000/1000 VUs, 3746 complete and 0 interrupted iterations
default   [  21% ] 1000 VUs  0m12.7s/1m0s

running (0m13.7s), 1000/1000 VUs, 4286 complete and 0 interrupted iterations
default   [  23% ] 1000 VUs  0m13.7s/1m0s

running (0m14.7s), 1000/1000 VUs, 4785 complete and 0 interrupted iterations
default   [  25% ] 1000 VUs  0m14.7s/1m0s

running (0m15.7s), 1000/1000 VUs, 5397 complete and 0 interrupted iterations
default   [  26% ] 1000 VUs  0m15.7s/1m0s

running (0m16.7s), 1000/1000 VUs, 6069 complete and 0 interrupted iterations
default   [  28% ] 1000 VUs  0m16.7s/1m0s

running (0m17.7s), 1000/1000 VUs, 6739 complete and 0 interrupted iterations
default   [  30% ] 1000 VUs  0m17.7s/1m0s

running (0m18.7s), 1000/1000 VUs, 7256 complete and 0 interrupted iterations
default   [  31% ] 1000 VUs  0m18.7s/1m0s

running (0m19.7s), 1000/1000 VUs, 8072 complete and 0 interrupted iterations
default   [  33% ] 1000 VUs  0m19.7s/1m0s

running (0m20.7s), 1000/1000 VUs, 8562 complete and 0 interrupted iterations
default   [  35% ] 1000 VUs  0m20.7s/1m0s

running (0m21.7s), 1000/1000 VUs, 9131 complete and 0 interrupted iterations
default   [  36% ] 1000 VUs  0m21.7s/1m0s

running (0m22.7s), 1000/1000 VUs, 9721 complete and 0 interrupted iterations
default   [  38% ] 1000 VUs  0m22.7s/1m0s

running (0m23.7s), 1000/1000 VUs, 10490 complete and 0 interrupted iterations
default   [  40% ] 1000 VUs  0m23.7s/1m0s

running (0m24.7s), 1000/1000 VUs, 11027 complete and 0 interrupted iterations
default   [  41% ] 1000 VUs  0m24.7s/1m0s

running (0m25.7s), 1000/1000 VUs, 11672 complete and 0 interrupted iterations
default   [  43% ] 1000 VUs  0m25.7s/1m0s

running (0m26.7s), 1000/1000 VUs, 12306 complete and 0 interrupted iterations
default   [  45% ] 1000 VUs  0m26.7s/1m0s

running (0m27.7s), 1000/1000 VUs, 13048 complete and 0 interrupted iterations
default   [  46% ] 1000 VUs  0m27.7s/1m0s

running (0m28.7s), 1000/1000 VUs, 13703 complete and 0 interrupted iterations
default   [  48% ] 1000 VUs  0m28.7s/1m0s

running (0m29.7s), 1000/1000 VUs, 14139 complete and 0 interrupted iterations
default   [  50% ] 1000 VUs  0m29.7s/1m0s

running (0m30.7s), 1000/1000 VUs, 14755 complete and 0 interrupted iterations
default   [  51% ] 1000 VUs  0m30.7s/1m0s

running (0m31.7s), 1000/1000 VUs, 15251 complete and 0 interrupted iterations
default   [  53% ] 1000 VUs  0m31.7s/1m0s

running (0m32.7s), 1000/1000 VUs, 15779 complete and 0 interrupted iterations
default   [  55% ] 1000 VUs  0m32.7s/1m0s

running (0m33.7s), 1000/1000 VUs, 16414 complete and 0 interrupted iterations
default   [  56% ] 1000 VUs  0m33.7s/1m0s

running (0m34.7s), 1000/1000 VUs, 17014 complete and 0 interrupted iterations
default   [  58% ] 1000 VUs  0m34.7s/1m0s

running (0m35.7s), 1000/1000 VUs, 17506 complete and 0 interrupted iterations
default   [  60% ] 1000 VUs  0m35.7s/1m0s

running (0m36.7s), 1000/1000 VUs, 18055 complete and 0 interrupted iterations
default   [  61% ] 1000 VUs  0m36.7s/1m0s

running (0m37.7s), 1000/1000 VUs, 18700 complete and 0 interrupted iterations
default   [  63% ] 1000 VUs  0m37.7s/1m0s

running (0m38.7s), 1000/1000 VUs, 19253 complete and 0 interrupted iterations
default   [  65% ] 1000 VUs  0m38.7s/1m0s

running (0m39.7s), 1000/1000 VUs, 19703 complete and 0 interrupted iterations
default   [  66% ] 1000 VUs  0m39.7s/1m0s

running (0m40.7s), 1000/1000 VUs, 20274 complete and 0 interrupted iterations
default   [  68% ] 1000 VUs  0m40.7s/1m0s

running (0m41.7s), 1000/1000 VUs, 20843 complete and 0 interrupted iterations
default   [  70% ] 1000 VUs  0m41.7s/1m0s

running (0m42.7s), 1000/1000 VUs, 21513 complete and 0 interrupted iterations
default   [  71% ] 1000 VUs  0m42.7s/1m0s

running (0m43.7s), 1000/1000 VUs, 21875 complete and 0 interrupted iterations
default   [  73% ] 1000 VUs  0m43.7s/1m0s

running (0m44.7s), 1000/1000 VUs, 22568 complete and 0 interrupted iterations
default   [  75% ] 1000 VUs  0m44.7s/1m0s

running (0m45.7s), 1000/1000 VUs, 23199 complete and 0 interrupted iterations
default   [  76% ] 1000 VUs  0m45.7s/1m0s

running (0m46.7s), 1000/1000 VUs, 23605 complete and 0 interrupted iterations
default   [  78% ] 1000 VUs  0m46.7s/1m0s

running (0m47.7s), 1000/1000 VUs, 24215 complete and 0 interrupted iterations
default   [  80% ] 1000 VUs  0m47.7s/1m0s

running (0m48.7s), 1000/1000 VUs, 24818 complete and 0 interrupted iterations
default   [  81% ] 1000 VUs  0m48.7s/1m0s

running (0m49.7s), 1000/1000 VUs, 25523 complete and 0 interrupted iterations
default   [  83% ] 1000 VUs  0m49.7s/1m0s

running (0m50.7s), 1000/1000 VUs, 25961 complete and 0 interrupted iterations
default   [  85% ] 1000 VUs  0m50.7s/1m0s

running (0m51.7s), 1000/1000 VUs, 26414 complete and 0 interrupted iterations
default   [  86% ] 1000 VUs  0m51.7s/1m0s

running (0m52.7s), 1000/1000 VUs, 26894 complete and 0 interrupted iterations
default   [  88% ] 1000 VUs  0m52.7s/1m0s

running (0m53.7s), 1000/1000 VUs, 27616 complete and 0 interrupted iterations
default   [  90% ] 1000 VUs  0m53.7s/1m0s

running (0m54.7s), 1000/1000 VUs, 28121 complete and 0 interrupted iterations
default   [  91% ] 1000 VUs  0m54.7s/1m0s

running (0m55.7s), 1000/1000 VUs, 28708 complete and 0 interrupted iterations
default   [  93% ] 1000 VUs  0m55.7s/1m0s

running (0m56.7s), 1000/1000 VUs, 29462 complete and 0 interrupted iterations
default   [  95% ] 1000 VUs  0m56.7s/1m0s

running (0m57.7s), 1000/1000 VUs, 29955 complete and 0 interrupted iterations
default   [  96% ] 1000 VUs  0m57.7s/1m0s

running (0m58.7s), 1000/1000 VUs, 30305 complete and 0 interrupted iterations
default   [  98% ] 1000 VUs  0m58.7s/1m0s

running (0m59.7s), 1000/1000 VUs, 31004 complete and 0 interrupted iterations
default   [ 100% ] 1000 VUs  0m59.7s/1m0s

running (1m00.7s), 0606/1000 VUs, 31426 complete and 0 interrupted iterations
default ↓ [ 100% ] 1000 VUs  1m0s

running (1m01.6s), 0000/1000 VUs, 32032 complete and 0 interrupted iterations
default ✓ [ 100% ] 1000 VUs  1m0s

     ✓ status is 200

     checks.........................: 100.00% ✓ 32032      ✗ 0     
     data_received..................: 40 MB   652 kB/s
     data_sent......................: 2.6 MB  43 kB/s
     http_req_blocked...............: avg=60.32ms  min=163ns    med=365ns    max=1.95s   p(90)=1.1µs    p(95)=497.06ms
     http_req_connecting............: avg=24.37ms  min=0s       med=0s       max=1.28s   p(90)=0s       p(95)=208.55ms
     http_req_duration..............: avg=629.35ms min=238.8ms  med=486.04ms max=4.68s   p(90)=1.02s    p(95)=1.83s   
       { expected_response:true }...: avg=629.35ms min=238.8ms  med=486.04ms max=4.68s   p(90)=1.02s    p(95)=1.83s   
     http_req_failed................: 0.00%   ✓ 0          ✗ 32032 
     http_req_receiving.............: avg=552.81µs min=15.76µs  med=55.62µs  max=1.27s   p(90)=753.87µs p(95)=1.87ms  
     http_req_sending...............: avg=78.57µs  min=19.71µs  med=49.39µs  max=31.05ms p(90)=100.07µs p(95)=138.31µs
     http_req_tls_handshaking.......: avg=35.6ms   min=0s       med=0s       max=1.75s   p(90)=0s       p(95)=267.36ms
     http_req_waiting...............: avg=628.72ms min=238.67ms med=485.68ms max=4.66s   p(90)=1.02s    p(95)=1.83s   
     http_reqs......................: 32032   520.121586/s
     iteration_duration.............: avg=1.89s    min=1.24s    med=1.74s    max=6.75s   p(90)=2.3s     p(95)=3.27s   
     iterations.....................: 32032   520.121586/s
     vus............................: 606     min=606      max=1000
     vus_max........................: 1000    min=1000     max=1000

