
          /\      |‾‾| /‾‾/   /‾‾/   
     /\  /  \     |  |/  /   /  /    
    /  \/    \    |     (   /   ‾‾\  
   /          \   |  |\  \ |  (‾)  | 
  / __________ \  |__| \__\ \_____/ .io

  execution: local
     script: tunnels.js
     output: -

  scenarios: (100.00%) 1 scenario, 300 max VUs, 1m30s max duration (incl. graceful stop):
           * default: 300 looping VUs for 1m0s (gracefulStop: 30s)


running (0m00.9s), 300/300 VUs, 0 complete and 0 interrupted iterations
default   [   2% ] 300 VUs  0m00.9s/1m0s

running (0m01.9s), 300/300 VUs, 12 complete and 0 interrupted iterations
default   [   3% ] 300 VUs  0m01.9s/1m0s

running (0m02.9s), 300/300 VUs, 300 complete and 0 interrupted iterations
default   [   5% ] 300 VUs  0m02.9s/1m0s

running (0m03.9s), 300/300 VUs, 406 complete and 0 interrupted iterations
default   [   7% ] 300 VUs  0m03.9s/1m0s

running (0m04.9s), 300/300 VUs, 604 complete and 0 interrupted iterations
default   [   8% ] 300 VUs  0m04.9s/1m0s

running (0m05.9s), 300/300 VUs, 721 complete and 0 interrupted iterations
default   [  10% ] 300 VUs  0m05.9s/1m0s

running (0m06.9s), 300/300 VUs, 918 complete and 0 interrupted iterations
default   [  12% ] 300 VUs  0m06.9s/1m0s

running (0m07.9s), 300/300 VUs, 1139 complete and 0 interrupted iterations
default   [  13% ] 300 VUs  0m07.9s/1m0s

running (0m08.9s), 300/300 VUs, 1240 complete and 0 interrupted iterations
default   [  15% ] 300 VUs  0m08.9s/1m0s

running (0m09.9s), 300/300 VUs, 1445 complete and 0 interrupted iterations
default   [  17% ] 300 VUs  0m09.9s/1m0s

running (0m10.9s), 300/300 VUs, 1615 complete and 0 interrupted iterations
default   [  18% ] 300 VUs  0m10.9s/1m0s

running (0m11.9s), 300/300 VUs, 1836 complete and 0 interrupted iterations
default   [  20% ] 300 VUs  0m11.9s/1m0s

running (0m12.9s), 300/300 VUs, 1990 complete and 0 interrupted iterations
default   [  22% ] 300 VUs  0m12.9s/1m0s

running (0m13.9s), 300/300 VUs, 2215 complete and 0 interrupted iterations
default   [  23% ] 300 VUs  0m13.9s/1m0s

running (0m14.9s), 300/300 VUs, 2426 complete and 0 interrupted iterations
default   [  25% ] 300 VUs  0m14.9s/1m0s

running (0m15.9s), 300/300 VUs, 2556 complete and 0 interrupted iterations
default   [  27% ] 300 VUs  0m15.9s/1m0s

running (0m16.9s), 300/300 VUs, 2815 complete and 0 interrupted iterations
default   [  28% ] 300 VUs  0m16.9s/1m0s

running (0m17.9s), 300/300 VUs, 3005 complete and 0 interrupted iterations
default   [  30% ] 300 VUs  0m17.9s/1m0s

running (0m18.9s), 300/300 VUs, 3155 complete and 0 interrupted iterations
default   [  32% ] 300 VUs  0m18.9s/1m0s

running (0m19.9s), 300/300 VUs, 3378 complete and 0 interrupted iterations
default   [  33% ] 300 VUs  0m19.9s/1m0s

running (0m20.9s), 300/300 VUs, 3560 complete and 0 interrupted iterations
default   [  35% ] 300 VUs  0m20.9s/1m0s

running (0m21.9s), 300/300 VUs, 3739 complete and 0 interrupted iterations
default   [  37% ] 300 VUs  0m21.9s/1m0s

running (0m22.9s), 300/300 VUs, 3942 complete and 0 interrupted iterations
default   [  38% ] 300 VUs  0m22.9s/1m0s

running (0m23.9s), 300/300 VUs, 4113 complete and 0 interrupted iterations
default   [  40% ] 300 VUs  0m23.9s/1m0s

running (0m24.9s), 300/300 VUs, 4334 complete and 0 interrupted iterations
default   [  42% ] 300 VUs  0m24.9s/1m0s

running (0m25.9s), 300/300 VUs, 4521 complete and 0 interrupted iterations
default   [  43% ] 300 VUs  0m25.9s/1m0s

running (0m26.9s), 300/300 VUs, 4701 complete and 0 interrupted iterations
default   [  45% ] 300 VUs  0m26.9s/1m0s

running (0m27.9s), 300/300 VUs, 4921 complete and 0 interrupted iterations
default   [  47% ] 300 VUs  0m27.9s/1m0s

running (0m28.9s), 300/300 VUs, 5110 complete and 0 interrupted iterations
default   [  48% ] 300 VUs  0m28.9s/1m0s

running (0m29.9s), 300/300 VUs, 5289 complete and 0 interrupted iterations
default   [  50% ] 300 VUs  0m29.9s/1m0s

running (0m30.9s), 300/300 VUs, 5487 complete and 0 interrupted iterations
default   [  52% ] 300 VUs  0m30.9s/1m0s

running (0m31.9s), 300/300 VUs, 5669 complete and 0 interrupted iterations
default   [  53% ] 300 VUs  0m31.9s/1m0s

running (0m32.9s), 300/300 VUs, 5871 complete and 0 interrupted iterations
default   [  55% ] 300 VUs  0m32.9s/1m0s

running (0m33.9s), 300/300 VUs, 6070 complete and 0 interrupted iterations
default   [  57% ] 300 VUs  0m33.9s/1m0s

running (0m34.9s), 300/300 VUs, 6260 complete and 0 interrupted iterations
default   [  58% ] 300 VUs  0m34.9s/1m0s

running (0m35.9s), 300/300 VUs, 6456 complete and 0 interrupted iterations
default   [  60% ] 300 VUs  0m35.9s/1m0s

running (0m36.9s), 300/300 VUs, 6626 complete and 0 interrupted iterations
default   [  62% ] 300 VUs  0m36.9s/1m0s

running (0m37.9s), 300/300 VUs, 6778 complete and 0 interrupted iterations
default   [  63% ] 300 VUs  0m37.9s/1m0s

running (0m38.9s), 300/300 VUs, 6947 complete and 0 interrupted iterations
default   [  65% ] 300 VUs  0m38.9s/1m0s

running (0m39.9s), 300/300 VUs, 7013 complete and 0 interrupted iterations
default   [  67% ] 300 VUs  0m39.9s/1m0s

running (0m40.9s), 300/300 VUs, 7237 complete and 0 interrupted iterations
default   [  68% ] 300 VUs  0m40.9s/1m0s

running (0m41.9s), 300/300 VUs, 7324 complete and 0 interrupted iterations
default   [  70% ] 300 VUs  0m41.9s/1m0s

running (0m42.9s), 300/300 VUs, 7545 complete and 0 interrupted iterations
default   [  72% ] 300 VUs  0m42.9s/1m0s

running (0m43.9s), 300/300 VUs, 7710 complete and 0 interrupted iterations
default   [  73% ] 300 VUs  0m43.9s/1m0s

running (0m44.9s), 300/300 VUs, 7903 complete and 0 interrupted iterations
default   [  75% ] 300 VUs  0m44.9s/1m0s

running (0m45.9s), 300/300 VUs, 8092 complete and 0 interrupted iterations
default   [  77% ] 300 VUs  0m45.9s/1m0s

running (0m46.9s), 300/300 VUs, 8269 complete and 0 interrupted iterations
default   [  78% ] 300 VUs  0m46.9s/1m0s

running (0m47.9s), 300/300 VUs, 8501 complete and 0 interrupted iterations
default   [  80% ] 300 VUs  0m47.9s/1m0s

running (0m48.9s), 300/300 VUs, 8687 complete and 0 interrupted iterations
default   [  82% ] 300 VUs  0m48.9s/1m0s

running (0m49.9s), 300/300 VUs, 8850 complete and 0 interrupted iterations
default   [  83% ] 300 VUs  0m49.9s/1m0s

running (0m50.9s), 300/300 VUs, 9091 complete and 0 interrupted iterations
default   [  85% ] 300 VUs  0m50.9s/1m0s

running (0m51.9s), 300/300 VUs, 9262 complete and 0 interrupted iterations
default   [  87% ] 300 VUs  0m51.9s/1m0s

running (0m52.9s), 300/300 VUs, 9449 complete and 0 interrupted iterations
default   [  88% ] 300 VUs  0m52.9s/1m0s

running (0m53.9s), 300/300 VUs, 9690 complete and 0 interrupted iterations
default   [  90% ] 300 VUs  0m53.9s/1m0s

running (0m54.9s), 300/300 VUs, 9853 complete and 0 interrupted iterations
default   [  92% ] 300 VUs  0m54.9s/1m0s

running (0m55.9s), 300/300 VUs, 10034 complete and 0 interrupted iterations
default   [  93% ] 300 VUs  0m55.9s/1m0s

running (0m56.9s), 300/300 VUs, 10268 complete and 0 interrupted iterations
default   [  95% ] 300 VUs  0m56.9s/1m0s

running (0m57.9s), 300/300 VUs, 10434 complete and 0 interrupted iterations
default   [  97% ] 300 VUs  0m57.9s/1m0s

running (0m58.9s), 300/300 VUs, 10635 complete and 0 interrupted iterations
default   [  98% ] 300 VUs  0m58.9s/1m0s

running (0m59.9s), 300/300 VUs, 10837 complete and 0 interrupted iterations
default   [ 100% ] 300 VUs  0m59.9s/1m0s

running (1m00.9s), 143/300 VUs, 11025 complete and 0 interrupted iterations
default ↓ [ 100% ] 300 VUs  1m0s

running (1m01.6s), 000/300 VUs, 11168 complete and 0 interrupted iterations
default ✓ [ 100% ] 300 VUs  1m0s

     ✓ status is 200

     checks.........................: 100.00% ✓ 11168      ✗ 0    
     data_received..................: 63 MB   1.0 MB/s
     data_sent......................: 6.4 MB  104 kB/s
     http_req_blocked...............: avg=308.39ms min=230ns    med=273.6ms  max=2.05s   p(90)=430.16ms p(95)=517.47ms
     http_req_connecting............: avg=141.96ms min=0s       med=128.01ms max=1.12s   p(90)=181.93ms p(95)=239.66ms
     http_req_duration..............: avg=318.07ms min=247.15ms med=271.37ms max=1.14s   p(90)=456.77ms p(95)=547.66ms
       { expected_response:true }...: avg=318.07ms min=247.15ms med=271.37ms max=1.14s   p(90)=456.77ms p(95)=547.66ms
     http_req_failed................: 0.00%   ✓ 0          ✗ 11168
     http_req_receiving.............: avg=355.1µs  min=19.15µs  med=59.21µs  max=36.86ms p(90)=479.5µs  p(95)=1.39ms  
     http_req_sending...............: avg=213.57µs min=36.65µs  med=113.73µs max=47.79ms p(90)=314.65µs p(95)=401.51µs
     http_req_tls_handshaking.......: avg=160.52ms min=0s       med=140.57ms max=1.82s   p(90)=232.36ms p(95)=278.27ms
     http_req_waiting...............: avg=317.5ms  min=246.33ms med=270.82ms max=1.14s   p(90)=455.64ms p(95)=547.23ms
     http_reqs......................: 11168   181.383507/s
     iteration_duration.............: avg=1.63s    min=1.24s    med=1.55s    max=3.45s   p(90)=1.92s    p(95)=2.07s   
     iterations.....................: 11168   181.383507/s
     vus............................: 143     min=143      max=300
     vus_max........................: 300     min=300      max=300

