
          /\      |‾‾| /‾‾/   /‾‾/   
     /\  /  \     |  |/  /   /  /    
    /  \/    \    |     (   /   ‾‾\  
   /          \   |  |\  \ |  (‾)  | 
  / __________ \  |__| \__\ \_____/ .io

  execution: local
     script: tunnels.js
     output: -

  scenarios: (100.00%) 1 scenario, 200 max VUs, 1m30s max duration (incl. graceful stop):
           * default: 200 looping VUs for 1m0s (gracefulStop: 30s)


running (0m01.0s), 200/200 VUs, 0 complete and 0 interrupted iterations
default   [   2% ] 200 VUs  0m01.0s/1m0s

running (0m02.0s), 200/200 VUs, 12 complete and 0 interrupted iterations
default   [   3% ] 200 VUs  0m02.0s/1m0s

running (0m03.0s), 200/200 VUs, 200 complete and 0 interrupted iterations
default   [   5% ] 200 VUs  0m03.0s/1m0s

running (0m04.0s), 200/200 VUs, 358 complete and 0 interrupted iterations
default   [   7% ] 200 VUs  0m04.0s/1m0s

running (0m05.0s), 200/200 VUs, 410 complete and 0 interrupted iterations
default   [   8% ] 200 VUs  0m05.0s/1m0s

running (0m06.0s), 200/200 VUs, 600 complete and 0 interrupted iterations
default   [  10% ] 200 VUs  0m06.0s/1m0s

running (0m07.0s), 200/200 VUs, 685 complete and 0 interrupted iterations
default   [  12% ] 200 VUs  0m07.0s/1m0s

running (0m08.0s), 200/200 VUs, 810 complete and 0 interrupted iterations
default   [  13% ] 200 VUs  0m08.0s/1m0s

running (0m09.0s), 200/200 VUs, 870 complete and 0 interrupted iterations
default   [  15% ] 200 VUs  0m09.0s/1m0s

running (0m10.0s), 200/200 VUs, 1008 complete and 0 interrupted iterations
default   [  17% ] 200 VUs  0m10.0s/1m0s

running (0m11.0s), 200/200 VUs, 1093 complete and 0 interrupted iterations
default   [  18% ] 200 VUs  0m11.0s/1m0s

running (0m12.0s), 200/200 VUs, 1216 complete and 0 interrupted iterations
default   [  20% ] 200 VUs  0m12.0s/1m0s

running (0m13.0s), 200/200 VUs, 1367 complete and 0 interrupted iterations
default   [  22% ] 200 VUs  0m13.0s/1m0s

running (0m14.0s), 200/200 VUs, 1426 complete and 0 interrupted iterations
default   [  23% ] 200 VUs  0m14.0s/1m0s

running (0m15.0s), 200/200 VUs, 1598 complete and 0 interrupted iterations
default   [  25% ] 200 VUs  0m15.0s/1m0s

running (0m16.0s), 200/200 VUs, 1664 complete and 0 interrupted iterations
default   [  27% ] 200 VUs  0m16.0s/1m0s

running (0m17.0s), 200/200 VUs, 1776 complete and 0 interrupted iterations
default   [  28% ] 200 VUs  0m17.0s/1m0s

running (0m18.0s), 200/200 VUs, 1889 complete and 0 interrupted iterations
default   [  30% ] 200 VUs  0m18.0s/1m0s

running (0m19.0s), 200/200 VUs, 1986 complete and 0 interrupted iterations
default   [  32% ] 200 VUs  0m19.0s/1m0s

running (0m20.0s), 200/200 VUs, 2091 complete and 0 interrupted iterations
default   [  33% ] 200 VUs  0m20.0s/1m0s

running (0m21.0s), 200/200 VUs, 2220 complete and 0 interrupted iterations
default   [  35% ] 200 VUs  0m21.0s/1m0s

running (0m22.0s), 200/200 VUs, 2331 complete and 0 interrupted iterations
default   [  37% ] 200 VUs  0m22.0s/1m0s

running (0m23.0s), 200/200 VUs, 2382 complete and 0 interrupted iterations
default   [  38% ] 200 VUs  0m23.0s/1m0s

running (0m24.0s), 200/200 VUs, 2540 complete and 0 interrupted iterations
default   [  40% ] 200 VUs  0m24.0s/1m0s

running (0m25.0s), 200/200 VUs, 2648 complete and 0 interrupted iterations
default   [  42% ] 200 VUs  0m25.0s/1m0s

running (0m26.0s), 200/200 VUs, 2780 complete and 0 interrupted iterations
default   [  43% ] 200 VUs  0m26.0s/1m0s

running (0m27.0s), 200/200 VUs, 2940 complete and 0 interrupted iterations
default   [  45% ] 200 VUs  0m27.0s/1m0s

running (0m28.0s), 200/200 VUs, 3002 complete and 0 interrupted iterations
default   [  47% ] 200 VUs  0m28.0s/1m0s

running (0m29.0s), 200/200 VUs, 3128 complete and 0 interrupted iterations
default   [  48% ] 200 VUs  0m29.0s/1m0s

running (0m30.0s), 200/200 VUs, 3217 complete and 0 interrupted iterations
default   [  50% ] 200 VUs  0m30.0s/1m0s

running (0m31.0s), 200/200 VUs, 3339 complete and 0 interrupted iterations
default   [  52% ] 200 VUs  0m31.0s/1m0s

running (0m32.0s), 200/200 VUs, 3447 complete and 0 interrupted iterations
default   [  53% ] 200 VUs  0m32.0s/1m0s

running (0m33.0s), 200/200 VUs, 3588 complete and 0 interrupted iterations
default   [  55% ] 200 VUs  0m33.0s/1m0s

running (0m34.0s), 200/200 VUs, 3731 complete and 0 interrupted iterations
default   [  57% ] 200 VUs  0m34.0s/1m0s

running (0m35.0s), 200/200 VUs, 3844 complete and 0 interrupted iterations
default   [  58% ] 200 VUs  0m35.0s/1m0s

running (0m36.0s), 200/200 VUs, 3979 complete and 0 interrupted iterations
default   [  60% ] 200 VUs  0m36.0s/1m0s

running (0m37.0s), 200/200 VUs, 4080 complete and 0 interrupted iterations
default   [  62% ] 200 VUs  0m37.0s/1m0s

running (0m38.0s), 200/200 VUs, 4235 complete and 0 interrupted iterations
default   [  63% ] 200 VUs  0m38.0s/1m0s

running (0m39.0s), 200/200 VUs, 4359 complete and 0 interrupted iterations
default   [  65% ] 200 VUs  0m39.0s/1m0s

running (0m40.0s), 200/200 VUs, 4475 complete and 0 interrupted iterations
default   [  67% ] 200 VUs  0m40.0s/1m0s

running (0m41.0s), 200/200 VUs, 4621 complete and 0 interrupted iterations
default   [  68% ] 200 VUs  0m41.0s/1m0s

running (0m42.0s), 200/200 VUs, 4757 complete and 0 interrupted iterations
default   [  70% ] 200 VUs  0m42.0s/1m0s

running (0m43.0s), 200/200 VUs, 4871 complete and 0 interrupted iterations
default   [  72% ] 200 VUs  0m43.0s/1m0s

running (0m44.0s), 200/200 VUs, 4996 complete and 0 interrupted iterations
default   [  73% ] 200 VUs  0m44.0s/1m0s

running (0m45.0s), 200/200 VUs, 5061 complete and 0 interrupted iterations
default   [  75% ] 200 VUs  0m45.0s/1m0s

running (0m46.0s), 200/200 VUs, 5205 complete and 0 interrupted iterations
default   [  77% ] 200 VUs  0m46.0s/1m0s

running (0m47.0s), 200/200 VUs, 5285 complete and 0 interrupted iterations
default   [  78% ] 200 VUs  0m47.0s/1m0s

running (0m48.0s), 200/200 VUs, 5419 complete and 0 interrupted iterations
default   [  80% ] 200 VUs  0m48.0s/1m0s

running (0m49.0s), 200/200 VUs, 5507 complete and 0 interrupted iterations
default   [  82% ] 200 VUs  0m49.0s/1m0s

running (0m50.0s), 200/200 VUs, 5632 complete and 0 interrupted iterations
default   [  83% ] 200 VUs  0m50.0s/1m0s

running (0m51.0s), 200/200 VUs, 5739 complete and 0 interrupted iterations
default   [  85% ] 200 VUs  0m51.0s/1m0s

running (0m52.0s), 200/200 VUs, 5841 complete and 0 interrupted iterations
default   [  87% ] 200 VUs  0m52.0s/1m0s

running (0m53.0s), 200/200 VUs, 5899 complete and 0 interrupted iterations
default   [  88% ] 200 VUs  0m53.0s/1m0s

running (0m54.0s), 200/200 VUs, 6006 complete and 0 interrupted iterations
default   [  90% ] 200 VUs  0m54.0s/1m0s

running (0m55.0s), 200/200 VUs, 6182 complete and 0 interrupted iterations
default   [  92% ] 200 VUs  0m55.0s/1m0s

running (0m56.0s), 200/200 VUs, 6268 complete and 0 interrupted iterations
default   [  93% ] 200 VUs  0m56.0s/1m0s

running (0m57.0s), 200/200 VUs, 6399 complete and 0 interrupted iterations
default   [  95% ] 200 VUs  0m57.0s/1m0s

running (0m58.0s), 200/200 VUs, 6467 complete and 0 interrupted iterations
default   [  97% ] 200 VUs  0m58.0s/1m0s

running (0m59.0s), 200/200 VUs, 6605 complete and 0 interrupted iterations
default   [  98% ] 200 VUs  0m59.0s/1m0s

running (1m00.0s), 200/200 VUs, 6671 complete and 0 interrupted iterations
default   [ 100% ] 200 VUs  1m00.0s/1m0s

running (1m01.0s), 031/200 VUs, 6842 complete and 0 interrupted iterations
default ↓ [ 100% ] 200 VUs  1m0s

running (1m02.0s), 001/200 VUs, 6872 complete and 0 interrupted iterations
default ↓ [ 100% ] 200 VUs  1m0s

running (1m02.9s), 000/200 VUs, 6873 complete and 0 interrupted iterations
default ✓ [ 100% ] 200 VUs  1m0s

     ✓ status is 200

     checks.........................: 100.00% ✓ 6873      ✗ 0    
     data_received..................: 39 MB   615 kB/s
     data_sent......................: 3.9 MB  63 kB/s
     http_req_blocked...............: avg=376.57ms min=264ns    med=325.15ms max=5.46s    p(90)=554.6ms  p(95)=615.34ms
     http_req_connecting............: avg=170.93ms min=0s       med=135.02ms max=1.16s    p(90)=259.57ms p(95)=299.71ms
     http_req_duration..............: avg=379.31ms min=243.19ms med=329.65ms max=1.55s    p(90)=540.14ms p(95)=671.85ms
       { expected_response:true }...: avg=379.31ms min=243.19ms med=329.65ms max=1.55s    p(90)=540.14ms p(95)=671.85ms
     http_req_failed................: 0.00%   ✓ 0         ✗ 6873 
     http_req_receiving.............: avg=909.26µs min=19.77µs  med=90.4µs   max=778.18ms p(90)=1.28ms   p(95)=3.75ms  
     http_req_sending...............: avg=288.99µs min=46.56µs  med=156.21µs max=99.12ms  p(90)=374.11µs p(95)=563.98µs
     http_req_tls_handshaking.......: avg=188.95ms min=0s       med=154.89ms max=1.78s    p(90)=272.16ms p(95)=294.85ms
     http_req_waiting...............: avg=378.11ms min=242.95ms med=328.74ms max=1.55s    p(90)=539.06ms p(95)=668.07ms
     http_reqs......................: 6873    109.26675/s
     iteration_duration.............: avg=1.76s    min=1.24s    med=1.73s    max=6.81s    p(90)=2.09s    p(95)=2.2s    
     iterations.....................: 6873    109.26675/s
     vus............................: 1       min=1       max=200
     vus_max........................: 200     min=200     max=200

