
          /\      |‾‾| /‾‾/   /‾‾/   
     /\  /  \     |  |/  /   /  /    
    /  \/    \    |     (   /   ‾‾\  
   /          \   |  |\  \ |  (‾)  | 
  / __________ \  |__| \__\ \_____/ .io

  execution: local
     script: tunnels.js
     output: -

  scenarios: (100.00%) 1 scenario, 100 max VUs, 1m30s max duration (incl. graceful stop):
           * default: 100 looping VUs for 1m0s (gracefulStop: 30s)


running (0m01.0s), 100/100 VUs, 0 complete and 0 interrupted iterations
default   [   2% ] 100 VUs  0m01.0s/1m0s

running (0m02.0s), 100/100 VUs, 12 complete and 0 interrupted iterations
default   [   3% ] 100 VUs  0m02.0s/1m0s

running (0m03.0s), 100/100 VUs, 97 complete and 0 interrupted iterations
default   [   5% ] 100 VUs  0m03.0s/1m0s

running (0m04.0s), 100/100 VUs, 109 complete and 0 interrupted iterations
default   [   7% ] 100 VUs  0m04.0s/1m0s

running (0m05.0s), 100/100 VUs, 197 complete and 0 interrupted iterations
default   [   8% ] 100 VUs  0m05.0s/1m0s

running (0m06.0s), 100/100 VUs, 248 complete and 0 interrupted iterations
default   [  10% ] 100 VUs  0m06.0s/1m0s

running (0m07.0s), 100/100 VUs, 306 complete and 0 interrupted iterations
default   [  12% ] 100 VUs  0m07.0s/1m0s

running (0m08.0s), 100/100 VUs, 384 complete and 0 interrupted iterations
default   [  13% ] 100 VUs  0m08.0s/1m0s

running (0m09.0s), 100/100 VUs, 408 complete and 0 interrupted iterations
default   [  15% ] 100 VUs  0m09.0s/1m0s

running (0m10.0s), 100/100 VUs, 453 complete and 0 interrupted iterations
default   [  17% ] 100 VUs  0m10.0s/1m0s

running (0m11.0s), 100/100 VUs, 487 complete and 0 interrupted iterations
default   [  18% ] 100 VUs  0m11.0s/1m0s

running (0m12.0s), 100/100 VUs, 516 complete and 0 interrupted iterations
default   [  20% ] 100 VUs  0m12.0s/1m0s

running (0m13.0s), 100/100 VUs, 540 complete and 0 interrupted iterations
default   [  22% ] 100 VUs  0m13.0s/1m0s

running (0m14.0s), 100/100 VUs, 565 complete and 0 interrupted iterations
default   [  23% ] 100 VUs  0m14.0s/1m0s

running (0m15.0s), 100/100 VUs, 589 complete and 0 interrupted iterations
default   [  25% ] 100 VUs  0m15.0s/1m0s

running (0m16.0s), 100/100 VUs, 607 complete and 0 interrupted iterations
default   [  27% ] 100 VUs  0m16.0s/1m0s

running (0m17.0s), 100/100 VUs, 635 complete and 0 interrupted iterations
default   [  28% ] 100 VUs  0m17.0s/1m0s

running (0m18.0s), 100/100 VUs, 645 complete and 0 interrupted iterations
default   [  30% ] 100 VUs  0m18.0s/1m0s

running (0m19.0s), 100/100 VUs, 668 complete and 0 interrupted iterations
default   [  32% ] 100 VUs  0m19.0s/1m0s

running (0m20.0s), 100/100 VUs, 695 complete and 0 interrupted iterations
default   [  33% ] 100 VUs  0m20.0s/1m0s

running (0m21.0s), 100/100 VUs, 717 complete and 0 interrupted iterations
default   [  35% ] 100 VUs  0m21.0s/1m0s

running (0m22.0s), 100/100 VUs, 744 complete and 0 interrupted iterations
default   [  37% ] 100 VUs  0m22.0s/1m0s

running (0m23.0s), 100/100 VUs, 751 complete and 0 interrupted iterations
default   [  38% ] 100 VUs  0m23.0s/1m0s

running (0m24.0s), 100/100 VUs, 751 complete and 0 interrupted iterations
default   [  40% ] 100 VUs  0m24.0s/1m0s

running (0m25.0s), 100/100 VUs, 752 complete and 0 interrupted iterations
default   [  42% ] 100 VUs  0m25.0s/1m0s

running (0m26.0s), 100/100 VUs, 756 complete and 0 interrupted iterations
default   [  43% ] 100 VUs  0m26.0s/1m0s

running (0m27.0s), 100/100 VUs, 761 complete and 0 interrupted iterations
default   [  45% ] 100 VUs  0m27.0s/1m0s

running (0m28.0s), 100/100 VUs, 762 complete and 0 interrupted iterations
default   [  47% ] 100 VUs  0m28.0s/1m0s

running (0m29.0s), 100/100 VUs, 764 complete and 0 interrupted iterations
default   [  48% ] 100 VUs  0m29.0s/1m0s

running (0m30.0s), 100/100 VUs, 766 complete and 0 interrupted iterations
default   [  50% ] 100 VUs  0m30.0s/1m0s

running (0m31.0s), 100/100 VUs, 768 complete and 0 interrupted iterations
default   [  52% ] 100 VUs  0m31.0s/1m0s

running (0m32.0s), 100/100 VUs, 776 complete and 0 interrupted iterations
default   [  53% ] 100 VUs  0m32.0s/1m0s

running (0m33.0s), 100/100 VUs, 786 complete and 0 interrupted iterations
default   [  55% ] 100 VUs  0m33.0s/1m0s

running (0m34.0s), 100/100 VUs, 792 complete and 0 interrupted iterations
default   [  57% ] 100 VUs  0m34.0s/1m0s

running (0m35.0s), 100/100 VUs, 807 complete and 0 interrupted iterations
default   [  58% ] 100 VUs  0m35.0s/1m0s

running (0m36.0s), 100/100 VUs, 813 complete and 0 interrupted iterations
default   [  60% ] 100 VUs  0m36.0s/1m0s

running (0m37.0s), 100/100 VUs, 824 complete and 0 interrupted iterations
default   [  62% ] 100 VUs  0m37.0s/1m0s

running (0m38.0s), 100/100 VUs, 836 complete and 0 interrupted iterations
default   [  63% ] 100 VUs  0m38.0s/1m0s

running (0m39.0s), 100/100 VUs, 850 complete and 0 interrupted iterations
default   [  65% ] 100 VUs  0m39.0s/1m0s

running (0m40.0s), 100/100 VUs, 863 complete and 0 interrupted iterations
default   [  67% ] 100 VUs  0m40.0s/1m0s

running (0m41.0s), 100/100 VUs, 887 complete and 0 interrupted iterations
default   [  68% ] 100 VUs  0m41.0s/1m0s

running (0m42.0s), 100/100 VUs, 903 complete and 0 interrupted iterations
default   [  70% ] 100 VUs  0m42.0s/1m0s

running (0m43.0s), 100/100 VUs, 920 complete and 0 interrupted iterations
default   [  72% ] 100 VUs  0m43.0s/1m0s

running (0m44.0s), 100/100 VUs, 943 complete and 0 interrupted iterations
default   [  73% ] 100 VUs  0m44.0s/1m0s

running (0m45.0s), 100/100 VUs, 961 complete and 0 interrupted iterations
default   [  75% ] 100 VUs  0m45.0s/1m0s

running (0m46.0s), 100/100 VUs, 984 complete and 0 interrupted iterations
default   [  77% ] 100 VUs  0m46.0s/1m0s

running (0m47.0s), 100/100 VUs, 1005 complete and 0 interrupted iterations
default   [  78% ] 100 VUs  0m47.0s/1m0s

running (0m48.0s), 100/100 VUs, 1022 complete and 0 interrupted iterations
default   [  80% ] 100 VUs  0m48.0s/1m0s

running (0m49.0s), 100/100 VUs, 1046 complete and 0 interrupted iterations
default   [  82% ] 100 VUs  0m49.0s/1m0s

running (0m50.0s), 100/100 VUs, 1063 complete and 0 interrupted iterations
default   [  83% ] 100 VUs  0m50.0s/1m0s

running (0m51.0s), 100/100 VUs, 1080 complete and 0 interrupted iterations
default   [  85% ] 100 VUs  0m51.0s/1m0s

running (0m52.0s), 100/100 VUs, 1101 complete and 0 interrupted iterations
default   [  87% ] 100 VUs  0m52.0s/1m0s

running (0m53.0s), 100/100 VUs, 1130 complete and 0 interrupted iterations
default   [  88% ] 100 VUs  0m53.0s/1m0s

running (0m54.0s), 100/100 VUs, 1147 complete and 0 interrupted iterations
default   [  90% ] 100 VUs  0m54.0s/1m0s

running (0m55.0s), 100/100 VUs, 1165 complete and 0 interrupted iterations
default   [  92% ] 100 VUs  0m55.0s/1m0s

running (0m56.0s), 100/100 VUs, 1181 complete and 0 interrupted iterations
default   [  93% ] 100 VUs  0m56.0s/1m0s

running (0m57.0s), 100/100 VUs, 1202 complete and 0 interrupted iterations
default   [  95% ] 100 VUs  0m57.0s/1m0s

running (0m58.0s), 100/100 VUs, 1216 complete and 0 interrupted iterations
default   [  97% ] 100 VUs  0m58.0s/1m0s

running (0m59.0s), 100/100 VUs, 1238 complete and 0 interrupted iterations
default   [  98% ] 100 VUs  0m59.0s/1m0s

running (1m00.0s), 100/100 VUs, 1250 complete and 0 interrupted iterations
default   [ 100% ] 100 VUs  1m00.0s/1m0s

running (1m01.0s), 079/100 VUs, 1271 complete and 0 interrupted iterations
default ↓ [ 100% ] 100 VUs  1m0s

running (1m02.0s), 055/100 VUs, 1295 complete and 0 interrupted iterations
default ↓ [ 100% ] 100 VUs  1m0s

running (1m03.0s), 046/100 VUs, 1304 complete and 0 interrupted iterations
default ↓ [ 100% ] 100 VUs  1m0s

running (1m04.0s), 034/100 VUs, 1316 complete and 0 interrupted iterations
default ↓ [ 100% ] 100 VUs  1m0s

running (1m05.0s), 028/100 VUs, 1322 complete and 0 interrupted iterations
default ↓ [ 100% ] 100 VUs  1m0s

running (1m06.0s), 024/100 VUs, 1326 complete and 0 interrupted iterations
default ↓ [ 100% ] 100 VUs  1m0s

running (1m07.0s), 021/100 VUs, 1329 complete and 0 interrupted iterations
default ↓ [ 100% ] 100 VUs  1m0s

running (1m08.0s), 018/100 VUs, 1332 complete and 0 interrupted iterations
default ↓ [ 100% ] 100 VUs  1m0s

running (1m09.0s), 017/100 VUs, 1333 complete and 0 interrupted iterations
default ↓ [ 100% ] 100 VUs  1m0s

running (1m10.0s), 016/100 VUs, 1334 complete and 0 interrupted iterations
default ↓ [ 100% ] 100 VUs  1m0s

running (1m11.0s), 015/100 VUs, 1335 complete and 0 interrupted iterations
default ↓ [ 100% ] 100 VUs  1m0s

running (1m12.0s), 015/100 VUs, 1335 complete and 0 interrupted iterations
default ↓ [ 100% ] 100 VUs  1m0s

running (1m13.0s), 014/100 VUs, 1336 complete and 0 interrupted iterations
default ↓ [ 100% ] 100 VUs  1m0s

running (1m14.0s), 011/100 VUs, 1339 complete and 0 interrupted iterations
default ↓ [ 100% ] 100 VUs  1m0s

running (1m15.0s), 010/100 VUs, 1340 complete and 0 interrupted iterations
default ↓ [ 100% ] 100 VUs  1m0s

running (1m16.0s), 009/100 VUs, 1341 complete and 0 interrupted iterations
default ↓ [ 100% ] 100 VUs  1m0s

running (1m17.0s), 009/100 VUs, 1341 complete and 0 interrupted iterations
default ↓ [ 100% ] 100 VUs  1m0s

running (1m18.0s), 009/100 VUs, 1341 complete and 0 interrupted iterations
default ↓ [ 100% ] 100 VUs  1m0s

running (1m19.0s), 009/100 VUs, 1341 complete and 0 interrupted iterations
default ↓ [ 100% ] 100 VUs  1m0s

running (1m20.0s), 009/100 VUs, 1341 complete and 0 interrupted iterations
default ↓ [ 100% ] 100 VUs  1m0s

running (1m21.0s), 006/100 VUs, 1344 complete and 0 interrupted iterations
default ↓ [ 100% ] 100 VUs  1m0s

running (1m22.0s), 004/100 VUs, 1346 complete and 0 interrupted iterations
default ↓ [ 100% ] 100 VUs  1m0s

running (1m23.0s), 003/100 VUs, 1347 complete and 0 interrupted iterations
default ↓ [ 100% ] 100 VUs  1m0s

running (1m24.0s), 002/100 VUs, 1348 complete and 0 interrupted iterations
default ↓ [ 100% ] 100 VUs  1m0s

running (1m25.0s), 002/100 VUs, 1348 complete and 0 interrupted iterations
default ↓ [ 100% ] 100 VUs  1m0s

running (1m26.0s), 002/100 VUs, 1348 complete and 0 interrupted iterations
default ↓ [ 100% ] 100 VUs  1m0s

running (1m27.0s), 002/100 VUs, 1348 complete and 0 interrupted iterations
default ↓ [ 100% ] 100 VUs  1m0s

running (1m28.0s), 002/100 VUs, 1348 complete and 0 interrupted iterations
default ↓ [ 100% ] 100 VUs  1m0s

running (1m29.0s), 002/100 VUs, 1348 complete and 0 interrupted iterations
default ↓ [ 100% ] 100 VUs  1m0s

running (1m30.0s), 002/100 VUs, 1348 complete and 0 interrupted iterations
default ↓ [ 100% ] 100 VUs  1m0s

running (1m30.0s), 000/100 VUs, 1348 complete and 2 interrupted iterations
default ✓ [ 100% ] 100 VUs  1m0s

     ✗ status is 200
      ↳  96% — ✓ 1302 / ✗ 46

     checks.........................: 96.58% ✓ 1302      ✗ 46   
     data_received..................: 7.6 MB 84 kB/s
     data_sent......................: 774 kB 8.6 kB/s
     http_req_blocked...............: avg=1.92s    min=0s       med=605.57ms max=54.24s  p(90)=3.82s    p(95)=7.82s   
     http_req_connecting............: avg=907.47ms min=0s       med=132.79ms max=18.59s  p(90)=2.18s    p(95)=3.23s   
     http_req_duration..............: avg=1.78s    min=0s       med=781.66ms max=59.57s  p(90)=2.93s    p(95)=6.31s   
       { expected_response:true }...: avg=1.5s     min=240.59ms med=781.66ms max=48.91s  p(90)=2.67s    p(95)=5.12s   
     http_req_failed................: 3.41%  ✓ 46        ✗ 1302 
     http_req_receiving.............: avg=140.98ms min=0s       med=119.1µs  max=48.61s  p(90)=130.33ms p(95)=528.34ms
     http_req_sending...............: avg=256µs    min=0s       med=195.21µs max=15.08ms p(90)=374.26µs p(95)=425.46µs
     http_req_tls_handshaking.......: avg=997.57ms min=0s       med=295.53ms max=48.96s  p(90)=1.61s    p(95)=2.58s   
     http_req_waiting...............: avg=1.63s    min=0s       med=687.93ms max=59.57s  p(90)=2.58s    p(95)=5.6s    
     http_reqs......................: 1348   14.977237/s
     iteration_duration.............: avg=4.77s    min=1.26s    med=2.73s    max=1m1s    p(90)=8.73s    p(95)=15.76s  
     iterations.....................: 1348   14.977237/s
     vus............................: 2      min=2       max=100
     vus_max........................: 100    min=100     max=100

