
          /\      |‾‾| /‾‾/   /‾‾/   
     /\  /  \     |  |/  /   /  /    
    /  \/    \    |     (   /   ‾‾\  
   /          \   |  |\  \ |  (‾)  | 
  / __________ \  |__| \__\ \_____/ .io

  execution: local
     script: tunnels.js
     output: -

  scenarios: (100.00%) 1 scenario, 600 max VUs, 1m30s max duration (incl. graceful stop):
           * default: 600 looping VUs for 1m0s (gracefulStop: 30s)


running (0m00.9s), 600/600 VUs, 0 complete and 0 interrupted iterations
default   [   2% ] 600 VUs  0m00.9s/1m0s

running (0m01.9s), 600/600 VUs, 0 complete and 0 interrupted iterations
default   [   3% ] 600 VUs  0m01.9s/1m0s

running (0m02.9s), 600/600 VUs, 33 complete and 0 interrupted iterations
default   [   5% ] 600 VUs  0m02.9s/1m0s

running (0m03.9s), 600/600 VUs, 201 complete and 0 interrupted iterations
default   [   7% ] 600 VUs  0m03.9s/1m0s

running (0m04.9s), 600/600 VUs, 515 complete and 0 interrupted iterations
default   [   8% ] 600 VUs  0m04.9s/1m0s

running (0m05.9s), 600/600 VUs, 894 complete and 0 interrupted iterations
default   [  10% ] 600 VUs  0m05.9s/1m0s

running (0m06.9s), 600/600 VUs, 1256 complete and 0 interrupted iterations
default   [  12% ] 600 VUs  0m06.9s/1m0s

running (0m07.9s), 600/600 VUs, 1572 complete and 0 interrupted iterations
default   [  13% ] 600 VUs  0m07.9s/1m0s

running (0m08.9s), 600/600 VUs, 1986 complete and 0 interrupted iterations
default   [  15% ] 600 VUs  0m08.9s/1m0s

running (0m09.9s), 600/600 VUs, 2322 complete and 0 interrupted iterations
default   [  17% ] 600 VUs  0m09.9s/1m0s

running (0m10.9s), 600/600 VUs, 2696 complete and 0 interrupted iterations
default   [  18% ] 600 VUs  0m10.9s/1m0s

running (0m11.9s), 600/600 VUs, 3072 complete and 0 interrupted iterations
default   [  20% ] 600 VUs  0m11.9s/1m0s

running (0m12.9s), 600/600 VUs, 3442 complete and 0 interrupted iterations
default   [  22% ] 600 VUs  0m12.9s/1m0s

running (0m13.9s), 600/600 VUs, 3862 complete and 0 interrupted iterations
default   [  23% ] 600 VUs  0m13.9s/1m0s

running (0m14.9s), 600/600 VUs, 4197 complete and 0 interrupted iterations
default   [  25% ] 600 VUs  0m14.9s/1m0s

running (0m15.9s), 600/600 VUs, 4492 complete and 0 interrupted iterations
default   [  27% ] 600 VUs  0m15.9s/1m0s

running (0m16.9s), 600/600 VUs, 4700 complete and 0 interrupted iterations
default   [  28% ] 600 VUs  0m16.9s/1m0s

running (0m17.9s), 600/600 VUs, 5093 complete and 0 interrupted iterations
default   [  30% ] 600 VUs  0m17.9s/1m0s

running (0m18.9s), 600/600 VUs, 5300 complete and 0 interrupted iterations
default   [  32% ] 600 VUs  0m18.9s/1m0s

running (0m19.9s), 600/600 VUs, 5571 complete and 0 interrupted iterations
default   [  33% ] 600 VUs  0m19.9s/1m0s

running (0m20.9s), 600/600 VUs, 5991 complete and 0 interrupted iterations
default   [  35% ] 600 VUs  0m20.9s/1m0s

running (0m21.9s), 600/600 VUs, 6293 complete and 0 interrupted iterations
default   [  37% ] 600 VUs  0m21.9s/1m0s

running (0m22.9s), 600/600 VUs, 6699 complete and 0 interrupted iterations
default   [  38% ] 600 VUs  0m22.9s/1m0s

running (0m23.9s), 600/600 VUs, 6988 complete and 0 interrupted iterations
default   [  40% ] 600 VUs  0m23.9s/1m0s

running (0m24.9s), 600/600 VUs, 7396 complete and 0 interrupted iterations
default   [  42% ] 600 VUs  0m24.9s/1m0s

running (0m25.9s), 600/600 VUs, 7753 complete and 0 interrupted iterations
default   [  43% ] 600 VUs  0m25.9s/1m0s

running (0m26.9s), 600/600 VUs, 8099 complete and 0 interrupted iterations
default   [  45% ] 600 VUs  0m26.9s/1m0s

running (0m27.9s), 600/600 VUs, 8478 complete and 0 interrupted iterations
default   [  47% ] 600 VUs  0m27.9s/1m0s

running (0m28.9s), 600/600 VUs, 8839 complete and 0 interrupted iterations
default   [  48% ] 600 VUs  0m28.9s/1m0s

running (0m29.9s), 600/600 VUs, 9247 complete and 0 interrupted iterations
default   [  50% ] 600 VUs  0m29.9s/1m0s

running (0m30.9s), 600/600 VUs, 9486 complete and 0 interrupted iterations
default   [  52% ] 600 VUs  0m30.9s/1m0s

running (0m31.9s), 600/600 VUs, 9945 complete and 0 interrupted iterations
default   [  53% ] 600 VUs  0m31.9s/1m0s

running (0m32.9s), 600/600 VUs, 10226 complete and 0 interrupted iterations
default   [  55% ] 600 VUs  0m32.9s/1m0s

running (0m33.9s), 600/600 VUs, 10657 complete and 0 interrupted iterations
default   [  57% ] 600 VUs  0m33.9s/1m0s

running (0m34.9s), 600/600 VUs, 10959 complete and 0 interrupted iterations
default   [  58% ] 600 VUs  0m34.9s/1m0s

running (0m35.9s), 600/600 VUs, 11344 complete and 0 interrupted iterations
default   [  60% ] 600 VUs  0m35.9s/1m0s

running (0m36.9s), 600/600 VUs, 11673 complete and 0 interrupted iterations
default   [  62% ] 600 VUs  0m36.9s/1m0s

running (0m37.9s), 600/600 VUs, 12024 complete and 0 interrupted iterations
default   [  63% ] 600 VUs  0m37.9s/1m0s

running (0m38.9s), 600/600 VUs, 12422 complete and 0 interrupted iterations
default   [  65% ] 600 VUs  0m38.9s/1m0s

running (0m39.9s), 600/600 VUs, 12706 complete and 0 interrupted iterations
default   [  67% ] 600 VUs  0m39.9s/1m0s

running (0m40.9s), 600/600 VUs, 13024 complete and 0 interrupted iterations
default   [  68% ] 600 VUs  0m40.9s/1m0s

running (0m41.9s), 600/600 VUs, 13202 complete and 0 interrupted iterations
default   [  70% ] 600 VUs  0m41.9s/1m0s

running (0m42.9s), 600/600 VUs, 13606 complete and 0 interrupted iterations
default   [  72% ] 600 VUs  0m42.9s/1m0s

running (0m43.9s), 600/600 VUs, 13827 complete and 0 interrupted iterations
default   [  73% ] 600 VUs  0m43.9s/1m0s

running (0m44.9s), 600/600 VUs, 14244 complete and 0 interrupted iterations
default   [  75% ] 600 VUs  0m44.9s/1m0s

running (0m45.9s), 600/600 VUs, 14516 complete and 0 interrupted iterations
default   [  77% ] 600 VUs  0m45.9s/1m0s

running (0m46.9s), 600/600 VUs, 14865 complete and 0 interrupted iterations
default   [  78% ] 600 VUs  0m46.9s/1m0s

running (0m47.9s), 600/600 VUs, 15134 complete and 0 interrupted iterations
default   [  80% ] 600 VUs  0m47.9s/1m0s

running (0m48.9s), 600/600 VUs, 15528 complete and 0 interrupted iterations
default   [  82% ] 600 VUs  0m48.9s/1m0s

running (0m49.9s), 600/600 VUs, 15859 complete and 0 interrupted iterations
default   [  83% ] 600 VUs  0m49.9s/1m0s

running (0m50.9s), 600/600 VUs, 16202 complete and 0 interrupted iterations
default   [  85% ] 600 VUs  0m50.9s/1m0s

running (0m51.9s), 600/600 VUs, 16582 complete and 0 interrupted iterations
default   [  87% ] 600 VUs  0m51.9s/1m0s

running (0m52.9s), 600/600 VUs, 16993 complete and 0 interrupted iterations
default   [  88% ] 600 VUs  0m52.9s/1m0s

running (0m53.9s), 600/600 VUs, 17267 complete and 0 interrupted iterations
default   [  90% ] 600 VUs  0m53.9s/1m0s

running (0m54.9s), 600/600 VUs, 17705 complete and 0 interrupted iterations
default   [  92% ] 600 VUs  0m54.9s/1m0s

running (0m55.9s), 600/600 VUs, 17978 complete and 0 interrupted iterations
default   [  93% ] 600 VUs  0m55.9s/1m0s

running (0m56.9s), 600/600 VUs, 18424 complete and 0 interrupted iterations
default   [  95% ] 600 VUs  0m56.9s/1m0s

running (0m57.9s), 600/600 VUs, 18763 complete and 0 interrupted iterations
default   [  97% ] 600 VUs  0m57.9s/1m0s

running (0m58.9s), 600/600 VUs, 19134 complete and 0 interrupted iterations
default   [  98% ] 600 VUs  0m58.9s/1m0s

running (0m59.9s), 600/600 VUs, 19448 complete and 0 interrupted iterations
default   [ 100% ] 600 VUs  0m59.9s/1m0s

running (1m00.9s), 258/600 VUs, 19814 complete and 0 interrupted iterations
default ↓ [ 100% ] 600 VUs  1m0s

running (1m01.9s), 001/600 VUs, 20071 complete and 0 interrupted iterations
default ↓ [ 100% ] 600 VUs  1m0s

running (1m02.8s), 000/600 VUs, 20072 complete and 0 interrupted iterations
default ✓ [ 100% ] 600 VUs  1m0s

     ✓ status is 200

     checks.........................: 100.00% ✓ 20072      ✗ 0    
     data_received..................: 110 MB  1.7 MB/s
     data_sent......................: 11 MB   177 kB/s
     http_req_blocked...............: avg=354.39ms min=244ns    med=333.17ms max=6.72s   p(90)=506.95ms p(95)=571.89ms
     http_req_connecting............: avg=167.76ms min=0s       med=154.53ms max=6.47s   p(90)=243.76ms p(95)=286.37ms
     http_req_duration..............: avg=443.99ms min=248.32ms med=335.17ms max=3.61s   p(90)=571.98ms p(95)=690.55ms
       { expected_response:true }...: avg=443.99ms min=248.32ms med=335.17ms max=3.61s   p(90)=571.98ms p(95)=690.55ms
     http_req_failed................: 0.00%   ✓ 0          ✗ 20072
     http_req_receiving.............: avg=747.05µs min=18.26µs  med=58.64µs  max=1.1s    p(90)=1.21ms   p(95)=2.83ms  
     http_req_sending...............: avg=172.7µs  min=29.3µs   med=101.2µs  max=31.22ms p(90)=251.31µs p(95)=323.81µs
     http_req_tls_handshaking.......: avg=185.54ms min=0s       med=171.04ms max=2.2s    p(90)=275.28ms p(95)=320.16ms
     http_req_waiting...............: avg=443.07ms min=248.22ms med=334.29ms max=3.61s   p(90)=570.73ms p(95)=688.38ms
     http_reqs......................: 20072   319.414234/s
     iteration_duration.............: avg=1.81s    min=1.25s    med=1.68s    max=8.23s   p(90)=2.07s    p(95)=2.29s   
     iterations.....................: 20072   319.414234/s
     vus............................: 1       min=1        max=600
     vus_max........................: 600     min=600      max=600

