
          /\      |‾‾| /‾‾/   /‾‾/   
     /\  /  \     |  |/  /   /  /    
    /  \/    \    |     (   /   ‾‾\  
   /          \   |  |\  \ |  (‾)  | 
  / __________ \  |__| \__\ \_____/ .io

  execution: local
     script: tunnels.js
     output: -

  scenarios: (100.00%) 1 scenario, 500 max VUs, 1m30s max duration (incl. graceful stop):
           * default: 500 looping VUs for 1m0s (gracefulStop: 30s)


running (0m00.9s), 500/500 VUs, 0 complete and 0 interrupted iterations
default   [   2% ] 500 VUs  0m00.9s/1m0s

running (0m01.9s), 500/500 VUs, 0 complete and 0 interrupted iterations
default   [   3% ] 500 VUs  0m01.9s/1m0s

running (0m02.9s), 500/500 VUs, 166 complete and 0 interrupted iterations
default   [   5% ] 500 VUs  0m02.9s/1m0s

running (0m03.9s), 500/500 VUs, 461 complete and 0 interrupted iterations
default   [   7% ] 500 VUs  0m03.9s/1m0s

running (0m04.9s), 500/500 VUs, 612 complete and 0 interrupted iterations
default   [   8% ] 500 VUs  0m04.9s/1m0s

running (0m05.9s), 500/500 VUs, 857 complete and 0 interrupted iterations
default   [  10% ] 500 VUs  0m05.9s/1m0s

running (0m06.9s), 500/500 VUs, 1199 complete and 0 interrupted iterations
default   [  12% ] 500 VUs  0m06.9s/1m0s

running (0m07.9s), 500/500 VUs, 1475 complete and 0 interrupted iterations
default   [  13% ] 500 VUs  0m07.9s/1m0s

running (0m08.9s), 500/500 VUs, 1769 complete and 0 interrupted iterations
default   [  15% ] 500 VUs  0m08.9s/1m0s

running (0m09.9s), 500/500 VUs, 2061 complete and 0 interrupted iterations
default   [  17% ] 500 VUs  0m09.9s/1m0s

running (0m10.9s), 500/500 VUs, 2360 complete and 0 interrupted iterations
default   [  18% ] 500 VUs  0m10.9s/1m0s

running (0m11.9s), 500/500 VUs, 2587 complete and 0 interrupted iterations
default   [  20% ] 500 VUs  0m11.9s/1m0s

running (0m12.9s), 500/500 VUs, 2933 complete and 0 interrupted iterations
default   [  22% ] 500 VUs  0m12.9s/1m0s

running (0m13.9s), 500/500 VUs, 3201 complete and 0 interrupted iterations
default   [  23% ] 500 VUs  0m13.9s/1m0s

running (0m14.9s), 500/500 VUs, 3519 complete and 0 interrupted iterations
default   [  25% ] 500 VUs  0m14.9s/1m0s

running (0m15.9s), 500/500 VUs, 3760 complete and 0 interrupted iterations
default   [  27% ] 500 VUs  0m15.9s/1m0s

running (0m16.9s), 500/500 VUs, 4089 complete and 0 interrupted iterations
default   [  28% ] 500 VUs  0m16.9s/1m0s

running (0m17.9s), 500/500 VUs, 4319 complete and 0 interrupted iterations
default   [  30% ] 500 VUs  0m17.9s/1m0s

running (0m18.9s), 500/500 VUs, 4506 complete and 0 interrupted iterations
default   [  32% ] 500 VUs  0m18.9s/1m0s

running (0m19.9s), 500/500 VUs, 4745 complete and 0 interrupted iterations
default   [  33% ] 500 VUs  0m19.9s/1m0s

running (0m20.9s), 500/500 VUs, 5071 complete and 0 interrupted iterations
default   [  35% ] 500 VUs  0m20.9s/1m0s

running (0m21.9s), 500/500 VUs, 5326 complete and 0 interrupted iterations
default   [  37% ] 500 VUs  0m21.9s/1m0s

running (0m22.9s), 500/500 VUs, 5555 complete and 0 interrupted iterations
default   [  38% ] 500 VUs  0m22.9s/1m0s

running (0m23.9s), 500/500 VUs, 5919 complete and 0 interrupted iterations
default   [  40% ] 500 VUs  0m23.9s/1m0s

running (0m24.9s), 500/500 VUs, 6145 complete and 0 interrupted iterations
default   [  42% ] 500 VUs  0m24.9s/1m0s

running (0m25.9s), 500/500 VUs, 6376 complete and 0 interrupted iterations
default   [  43% ] 500 VUs  0m25.9s/1m0s

running (0m26.9s), 500/500 VUs, 6596 complete and 0 interrupted iterations
default   [  45% ] 500 VUs  0m26.9s/1m0s

running (0m27.9s), 500/500 VUs, 6796 complete and 0 interrupted iterations
default   [  47% ] 500 VUs  0m27.9s/1m0s

running (0m28.9s), 500/500 VUs, 7093 complete and 0 interrupted iterations
default   [  48% ] 500 VUs  0m28.9s/1m0s

running (0m29.9s), 500/500 VUs, 7339 complete and 0 interrupted iterations
default   [  50% ] 500 VUs  0m29.9s/1m0s

running (0m30.9s), 500/500 VUs, 7575 complete and 0 interrupted iterations
default   [  52% ] 500 VUs  0m30.9s/1m0s

running (0m31.9s), 500/500 VUs, 7840 complete and 0 interrupted iterations
default   [  53% ] 500 VUs  0m31.9s/1m0s

running (0m32.9s), 500/500 VUs, 8056 complete and 0 interrupted iterations
default   [  55% ] 500 VUs  0m32.9s/1m0s

running (0m33.9s), 500/500 VUs, 8287 complete and 0 interrupted iterations
default   [  57% ] 500 VUs  0m33.9s/1m0s

running (0m34.9s), 500/500 VUs, 8600 complete and 0 interrupted iterations
default   [  58% ] 500 VUs  0m34.9s/1m0s

running (0m35.9s), 500/500 VUs, 8800 complete and 0 interrupted iterations
default   [  60% ] 500 VUs  0m35.9s/1m0s

running (0m36.9s), 500/500 VUs, 9006 complete and 0 interrupted iterations
default   [  62% ] 500 VUs  0m36.9s/1m0s

running (0m37.9s), 500/500 VUs, 9258 complete and 0 interrupted iterations
default   [  63% ] 500 VUs  0m37.9s/1m0s

running (0m38.9s), 500/500 VUs, 9423 complete and 0 interrupted iterations
default   [  65% ] 500 VUs  0m38.9s/1m0s

running (0m39.9s), 500/500 VUs, 9720 complete and 0 interrupted iterations
default   [  67% ] 500 VUs  0m39.9s/1m0s

running (0m40.9s), 500/500 VUs, 9912 complete and 0 interrupted iterations
default   [  68% ] 500 VUs  0m40.9s/1m0s

running (0m41.9s), 500/500 VUs, 10186 complete and 0 interrupted iterations
default   [  70% ] 500 VUs  0m41.9s/1m0s

running (0m42.9s), 500/500 VUs, 10409 complete and 0 interrupted iterations
default   [  72% ] 500 VUs  0m42.9s/1m0s

running (0m43.9s), 500/500 VUs, 10707 complete and 0 interrupted iterations
default   [  73% ] 500 VUs  0m43.9s/1m0s

running (0m44.9s), 500/500 VUs, 10980 complete and 0 interrupted iterations
default   [  75% ] 500 VUs  0m44.9s/1m0s

running (0m45.9s), 500/500 VUs, 11288 complete and 0 interrupted iterations
default   [  77% ] 500 VUs  0m45.9s/1m0s

running (0m46.9s), 500/500 VUs, 11555 complete and 0 interrupted iterations
default   [  78% ] 500 VUs  0m46.9s/1m0s

running (0m47.9s), 500/500 VUs, 11834 complete and 0 interrupted iterations
default   [  80% ] 500 VUs  0m47.9s/1m0s

running (0m48.9s), 500/500 VUs, 12165 complete and 0 interrupted iterations
default   [  82% ] 500 VUs  0m48.9s/1m0s

running (0m49.9s), 500/500 VUs, 12495 complete and 0 interrupted iterations
default   [  83% ] 500 VUs  0m49.9s/1m0s

running (0m50.9s), 500/500 VUs, 12754 complete and 0 interrupted iterations
default   [  85% ] 500 VUs  0m50.9s/1m0s

running (0m51.9s), 500/500 VUs, 13075 complete and 0 interrupted iterations
default   [  87% ] 500 VUs  0m51.9s/1m0s

running (0m52.9s), 500/500 VUs, 13224 complete and 0 interrupted iterations
default   [  88% ] 500 VUs  0m52.9s/1m0s

running (0m53.9s), 500/500 VUs, 13473 complete and 0 interrupted iterations
default   [  90% ] 500 VUs  0m53.9s/1m0s

running (0m54.9s), 500/500 VUs, 13712 complete and 0 interrupted iterations
default   [  92% ] 500 VUs  0m54.9s/1m0s

running (0m55.9s), 500/500 VUs, 13913 complete and 0 interrupted iterations
default   [  93% ] 500 VUs  0m55.9s/1m0s

running (0m56.9s), 500/500 VUs, 14154 complete and 0 interrupted iterations
default   [  95% ] 500 VUs  0m56.9s/1m0s

running (0m57.9s), 500/500 VUs, 14394 complete and 0 interrupted iterations
default   [  97% ] 500 VUs  0m57.9s/1m0s

running (0m58.9s), 500/500 VUs, 14659 complete and 0 interrupted iterations
default   [  98% ] 500 VUs  0m58.9s/1m0s

running (0m59.9s), 500/500 VUs, 14821 complete and 0 interrupted iterations
default   [ 100% ] 500 VUs  0m59.9s/1m0s

running (1m00.9s), 221/500 VUs, 15138 complete and 0 interrupted iterations
default ↓ [ 100% ] 500 VUs  1m0s

running (1m01.9s), 001/500 VUs, 15358 complete and 0 interrupted iterations
default ↓ [ 100% ] 500 VUs  1m0s

running (1m02.9s), 001/500 VUs, 15358 complete and 0 interrupted iterations
default ↓ [ 100% ] 500 VUs  1m0s

running (1m03.9s), 001/500 VUs, 15358 complete and 0 interrupted iterations
default ↓ [ 100% ] 500 VUs  1m0s

running (1m04.9s), 001/500 VUs, 15358 complete and 0 interrupted iterations
default ↓ [ 100% ] 500 VUs  1m0s

running (1m05.9s), 001/500 VUs, 15358 complete and 0 interrupted iterations
default ↓ [ 100% ] 500 VUs  1m0s

running (1m06.9s), 001/500 VUs, 15358 complete and 0 interrupted iterations
default ↓ [ 100% ] 500 VUs  1m0s

running (1m07.2s), 000/500 VUs, 15359 complete and 0 interrupted iterations
default ✓ [ 100% ] 500 VUs  1m0s

     ✓ status is 200

     checks.........................: 100.00% ✓ 15359      ✗ 0    
     data_received..................: 86 MB   1.3 MB/s
     data_sent......................: 8.8 MB  131 kB/s
     http_req_blocked...............: avg=442.94ms min=275ns    med=408.78ms max=5.71s   p(90)=628.26ms p(95)=721.99ms
     http_req_connecting............: avg=204.05ms min=0s       med=183.01ms max=3.2s    p(90)=297.82ms p(95)=349.69ms
     http_req_duration..............: avg=516.2ms  min=248.22ms med=447.97ms max=7.69s   p(90)=733.9ms  p(95)=936.07ms
       { expected_response:true }...: avg=516.2ms  min=248.22ms med=447.97ms max=7.69s   p(90)=733.9ms  p(95)=936.07ms
     http_req_failed................: 0.00%   ✓ 0          ✗ 15359
     http_req_receiving.............: avg=1.39ms   min=16.89µs  med=83.7µs   max=1.17s   p(90)=2.21ms   p(95)=5.78ms  
     http_req_sending...............: avg=265.99µs min=34.02µs  med=124.93µs max=89.93ms p(90)=320.99µs p(95)=463.13µs
     http_req_tls_handshaking.......: avg=225.77ms min=0s       med=205.92ms max=2.14s   p(90)=330.39ms p(95)=384.57ms
     http_req_waiting...............: avg=514.54ms min=248.02ms med=446.71ms max=7.69s   p(90)=730.78ms p(95)=931.84ms
     http_reqs......................: 15359   228.574823/s
     iteration_duration.............: avg=1.98s    min=1.26s    med=1.9s     max=9.3s    p(90)=2.37s    p(95)=2.59s   
     iterations.....................: 15359   228.574823/s
     vus............................: 1       min=1        max=500
     vus_max........................: 500     min=500      max=500

