
          /\      |‾‾| /‾‾/   /‾‾/   
     /\  /  \     |  |/  /   /  /    
    /  \/    \    |     (   /   ‾‾\  
   /          \   |  |\  \ |  (‾)  | 
  / __________ \  |__| \__\ \_____/ .io

  execution: local
     script: tunnels.js
     output: -

  scenarios: (100.00%) 1 scenario, 600 max VUs, 1m30s max duration (incl. graceful stop):
           * default: 600 looping VUs for 1m0s (gracefulStop: 30s)


running (0m00.9s), 600/600 VUs, 0 complete and 0 interrupted iterations
default   [   1% ] 600 VUs  0m00.9s/1m0s

running (0m01.9s), 600/600 VUs, 0 complete and 0 interrupted iterations
default   [   3% ] 600 VUs  0m01.9s/1m0s

running (0m02.9s), 600/600 VUs, 270 complete and 0 interrupted iterations
default   [   5% ] 600 VUs  0m02.9s/1m0s

running (0m03.9s), 600/600 VUs, 605 complete and 0 interrupted iterations
default   [   6% ] 600 VUs  0m03.9s/1m0s

running (0m04.9s), 600/600 VUs, 788 complete and 0 interrupted iterations
default   [   8% ] 600 VUs  0m04.9s/1m0s

running (0m05.9s), 600/600 VUs, 1231 complete and 0 interrupted iterations
default   [  10% ] 600 VUs  0m05.9s/1m0s

running (0m06.9s), 600/600 VUs, 1523 complete and 0 interrupted iterations
default   [  11% ] 600 VUs  0m06.9s/1m0s

running (0m07.9s), 600/600 VUs, 1879 complete and 0 interrupted iterations
default   [  13% ] 600 VUs  0m07.9s/1m0s

running (0m08.9s), 600/600 VUs, 2163 complete and 0 interrupted iterations
default   [  15% ] 600 VUs  0m08.9s/1m0s

running (0m09.9s), 600/600 VUs, 2446 complete and 0 interrupted iterations
default   [  16% ] 600 VUs  0m09.9s/1m0s

running (0m10.9s), 600/600 VUs, 2867 complete and 0 interrupted iterations
default   [  18% ] 600 VUs  0m10.9s/1m0s

running (0m11.9s), 600/600 VUs, 3134 complete and 0 interrupted iterations
default   [  20% ] 600 VUs  0m11.9s/1m0s

running (0m12.9s), 600/600 VUs, 3530 complete and 0 interrupted iterations
default   [  21% ] 600 VUs  0m12.9s/1m0s

running (0m13.9s), 600/600 VUs, 3917 complete and 0 interrupted iterations
default   [  23% ] 600 VUs  0m13.9s/1m0s

running (0m14.9s), 600/600 VUs, 4271 complete and 0 interrupted iterations
default   [  25% ] 600 VUs  0m14.9s/1m0s

running (0m15.9s), 600/600 VUs, 4656 complete and 0 interrupted iterations
default   [  26% ] 600 VUs  0m15.9s/1m0s

running (0m16.9s), 600/600 VUs, 4979 complete and 0 interrupted iterations
default   [  28% ] 600 VUs  0m16.9s/1m0s

running (0m17.9s), 600/600 VUs, 5423 complete and 0 interrupted iterations
default   [  30% ] 600 VUs  0m17.9s/1m0s

running (0m18.9s), 600/600 VUs, 5742 complete and 0 interrupted iterations
default   [  31% ] 600 VUs  0m18.9s/1m0s

running (0m19.9s), 600/600 VUs, 6145 complete and 0 interrupted iterations
default   [  33% ] 600 VUs  0m19.9s/1m0s

running (0m20.9s), 600/600 VUs, 6469 complete and 0 interrupted iterations
default   [  35% ] 600 VUs  0m20.9s/1m0s

running (0m21.9s), 600/600 VUs, 6851 complete and 0 interrupted iterations
default   [  36% ] 600 VUs  0m21.9s/1m0s

running (0m22.9s), 600/600 VUs, 7046 complete and 0 interrupted iterations
default   [  38% ] 600 VUs  0m22.9s/1m0s

running (0m23.9s), 600/600 VUs, 7386 complete and 0 interrupted iterations
default   [  40% ] 600 VUs  0m23.9s/1m0s

running (0m24.9s), 600/600 VUs, 7652 complete and 0 interrupted iterations
default   [  41% ] 600 VUs  0m24.9s/1m0s

running (0m25.9s), 600/600 VUs, 7923 complete and 0 interrupted iterations
default   [  43% ] 600 VUs  0m25.9s/1m0s

running (0m26.9s), 600/600 VUs, 8345 complete and 0 interrupted iterations
default   [  45% ] 600 VUs  0m26.9s/1m0s

running (0m27.9s), 600/600 VUs, 8654 complete and 0 interrupted iterations
default   [  46% ] 600 VUs  0m27.9s/1m0s

running (0m28.9s), 600/600 VUs, 9068 complete and 0 interrupted iterations
default   [  48% ] 600 VUs  0m28.9s/1m0s

running (0m29.9s), 600/600 VUs, 9391 complete and 0 interrupted iterations
default   [  50% ] 600 VUs  0m29.9s/1m0s

running (0m30.9s), 600/600 VUs, 9812 complete and 0 interrupted iterations
default   [  51% ] 600 VUs  0m30.9s/1m0s

running (0m31.9s), 600/600 VUs, 10181 complete and 0 interrupted iterations
default   [  53% ] 600 VUs  0m31.9s/1m0s

running (0m32.9s), 600/600 VUs, 10555 complete and 0 interrupted iterations
default   [  55% ] 600 VUs  0m32.9s/1m0s

running (0m33.9s), 600/600 VUs, 10924 complete and 0 interrupted iterations
default   [  56% ] 600 VUs  0m33.9s/1m0s

running (0m34.9s), 600/600 VUs, 11259 complete and 0 interrupted iterations
default   [  58% ] 600 VUs  0m34.9s/1m0s

running (0m35.9s), 600/600 VUs, 11676 complete and 0 interrupted iterations
default   [  60% ] 600 VUs  0m35.9s/1m0s

running (0m36.9s), 600/600 VUs, 12051 complete and 0 interrupted iterations
default   [  61% ] 600 VUs  0m36.9s/1m0s

running (0m37.9s), 600/600 VUs, 12407 complete and 0 interrupted iterations
default   [  63% ] 600 VUs  0m37.9s/1m0s

running (0m38.9s), 600/600 VUs, 12764 complete and 0 interrupted iterations
default   [  65% ] 600 VUs  0m38.9s/1m0s

running (0m39.9s), 600/600 VUs, 13034 complete and 0 interrupted iterations
default   [  66% ] 600 VUs  0m39.9s/1m0s

running (0m40.9s), 600/600 VUs, 13469 complete and 0 interrupted iterations
default   [  68% ] 600 VUs  0m40.9s/1m0s

running (0m41.9s), 600/600 VUs, 13773 complete and 0 interrupted iterations
default   [  70% ] 600 VUs  0m41.9s/1m0s

running (0m42.9s), 600/600 VUs, 14171 complete and 0 interrupted iterations
default   [  71% ] 600 VUs  0m42.9s/1m0s

running (0m43.9s), 600/600 VUs, 14473 complete and 0 interrupted iterations
default   [  73% ] 600 VUs  0m43.9s/1m0s

running (0m44.9s), 600/600 VUs, 14862 complete and 0 interrupted iterations
default   [  75% ] 600 VUs  0m44.9s/1m0s

running (0m45.9s), 600/600 VUs, 15166 complete and 0 interrupted iterations
default   [  76% ] 600 VUs  0m45.9s/1m0s

running (0m46.9s), 600/600 VUs, 15280 complete and 0 interrupted iterations
default   [  78% ] 600 VUs  0m46.9s/1m0s

running (0m47.9s), 600/600 VUs, 15579 complete and 0 interrupted iterations
default   [  80% ] 600 VUs  0m47.9s/1m0s

running (0m48.9s), 600/600 VUs, 15903 complete and 0 interrupted iterations
default   [  81% ] 600 VUs  0m48.9s/1m0s

running (0m49.9s), 600/600 VUs, 16055 complete and 0 interrupted iterations
default   [  83% ] 600 VUs  0m49.9s/1m0s

running (0m50.9s), 600/600 VUs, 16329 complete and 0 interrupted iterations
default   [  85% ] 600 VUs  0m50.9s/1m0s

running (0m51.9s), 600/600 VUs, 16760 complete and 0 interrupted iterations
default   [  86% ] 600 VUs  0m51.9s/1m0s

running (0m52.9s), 600/600 VUs, 16991 complete and 0 interrupted iterations
default   [  88% ] 600 VUs  0m52.9s/1m0s

running (0m53.9s), 600/600 VUs, 17438 complete and 0 interrupted iterations
default   [  90% ] 600 VUs  0m53.9s/1m0s

running (0m54.9s), 600/600 VUs, 17732 complete and 0 interrupted iterations
default   [  91% ] 600 VUs  0m54.9s/1m0s

running (0m55.9s), 600/600 VUs, 18165 complete and 0 interrupted iterations
default   [  93% ] 600 VUs  0m55.9s/1m0s

running (0m56.9s), 600/600 VUs, 18394 complete and 0 interrupted iterations
default   [  95% ] 600 VUs  0m56.9s/1m0s

running (0m57.9s), 600/600 VUs, 18868 complete and 0 interrupted iterations
default   [  96% ] 600 VUs  0m57.9s/1m0s

running (0m58.9s), 600/600 VUs, 19086 complete and 0 interrupted iterations
default   [  98% ] 600 VUs  0m58.9s/1m0s

running (0m59.9s), 600/600 VUs, 19545 complete and 0 interrupted iterations
default   [ 100% ] 600 VUs  0m59.9s/1m0s

running (1m00.9s), 339/600 VUs, 19834 complete and 0 interrupted iterations
default ↓ [ 100% ] 600 VUs  1m0s

running (1m01.9s), 007/600 VUs, 20166 complete and 0 interrupted iterations
default ↓ [ 100% ] 600 VUs  1m0s

running (1m02.9s), 006/600 VUs, 20167 complete and 0 interrupted iterations
default ↓ [ 100% ] 600 VUs  1m0s

running (1m03.9s), 006/600 VUs, 20167 complete and 0 interrupted iterations
default ↓ [ 100% ] 600 VUs  1m0s

running (1m04.9s), 004/600 VUs, 20169 complete and 0 interrupted iterations
default ↓ [ 100% ] 600 VUs  1m0s

running (1m05.9s), 004/600 VUs, 20169 complete and 0 interrupted iterations
default ↓ [ 100% ] 600 VUs  1m0s

running (1m06.9s), 003/600 VUs, 20170 complete and 0 interrupted iterations
default ↓ [ 100% ] 600 VUs  1m0s

running (1m07.9s), 003/600 VUs, 20170 complete and 0 interrupted iterations
default ↓ [ 100% ] 600 VUs  1m0s

running (1m08.9s), 003/600 VUs, 20170 complete and 0 interrupted iterations
default ↓ [ 100% ] 600 VUs  1m0s

running (1m09.9s), 002/600 VUs, 20171 complete and 0 interrupted iterations
default ↓ [ 100% ] 600 VUs  1m0s

running (1m10.9s), 001/600 VUs, 20172 complete and 0 interrupted iterations
default ↓ [ 100% ] 600 VUs  1m0s

running (1m11.9s), 001/600 VUs, 20172 complete and 0 interrupted iterations
default ↓ [ 100% ] 600 VUs  1m0s

running (1m12.9s), 001/600 VUs, 20172 complete and 0 interrupted iterations
default ↓ [ 100% ] 600 VUs  1m0s

running (1m13.9s), 001/600 VUs, 20172 complete and 0 interrupted iterations
default ↓ [ 100% ] 600 VUs  1m0s

running (1m14.9s), 001/600 VUs, 20172 complete and 0 interrupted iterations
default ↓ [ 100% ] 600 VUs  1m0s

running (1m15.9s), 001/600 VUs, 20172 complete and 0 interrupted iterations
default ↓ [ 100% ] 600 VUs  1m0s

running (1m16.9s), 001/600 VUs, 20172 complete and 0 interrupted iterations
default ↓ [ 100% ] 600 VUs  1m0s

running (1m17.9s), 001/600 VUs, 20172 complete and 0 interrupted iterations
default ↓ [ 100% ] 600 VUs  1m0s

running (1m18.9s), 001/600 VUs, 20172 complete and 0 interrupted iterations
default ↓ [ 100% ] 600 VUs  1m0s

running (1m19.9s), 001/600 VUs, 20172 complete and 0 interrupted iterations
default ↓ [ 100% ] 600 VUs  1m0s

running (1m20.9s), 001/600 VUs, 20172 complete and 0 interrupted iterations
default ↓ [ 100% ] 600 VUs  1m0s

running (1m21.0s), 000/600 VUs, 20173 complete and 0 interrupted iterations
default ✓ [ 100% ] 600 VUs  1m0s

     ✓ status is 200

     checks.........................: 100.00% ✓ 20173      ✗ 0    
     data_received..................: 113 MB  1.4 MB/s
     data_sent......................: 12 MB   142 kB/s
     http_req_blocked...............: avg=372.42ms min=240ns    med=332.48ms max=3.49s    p(90)=546.05ms p(95)=674.8ms 
     http_req_connecting............: avg=170.37ms min=0s       med=150.31ms max=2.26s    p(90)=245.15ms p(95)=303.71ms
     http_req_duration..............: avg=424.1ms  min=248.07ms med=335.74ms max=25.87s   p(90)=688.49ms p(95)=925.56ms
       { expected_response:true }...: avg=424.1ms  min=248.07ms med=335.74ms max=25.87s   p(90)=688.49ms p(95)=925.56ms
     http_req_failed................: 0.00%   ✓ 0          ✗ 20173
     http_req_receiving.............: avg=607.86µs min=18.04µs  med=56.31µs  max=185.04ms p(90)=983.56µs p(95)=2.54ms  
     http_req_sending...............: avg=177.57µs min=29.94µs  med=101.26µs max=25.19ms  p(90)=244.2µs  p(95)=314.49µs
     http_req_tls_handshaking.......: avg=194.96ms min=0s       med=169.62ms max=3.07s    p(90)=300.22ms p(95)=371.69ms
     http_req_waiting...............: avg=423.32ms min=247.88ms med=335.09ms max=25.87s   p(90)=686.08ms p(95)=923.77ms
     http_reqs......................: 20173   248.965712/s
     iteration_duration.............: avg=1.81s    min=1.25s    med=1.69s    max=27.27s   p(90)=2.25s    p(95)=2.6s    
     iterations.....................: 20173   248.965712/s
     vus............................: 1       min=1        max=600
     vus_max........................: 600     min=600      max=600

